[ 2017-05-02T09:33:17+08:00 ] /web/index.php/Login | INFO: Tag[ route_check ] --START--
[ 2017-05-02T09:33:17+08:00 ] /web/index.php/Login | INFO: Run CheckRoute Behavior [ RunTime:0.003450s ]
[ 2017-05-02T09:33:17+08:00 ] /web/index.php/Login | INFO: Tag[ route_check ] --END-- [ RunTime:0.003925s ]
[ 2017-05-02T09:33:17+08:00 ] /web/index.php/Login | INFO: Tag[ app_begin ] --START--
[ 2017-05-02T09:33:17+08:00 ] /web/index.php/Login | INFO: Run ReadHtmlCache Behavior [ RunTime:0.001927s ]
[ 2017-05-02T09:33:17+08:00 ] /web/index.php/Login | INFO: Tag[ app_begin ] --END-- [ RunTime:0.002036s ]
[ 2017-05-02T09:33:17+08:00 ] /web/index.php/Login | NOTIC: [8] A session had already been started - ignoring session_start() functions.php 第 411 行.
[ 2017-05-02T09:33:17+08:00 ] /web/index.php/Login | NOTIC: [8] A session had already been started - ignoring session_start() LoginAction.class.php 第 5 行.
[ 2017-05-02T09:33:17+08:00 ] /web/index.php/Login | INFO: Tag[ view_template ] --START--
[ 2017-05-02T09:33:17+08:00 ] /web/index.php/Login | INFO: Run LocationTemplate Behavior [ RunTime:0.002450s ]
[ 2017-05-02T09:33:17+08:00 ] /web/index.php/Login | INFO: Tag[ view_template ] --END-- [ RunTime:0.002540s ]
[ 2017-05-02T09:33:17+08:00 ] /web/index.php/Login | INFO: Tag[ view_parse ] --START--
[ 2017-05-02T09:33:17+08:00 ] /web/index.php/Login | INFO: Run ParseTemplate Behavior [ RunTime:0.042608s ]
[ 2017-05-02T09:33:17+08:00 ] /web/index.php/Login | INFO: Tag[ view_parse ] --END-- [ RunTime:0.042712s ]
[ 2017-05-02T09:33:17+08:00 ] /web/index.php/Login | INFO: Tag[ view_filter ] --START--
[ 2017-05-02T09:33:17+08:00 ] /web/index.php/Login | INFO: Run ContentReplace Behavior [ RunTime:0.001544s ]
[ 2017-05-02T09:33:17+08:00 ] /web/index.php/Login | INFO: Run TokenBuild Behavior [ RunTime:0.002230s ]
[ 2017-05-02T09:33:17+08:00 ] /web/index.php/Login | INFO: Run WriteHtmlCache Behavior [ RunTime:0.001443s ]
[ 2017-05-02T09:33:17+08:00 ] /web/index.php/Login | INFO: Run ShowRuntime Behavior [ RunTime:0.001621s ]
[ 2017-05-02T09:33:17+08:00 ] /web/index.php/Login | INFO: Tag[ view_filter ] --END-- [ RunTime:0.007089s ]
[ 2017-05-02T09:33:17+08:00 ] /web/index.php/Login | NOTIC: [2] Cannot modify header information - headers already sent by (output started at F:\nginx-1.8.1\html\web\Common\common.php:1) View.class.php 第 120 行.
[ 2017-05-02T09:33:17+08:00 ] /web/index.php/Login | NOTIC: [2] Cannot modify header information - headers already sent by (output started at F:\nginx-1.8.1\html\web\Common\common.php:1) View.class.php 第 121 行.
[ 2017-05-02T09:33:17+08:00 ] /web/index.php/Login | NOTIC: [2] Cannot modify header information - headers already sent by (output started at F:\nginx-1.8.1\html\web\Common\common.php:1) View.class.php 第 122 行.
[ 2017-05-02T09:33:17+08:00 ] /web/index.php/Login | INFO: Tag[ view_end ] --START--
[ 2017-05-02T09:33:17+08:00 ] /web/index.php/Login | INFO: Run ShowPageTrace Behavior [ RunTime:0.001815s ]
[ 2017-05-02T09:33:17+08:00 ] /web/index.php/Login | INFO: Tag[ view_end ] --END-- [ RunTime:0.001892s ]
[ 2017-05-02T09:33:24+08:00 ] /web/index.php/Login/userCheck | INFO: Tag[ route_check ] --START--
[ 2017-05-02T09:33:24+08:00 ] /web/index.php/Login/userCheck | INFO: Run CheckRoute Behavior [ RunTime:0.000776s ]
[ 2017-05-02T09:33:24+08:00 ] /web/index.php/Login/userCheck | INFO: Tag[ route_check ] --END-- [ RunTime:0.000858s ]
[ 2017-05-02T09:33:24+08:00 ] /web/index.php/Login/userCheck | INFO: Tag[ app_begin ] --START--
[ 2017-05-02T09:33:24+08:00 ] /web/index.php/Login/userCheck | INFO: Run ReadHtmlCache Behavior [ RunTime:0.000479s ]
[ 2017-05-02T09:33:24+08:00 ] /web/index.php/Login/userCheck | INFO: Tag[ app_begin ] --END-- [ RunTime:0.000524s ]
[ 2017-05-02T09:33:24+08:00 ] /web/index.php/Login/userCheck | NOTIC: [8] A session had already been started - ignoring session_start() functions.php 第 411 行.
[ 2017-05-02T09:33:24+08:00 ] /web/index.php/Login/userCheck | NOTIC: [8] A session had already been started - ignoring session_start() LoginAction.class.php 第 5 行.
[ 2017-05-02T09:33:24+08:00 ] /web/index.php/Login/userCheck | NOTIC: [8] Undefined index:  aa LoginAction.class.php 第 27 行.
[ 2017-05-02T09:33:24+08:00 ] /web/index.php/Login/userCheck | SQL: select * from QPPlatformManagerDB.dbo.Base_Users where Username = 'admin' and Password = 'E10ADC3949BA59ABBE56E057F20F883E' and Nullity=0 [ RunTime:0.061716s ]
[ 2017-05-02T09:33:24+08:00 ] /web/index.php/Login/userCheck | SQL: select * from QPStatisticsDB.dbo.quanxian where name = 'admin'  [ RunTime:0.006961s ]
[ 2017-05-02T09:33:24+08:00 ] /web/index.php/Login/userCheck | SQL: update QPPlatformManagerDB.dbo.Base_Users set PreLogintime="04 27 2017  9:32AM",PreLoginIP=" ",LastLogintime="2017-05-02 09:33:24",LastLoginIP="",LoginTimes=LoginTimes+1 where UserID = 14 [ RunTime:0.003995s ]
[ 2017-05-02T09:33:24+08:00 ] /web/index.php/Login/userCheck | NOTIC: [2] mssql_num_rows(): supplied argument is not a valid MS SQL-result resource DbMssql.class.php 第 111 行.
[ 2017-05-02T09:33:24+08:00 ] /web/index.php/User | INFO: Tag[ route_check ] --START--
[ 2017-05-02T09:33:24+08:00 ] /web/index.php/User | INFO: Run CheckRoute Behavior [ RunTime:0.000601s ]
[ 2017-05-02T09:33:24+08:00 ] /web/index.php/User | INFO: Tag[ route_check ] --END-- [ RunTime:0.000665s ]
[ 2017-05-02T09:33:24+08:00 ] /web/index.php/User | INFO: Tag[ app_begin ] --START--
[ 2017-05-02T09:33:24+08:00 ] /web/index.php/User | INFO: Run ReadHtmlCache Behavior [ RunTime:0.000367s ]
[ 2017-05-02T09:33:24+08:00 ] /web/index.php/User | INFO: Tag[ app_begin ] --END-- [ RunTime:0.000402s ]
[ 2017-05-02T09:33:24+08:00 ] /web/index.php/User | NOTIC: [8] A session had already been started - ignoring session_start() functions.php 第 411 行.
[ 2017-05-02T09:33:24+08:00 ] /web/index.php/User | NOTIC: [8] A session had already been started - ignoring session_start() UserAction.class.php 第 6 行.
[ 2017-05-02T09:33:24+08:00 ] /web/index.php/User | INFO: Tag[ view_template ] --START--
[ 2017-05-02T09:33:24+08:00 ] /web/index.php/User | INFO: Run LocationTemplate Behavior [ RunTime:0.000975s ]
[ 2017-05-02T09:33:24+08:00 ] /web/index.php/User | INFO: Tag[ view_template ] --END-- [ RunTime:0.001023s ]
[ 2017-05-02T09:33:24+08:00 ] /web/index.php/User | INFO: Tag[ view_parse ] --START--
[ 2017-05-02T09:33:24+08:00 ] /web/index.php/User | NOTIC: [8] A session had already been started - ignoring session_start() head.html 第 3 行.
[ 2017-05-02T09:33:24+08:00 ] /web/index.php/User | INFO: Run ParseTemplate Behavior [ RunTime:0.029573s ]
[ 2017-05-02T09:33:24+08:00 ] /web/index.php/User | INFO: Tag[ view_parse ] --END-- [ RunTime:0.029617s ]
[ 2017-05-02T09:33:24+08:00 ] /web/index.php/User | INFO: Tag[ view_filter ] --START--
[ 2017-05-02T09:33:24+08:00 ] /web/index.php/User | INFO: Run ContentReplace Behavior [ RunTime:0.000314s ]
[ 2017-05-02T09:33:24+08:00 ] /web/index.php/User | INFO: Run TokenBuild Behavior [ RunTime:0.000332s ]
[ 2017-05-02T09:33:24+08:00 ] /web/index.php/User | INFO: Run WriteHtmlCache Behavior [ RunTime:0.000161s ]
[ 2017-05-02T09:33:24+08:00 ] /web/index.php/User | INFO: Run ShowRuntime Behavior [ RunTime:0.000302s ]
[ 2017-05-02T09:33:24+08:00 ] /web/index.php/User | INFO: Tag[ view_filter ] --END-- [ RunTime:0.001203s ]
[ 2017-05-02T09:33:24+08:00 ] /web/index.php/User | NOTIC: [2] Cannot modify header information - headers already sent by (output started at F:\nginx-1.8.1\html\web\Common\common.php:1) View.class.php 第 120 行.
[ 2017-05-02T09:33:24+08:00 ] /web/index.php/User | NOTIC: [2] Cannot modify header information - headers already sent by (output started at F:\nginx-1.8.1\html\web\Common\common.php:1) View.class.php 第 121 行.
[ 2017-05-02T09:33:24+08:00 ] /web/index.php/User | NOTIC: [2] Cannot modify header information - headers already sent by (output started at F:\nginx-1.8.1\html\web\Common\common.php:1) View.class.php 第 122 行.
[ 2017-05-02T09:33:24+08:00 ] /web/index.php/User | INFO: Tag[ view_end ] --START--
[ 2017-05-02T09:33:24+08:00 ] /web/index.php/User | INFO: Run ShowPageTrace Behavior [ RunTime:0.000314s ]
[ 2017-05-02T09:33:24+08:00 ] /web/index.php/User | INFO: Tag[ view_end ] --END-- [ RunTime:0.000351s ]
[ 2017-05-02T09:35:54+08:00 ] /web/index.php/User/GzUserList | INFO: Tag[ route_check ] --START--
[ 2017-05-02T09:35:54+08:00 ] /web/index.php/User/GzUserList | INFO: Run CheckRoute Behavior [ RunTime:0.000867s ]
[ 2017-05-02T09:35:54+08:00 ] /web/index.php/User/GzUserList | INFO: Tag[ route_check ] --END-- [ RunTime:0.000933s ]
[ 2017-05-02T09:35:54+08:00 ] /web/index.php/User/GzUserList | INFO: Tag[ app_begin ] --START--
[ 2017-05-02T09:35:54+08:00 ] /web/index.php/User/GzUserList | INFO: Run ReadHtmlCache Behavior [ RunTime:0.000674s ]
[ 2017-05-02T09:35:54+08:00 ] /web/index.php/User/GzUserList | INFO: Tag[ app_begin ] --END-- [ RunTime:0.000708s ]
[ 2017-05-02T09:35:54+08:00 ] /web/index.php/User/GzUserList | NOTIC: [8] A session had already been started - ignoring session_start() functions.php 第 411 行.
[ 2017-05-02T09:35:54+08:00 ] /web/index.php/User/GzUserList | NOTIC: [8] A session had already been started - ignoring session_start() UserAction.class.php 第 6 行.
[ 2017-05-02T09:35:54+08:00 ] /web/index.php/User/GzUserList | SQL: select top 200 t1.UserID,t2.GameID,t2.Accounts,t2.NickName,t2.LastLogonIP,CONVERT(varchar,t2.LastLogonDate,120) AS LastLogonDate,t3.Score,t3.InsureScore,t4.KindID,t4.ServerID from QPRecordDB.dbo.GzUser(NOLOCK) t1 left join QPAccountsDB.dbo.AccountsInfo(NOLOCK) t2 on t1.UserID=t2.UserID left join QPTreasureDB.dbo.GameScoreInfo(nolock) t3 on t1.UserID=t3.UserID left join QPTreasureDB.dbo.GameScoreLocker(nolock) t4 on t1.UserID=t4.UserID order by t3.InsureScore desc [ RunTime:0.106062s ]
[ 2017-05-02T09:35:54+08:00 ] /web/index.php/User/GzUserList | INFO: Tag[ view_template ] --START--
[ 2017-05-02T09:35:54+08:00 ] /web/index.php/User/GzUserList | INFO: Run LocationTemplate Behavior [ RunTime:0.001088s ]
[ 2017-05-02T09:35:54+08:00 ] /web/index.php/User/GzUserList | INFO: Tag[ view_template ] --END-- [ RunTime:0.001133s ]
[ 2017-05-02T09:35:54+08:00 ] /web/index.php/User/GzUserList | INFO: Tag[ view_parse ] --START--
[ 2017-05-02T09:35:54+08:00 ] /web/index.php/User/GzUserList | NOTIC: [8] A session had already been started - ignoring session_start() head.html 第 3 行.
[ 2017-05-02T09:35:54+08:00 ] /web/index.php/User/GzUserList | INFO: Run ParseTemplate Behavior [ RunTime:0.061649s ]
[ 2017-05-02T09:35:54+08:00 ] /web/index.php/User/GzUserList | INFO: Tag[ view_parse ] --END-- [ RunTime:0.061699s ]
[ 2017-05-02T09:35:54+08:00 ] /web/index.php/User/GzUserList | INFO: Tag[ view_filter ] --START--
[ 2017-05-02T09:35:54+08:00 ] /web/index.php/User/GzUserList | INFO: Run ContentReplace Behavior [ RunTime:0.000664s ]
[ 2017-05-02T09:35:54+08:00 ] /web/index.php/User/GzUserList | INFO: Run TokenBuild Behavior [ RunTime:0.000662s ]
[ 2017-05-02T09:35:54+08:00 ] /web/index.php/User/GzUserList | INFO: Run WriteHtmlCache Behavior [ RunTime:0.000471s ]
[ 2017-05-02T09:35:54+08:00 ] /web/index.php/User/GzUserList | INFO: Run ShowRuntime Behavior [ RunTime:0.000604s ]
[ 2017-05-02T09:35:54+08:00 ] /web/index.php/User/GzUserList | INFO: Tag[ view_filter ] --END-- [ RunTime:0.002502s ]
[ 2017-05-02T09:35:54+08:00 ] /web/index.php/User/GzUserList | NOTIC: [2] Cannot modify header information - headers already sent by (output started at F:\nginx-1.8.1\html\web\Common\common.php:1) View.class.php 第 120 行.
[ 2017-05-02T09:35:54+08:00 ] /web/index.php/User/GzUserList | NOTIC: [2] Cannot modify header information - headers already sent by (output started at F:\nginx-1.8.1\html\web\Common\common.php:1) View.class.php 第 121 行.
[ 2017-05-02T09:35:54+08:00 ] /web/index.php/User/GzUserList | NOTIC: [2] Cannot modify header information - headers already sent by (output started at F:\nginx-1.8.1\html\web\Common\common.php:1) View.class.php 第 122 行.
[ 2017-05-02T09:35:54+08:00 ] /web/index.php/User/GzUserList | INFO: Tag[ view_end ] --START--
[ 2017-05-02T09:35:54+08:00 ] /web/index.php/User/GzUserList | INFO: Run ShowPageTrace Behavior [ RunTime:0.000672s ]
[ 2017-05-02T09:35:54+08:00 ] /web/index.php/User/GzUserList | INFO: Tag[ view_end ] --END-- [ RunTime:0.000709s ]
[ 2017-05-02T11:46:00+08:00 ] /web/index.php/Login | INFO: Tag[ route_check ] --START--
[ 2017-05-02T11:46:00+08:00 ] /web/index.php/Login | INFO: Run CheckRoute Behavior [ RunTime:0.002207s ]
[ 2017-05-02T11:46:00+08:00 ] /web/index.php/Login | INFO: Tag[ route_check ] --END-- [ RunTime:0.002323s ]
[ 2017-05-02T11:46:00+08:00 ] /web/index.php/Login | INFO: Tag[ app_begin ] --START--
[ 2017-05-02T11:46:00+08:00 ] /web/index.php/Login | INFO: Run ReadHtmlCache Behavior [ RunTime:0.001423s ]
[ 2017-05-02T11:46:00+08:00 ] /web/index.php/Login | INFO: Tag[ app_begin ] --END-- [ RunTime:0.001505s ]
[ 2017-05-02T11:46:00+08:00 ] /web/index.php/Login | NOTIC: [8] A session had already been started - ignoring session_start() functions.php 第 411 行.
[ 2017-05-02T11:46:00+08:00 ] /web/index.php/Login | NOTIC: [8] A session had already been started - ignoring session_start() LoginAction.class.php 第 5 行.
[ 2017-05-02T11:46:00+08:00 ] /web/index.php/Login | INFO: Tag[ view_template ] --START--
[ 2017-05-02T11:46:00+08:00 ] /web/index.php/Login | INFO: Run LocationTemplate Behavior [ RunTime:0.001233s ]
[ 2017-05-02T11:46:00+08:00 ] /web/index.php/Login | INFO: Tag[ view_template ] --END-- [ RunTime:0.001280s ]
[ 2017-05-02T11:46:00+08:00 ] /web/index.php/Login | INFO: Tag[ view_parse ] --START--
[ 2017-05-02T11:46:00+08:00 ] /web/index.php/Login | INFO: Run ParseTemplate Behavior [ RunTime:0.035418s ]
[ 2017-05-02T11:46:00+08:00 ] /web/index.php/Login | INFO: Tag[ view_parse ] --END-- [ RunTime:0.035497s ]
[ 2017-05-02T11:46:00+08:00 ] /web/index.php/Login | INFO: Tag[ view_filter ] --START--
[ 2017-05-02T11:46:00+08:00 ] /web/index.php/Login | INFO: Run ContentReplace Behavior [ RunTime:0.000962s ]
[ 2017-05-02T11:46:00+08:00 ] /web/index.php/Login | INFO: Run TokenBuild Behavior [ RunTime:0.000885s ]
[ 2017-05-02T11:46:00+08:00 ] /web/index.php/Login | INFO: Run WriteHtmlCache Behavior [ RunTime:0.000674s ]
[ 2017-05-02T11:46:00+08:00 ] /web/index.php/Login | INFO: Run ShowRuntime Behavior [ RunTime:0.000909s ]
[ 2017-05-02T11:46:00+08:00 ] /web/index.php/Login | INFO: Tag[ view_filter ] --END-- [ RunTime:0.003557s ]
[ 2017-05-02T11:46:00+08:00 ] /web/index.php/Login | NOTIC: [2] Cannot modify header information - headers already sent by (output started at F:\nginx-1.8.1\html\web\Common\common.php:1) View.class.php 第 120 行.
[ 2017-05-02T11:46:00+08:00 ] /web/index.php/Login | NOTIC: [2] Cannot modify header information - headers already sent by (output started at F:\nginx-1.8.1\html\web\Common\common.php:1) View.class.php 第 121 行.
[ 2017-05-02T11:46:00+08:00 ] /web/index.php/Login | NOTIC: [2] Cannot modify header information - headers already sent by (output started at F:\nginx-1.8.1\html\web\Common\common.php:1) View.class.php 第 122 行.
[ 2017-05-02T11:46:00+08:00 ] /web/index.php/Login | INFO: Tag[ view_end ] --START--
[ 2017-05-02T11:46:00+08:00 ] /web/index.php/Login | INFO: Run ShowPageTrace Behavior [ RunTime:0.001017s ]
[ 2017-05-02T11:46:00+08:00 ] /web/index.php/Login | INFO: Tag[ view_end ] --END-- [ RunTime:0.001061s ]
[ 2017-05-02T11:46:22+08:00 ] /web/index.php/Login/userCheck | INFO: Tag[ route_check ] --START--
[ 2017-05-02T11:46:22+08:00 ] /web/index.php/Login/userCheck | INFO: Run CheckRoute Behavior [ RunTime:0.000744s ]
[ 2017-05-02T11:46:22+08:00 ] /web/index.php/Login/userCheck | INFO: Tag[ route_check ] --END-- [ RunTime:0.000823s ]
[ 2017-05-02T11:46:22+08:00 ] /web/index.php/Login/userCheck | INFO: Tag[ app_begin ] --START--
[ 2017-05-02T11:46:22+08:00 ] /web/index.php/Login/userCheck | INFO: Run ReadHtmlCache Behavior [ RunTime:0.000476s ]
[ 2017-05-02T11:46:22+08:00 ] /web/index.php/Login/userCheck | INFO: Tag[ app_begin ] --END-- [ RunTime:0.000526s ]
[ 2017-05-02T11:46:22+08:00 ] /web/index.php/Login/userCheck | NOTIC: [8] A session had already been started - ignoring session_start() functions.php 第 411 行.
[ 2017-05-02T11:46:22+08:00 ] /web/index.php/Login/userCheck | NOTIC: [8] A session had already been started - ignoring session_start() LoginAction.class.php 第 5 行.
[ 2017-05-02T11:46:22+08:00 ] /web/index.php/Login/userCheck | NOTIC: [8] Undefined index:  aa LoginAction.class.php 第 27 行.
[ 2017-05-02T11:46:22+08:00 ] /web/index.php/Login/userCheck | SQL: select * from QPPlatformManagerDB.dbo.Base_Users where Username = 'admin' and Password = 'E10ADC3949BA59ABBE56E057F20F883E' and Nullity=0 [ RunTime:0.052895s ]
[ 2017-05-02T11:46:22+08:00 ] /web/index.php/Login/userCheck | SQL: select * from QPStatisticsDB.dbo.quanxian where name = 'admin'  [ RunTime:0.008674s ]
[ 2017-05-02T11:46:22+08:00 ] /web/index.php/Login/userCheck | SQL: update QPPlatformManagerDB.dbo.Base_Users set PreLogintime="05 2 2017  9:33AM",PreLoginIP=" ",LastLogintime="2017-05-02 11:46:22",LastLoginIP="",LoginTimes=LoginTimes+1 where UserID = 14 [ RunTime:0.002512s ]
[ 2017-05-02T11:46:22+08:00 ] /web/index.php/Login/userCheck | NOTIC: [2] mssql_num_rows(): supplied argument is not a valid MS SQL-result resource DbMssql.class.php 第 111 行.
[ 2017-05-02T11:46:22+08:00 ] /web/index.php/User | INFO: Tag[ route_check ] --START--
[ 2017-05-02T11:46:22+08:00 ] /web/index.php/User | INFO: Run CheckRoute Behavior [ RunTime:0.001169s ]
[ 2017-05-02T11:46:22+08:00 ] /web/index.php/User | INFO: Tag[ route_check ] --END-- [ RunTime:0.001418s ]
[ 2017-05-02T11:46:22+08:00 ] /web/index.php/User | INFO: Tag[ app_begin ] --START--
[ 2017-05-02T11:46:22+08:00 ] /web/index.php/User | INFO: Run ReadHtmlCache Behavior [ RunTime:0.000752s ]
[ 2017-05-02T11:46:22+08:00 ] /web/index.php/User | INFO: Tag[ app_begin ] --END-- [ RunTime:0.000822s ]
[ 2017-05-02T11:46:22+08:00 ] /web/index.php/User | NOTIC: [8] A session had already been started - ignoring session_start() functions.php 第 411 行.
[ 2017-05-02T11:46:22+08:00 ] /web/index.php/User | NOTIC: [8] A session had already been started - ignoring session_start() UserAction.class.php 第 6 行.
[ 2017-05-02T11:46:22+08:00 ] /web/index.php/User | INFO: Tag[ view_template ] --START--
[ 2017-05-02T11:46:22+08:00 ] /web/index.php/User | INFO: Run LocationTemplate Behavior [ RunTime:0.000897s ]
[ 2017-05-02T11:46:22+08:00 ] /web/index.php/User | INFO: Tag[ view_template ] --END-- [ RunTime:0.000952s ]
[ 2017-05-02T11:46:22+08:00 ] /web/index.php/User | INFO: Tag[ view_parse ] --START--
[ 2017-05-02T11:46:22+08:00 ] /web/index.php/User | NOTIC: [8] A session had already been started - ignoring session_start() head.html 第 3 行.
[ 2017-05-02T11:46:22+08:00 ] /web/index.php/User | INFO: Run ParseTemplate Behavior [ RunTime:0.040566s ]
[ 2017-05-02T11:46:22+08:00 ] /web/index.php/User | INFO: Tag[ view_parse ] --END-- [ RunTime:0.040611s ]
[ 2017-05-02T11:46:22+08:00 ] /web/index.php/User | INFO: Tag[ view_filter ] --START--
[ 2017-05-02T11:46:22+08:00 ] /web/index.php/User | INFO: Run ContentReplace Behavior [ RunTime:0.000335s ]
[ 2017-05-02T11:46:22+08:00 ] /web/index.php/User | INFO: Run TokenBuild Behavior [ RunTime:0.000377s ]
[ 2017-05-02T11:46:22+08:00 ] /web/index.php/User | INFO: Run WriteHtmlCache Behavior [ RunTime:0.000167s ]
[ 2017-05-02T11:46:22+08:00 ] /web/index.php/User | INFO: Run ShowRuntime Behavior [ RunTime:0.000313s ]
[ 2017-05-02T11:46:22+08:00 ] /web/index.php/User | INFO: Tag[ view_filter ] --END-- [ RunTime:0.001290s ]
[ 2017-05-02T11:46:22+08:00 ] /web/index.php/User | NOTIC: [2] Cannot modify header information - headers already sent by (output started at F:\nginx-1.8.1\html\web\Common\common.php:1) View.class.php 第 120 行.
[ 2017-05-02T11:46:22+08:00 ] /web/index.php/User | NOTIC: [2] Cannot modify header information - headers already sent by (output started at F:\nginx-1.8.1\html\web\Common\common.php:1) View.class.php 第 121 行.
[ 2017-05-02T11:46:22+08:00 ] /web/index.php/User | NOTIC: [2] Cannot modify header information - headers already sent by (output started at F:\nginx-1.8.1\html\web\Common\common.php:1) View.class.php 第 122 行.
[ 2017-05-02T11:46:22+08:00 ] /web/index.php/User | INFO: Tag[ view_end ] --START--
[ 2017-05-02T11:46:22+08:00 ] /web/index.php/User | INFO: Run ShowPageTrace Behavior [ RunTime:0.000424s ]
[ 2017-05-02T11:46:22+08:00 ] /web/index.php/User | INFO: Tag[ view_end ] --END-- [ RunTime:0.000482s ]
[ 2017-05-02T11:46:30+08:00 ] /web/index.php/User/kouliang | INFO: Tag[ route_check ] --START--
[ 2017-05-02T11:46:30+08:00 ] /web/index.php/User/kouliang | INFO: Run CheckRoute Behavior [ RunTime:0.000829s ]
[ 2017-05-02T11:46:30+08:00 ] /web/index.php/User/kouliang | INFO: Tag[ route_check ] --END-- [ RunTime:0.000924s ]
[ 2017-05-02T11:46:30+08:00 ] /web/index.php/User/kouliang | INFO: Tag[ app_begin ] --START--
[ 2017-05-02T11:46:30+08:00 ] /web/index.php/User/kouliang | INFO: Run ReadHtmlCache Behavior [ RunTime:0.000796s ]
[ 2017-05-02T11:46:30+08:00 ] /web/index.php/User/kouliang | INFO: Tag[ app_begin ] --END-- [ RunTime:0.000880s ]
[ 2017-05-02T11:46:30+08:00 ] /web/index.php/User/kouliang | NOTIC: [8] A session had already been started - ignoring session_start() functions.php 第 411 行.
[ 2017-05-02T11:46:30+08:00 ] /web/index.php/User/kouliang | NOTIC: [8] A session had already been started - ignoring session_start() UserAction.class.php 第 6 行.
[ 2017-05-02T11:46:30+08:00 ] /web/index.php/User/kouliang | SQL: select *
from QPStatisticsDB.dbo.kouliang   a
where EXISTS
(select 1 FROM
(select qdid,max(time)time from QPStatisticsDB.dbo.kouliang    group by qdid) b where a.qdid=b.qdid and a.time =b.time ) [ RunTime:0.015296s ]
[ 2017-05-02T11:46:30+08:00 ] /web/index.php/User/kouliang | INFO: Tag[ view_template ] --START--
[ 2017-05-02T11:46:30+08:00 ] /web/index.php/User/kouliang | INFO: Run LocationTemplate Behavior [ RunTime:0.001074s ]
[ 2017-05-02T11:46:30+08:00 ] /web/index.php/User/kouliang | INFO: Tag[ view_template ] --END-- [ RunTime:0.001145s ]
[ 2017-05-02T11:46:30+08:00 ] /web/index.php/User/kouliang | INFO: Tag[ view_parse ] --START--
[ 2017-05-02T11:46:30+08:00 ] /web/index.php/User/kouliang | NOTIC: [8] A session had already been started - ignoring session_start() head.html 第 3 行.
[ 2017-05-02T11:46:30+08:00 ] /web/index.php/User/kouliang | NOTIC: [8] Undefined variable: start_date 33591eda54bd0c0798961cc29c6c491e.php 第 16 行.
[ 2017-05-02T11:46:30+08:00 ] /web/index.php/User/kouliang | NOTIC: [8] Undefined variable: end_date 33591eda54bd0c0798961cc29c6c491e.php 第 17 行.
[ 2017-05-02T11:46:30+08:00 ] /web/index.php/User/kouliang | INFO: Run ParseTemplate Behavior [ RunTime:0.052260s ]
[ 2017-05-02T11:46:30+08:00 ] /web/index.php/User/kouliang | INFO: Tag[ view_parse ] --END-- [ RunTime:0.052310s ]
[ 2017-05-02T11:46:30+08:00 ] /web/index.php/User/kouliang | INFO: Tag[ view_filter ] --START--
[ 2017-05-02T11:46:30+08:00 ] /web/index.php/User/kouliang | INFO: Run ContentReplace Behavior [ RunTime:0.000397s ]
[ 2017-05-02T11:46:30+08:00 ] /web/index.php/User/kouliang | INFO: Run TokenBuild Behavior [ RunTime:0.000444s ]
[ 2017-05-02T11:46:30+08:00 ] /web/index.php/User/kouliang | INFO: Run WriteHtmlCache Behavior [ RunTime:0.000218s ]
[ 2017-05-02T11:46:30+08:00 ] /web/index.php/User/kouliang | INFO: Run ShowRuntime Behavior [ RunTime:0.000410s ]
[ 2017-05-02T11:46:30+08:00 ] /web/index.php/User/kouliang | INFO: Tag[ view_filter ] --END-- [ RunTime:0.001596s ]
[ 2017-05-02T11:46:30+08:00 ] /web/index.php/User/kouliang | NOTIC: [2] Cannot modify header information - headers already sent by (output started at F:\nginx-1.8.1\html\web\Common\common.php:1) View.class.php 第 120 行.
[ 2017-05-02T11:46:30+08:00 ] /web/index.php/User/kouliang | NOTIC: [2] Cannot modify header information - headers already sent by (output started at F:\nginx-1.8.1\html\web\Common\common.php:1) View.class.php 第 121 行.
[ 2017-05-02T11:46:30+08:00 ] /web/index.php/User/kouliang | NOTIC: [2] Cannot modify header information - headers already sent by (output started at F:\nginx-1.8.1\html\web\Common\common.php:1) View.class.php 第 122 行.
[ 2017-05-02T11:46:30+08:00 ] /web/index.php/User/kouliang | INFO: Tag[ view_end ] --START--
[ 2017-05-02T11:46:30+08:00 ] /web/index.php/User/kouliang | INFO: Run ShowPageTrace Behavior [ RunTime:0.000404s ]
[ 2017-05-02T11:46:30+08:00 ] /web/index.php/User/kouliang | INFO: Tag[ view_end ] --END-- [ RunTime:0.000454s ]
[ 2017-05-02T11:46:31+08:00 ] /web/index.php/User/newUser_cz | INFO: Tag[ route_check ] --START--
[ 2017-05-02T11:46:31+08:00 ] /web/index.php/User/newUser_cz | INFO: Run CheckRoute Behavior [ RunTime:0.000732s ]
[ 2017-05-02T11:46:31+08:00 ] /web/index.php/User/newUser_cz | INFO: Tag[ route_check ] --END-- [ RunTime:0.000826s ]
[ 2017-05-02T11:46:31+08:00 ] /web/index.php/User/newUser_cz | INFO: Tag[ app_begin ] --START--
[ 2017-05-02T11:46:31+08:00 ] /web/index.php/User/newUser_cz | INFO: Run ReadHtmlCache Behavior [ RunTime:0.000401s ]
[ 2017-05-02T11:46:31+08:00 ] /web/index.php/User/newUser_cz | INFO: Tag[ app_begin ] --END-- [ RunTime:0.000438s ]
[ 2017-05-02T11:46:31+08:00 ] /web/index.php/User/newUser_cz | NOTIC: [8] A session had already been started - ignoring session_start() functions.php 第 411 行.
[ 2017-05-02T11:46:31+08:00 ] /web/index.php/User/newUser_cz | NOTIC: [8] A session had already been started - ignoring session_start() UserAction.class.php 第 6 行.
[ 2017-05-02T11:46:31+08:00 ] /web/index.php/User/newUser_cz | INFO: Tag[ view_template ] --START--
[ 2017-05-02T11:46:31+08:00 ] /web/index.php/User/newUser_cz | INFO: Run LocationTemplate Behavior [ RunTime:0.001126s ]
[ 2017-05-02T11:46:31+08:00 ] /web/index.php/User/newUser_cz | INFO: Tag[ view_template ] --END-- [ RunTime:0.001193s ]
[ 2017-05-02T11:46:31+08:00 ] /web/index.php/User/newUser_cz | INFO: Tag[ view_parse ] --START--
[ 2017-05-02T11:46:31+08:00 ] /web/index.php/User/newUser_cz | NOTIC: [8] A session had already been started - ignoring session_start() head.html 第 3 行.
[ 2017-05-02T11:46:31+08:00 ] /web/index.php/User/newUser_cz | NOTIC: [8] Undefined variable: UserID 1a7ddb854c24b4c55de76e24a41df0b7.php 第 15 行.
[ 2017-05-02T11:46:31+08:00 ] /web/index.php/User/newUser_cz | NOTIC: [8] Undefined variable: start_date 1a7ddb854c24b4c55de76e24a41df0b7.php 第 16 行.
[ 2017-05-02T11:46:31+08:00 ] /web/index.php/User/newUser_cz | NOTIC: [8] Undefined variable: end_date 1a7ddb854c24b4c55de76e24a41df0b7.php 第 17 行.
[ 2017-05-02T11:46:31+08:00 ] /web/index.php/User/newUser_cz | NOTIC: [8] Undefined variable: result 1a7ddb854c24b4c55de76e24a41df0b7.php 第 78 行.
[ 2017-05-02T11:46:31+08:00 ] /web/index.php/User/newUser_cz | INFO: Run ParseTemplate Behavior [ RunTime:0.051140s ]
[ 2017-05-02T11:46:31+08:00 ] /web/index.php/User/newUser_cz | INFO: Tag[ view_parse ] --END-- [ RunTime:0.051198s ]
[ 2017-05-02T11:46:31+08:00 ] /web/index.php/User/newUser_cz | INFO: Tag[ view_filter ] --START--
[ 2017-05-02T11:46:31+08:00 ] /web/index.php/User/newUser_cz | INFO: Run ContentReplace Behavior [ RunTime:0.000312s ]
[ 2017-05-02T11:46:31+08:00 ] /web/index.php/User/newUser_cz | INFO: Run TokenBuild Behavior [ RunTime:0.000369s ]
[ 2017-05-02T11:46:31+08:00 ] /web/index.php/User/newUser_cz | INFO: Run WriteHtmlCache Behavior [ RunTime:0.000157s ]
[ 2017-05-02T11:46:31+08:00 ] /web/index.php/User/newUser_cz | INFO: Run ShowRuntime Behavior [ RunTime:0.000308s ]
[ 2017-05-02T11:46:31+08:00 ] /web/index.php/User/newUser_cz | INFO: Tag[ view_filter ] --END-- [ RunTime:0.001248s ]
[ 2017-05-02T11:46:31+08:00 ] /web/index.php/User/newUser_cz | NOTIC: [2] Cannot modify header information - headers already sent by (output started at F:\nginx-1.8.1\html\web\Common\common.php:1) View.class.php 第 120 行.
[ 2017-05-02T11:46:31+08:00 ] /web/index.php/User/newUser_cz | NOTIC: [2] Cannot modify header information - headers already sent by (output started at F:\nginx-1.8.1\html\web\Common\common.php:1) View.class.php 第 121 行.
[ 2017-05-02T11:46:31+08:00 ] /web/index.php/User/newUser_cz | NOTIC: [2] Cannot modify header information - headers already sent by (output started at F:\nginx-1.8.1\html\web\Common\common.php:1) View.class.php 第 122 行.
[ 2017-05-02T11:46:31+08:00 ] /web/index.php/User/newUser_cz | INFO: Tag[ view_end ] --START--
[ 2017-05-02T11:46:31+08:00 ] /web/index.php/User/newUser_cz | INFO: Run ShowPageTrace Behavior [ RunTime:0.000315s ]
[ 2017-05-02T11:46:31+08:00 ] /web/index.php/User/newUser_cz | INFO: Tag[ view_end ] --END-- [ RunTime:0.000352s ]
[ 2017-05-02T11:46:33+08:00 ] /web/index.php/User/ScUserList | INFO: Tag[ route_check ] --START--
[ 2017-05-02T11:46:33+08:00 ] /web/index.php/User/ScUserList | INFO: Run CheckRoute Behavior [ RunTime:0.000582s ]
[ 2017-05-02T11:46:33+08:00 ] /web/index.php/User/ScUserList | INFO: Tag[ route_check ] --END-- [ RunTime:0.000641s ]
[ 2017-05-02T11:46:33+08:00 ] /web/index.php/User/ScUserList | INFO: Tag[ app_begin ] --START--
[ 2017-05-02T11:46:33+08:00 ] /web/index.php/User/ScUserList | INFO: Run ReadHtmlCache Behavior [ RunTime:0.000362s ]
[ 2017-05-02T11:46:33+08:00 ] /web/index.php/User/ScUserList | INFO: Tag[ app_begin ] --END-- [ RunTime:0.000396s ]
[ 2017-05-02T11:46:33+08:00 ] /web/index.php/User/ScUserList | NOTIC: [8] A session had already been started - ignoring session_start() functions.php 第 411 行.
[ 2017-05-02T11:46:33+08:00 ] /web/index.php/User/ScUserList | NOTIC: [8] A session had already been started - ignoring session_start() UserAction.class.php 第 6 行.
[ 2017-05-02T11:46:33+08:00 ] /web/index.php/User/ScUserList | SQL: SELECT top 100 t1.UserID,t1.Rechange,CONVERT(varchar,t1.InsertDate,120) AS InsertDate,t2.GameID,t2.Accounts,t2.NickName,t2.LastLogonMachine,t2.UserMedal,t2.LockMobileFrom,t2.CustomID,t3.Score,t3.InsureScore,t4.zr,t5.zc FROM [QPRecordDB].[dbo].[RecordNewCzUser](nolock) t1 left join QPAccountsDB.dbo.AccountsInfo(nolock) t2 on t1.UserID=t2.UserID left join QPTreasureDB.dbo.GameScoreInfo(nolock) t3 on t1.UserID=t3.UserID left join (select UserID,SUM(Score) as zr from QPRecordDB.dbo.RecordUserZz(nolock) where Inout=1 group by UserID) t4 on t1.UserID=t4.UserID left join  (select UserID,SUM(Score) as zc from QPRecordDB.dbo.RecordUserZz(nolock) where Inout=2 group by UserID) t5 on t1.UserID=t5.userID order by t1.RecordID desc [ RunTime:0.343409s ]
[ 2017-05-02T11:46:33+08:00 ] /web/index.php/User/ScUserList | INFO: Tag[ view_template ] --START--
[ 2017-05-02T11:46:33+08:00 ] /web/index.php/User/ScUserList | INFO: Run LocationTemplate Behavior [ RunTime:0.003766s ]
[ 2017-05-02T11:46:33+08:00 ] /web/index.php/User/ScUserList | INFO: Tag[ view_template ] --END-- [ RunTime:0.004048s ]
[ 2017-05-02T11:46:33+08:00 ] /web/index.php/User/ScUserList | INFO: Tag[ view_parse ] --START--
[ 2017-05-02T11:46:33+08:00 ] /web/index.php/User/ScUserList | NOTIC: [8] A session had already been started - ignoring session_start() head.html 第 3 行.
[ 2017-05-02T11:46:33+08:00 ] /web/index.php/User/ScUserList | INFO: Run ParseTemplate Behavior [ RunTime:0.061378s ]
[ 2017-05-02T11:46:33+08:00 ] /web/index.php/User/ScUserList | INFO: Tag[ view_parse ] --END-- [ RunTime:0.061509s ]
[ 2017-05-02T11:46:33+08:00 ] /web/index.php/User/ScUserList | INFO: Tag[ view_filter ] --START--
[ 2017-05-02T11:46:33+08:00 ] /web/index.php/User/ScUserList | INFO: Run ContentReplace Behavior [ RunTime:0.000388s ]
[ 2017-05-02T11:46:33+08:00 ] /web/index.php/User/ScUserList | INFO: Run TokenBuild Behavior [ RunTime:0.000450s ]
[ 2017-05-02T11:46:33+08:00 ] /web/index.php/User/ScUserList | INFO: Run WriteHtmlCache Behavior [ RunTime:0.000204s ]
[ 2017-05-02T11:46:33+08:00 ] /web/index.php/User/ScUserList | INFO: Run ShowRuntime Behavior [ RunTime:0.000478s ]
[ 2017-05-02T11:46:33+08:00 ] /web/index.php/User/ScUserList | INFO: Tag[ view_filter ] --END-- [ RunTime:0.001656s ]
[ 2017-05-02T11:46:33+08:00 ] /web/index.php/User/ScUserList | NOTIC: [2] Cannot modify header information - headers already sent by (output started at F:\nginx-1.8.1\html\web\Common\common.php:1) View.class.php 第 120 行.
[ 2017-05-02T11:46:33+08:00 ] /web/index.php/User/ScUserList | NOTIC: [2] Cannot modify header information - headers already sent by (output started at F:\nginx-1.8.1\html\web\Common\common.php:1) View.class.php 第 121 行.
[ 2017-05-02T11:46:33+08:00 ] /web/index.php/User/ScUserList | NOTIC: [2] Cannot modify header information - headers already sent by (output started at F:\nginx-1.8.1\html\web\Common\common.php:1) View.class.php 第 122 行.
[ 2017-05-02T11:46:33+08:00 ] /web/index.php/User/ScUserList | INFO: Tag[ view_end ] --START--
[ 2017-05-02T11:46:33+08:00 ] /web/index.php/User/ScUserList | INFO: Run ShowPageTrace Behavior [ RunTime:0.000432s ]
[ 2017-05-02T11:46:33+08:00 ] /web/index.php/User/ScUserList | INFO: Tag[ view_end ] --END-- [ RunTime:0.000489s ]
[ 2017-05-02T11:46:34+08:00 ] /web/index.php/User | INFO: Tag[ route_check ] --START--
[ 2017-05-02T11:46:34+08:00 ] /web/index.php/User | INFO: Run CheckRoute Behavior [ RunTime:0.001214s ]
[ 2017-05-02T11:46:34+08:00 ] /web/index.php/User | INFO: Tag[ route_check ] --END-- [ RunTime:0.001452s ]
[ 2017-05-02T11:46:34+08:00 ] /web/index.php/User | INFO: Tag[ app_begin ] --START--
[ 2017-05-02T11:46:34+08:00 ] /web/index.php/User | INFO: Run ReadHtmlCache Behavior [ RunTime:0.000530s ]
[ 2017-05-02T11:46:34+08:00 ] /web/index.php/User | INFO: Tag[ app_begin ] --END-- [ RunTime:0.000583s ]
[ 2017-05-02T11:46:34+08:00 ] /web/index.php/User | NOTIC: [8] A session had already been started - ignoring session_start() functions.php 第 411 行.
[ 2017-05-02T11:46:34+08:00 ] /web/index.php/User | NOTIC: [8] A session had already been started - ignoring session_start() UserAction.class.php 第 6 行.
[ 2017-05-02T11:46:34+08:00 ] /web/index.php/User | INFO: Tag[ view_template ] --START--
[ 2017-05-02T11:46:34+08:00 ] /web/index.php/User | INFO: Run LocationTemplate Behavior [ RunTime:0.000475s ]
[ 2017-05-02T11:46:34+08:00 ] /web/index.php/User | INFO: Tag[ view_template ] --END-- [ RunTime:0.000518s ]
[ 2017-05-02T11:46:34+08:00 ] /web/index.php/User | INFO: Tag[ view_parse ] --START--
[ 2017-05-02T11:46:34+08:00 ] /web/index.php/User | NOTIC: [8] A session had already been started - ignoring session_start() head.html 第 3 行.
[ 2017-05-02T11:46:34+08:00 ] /web/index.php/User | INFO: Run ParseTemplate Behavior [ RunTime:0.006767s ]
[ 2017-05-02T11:46:34+08:00 ] /web/index.php/User | INFO: Tag[ view_parse ] --END-- [ RunTime:0.006816s ]
[ 2017-05-02T11:46:34+08:00 ] /web/index.php/User | INFO: Tag[ view_filter ] --START--
[ 2017-05-02T11:46:34+08:00 ] /web/index.php/User | INFO: Run ContentReplace Behavior [ RunTime:0.000381s ]
[ 2017-05-02T11:46:34+08:00 ] /web/index.php/User | INFO: Run TokenBuild Behavior [ RunTime:0.000345s ]
[ 2017-05-02T11:46:34+08:00 ] /web/index.php/User | INFO: Run WriteHtmlCache Behavior [ RunTime:0.000163s ]
[ 2017-05-02T11:46:34+08:00 ] /web/index.php/User | INFO: Run ShowRuntime Behavior [ RunTime:0.000315s ]
[ 2017-05-02T11:46:34+08:00 ] /web/index.php/User | INFO: Tag[ view_filter ] --END-- [ RunTime:0.001306s ]
[ 2017-05-02T11:46:34+08:00 ] /web/index.php/User | NOTIC: [2] Cannot modify header information - headers already sent by (output started at F:\nginx-1.8.1\html\web\Common\common.php:1) View.class.php 第 120 行.
[ 2017-05-02T11:46:34+08:00 ] /web/index.php/User | NOTIC: [2] Cannot modify header information - headers already sent by (output started at F:\nginx-1.8.1\html\web\Common\common.php:1) View.class.php 第 121 行.
[ 2017-05-02T11:46:34+08:00 ] /web/index.php/User | NOTIC: [2] Cannot modify header information - headers already sent by (output started at F:\nginx-1.8.1\html\web\Common\common.php:1) View.class.php 第 122 行.
[ 2017-05-02T11:46:34+08:00 ] /web/index.php/User | INFO: Tag[ view_end ] --START--
[ 2017-05-02T11:46:34+08:00 ] /web/index.php/User | INFO: Run ShowPageTrace Behavior [ RunTime:0.000316s ]
[ 2017-05-02T11:46:34+08:00 ] /web/index.php/User | INFO: Tag[ view_end ] --END-- [ RunTime:0.000354s ]
[ 2017-05-02T11:46:35+08:00 ] /web/index.php/User/gl | INFO: Tag[ route_check ] --START--
[ 2017-05-02T11:46:35+08:00 ] /web/index.php/User/gl | INFO: Run CheckRoute Behavior [ RunTime:0.000829s ]
[ 2017-05-02T11:46:35+08:00 ] /web/index.php/User/gl | INFO: Tag[ route_check ] --END-- [ RunTime:0.000934s ]
[ 2017-05-02T11:46:35+08:00 ] /web/index.php/User/gl | INFO: Tag[ app_begin ] --START--
[ 2017-05-02T11:46:35+08:00 ] /web/index.php/User/gl | INFO: Run ReadHtmlCache Behavior [ RunTime:0.000476s ]
[ 2017-05-02T11:46:35+08:00 ] /web/index.php/User/gl | INFO: Tag[ app_begin ] --END-- [ RunTime:0.000520s ]
[ 2017-05-02T11:46:35+08:00 ] /web/index.php/User/gl | NOTIC: [8] A session had already been started - ignoring session_start() functions.php 第 411 行.
[ 2017-05-02T11:46:35+08:00 ] /web/index.php/User/gl | NOTIC: [8] A session had already been started - ignoring session_start() UserAction.class.php 第 6 行.
[ 2017-05-02T11:46:35+08:00 ] /web/index.php/User/gl | INFO: Tag[ view_template ] --START--
[ 2017-05-02T11:46:35+08:00 ] /web/index.php/User/gl | INFO: Run LocationTemplate Behavior [ RunTime:0.000709s ]
[ 2017-05-02T11:46:35+08:00 ] /web/index.php/User/gl | INFO: Tag[ view_template ] --END-- [ RunTime:0.000753s ]
[ 2017-05-02T11:46:35+08:00 ] /web/index.php/User/gl | INFO: Tag[ view_parse ] --START--
[ 2017-05-02T11:46:35+08:00 ] /web/index.php/User/gl | NOTIC: [8] A session had already been started - ignoring session_start() head.html 第 3 行.
[ 2017-05-02T11:46:35+08:00 ] /web/index.php/User/gl | NOTIC: [8] Undefined variable: result 329e222b422aca24923bf44f5406b786.php 第 38 行.
[ 2017-05-02T11:46:35+08:00 ] /web/index.php/User/gl | INFO: Run ParseTemplate Behavior [ RunTime:0.038908s ]
[ 2017-05-02T11:46:35+08:00 ] /web/index.php/User/gl | INFO: Tag[ view_parse ] --END-- [ RunTime:0.038952s ]
[ 2017-05-02T11:46:35+08:00 ] /web/index.php/User/gl | INFO: Tag[ view_filter ] --START--
[ 2017-05-02T11:46:35+08:00 ] /web/index.php/User/gl | INFO: Run ContentReplace Behavior [ RunTime:0.000382s ]
[ 2017-05-02T11:46:35+08:00 ] /web/index.php/User/gl | INFO: Run TokenBuild Behavior [ RunTime:0.000330s ]
[ 2017-05-02T11:46:35+08:00 ] /web/index.php/User/gl | INFO: Run WriteHtmlCache Behavior [ RunTime:0.000165s ]
[ 2017-05-02T11:46:35+08:00 ] /web/index.php/User/gl | INFO: Run ShowRuntime Behavior [ RunTime:0.000305s ]
[ 2017-05-02T11:46:35+08:00 ] /web/index.php/User/gl | INFO: Tag[ view_filter ] --END-- [ RunTime:0.001280s ]
[ 2017-05-02T11:46:35+08:00 ] /web/index.php/User/gl | NOTIC: [2] Cannot modify header information - headers already sent by (output started at F:\nginx-1.8.1\html\web\Common\common.php:1) View.class.php 第 120 行.
[ 2017-05-02T11:46:35+08:00 ] /web/index.php/User/gl | NOTIC: [2] Cannot modify header information - headers already sent by (output started at F:\nginx-1.8.1\html\web\Common\common.php:1) View.class.php 第 121 行.
[ 2017-05-02T11:46:35+08:00 ] /web/index.php/User/gl | NOTIC: [2] Cannot modify header information - headers already sent by (output started at F:\nginx-1.8.1\html\web\Common\common.php:1) View.class.php 第 122 行.
[ 2017-05-02T11:46:35+08:00 ] /web/index.php/User/gl | INFO: Tag[ view_end ] --START--
[ 2017-05-02T11:46:35+08:00 ] /web/index.php/User/gl | INFO: Run ShowPageTrace Behavior [ RunTime:0.000313s ]
[ 2017-05-02T11:46:35+08:00 ] /web/index.php/User/gl | INFO: Tag[ view_end ] --END-- [ RunTime:0.000349s ]
