[ 2017-04-27T09:32:32+08:00 ] /web/index.php/Login/ | INFO: Tag[ route_check ] --START--
[ 2017-04-27T09:32:32+08:00 ] /web/index.php/Login/ | INFO: Run CheckRoute Behavior [ RunTime:0.003144s ]
[ 2017-04-27T09:32:32+08:00 ] /web/index.php/Login/ | INFO: Tag[ route_check ] --END-- [ RunTime:0.003845s ]
[ 2017-04-27T09:32:32+08:00 ] /web/index.php/Login/ | INFO: Tag[ app_begin ] --START--
[ 2017-04-27T09:32:32+08:00 ] /web/index.php/Login/ | INFO: Run ReadHtmlCache Behavior [ RunTime:0.002181s ]
[ 2017-04-27T09:32:32+08:00 ] /web/index.php/Login/ | INFO: Tag[ app_begin ] --END-- [ RunTime:0.002300s ]
[ 2017-04-27T09:32:32+08:00 ] /web/index.php/Login/ | NOTIC: [8] A session had already been started - ignoring session_start() functions.php 第 411 行.
[ 2017-04-27T09:32:32+08:00 ] /web/index.php/Login/ | NOTIC: [8] A session had already been started - ignoring session_start() LoginAction.class.php 第 5 行.
[ 2017-04-27T09:32:32+08:00 ] /web/index.php/Login/ | INFO: Tag[ view_template ] --START--
[ 2017-04-27T09:32:32+08:00 ] /web/index.php/Login/ | INFO: Run LocationTemplate Behavior [ RunTime:0.002754s ]
[ 2017-04-27T09:32:32+08:00 ] /web/index.php/Login/ | INFO: Tag[ view_template ] --END-- [ RunTime:0.002858s ]
[ 2017-04-27T09:32:32+08:00 ] /web/index.php/Login/ | INFO: Tag[ view_parse ] --START--
[ 2017-04-27T09:32:32+08:00 ] /web/index.php/Login/ | INFO: Run ParseTemplate Behavior [ RunTime:0.031424s ]
[ 2017-04-27T09:32:32+08:00 ] /web/index.php/Login/ | INFO: Tag[ view_parse ] --END-- [ RunTime:0.031538s ]
[ 2017-04-27T09:32:32+08:00 ] /web/index.php/Login/ | INFO: Tag[ view_filter ] --START--
[ 2017-04-27T09:32:32+08:00 ] /web/index.php/Login/ | INFO: Run ContentReplace Behavior [ RunTime:0.001357s ]
[ 2017-04-27T09:32:32+08:00 ] /web/index.php/Login/ | INFO: Run TokenBuild Behavior [ RunTime:0.002059s ]
[ 2017-04-27T09:32:32+08:00 ] /web/index.php/Login/ | INFO: Run WriteHtmlCache Behavior [ RunTime:0.001211s ]
[ 2017-04-27T09:32:32+08:00 ] /web/index.php/Login/ | INFO: Run ShowRuntime Behavior [ RunTime:0.001263s ]
[ 2017-04-27T09:32:32+08:00 ] /web/index.php/Login/ | INFO: Tag[ view_filter ] --END-- [ RunTime:0.006110s ]
[ 2017-04-27T09:32:32+08:00 ] /web/index.php/Login/ | NOTIC: [2] Cannot modify header information - headers already sent by (output started at F:\nginx-1.8.1\html\web\Common\common.php:1) View.class.php 第 120 行.
[ 2017-04-27T09:32:32+08:00 ] /web/index.php/Login/ | NOTIC: [2] Cannot modify header information - headers already sent by (output started at F:\nginx-1.8.1\html\web\Common\common.php:1) View.class.php 第 121 行.
[ 2017-04-27T09:32:32+08:00 ] /web/index.php/Login/ | NOTIC: [2] Cannot modify header information - headers already sent by (output started at F:\nginx-1.8.1\html\web\Common\common.php:1) View.class.php 第 122 行.
[ 2017-04-27T09:32:32+08:00 ] /web/index.php/Login/ | INFO: Tag[ view_end ] --START--
[ 2017-04-27T09:32:32+08:00 ] /web/index.php/Login/ | INFO: Run ShowPageTrace Behavior [ RunTime:0.001615s ]
[ 2017-04-27T09:32:32+08:00 ] /web/index.php/Login/ | INFO: Tag[ view_end ] --END-- [ RunTime:0.001699s ]
[ 2017-04-27T09:32:36+08:00 ] /web/index.php/Login/userCheck | INFO: Tag[ route_check ] --START--
[ 2017-04-27T09:32:36+08:00 ] /web/index.php/Login/userCheck | INFO: Run CheckRoute Behavior [ RunTime:0.000595s ]
[ 2017-04-27T09:32:36+08:00 ] /web/index.php/Login/userCheck | INFO: Tag[ route_check ] --END-- [ RunTime:0.000672s ]
[ 2017-04-27T09:32:36+08:00 ] /web/index.php/Login/userCheck | INFO: Tag[ app_begin ] --START--
[ 2017-04-27T09:32:36+08:00 ] /web/index.php/Login/userCheck | INFO: Run ReadHtmlCache Behavior [ RunTime:0.000372s ]
[ 2017-04-27T09:32:36+08:00 ] /web/index.php/Login/userCheck | INFO: Tag[ app_begin ] --END-- [ RunTime:0.000407s ]
[ 2017-04-27T09:32:36+08:00 ] /web/index.php/Login/userCheck | NOTIC: [8] A session had already been started - ignoring session_start() functions.php 第 411 行.
[ 2017-04-27T09:32:36+08:00 ] /web/index.php/Login/userCheck | NOTIC: [8] A session had already been started - ignoring session_start() LoginAction.class.php 第 5 行.
[ 2017-04-27T09:32:36+08:00 ] /web/index.php/Login/userCheck | NOTIC: [8] Undefined index:  aa LoginAction.class.php 第 27 行.
[ 2017-04-27T09:32:36+08:00 ] /web/index.php/Login/userCheck | SQL: select * from QPPlatformManagerDB.dbo.Base_Users where Username = 'admin' and Password = 'E10ADC3949BA59ABBE56E057F20F883E' and Nullity=0 [ RunTime:0.003194s ]
[ 2017-04-27T09:32:36+08:00 ] /web/index.php/Login/userCheck | SQL: select * from QPStatisticsDB.dbo.quanxian where name = 'admin'  [ RunTime:0.003943s ]
[ 2017-04-27T09:32:36+08:00 ] /web/index.php/Login/userCheck | SQL: update QPPlatformManagerDB.dbo.Base_Users set PreLogintime="04 26 2017  5:37PM",PreLoginIP=" ",LastLogintime="2017-04-27 09:32:36",LastLoginIP="",LoginTimes=LoginTimes+1 where UserID = 14 [ RunTime:0.002510s ]
[ 2017-04-27T09:32:36+08:00 ] /web/index.php/Login/userCheck | NOTIC: [2] mssql_num_rows(): supplied argument is not a valid MS SQL-result resource DbMssql.class.php 第 111 行.
[ 2017-04-27T09:32:36+08:00 ] /web/index.php/User | INFO: Tag[ route_check ] --START--
[ 2017-04-27T09:32:36+08:00 ] /web/index.php/User | INFO: Run CheckRoute Behavior [ RunTime:0.000613s ]
[ 2017-04-27T09:32:36+08:00 ] /web/index.php/User | INFO: Tag[ route_check ] --END-- [ RunTime:0.000685s ]
[ 2017-04-27T09:32:36+08:00 ] /web/index.php/User | INFO: Tag[ app_begin ] --START--
[ 2017-04-27T09:32:36+08:00 ] /web/index.php/User | INFO: Run ReadHtmlCache Behavior [ RunTime:0.000377s ]
[ 2017-04-27T09:32:36+08:00 ] /web/index.php/User | INFO: Tag[ app_begin ] --END-- [ RunTime:0.000421s ]
[ 2017-04-27T09:32:36+08:00 ] /web/index.php/User | NOTIC: [8] A session had already been started - ignoring session_start() functions.php 第 411 行.
[ 2017-04-27T09:32:36+08:00 ] /web/index.php/User | NOTIC: [8] A session had already been started - ignoring session_start() UserAction.class.php 第 6 行.
[ 2017-04-27T09:32:36+08:00 ] /web/index.php/User | INFO: Tag[ view_template ] --START--
[ 2017-04-27T09:32:36+08:00 ] /web/index.php/User | INFO: Run LocationTemplate Behavior [ RunTime:0.000702s ]
[ 2017-04-27T09:32:36+08:00 ] /web/index.php/User | INFO: Tag[ view_template ] --END-- [ RunTime:0.000747s ]
[ 2017-04-27T09:32:36+08:00 ] /web/index.php/User | INFO: Tag[ view_parse ] --START--
[ 2017-04-27T09:32:36+08:00 ] /web/index.php/User | NOTIC: [8] A session had already been started - ignoring session_start() head.html 第 3 行.
[ 2017-04-27T09:32:36+08:00 ] /web/index.php/User | INFO: Run ParseTemplate Behavior [ RunTime:0.056634s ]
[ 2017-04-27T09:32:36+08:00 ] /web/index.php/User | INFO: Tag[ view_parse ] --END-- [ RunTime:0.056730s ]
[ 2017-04-27T09:32:36+08:00 ] /web/index.php/User | INFO: Tag[ view_filter ] --START--
[ 2017-04-27T09:32:36+08:00 ] /web/index.php/User | INFO: Run ContentReplace Behavior [ RunTime:0.000950s ]
[ 2017-04-27T09:32:36+08:00 ] /web/index.php/User | INFO: Run TokenBuild Behavior [ RunTime:0.001094s ]
[ 2017-04-27T09:32:36+08:00 ] /web/index.php/User | INFO: Run WriteHtmlCache Behavior [ RunTime:0.000496s ]
[ 2017-04-27T09:32:36+08:00 ] /web/index.php/User | INFO: Run ShowRuntime Behavior [ RunTime:0.001252s ]
[ 2017-04-27T09:32:36+08:00 ] /web/index.php/User | INFO: Tag[ view_filter ] --END-- [ RunTime:0.004172s ]
[ 2017-04-27T09:32:36+08:00 ] /web/index.php/User | NOTIC: [2] Cannot modify header information - headers already sent by (output started at F:\nginx-1.8.1\html\web\Common\common.php:1) View.class.php 第 120 行.
[ 2017-04-27T09:32:36+08:00 ] /web/index.php/User | NOTIC: [2] Cannot modify header information - headers already sent by (output started at F:\nginx-1.8.1\html\web\Common\common.php:1) View.class.php 第 121 行.
[ 2017-04-27T09:32:36+08:00 ] /web/index.php/User | NOTIC: [2] Cannot modify header information - headers already sent by (output started at F:\nginx-1.8.1\html\web\Common\common.php:1) View.class.php 第 122 行.
[ 2017-04-27T09:32:36+08:00 ] /web/index.php/User | INFO: Tag[ view_end ] --START--
[ 2017-04-27T09:32:36+08:00 ] /web/index.php/User | INFO: Run ShowPageTrace Behavior [ RunTime:0.001228s ]
[ 2017-04-27T09:32:36+08:00 ] /web/index.php/User | INFO: Tag[ view_end ] --END-- [ RunTime:0.001533s ]
