[ 2017-04-26T09:35:26+08:00 ] /web/index.php/Login | INFO: Tag[ route_check ] --START--
[ 2017-04-26T09:35:26+08:00 ] /web/index.php/Login | INFO: Run CheckRoute Behavior [ RunTime:0.003406s ]
[ 2017-04-26T09:35:26+08:00 ] /web/index.php/Login | INFO: Tag[ route_check ] --END-- [ RunTime:0.004273s ]
[ 2017-04-26T09:35:26+08:00 ] /web/index.php/Login | INFO: Tag[ app_begin ] --START--
[ 2017-04-26T09:35:26+08:00 ] /web/index.php/Login | INFO: Run ReadHtmlCache Behavior [ RunTime:0.002467s ]
[ 2017-04-26T09:35:26+08:00 ] /web/index.php/Login | INFO: Tag[ app_begin ] --END-- [ RunTime:0.002596s ]
[ 2017-04-26T09:35:26+08:00 ] /web/index.php/Login | NOTIC: [8] A session had already been started - ignoring session_start() functions.php ç¬¬ 411 è¡Œ.
[ 2017-04-26T09:35:26+08:00 ] /web/index.php/Login | NOTIC: [8] A session had already been started - ignoring session_start() LoginAction.class.php ç¬¬ 5 è¡Œ.
[ 2017-04-26T09:35:26+08:00 ] /web/index.php/Login | INFO: Tag[ view_template ] --START--
[ 2017-04-26T09:35:26+08:00 ] /web/index.php/Login | INFO: Run LocationTemplate Behavior [ RunTime:0.003140s ]
[ 2017-04-26T09:35:26+08:00 ] /web/index.php/Login | INFO: Tag[ view_template ] --END-- [ RunTime:0.003252s ]
[ 2017-04-26T09:35:26+08:00 ] /web/index.php/Login | INFO: Tag[ view_parse ] --START--
[ 2017-04-26T09:35:26+08:00 ] /web/index.php/Login | INFO: Run ParseTemplate Behavior [ RunTime:0.048103s ]
[ 2017-04-26T09:35:26+08:00 ] /web/index.php/Login | INFO: Tag[ view_parse ] --END-- [ RunTime:0.048201s ]
[ 2017-04-26T09:35:26+08:00 ] /web/index.php/Login | INFO: Tag[ view_filter ] --START--
[ 2017-04-26T09:35:26+08:00 ] /web/index.php/Login | INFO: Run ContentReplace Behavior [ RunTime:0.001345s ]
[ 2017-04-26T09:35:26+08:00 ] /web/index.php/Login | INFO: Run TokenBuild Behavior [ RunTime:0.001461s ]
[ 2017-04-26T09:35:26+08:00 ] /web/index.php/Login | INFO: Run WriteHtmlCache Behavior [ RunTime:0.001132s ]
[ 2017-04-26T09:35:26+08:00 ] /web/index.php/Login | INFO: Run ShowRuntime Behavior [ RunTime:0.001261s ]
[ 2017-04-26T09:35:26+08:00 ] /web/index.php/Login | INFO: Tag[ view_filter ] --END-- [ RunTime:0.005391s ]
[ 2017-04-26T09:35:26+08:00 ] /web/index.php/Login | NOTIC: [2] Cannot modify header information - headers already sent by (output started at F:\nginx-1.8.1\html\web\Common\common.php:1) View.class.php ç¬¬ 120 è¡Œ.
[ 2017-04-26T09:35:26+08:00 ] /web/index.php/Login | NOTIC: [2] Cannot modify header information - headers already sent by (output started at F:\nginx-1.8.1\html\web\Common\common.php:1) View.class.php ç¬¬ 121 è¡Œ.
[ 2017-04-26T09:35:26+08:00 ] /web/index.php/Login | NOTIC: [2] Cannot modify header information - headers already sent by (output started at F:\nginx-1.8.1\html\web\Common\common.php:1) View.class.php ç¬¬ 122 è¡Œ.
[ 2017-04-26T09:35:26+08:00 ] /web/index.php/Login | INFO: Tag[ view_end ] --START--
[ 2017-04-26T09:35:26+08:00 ] /web/index.php/Login | INFO: Run ShowPageTrace Behavior [ RunTime:0.001279s ]
[ 2017-04-26T09:35:26+08:00 ] /web/index.php/Login | INFO: Tag[ view_end ] --END-- [ RunTime:0.001339s ]
[ 2017-04-26T09:35:30+08:00 ] /web/index.php/Login/userCheck | INFO: Tag[ route_check ] --START--
[ 2017-04-26T09:35:30+08:00 ] /web/index.php/Login/userCheck | INFO: Run CheckRoute Behavior [ RunTime:0.000912s ]
[ 2017-04-26T09:35:30+08:00 ] /web/index.php/Login/userCheck | INFO: Tag[ route_check ] --END-- [ RunTime:0.001084s ]
[ 2017-04-26T09:35:30+08:00 ] /web/index.php/Login/userCheck | INFO: Tag[ app_begin ] --START--
[ 2017-04-26T09:35:30+08:00 ] /web/index.php/Login/userCheck | INFO: Run ReadHtmlCache Behavior [ RunTime:0.000596s ]
[ 2017-04-26T09:35:30+08:00 ] /web/index.php/Login/userCheck | INFO: Tag[ app_begin ] --END-- [ RunTime:0.000647s ]
[ 2017-04-26T09:35:30+08:00 ] /web/index.php/Login/userCheck | NOTIC: [8] A session had already been started - ignoring session_start() functions.php ç¬¬ 411 è¡Œ.
[ 2017-04-26T09:35:30+08:00 ] /web/index.php/Login/userCheck | NOTIC: [8] A session had already been started - ignoring session_start() LoginAction.class.php ç¬¬ 5 è¡Œ.
[ 2017-04-26T09:35:30+08:00 ] /web/index.php/Login/userCheck | NOTIC: [8] Undefined index:  aa LoginAction.class.php ç¬¬ 27 è¡Œ.
[ 2017-04-26T09:35:31+08:00 ] /web/index.php/Login/userCheck | SQL: select * from QPPlatformManagerDB.dbo.Base_Users where Username = 'admin' and Password = '827CCB0EEA8A706C4C34A16891F84E7B' and Nullity=0 [ RunTime:0.048583s ]
[ 2017-04-26T09:35:31+08:00 ] /web/index.php/Login/userCheck | NOTIC: [8] Undefined offset:  0 LoginAction.class.php ç¬¬ 34 è¡Œ.
[ 2017-04-26T09:35:41+08:00 ] /web/index.php/Login/ | INFO: Tag[ route_check ] --START--
[ 2017-04-26T09:35:41+08:00 ] /web/index.php/Login/ | INFO: Run CheckRoute Behavior [ RunTime:0.000784s ]
[ 2017-04-26T09:35:41+08:00 ] /web/index.php/Login/ | INFO: Tag[ route_check ] --END-- [ RunTime:0.000878s ]
[ 2017-04-26T09:35:41+08:00 ] /web/index.php/Login/ | INFO: Tag[ app_begin ] --START--
[ 2017-04-26T09:35:41+08:00 ] /web/index.php/Login/ | INFO: Run ReadHtmlCache Behavior [ RunTime:0.000490s ]
[ 2017-04-26T09:35:41+08:00 ] /web/index.php/Login/ | INFO: Tag[ app_begin ] --END-- [ RunTime:0.000534s ]
[ 2017-04-26T09:35:41+08:00 ] /web/index.php/Login/ | NOTIC: [8] A session had already been started - ignoring session_start() functions.php ç¬¬ 411 è¡Œ.
[ 2017-04-26T09:35:41+08:00 ] /web/index.php/Login/ | NOTIC: [8] A session had already been started - ignoring session_start() LoginAction.class.php ç¬¬ 5 è¡Œ.
[ 2017-04-26T09:35:41+08:00 ] /web/index.php/Login/ | INFO: Tag[ view_template ] --START--
[ 2017-04-26T09:35:41+08:00 ] /web/index.php/Login/ | INFO: Run LocationTemplate Behavior [ RunTime:0.000572s ]
[ 2017-04-26T09:35:41+08:00 ] /web/index.php/Login/ | INFO: Tag[ view_template ] --END-- [ RunTime:0.000622s ]
[ 2017-04-26T09:35:41+08:00 ] /web/index.php/Login/ | INFO: Tag[ view_parse ] --START--
[ 2017-04-26T09:35:41+08:00 ] /web/index.php/Login/ | INFO: Run ParseTemplate Behavior [ RunTime:0.006096s ]
[ 2017-04-26T09:35:41+08:00 ] /web/index.php/Login/ | INFO: Tag[ view_parse ] --END-- [ RunTime:0.006148s ]
[ 2017-04-26T09:35:41+08:00 ] /web/index.php/Login/ | INFO: Tag[ view_filter ] --START--
[ 2017-04-26T09:35:41+08:00 ] /web/index.php/Login/ | INFO: Run ContentReplace Behavior [ RunTime:0.000227s ]
[ 2017-04-26T09:35:41+08:00 ] /web/index.php/Login/ | INFO: Run TokenBuild Behavior [ RunTime:0.000274s ]
[ 2017-04-26T09:35:41+08:00 ] /web/index.php/Login/ | INFO: Run WriteHtmlCache Behavior [ RunTime:0.000158s ]
[ 2017-04-26T09:35:41+08:00 ] /web/index.php/Login/ | INFO: Run ShowRuntime Behavior [ RunTime:0.000295s ]
[ 2017-04-26T09:35:41+08:00 ] /web/index.php/Login/ | INFO: Tag[ view_filter ] --END-- [ RunTime:0.001045s ]
[ 2017-04-26T09:35:41+08:00 ] /web/index.php/Login/ | NOTIC: [2] Cannot modify header information - headers already sent by (output started at F:\nginx-1.8.1\html\web\Common\common.php:1) View.class.php ç¬¬ 120 è¡Œ.
[ 2017-04-26T09:35:41+08:00 ] /web/index.php/Login/ | NOTIC: [2] Cannot modify header information - headers already sent by (output started at F:\nginx-1.8.1\html\web\Common\common.php:1) View.class.php ç¬¬ 121 è¡Œ.
[ 2017-04-26T09:35:41+08:00 ] /web/index.php/Login/ | NOTIC: [2] Cannot modify header information - headers already sent by (output started at F:\nginx-1.8.1\html\web\Common\common.php:1) View.class.php ç¬¬ 122 è¡Œ.
[ 2017-04-26T09:35:41+08:00 ] /web/index.php/Login/ | INFO: Tag[ view_end ] --START--
[ 2017-04-26T09:35:41+08:00 ] /web/index.php/Login/ | INFO: Run ShowPageTrace Behavior [ RunTime:0.000305s ]
[ 2017-04-26T09:35:41+08:00 ] /web/index.php/Login/ | INFO: Tag[ view_end ] --END-- [ RunTime:0.000336s ]
[ 2017-04-26T09:35:45+08:00 ] /web/index.php/Login/userCheck | INFO: Tag[ route_check ] --START--
[ 2017-04-26T09:35:45+08:00 ] /web/index.php/Login/userCheck | INFO: Run CheckRoute Behavior [ RunTime:0.000938s ]
[ 2017-04-26T09:35:45+08:00 ] /web/index.php/Login/userCheck | INFO: Tag[ route_check ] --END-- [ RunTime:0.001072s ]
[ 2017-04-26T09:35:45+08:00 ] /web/index.php/Login/userCheck | INFO: Tag[ app_begin ] --START--
[ 2017-04-26T09:35:45+08:00 ] /web/index.php/Login/userCheck | INFO: Run ReadHtmlCache Behavior [ RunTime:0.000522s ]
[ 2017-04-26T09:35:45+08:00 ] /web/index.php/Login/userCheck | INFO: Tag[ app_begin ] --END-- [ RunTime:0.000570s ]
[ 2017-04-26T09:35:45+08:00 ] /web/index.php/Login/userCheck | NOTIC: [8] A session had already been started - ignoring session_start() functions.php ç¬¬ 411 è¡Œ.
[ 2017-04-26T09:35:45+08:00 ] /web/index.php/Login/userCheck | NOTIC: [8] A session had already been started - ignoring session_start() LoginAction.class.php ç¬¬ 5 è¡Œ.
[ 2017-04-26T09:35:45+08:00 ] /web/index.php/Login/userCheck | NOTIC: [8] Undefined index:  aa LoginAction.class.php ç¬¬ 27 è¡Œ.
[ 2017-04-26T09:35:45+08:00 ] /web/index.php/Login/userCheck | SQL: select * from QPPlatformManagerDB.dbo.Base_Users where Username = 'admin' and Password = 'E10ADC3949BA59ABBE56E057F20F883E' and Nullity=0 [ RunTime:0.009940s ]
[ 2017-04-26T09:35:45+08:00 ] /web/index.php/Login/userCheck | SQL: select * from QPStatisticsDB.dbo.quanxian where name = 'admin'  [ RunTime:0.013420s ]
[ 2017-04-26T09:35:45+08:00 ] /web/index.php/Login/userCheck | SQL: update QPPlatformManagerDB.dbo.Base_Users set PreLogintime="04 25 2017  5:19PM",PreLoginIP=" ",LastLogintime="2017-04-26 09:35:45",LastLoginIP="",LoginTimes=LoginTimes+1 where UserID = 14 [ RunTime:0.002434s ]
[ 2017-04-26T09:35:45+08:00 ] /web/index.php/Login/userCheck | NOTIC: [2] mssql_num_rows(): supplied argument is not a valid MS SQL-result resource DbMssql.class.php ç¬¬ 111 è¡Œ.
[ 2017-04-26T09:35:45+08:00 ] /web/index.php/User | INFO: Tag[ route_check ] --START--
[ 2017-04-26T09:35:45+08:00 ] /web/index.php/User | INFO: Run CheckRoute Behavior [ RunTime:0.000994s ]
[ 2017-04-26T09:35:45+08:00 ] /web/index.php/User | INFO: Tag[ route_check ] --END-- [ RunTime:0.001093s ]
[ 2017-04-26T09:35:45+08:00 ] /web/index.php/User | INFO: Tag[ app_begin ] --START--
[ 2017-04-26T09:35:45+08:00 ] /web/index.php/User | INFO: Run ReadHtmlCache Behavior [ RunTime:0.000618s ]
[ 2017-04-26T09:35:45+08:00 ] /web/index.php/User | INFO: Tag[ app_begin ] --END-- [ RunTime:0.000675s ]
[ 2017-04-26T09:35:45+08:00 ] /web/index.php/User | NOTIC: [8] A session had already been started - ignoring session_start() functions.php ç¬¬ 411 è¡Œ.
[ 2017-04-26T09:35:45+08:00 ] /web/index.php/User | NOTIC: [8] A session had already been started - ignoring session_start() UserAction.class.php ç¬¬ 6 è¡Œ.
[ 2017-04-26T09:35:45+08:00 ] /web/index.php/User | INFO: Tag[ view_template ] --START--
[ 2017-04-26T09:35:45+08:00 ] /web/index.php/User | INFO: Run LocationTemplate Behavior [ RunTime:0.011966s ]
[ 2017-04-26T09:35:45+08:00 ] /web/index.php/User | INFO: Tag[ view_template ] --END-- [ RunTime:0.012038s ]
[ 2017-04-26T09:35:45+08:00 ] /web/index.php/User | INFO: Tag[ view_parse ] --START--
[ 2017-04-26T09:35:45+08:00 ] /web/index.php/User | NOTIC: [8] A session had already been started - ignoring session_start() head.html ç¬¬ 3 è¡Œ.
[ 2017-04-26T09:35:45+08:00 ] /web/index.php/User | INFO: Run ParseTemplate Behavior [ RunTime:0.011025s ]
[ 2017-04-26T09:35:45+08:00 ] /web/index.php/User | INFO: Tag[ view_parse ] --END-- [ RunTime:0.011068s ]
[ 2017-04-26T09:35:45+08:00 ] /web/index.php/User | INFO: Tag[ view_filter ] --START--
[ 2017-04-26T09:35:45+08:00 ] /web/index.php/User | INFO: Run ContentReplace Behavior [ RunTime:0.000282s ]
[ 2017-04-26T09:35:45+08:00 ] /web/index.php/User | INFO: Run TokenBuild Behavior [ RunTime:0.000341s ]
[ 2017-04-26T09:35:45+08:00 ] /web/index.php/User | INFO: Run WriteHtmlCache Behavior [ RunTime:0.000165s ]
[ 2017-04-26T09:35:45+08:00 ] /web/index.php/User | INFO: Run ShowRuntime Behavior [ RunTime:0.000307s ]
[ 2017-04-26T09:35:45+08:00 ] /web/index.php/User | INFO: Tag[ view_filter ] --END-- [ RunTime:0.001193s ]
[ 2017-04-26T09:35:45+08:00 ] /web/index.php/User | NOTIC: [2] Cannot modify header information - headers already sent by (output started at F:\nginx-1.8.1\html\web\Common\common.php:1) View.class.php ç¬¬ 120 è¡Œ.
[ 2017-04-26T09:35:45+08:00 ] /web/index.php/User | NOTIC: [2] Cannot modify header information - headers already sent by (output started at F:\nginx-1.8.1\html\web\Common\common.php:1) View.class.php ç¬¬ 121 è¡Œ.
[ 2017-04-26T09:35:45+08:00 ] /web/index.php/User | NOTIC: [2] Cannot modify header information - headers already sent by (output started at F:\nginx-1.8.1\html\web\Common\common.php:1) View.class.php ç¬¬ 122 è¡Œ.
[ 2017-04-26T09:35:45+08:00 ] /web/index.php/User | INFO: Tag[ view_end ] --START--
[ 2017-04-26T09:35:45+08:00 ] /web/index.php/User | INFO: Run ShowPageTrace Behavior [ RunTime:0.000324s ]
[ 2017-04-26T09:35:45+08:00 ] /web/index.php/User | INFO: Tag[ view_end ] --END-- [ RunTime:0.000361s ]
[ 2017-04-26T09:46:10+08:00 ] /web/index.php/Login | INFO: Tag[ route_check ] --START--
[ 2017-04-26T09:46:10+08:00 ] /web/index.php/Login | INFO: Run CheckRoute Behavior [ RunTime:0.001853s ]
[ 2017-04-26T09:46:10+08:00 ] /web/index.php/Login | INFO: Tag[ route_check ] --END-- [ RunTime:0.001978s ]
[ 2017-04-26T09:46:10+08:00 ] /web/index.php/Login | INFO: Tag[ app_begin ] --START--
[ 2017-04-26T09:46:10+08:00 ] /web/index.php/Login | INFO: Run ReadHtmlCache Behavior [ RunTime:0.001463s ]
[ 2017-04-26T09:46:10+08:00 ] /web/index.php/Login | INFO: Tag[ app_begin ] --END-- [ RunTime:0.001534s ]
[ 2017-04-26T09:46:10+08:00 ] /web/index.php/Login | NOTIC: [8] A session had already been started - ignoring session_start() functions.php ç¬¬ 411 è¡Œ.
[ 2017-04-26T09:46:10+08:00 ] /web/index.php/Login | NOTIC: [8] A session had already been started - ignoring session_start() LoginAction.class.php ç¬¬ 5 è¡Œ.
[ 2017-04-26T09:46:10+08:00 ] /web/index.php/Login | INFO: Tag[ view_template ] --START--
[ 2017-04-26T09:46:10+08:00 ] /web/index.php/Login | INFO: Run LocationTemplate Behavior [ RunTime:0.002099s ]
[ 2017-04-26T09:46:10+08:00 ] /web/index.php/Login | INFO: Tag[ view_template ] --END-- [ RunTime:0.002183s ]
[ 2017-04-26T09:46:10+08:00 ] /web/index.php/Login | INFO: Tag[ view_parse ] --START--
[ 2017-04-26T09:46:10+08:00 ] /web/index.php/Login | INFO: Run ParseTemplate Behavior [ RunTime:0.012818s ]
[ 2017-04-26T09:46:10+08:00 ] /web/index.php/Login | INFO: Tag[ view_parse ] --END-- [ RunTime:0.012908s ]
[ 2017-04-26T09:46:10+08:00 ] /web/index.php/Login | INFO: Tag[ view_filter ] --START--
[ 2017-04-26T09:46:10+08:00 ] /web/index.php/Login | INFO: Run ContentReplace Behavior [ RunTime:0.001104s ]
[ 2017-04-26T09:46:10+08:00 ] /web/index.php/Login | INFO: Run TokenBuild Behavior [ RunTime:0.001227s ]
[ 2017-04-26T09:46:10+08:00 ] /web/index.php/Login | INFO: Run WriteHtmlCache Behavior [ RunTime:0.000965s ]
[ 2017-04-26T09:46:10+08:00 ] /web/index.php/Login | INFO: Run ShowRuntime Behavior [ RunTime:0.001231s ]
[ 2017-04-26T09:46:10+08:00 ] /web/index.php/Login | INFO: Tag[ view_filter ] --END-- [ RunTime:0.004725s ]
[ 2017-04-26T09:46:10+08:00 ] /web/index.php/Login | NOTIC: [2] Cannot modify header information - headers already sent by (output started at F:\nginx-1.8.1\html\web\Common\common.php:1) View.class.php ç¬¬ 120 è¡Œ.
[ 2017-04-26T09:46:10+08:00 ] /web/index.php/Login | NOTIC: [2] Cannot modify header information - headers already sent by (output started at F:\nginx-1.8.1\html\web\Common\common.php:1) View.class.php ç¬¬ 121 è¡Œ.
[ 2017-04-26T09:46:10+08:00 ] /web/index.php/Login | NOTIC: [2] Cannot modify header information - headers already sent by (output started at F:\nginx-1.8.1\html\web\Common\common.php:1) View.class.php ç¬¬ 122 è¡Œ.
[ 2017-04-26T09:46:10+08:00 ] /web/index.php/Login | INFO: Tag[ view_end ] --START--
[ 2017-04-26T09:46:10+08:00 ] /web/index.php/Login | INFO: Run ShowPageTrace Behavior [ RunTime:0.001275s ]
[ 2017-04-26T09:46:10+08:00 ] /web/index.php/Login | INFO: Tag[ view_end ] --END-- [ RunTime:0.001341s ]
[ 2017-04-26T09:46:28+08:00 ] /web/index.php/Login/userCheck | INFO: Tag[ route_check ] --START--
[ 2017-04-26T09:46:28+08:00 ] /web/index.php/Login/userCheck | INFO: Run CheckRoute Behavior [ RunTime:0.000895s ]
[ 2017-04-26T09:46:28+08:00 ] /web/index.php/Login/userCheck | INFO: Tag[ route_check ] --END-- [ RunTime:0.000987s ]
[ 2017-04-26T09:46:28+08:00 ] /web/index.php/Login/userCheck | INFO: Tag[ app_begin ] --START--
[ 2017-04-26T09:46:28+08:00 ] /web/index.php/Login/userCheck | INFO: Run ReadHtmlCache Behavior [ RunTime:0.000561s ]
[ 2017-04-26T09:46:28+08:00 ] /web/index.php/Login/userCheck | INFO: Tag[ app_begin ] --END-- [ RunTime:0.000611s ]
[ 2017-04-26T09:46:28+08:00 ] /web/index.php/Login/userCheck | NOTIC: [8] A session had already been started - ignoring session_start() functions.php ç¬¬ 411 è¡Œ.
[ 2017-04-26T09:46:28+08:00 ] /web/index.php/Login/userCheck | NOTIC: [8] A session had already been started - ignoring session_start() LoginAction.class.php ç¬¬ 5 è¡Œ.
[ 2017-04-26T09:46:28+08:00 ] /web/index.php/Login/userCheck | NOTIC: [8] Undefined index:  aa LoginAction.class.php ç¬¬ 27 è¡Œ.
[ 2017-04-26T09:46:28+08:00 ] /web/index.php/Login/userCheck | SQL: select * from QPPlatformManagerDB.dbo.Base_Users where Username = 'admin' and Password = '827CCB0EEA8A706C4C34A16891F84E7B' and Nullity=0 [ RunTime:0.000271s ]
[ 2017-04-26T09:46:28+08:00 ] /web/index.php/Login/userCheck | NOTIC: [8] Undefined offset:  0 LoginAction.class.php ç¬¬ 34 è¡Œ.
[ 2017-04-26T09:46:30+08:00 ] /web/index.php/Login | INFO: Tag[ route_check ] --START--
[ 2017-04-26T09:46:30+08:00 ] /web/index.php/Login | INFO: Run CheckRoute Behavior [ RunTime:0.000790s ]
[ 2017-04-26T09:46:30+08:00 ] /web/index.php/Login | INFO: Tag[ route_check ] --END-- [ RunTime:0.000869s ]
[ 2017-04-26T09:46:30+08:00 ] /web/index.php/Login | INFO: Tag[ app_begin ] --START--
[ 2017-04-26T09:46:30+08:00 ] /web/index.php/Login | INFO: Run ReadHtmlCache Behavior [ RunTime:0.000520s ]
[ 2017-04-26T09:46:30+08:00 ] /web/index.php/Login | INFO: Tag[ app_begin ] --END-- [ RunTime:0.000566s ]
[ 2017-04-26T09:46:30+08:00 ] /web/index.php/Login | NOTIC: [8] A session had already been started - ignoring session_start() functions.php ç¬¬ 411 è¡Œ.
[ 2017-04-26T09:46:30+08:00 ] /web/index.php/Login | NOTIC: [8] A session had already been started - ignoring session_start() LoginAction.class.php ç¬¬ 5 è¡Œ.
[ 2017-04-26T09:46:30+08:00 ] /web/index.php/Login | INFO: Tag[ view_template ] --START--
[ 2017-04-26T09:46:30+08:00 ] /web/index.php/Login | INFO: Run LocationTemplate Behavior [ RunTime:0.000524s ]
[ 2017-04-26T09:46:30+08:00 ] /web/index.php/Login | INFO: Tag[ view_template ] --END-- [ RunTime:0.000573s ]
[ 2017-04-26T09:46:30+08:00 ] /web/index.php/Login | INFO: Tag[ view_parse ] --START--
[ 2017-04-26T09:46:30+08:00 ] /web/index.php/Login | INFO: Run ParseTemplate Behavior [ RunTime:0.006571s ]
[ 2017-04-26T09:46:30+08:00 ] /web/index.php/Login | INFO: Tag[ view_parse ] --END-- [ RunTime:0.006635s ]
[ 2017-04-26T09:46:30+08:00 ] /web/index.php/Login | INFO: Tag[ view_filter ] --START--
[ 2017-04-26T09:46:30+08:00 ] /web/index.php/Login | INFO: Run ContentReplace Behavior [ RunTime:0.000301s ]
[ 2017-04-26T09:46:30+08:00 ] /web/index.php/Login | INFO: Run TokenBuild Behavior [ RunTime:0.000387s ]
[ 2017-04-26T09:46:30+08:00 ] /web/index.php/Login | INFO: Run WriteHtmlCache Behavior [ RunTime:0.000221s ]
[ 2017-04-26T09:46:30+08:00 ] /web/index.php/Login | INFO: Run ShowRuntime Behavior [ RunTime:0.000403s ]
[ 2017-04-26T09:46:30+08:00 ] /web/index.php/Login | INFO: Tag[ view_filter ] --END-- [ RunTime:0.001442s ]
[ 2017-04-26T09:46:30+08:00 ] /web/index.php/Login | NOTIC: [2] Cannot modify header information - headers already sent by (output started at F:\nginx-1.8.1\html\web\Common\common.php:1) View.class.php ç¬¬ 120 è¡Œ.
[ 2017-04-26T09:46:30+08:00 ] /web/index.php/Login | NOTIC: [2] Cannot modify header information - headers already sent by (output started at F:\nginx-1.8.1\html\web\Common\common.php:1) View.class.php ç¬¬ 121 è¡Œ.
[ 2017-04-26T09:46:30+08:00 ] /web/index.php/Login | NOTIC: [2] Cannot modify header information - headers already sent by (output started at F:\nginx-1.8.1\html\web\Common\common.php:1) View.class.php ç¬¬ 122 è¡Œ.
[ 2017-04-26T09:46:30+08:00 ] /web/index.php/Login | INFO: Tag[ view_end ] --START--
[ 2017-04-26T09:46:30+08:00 ] /web/index.php/Login | INFO: Run ShowPageTrace Behavior [ RunTime:0.000398s ]
[ 2017-04-26T09:46:30+08:00 ] /web/index.php/Login | INFO: Tag[ view_end ] --END-- [ RunTime:0.000438s ]
[ 2017-04-26T09:46:39+08:00 ] /web/index.php/Login/userCheck | INFO: Tag[ route_check ] --START--
[ 2017-04-26T09:46:39+08:00 ] /web/index.php/Login/userCheck | INFO: Run CheckRoute Behavior [ RunTime:0.000756s ]
[ 2017-04-26T09:46:39+08:00 ] /web/index.php/Login/userCheck | INFO: Tag[ route_check ] --END-- [ RunTime:0.000833s ]
[ 2017-04-26T09:46:39+08:00 ] /web/index.php/Login/userCheck | INFO: Tag[ app_begin ] --START--
[ 2017-04-26T09:46:39+08:00 ] /web/index.php/Login/userCheck | INFO: Run ReadHtmlCache Behavior [ RunTime:0.000475s ]
[ 2017-04-26T09:46:39+08:00 ] /web/index.php/Login/userCheck | INFO: Tag[ app_begin ] --END-- [ RunTime:0.000518s ]
[ 2017-04-26T09:46:39+08:00 ] /web/index.php/Login/userCheck | NOTIC: [8] A session had already been started - ignoring session_start() functions.php ç¬¬ 411 è¡Œ.
[ 2017-04-26T09:46:39+08:00 ] /web/index.php/Login/userCheck | NOTIC: [8] A session had already been started - ignoring session_start() LoginAction.class.php ç¬¬ 5 è¡Œ.
[ 2017-04-26T09:46:39+08:00 ] /web/index.php/Login/userCheck | NOTIC: [8] Undefined index:  aa LoginAction.class.php ç¬¬ 27 è¡Œ.
[ 2017-04-26T09:46:39+08:00 ] /web/index.php/Login/userCheck | SQL: select * from QPPlatformManagerDB.dbo.Base_Users where Username = 'admin' and Password = 'E10ADC3949BA59ABBE56E057F20F883E' and Nullity=0 [ RunTime:0.000246s ]
[ 2017-04-26T09:46:39+08:00 ] /web/index.php/Login/userCheck | SQL: select * from QPStatisticsDB.dbo.quanxian where name = 'admin'  [ RunTime:0.000216s ]
[ 2017-04-26T09:46:39+08:00 ] /web/index.php/Login/userCheck | SQL: update QPPlatformManagerDB.dbo.Base_Users set PreLogintime="04 26 2017  9:35AM",PreLoginIP=" ",LastLogintime="2017-04-26 09:46:39",LastLoginIP="",LoginTimes=LoginTimes+1 where UserID = 14 [ RunTime:0.007402s ]
[ 2017-04-26T09:46:39+08:00 ] /web/index.php/Login/userCheck | NOTIC: [2] mssql_num_rows(): supplied argument is not a valid MS SQL-result resource DbMssql.class.php ç¬¬ 111 è¡Œ.
[ 2017-04-26T09:46:39+08:00 ] /web/index.php/User | INFO: Tag[ route_check ] --START--
[ 2017-04-26T09:46:39+08:00 ] /web/index.php/User | INFO: Run CheckRoute Behavior [ RunTime:0.000567s ]
[ 2017-04-26T09:46:39+08:00 ] /web/index.php/User | INFO: Tag[ route_check ] --END-- [ RunTime:0.000628s ]
[ 2017-04-26T09:46:39+08:00 ] /web/index.php/User | INFO: Tag[ app_begin ] --START--
[ 2017-04-26T09:46:39+08:00 ] /web/index.php/User | INFO: Run ReadHtmlCache Behavior [ RunTime:0.000358s ]
[ 2017-04-26T09:46:39+08:00 ] /web/index.php/User | INFO: Tag[ app_begin ] --END-- [ RunTime:0.000392s ]
[ 2017-04-26T09:46:39+08:00 ] /web/index.php/User | NOTIC: [8] A session had already been started - ignoring session_start() functions.php ç¬¬ 411 è¡Œ.
[ 2017-04-26T09:46:39+08:00 ] /web/index.php/User | NOTIC: [8] A session had already been started - ignoring session_start() UserAction.class.php ç¬¬ 6 è¡Œ.
[ 2017-04-26T09:46:39+08:00 ] /web/index.php/User | INFO: Tag[ view_template ] --START--
[ 2017-04-26T09:46:39+08:00 ] /web/index.php/User | INFO: Run LocationTemplate Behavior [ RunTime:0.000740s ]
[ 2017-04-26T09:46:39+08:00 ] /web/index.php/User | INFO: Tag[ view_template ] --END-- [ RunTime:0.000782s ]
[ 2017-04-26T09:46:39+08:00 ] /web/index.php/User | INFO: Tag[ view_parse ] --START--
[ 2017-04-26T09:46:39+08:00 ] /web/index.php/User | NOTIC: [8] A session had already been started - ignoring session_start() head.html ç¬¬ 3 è¡Œ.
[ 2017-04-26T09:46:39+08:00 ] /web/index.php/User | INFO: Run ParseTemplate Behavior [ RunTime:0.006862s ]
[ 2017-04-26T09:46:39+08:00 ] /web/index.php/User | INFO: Tag[ view_parse ] --END-- [ RunTime:0.006898s ]
[ 2017-04-26T09:46:39+08:00 ] /web/index.php/User | INFO: Tag[ view_filter ] --START--
[ 2017-04-26T09:46:39+08:00 ] /web/index.php/User | INFO: Run ContentReplace Behavior [ RunTime:0.000317s ]
[ 2017-04-26T09:46:39+08:00 ] /web/index.php/User | INFO: Run TokenBuild Behavior [ RunTime:0.000352s ]
[ 2017-04-26T09:46:39+08:00 ] /web/index.php/User | INFO: Run WriteHtmlCache Behavior [ RunTime:0.000155s ]
[ 2017-04-26T09:46:39+08:00 ] /web/index.php/User | INFO: Run ShowRuntime Behavior [ RunTime:0.000302s ]
[ 2017-04-26T09:46:39+08:00 ] /web/index.php/User | INFO: Tag[ view_filter ] --END-- [ RunTime:0.001241s ]
[ 2017-04-26T09:46:39+08:00 ] /web/index.php/User | NOTIC: [2] Cannot modify header information - headers already sent by (output started at F:\nginx-1.8.1\html\web\Common\common.php:1) View.class.php ç¬¬ 120 è¡Œ.
[ 2017-04-26T09:46:39+08:00 ] /web/index.php/User | NOTIC: [2] Cannot modify header information - headers already sent by (output started at F:\nginx-1.8.1\html\web\Common\common.php:1) View.class.php ç¬¬ 121 è¡Œ.
[ 2017-04-26T09:46:39+08:00 ] /web/index.php/User | NOTIC: [2] Cannot modify header information - headers already sent by (output started at F:\nginx-1.8.1\html\web\Common\common.php:1) View.class.php ç¬¬ 122 è¡Œ.
[ 2017-04-26T09:46:39+08:00 ] /web/index.php/User | INFO: Tag[ view_end ] --START--
[ 2017-04-26T09:46:39+08:00 ] /web/index.php/User | INFO: Run ShowPageTrace Behavior [ RunTime:0.000438s ]
[ 2017-04-26T09:46:39+08:00 ] /web/index.php/User | INFO: Tag[ view_end ] --END-- [ RunTime:0.000485s ]
[ 2017-04-26T17:37:29+08:00 ] /web/index.php/Login/ | INFO: Tag[ route_check ] --START--
[ 2017-04-26T17:37:29+08:00 ] /web/index.php/Login/ | INFO: Run CheckRoute Behavior [ RunTime:0.003248s ]
[ 2017-04-26T17:37:29+08:00 ] /web/index.php/Login/ | INFO: Tag[ route_check ] --END-- [ RunTime:0.010247s ]
[ 2017-04-26T17:37:29+08:00 ] /web/index.php/Login/ | INFO: Tag[ app_begin ] --START--
[ 2017-04-26T17:37:29+08:00 ] /web/index.php/Login/ | INFO: Run ReadHtmlCache Behavior [ RunTime:0.004124s ]
[ 2017-04-26T17:37:29+08:00 ] /web/index.php/Login/ | INFO: Tag[ app_begin ] --END-- [ RunTime:0.004339s ]
[ 2017-04-26T17:37:29+08:00 ] /web/index.php/Login/ | NOTIC: [8] A session had already been started - ignoring session_start() functions.php ç¬¬ 411 è¡Œ.
[ 2017-04-26T17:37:29+08:00 ] /web/index.php/Login/ | NOTIC: [8] A session had already been started - ignoring session_start() LoginAction.class.php ç¬¬ 5 è¡Œ.
[ 2017-04-26T17:37:29+08:00 ] /web/index.php/Login/ | INFO: Tag[ view_template ] --START--
[ 2017-04-26T17:37:29+08:00 ] /web/index.php/Login/ | INFO: Run LocationTemplate Behavior [ RunTime:0.006428s ]
[ 2017-04-26T17:37:29+08:00 ] /web/index.php/Login/ | INFO: Tag[ view_template ] --END-- [ RunTime:0.006616s ]
[ 2017-04-26T17:37:29+08:00 ] /web/index.php/Login/ | INFO: Tag[ view_parse ] --START--
[ 2017-04-26T17:37:29+08:00 ] /web/index.php/Login/ | INFO: Run ParseTemplate Behavior [ RunTime:0.066656s ]
[ 2017-04-26T17:37:29+08:00 ] /web/index.php/Login/ | INFO: Tag[ view_parse ] --END-- [ RunTime:0.066827s ]
[ 2017-04-26T17:37:29+08:00 ] /web/index.php/Login/ | INFO: Tag[ view_filter ] --START--
[ 2017-04-26T17:37:29+08:00 ] /web/index.php/Login/ | INFO: Run ContentReplace Behavior [ RunTime:0.001915s ]
[ 2017-04-26T17:37:29+08:00 ] /web/index.php/Login/ | INFO: Run TokenBuild Behavior [ RunTime:0.002541s ]
[ 2017-04-26T17:37:29+08:00 ] /web/index.php/Login/ | INFO: Run WriteHtmlCache Behavior [ RunTime:0.001707s ]
[ 2017-04-26T17:37:29+08:00 ] /web/index.php/Login/ | INFO: Run ShowRuntime Behavior [ RunTime:0.002043s ]
[ 2017-04-26T17:37:29+08:00 ] /web/index.php/Login/ | INFO: Tag[ view_filter ] --END-- [ RunTime:0.008519s ]
[ 2017-04-26T17:37:29+08:00 ] /web/index.php/Login/ | NOTIC: [2] Cannot modify header information - headers already sent by (output started at F:\nginx-1.8.1\html\web\Common\common.php:1) View.class.php ç¬¬ 120 è¡Œ.
[ 2017-04-26T17:37:29+08:00 ] /web/index.php/Login/ | NOTIC: [2] Cannot modify header information - headers already sent by (output started at F:\nginx-1.8.1\html\web\Common\common.php:1) View.class.php ç¬¬ 121 è¡Œ.
[ 2017-04-26T17:37:29+08:00 ] /web/index.php/Login/ | NOTIC: [2] Cannot modify header information - headers already sent by (output started at F:\nginx-1.8.1\html\web\Common\common.php:1) View.class.php ç¬¬ 122 è¡Œ.
[ 2017-04-26T17:37:29+08:00 ] /web/index.php/Login/ | INFO: Tag[ view_end ] --START--
[ 2017-04-26T17:37:29+08:00 ] /web/index.php/Login/ | INFO: Run ShowPageTrace Behavior [ RunTime:0.002006s ]
[ 2017-04-26T17:37:29+08:00 ] /web/index.php/Login/ | INFO: Tag[ view_end ] --END-- [ RunTime:0.002098s ]
[ 2017-04-26T17:37:33+08:00 ] /web/index.php/Login/userCheck | INFO: Tag[ route_check ] --START--
[ 2017-04-26T17:37:33+08:00 ] /web/index.php/Login/userCheck | INFO: Run CheckRoute Behavior [ RunTime:0.000740s ]
[ 2017-04-26T17:37:33+08:00 ] /web/index.php/Login/userCheck | INFO: Tag[ route_check ] --END-- [ RunTime:0.000818s ]
[ 2017-04-26T17:37:33+08:00 ] /web/index.php/Login/userCheck | INFO: Tag[ app_begin ] --START--
[ 2017-04-26T17:37:33+08:00 ] /web/index.php/Login/userCheck | INFO: Run ReadHtmlCache Behavior [ RunTime:0.000467s ]
[ 2017-04-26T17:37:33+08:00 ] /web/index.php/Login/userCheck | INFO: Tag[ app_begin ] --END-- [ RunTime:0.000511s ]
[ 2017-04-26T17:37:33+08:00 ] /web/index.php/Login/userCheck | NOTIC: [8] A session had already been started - ignoring session_start() functions.php ç¬¬ 411 è¡Œ.
[ 2017-04-26T17:37:33+08:00 ] /web/index.php/Login/userCheck | NOTIC: [8] A session had already been started - ignoring session_start() LoginAction.class.php ç¬¬ 5 è¡Œ.
[ 2017-04-26T17:37:33+08:00 ] /web/index.php/Login/userCheck | NOTIC: [8] Undefined index:  aa LoginAction.class.php ç¬¬ 27 è¡Œ.
[ 2017-04-26T17:37:33+08:00 ] /web/index.php/Login/userCheck | SQL: select * from QPPlatformManagerDB.dbo.Base_Users where Username = 'admin' and Password = '827CCB0EEA8A706C4C34A16891F84E7B' and Nullity=0 [ RunTime:0.044193s ]
[ 2017-04-26T17:37:33+08:00 ] /web/index.php/Login/userCheck | NOTIC: [8] Undefined offset:  0 LoginAction.class.php ç¬¬ 34 è¡Œ.
[ 2017-04-26T17:37:40+08:00 ] /web/index.php/Login/ | INFO: Tag[ route_check ] --START--
[ 2017-04-26T17:37:40+08:00 ] /web/index.php/Login/ | INFO: Run CheckRoute Behavior [ RunTime:0.000761s ]
[ 2017-04-26T17:37:40+08:00 ] /web/index.php/Login/ | INFO: Tag[ route_check ] --END-- [ RunTime:0.000859s ]
[ 2017-04-26T17:37:40+08:00 ] /web/index.php/Login/ | INFO: Tag[ app_begin ] --START--
[ 2017-04-26T17:37:40+08:00 ] /web/index.php/Login/ | INFO: Run ReadHtmlCache Behavior [ RunTime:0.000476s ]
[ 2017-04-26T17:37:40+08:00 ] /web/index.php/Login/ | INFO: Tag[ app_begin ] --END-- [ RunTime:0.000520s ]
[ 2017-04-26T17:37:40+08:00 ] /web/index.php/Login/ | NOTIC: [8] A session had already been started - ignoring session_start() functions.php ç¬¬ 411 è¡Œ.
[ 2017-04-26T17:37:40+08:00 ] /web/index.php/Login/ | NOTIC: [8] A session had already been started - ignoring session_start() LoginAction.class.php ç¬¬ 5 è¡Œ.
[ 2017-04-26T17:37:40+08:00 ] /web/index.php/Login/ | INFO: Tag[ view_template ] --START--
[ 2017-04-26T17:37:40+08:00 ] /web/index.php/Login/ | INFO: Run LocationTemplate Behavior [ RunTime:0.000472s ]
[ 2017-04-26T17:37:40+08:00 ] /web/index.php/Login/ | INFO: Tag[ view_template ] --END-- [ RunTime:0.000517s ]
[ 2017-04-26T17:37:40+08:00 ] /web/index.php/Login/ | INFO: Tag[ view_parse ] --START--
[ 2017-04-26T17:37:40+08:00 ] /web/index.php/Login/ | INFO: Run ParseTemplate Behavior [ RunTime:0.006295s ]
[ 2017-04-26T17:37:40+08:00 ] /web/index.php/Login/ | INFO: Tag[ view_parse ] --END-- [ RunTime:0.006351s ]
[ 2017-04-26T17:37:40+08:00 ] /web/index.php/Login/ | INFO: Tag[ view_filter ] --START--
[ 2017-04-26T17:37:40+08:00 ] /web/index.php/Login/ | INFO: Run ContentReplace Behavior [ RunTime:0.000303s ]
[ 2017-04-26T17:37:40+08:00 ] /web/index.php/Login/ | INFO: Run TokenBuild Behavior [ RunTime:0.000343s ]
[ 2017-04-26T17:37:40+08:00 ] /web/index.php/Login/ | INFO: Run WriteHtmlCache Behavior [ RunTime:0.000198s ]
[ 2017-04-26T17:37:40+08:00 ] /web/index.php/Login/ | INFO: Run ShowRuntime Behavior [ RunTime:0.000474s ]
[ 2017-04-26T17:37:40+08:00 ] /web/index.php/Login/ | INFO: Tag[ view_filter ] --END-- [ RunTime:0.001449s ]
[ 2017-04-26T17:37:40+08:00 ] /web/index.php/Login/ | NOTIC: [2] Cannot modify header information - headers already sent by (output started at F:\nginx-1.8.1\html\web\Common\common.php:1) View.class.php ç¬¬ 120 è¡Œ.
[ 2017-04-26T17:37:40+08:00 ] /web/index.php/Login/ | NOTIC: [2] Cannot modify header information - headers already sent by (output started at F:\nginx-1.8.1\html\web\Common\common.php:1) View.class.php ç¬¬ 121 è¡Œ.
[ 2017-04-26T17:37:40+08:00 ] /web/index.php/Login/ | NOTIC: [2] Cannot modify header information - headers already sent by (output started at F:\nginx-1.8.1\html\web\Common\common.php:1) View.class.php ç¬¬ 122 è¡Œ.
[ 2017-04-26T17:37:40+08:00 ] /web/index.php/Login/ | INFO: Tag[ view_end ] --START--
[ 2017-04-26T17:37:40+08:00 ] /web/index.php/Login/ | INFO: Run ShowPageTrace Behavior [ RunTime:0.000565s ]
[ 2017-04-26T17:37:40+08:00 ] /web/index.php/Login/ | INFO: Tag[ view_end ] --END-- [ RunTime:0.000627s ]
[ 2017-04-26T17:37:43+08:00 ] /web/index.php/Login/userCheck | INFO: Tag[ route_check ] --START--
[ 2017-04-26T17:37:43+08:00 ] /web/index.php/Login/userCheck | INFO: Run CheckRoute Behavior [ RunTime:0.000731s ]
[ 2017-04-26T17:37:43+08:00 ] /web/index.php/Login/userCheck | INFO: Tag[ route_check ] --END-- [ RunTime:0.000809s ]
[ 2017-04-26T17:37:43+08:00 ] /web/index.php/Login/userCheck | INFO: Tag[ app_begin ] --START--
[ 2017-04-26T17:37:43+08:00 ] /web/index.php/Login/userCheck | INFO: Run ReadHtmlCache Behavior [ RunTime:0.000467s ]
[ 2017-04-26T17:37:43+08:00 ] /web/index.php/Login/userCheck | INFO: Tag[ app_begin ] --END-- [ RunTime:0.000510s ]
[ 2017-04-26T17:37:43+08:00 ] /web/index.php/Login/userCheck | NOTIC: [8] A session had already been started - ignoring session_start() functions.php ç¬¬ 411 è¡Œ.
[ 2017-04-26T17:37:43+08:00 ] /web/index.php/Login/userCheck | NOTIC: [8] A session had already been started - ignoring session_start() LoginAction.class.php ç¬¬ 5 è¡Œ.
[ 2017-04-26T17:37:43+08:00 ] /web/index.php/Login/userCheck | NOTIC: [8] Undefined index:  aa LoginAction.class.php ç¬¬ 27 è¡Œ.
[ 2017-04-26T17:37:43+08:00 ] /web/index.php/Login/userCheck | SQL: select * from QPPlatformManagerDB.dbo.Base_Users where Username = 'admin' and Password = 'E10ADC3949BA59ABBE56E057F20F883E' and Nullity=0 [ RunTime:0.006290s ]
[ 2017-04-26T17:37:43+08:00 ] /web/index.php/Login/userCheck | SQL: select * from QPStatisticsDB.dbo.quanxian where name = 'admin'  [ RunTime:0.005136s ]
[ 2017-04-26T17:37:43+08:00 ] /web/index.php/Login/userCheck | SQL: update QPPlatformManagerDB.dbo.Base_Users set PreLogintime="04 26 2017  9:46AM",PreLoginIP=" ",LastLogintime="2017-04-26 17:37:43",LastLoginIP="",LoginTimes=LoginTimes+1 where UserID = 14 [ RunTime:0.002289s ]
[ 2017-04-26T17:37:43+08:00 ] /web/index.php/Login/userCheck | NOTIC: [2] mssql_num_rows(): supplied argument is not a valid MS SQL-result resource DbMssql.class.php ç¬¬ 111 è¡Œ.
[ 2017-04-26T17:37:43+08:00 ] /web/index.php/User | INFO: Tag[ route_check ] --START--
[ 2017-04-26T17:37:43+08:00 ] /web/index.php/User | INFO: Run CheckRoute Behavior [ RunTime:0.000583s ]
[ 2017-04-26T17:37:43+08:00 ] /web/index.php/User | INFO: Tag[ route_check ] --END-- [ RunTime:0.000644s ]
[ 2017-04-26T17:37:43+08:00 ] /web/index.php/User | INFO: Tag[ app_begin ] --START--
[ 2017-04-26T17:37:43+08:00 ] /web/index.php/User | INFO: Run ReadHtmlCache Behavior [ RunTime:0.000351s ]
[ 2017-04-26T17:37:43+08:00 ] /web/index.php/User | INFO: Tag[ app_begin ] --END-- [ RunTime:0.000384s ]
[ 2017-04-26T17:37:43+08:00 ] /web/index.php/User | NOTIC: [8] A session had already been started - ignoring session_start() functions.php ç¬¬ 411 è¡Œ.
[ 2017-04-26T17:37:43+08:00 ] /web/index.php/User | NOTIC: [8] A session had already been started - ignoring session_start() UserAction.class.php ç¬¬ 6 è¡Œ.
[ 2017-04-26T17:37:43+08:00 ] /web/index.php/User | INFO: Tag[ view_template ] --START--
[ 2017-04-26T17:37:43+08:00 ] /web/index.php/User | INFO: Run LocationTemplate Behavior [ RunTime:0.054698s ]
[ 2017-04-26T17:37:43+08:00 ] /web/index.php/User | INFO: Tag[ view_template ] --END-- [ RunTime:0.054858s ]
[ 2017-04-26T17:37:43+08:00 ] /web/index.php/User | INFO: Tag[ view_parse ] --START--
[ 2017-04-26T17:37:43+08:00 ] /web/index.php/User | NOTIC: [8] A session had already been started - ignoring session_start() head.html ç¬¬ 3 è¡Œ.
[ 2017-04-26T17:37:43+08:00 ] /web/index.php/User | INFO: Run ParseTemplate Behavior [ RunTime:0.057549s ]
[ 2017-04-26T17:37:43+08:00 ] /web/index.php/User | INFO: Tag[ view_parse ] --END-- [ RunTime:0.057702s ]
[ 2017-04-26T17:37:43+08:00 ] /web/index.php/User | INFO: Tag[ view_filter ] --START--
[ 2017-04-26T17:37:43+08:00 ] /web/index.php/User | INFO: Run ContentReplace Behavior [ RunTime:0.001295s ]
[ 2017-04-26T17:37:43+08:00 ] /web/index.php/User | INFO: Run TokenBuild Behavior [ RunTime:0.001418s ]
[ 2017-04-26T17:37:43+08:00 ] /web/index.php/User | INFO: Run WriteHtmlCache Behavior [ RunTime:0.000679s ]
[ 2017-04-26T17:37:43+08:00 ] /web/index.php/User | INFO: Run ShowRuntime Behavior [ RunTime:0.001327s ]
[ 2017-04-26T17:37:43+08:00 ] /web/index.php/User | INFO: Tag[ view_filter ] --END-- [ RunTime:0.005139s ]
[ 2017-04-26T17:37:43+08:00 ] /web/index.php/User | NOTIC: [2] Cannot modify header information - headers already sent by (output started at F:\nginx-1.8.1\html\web\Common\common.php:1) View.class.php ç¬¬ 120 è¡Œ.
[ 2017-04-26T17:37:43+08:00 ] /web/index.php/User | NOTIC: [2] Cannot modify header information - headers already sent by (output started at F:\nginx-1.8.1\html\web\Common\common.php:1) View.class.php ç¬¬ 121 è¡Œ.
[ 2017-04-26T17:37:43+08:00 ] /web/index.php/User | NOTIC: [2] Cannot modify header information - headers already sent by (output started at F:\nginx-1.8.1\html\web\Common\common.php:1) View.class.php ç¬¬ 122 è¡Œ.
[ 2017-04-26T17:37:43+08:00 ] /web/index.php/User | INFO: Tag[ view_end ] --START--
[ 2017-04-26T17:37:43+08:00 ] /web/index.php/User | INFO: Run ShowPageTrace Behavior [ RunTime:0.001333s ]
[ 2017-04-26T17:37:43+08:00 ] /web/index.php/User | INFO: Tag[ view_end ] --END-- [ RunTime:0.001513s ]
[ 2017-04-26T17:37:47+08:00 ] /web/index.php/User/wzq | INFO: Tag[ route_check ] --START--
[ 2017-04-26T17:37:47+08:00 ] /web/index.php/User/wzq | INFO: Run CheckRoute Behavior [ RunTime:0.000740s ]
[ 2017-04-26T17:37:47+08:00 ] /web/index.php/User/wzq | INFO: Tag[ route_check ] --END-- [ RunTime:0.000817s ]
[ 2017-04-26T17:37:47+08:00 ] /web/index.php/User/wzq | INFO: Tag[ app_begin ] --START--
[ 2017-04-26T17:37:47+08:00 ] /web/index.php/User/wzq | INFO: Run ReadHtmlCache Behavior [ RunTime:0.000474s ]
[ 2017-04-26T17:37:47+08:00 ] /web/index.php/User/wzq | INFO: Tag[ app_begin ] --END-- [ RunTime:0.000518s ]
[ 2017-04-26T17:37:47+08:00 ] /web/index.php/User/wzq | NOTIC: [8] A session had already been started - ignoring session_start() functions.php ç¬¬ 411 è¡Œ.
[ 2017-04-26T17:37:47+08:00 ] /web/index.php/User/wzq | NOTIC: [8] A session had already been started - ignoring session_start() UserAction.class.php ç¬¬ 6 è¡Œ.
[ 2017-04-26T17:37:47+08:00 ] /web/index.php/User/wzq | NOTIC: [8] Undefined index:  start_date UserAction.class.php ç¬¬ 1906 è¡Œ.
[ 2017-04-26T17:37:47+08:00 ] /web/index.php/User/wzq | NOTIC: [8] Undefined index:  type_zz UserAction.class.php ç¬¬ 1930 è¡Œ.
[ 2017-04-26T17:37:47+08:00 ] /web/index.php/User/wzq | NOTIC: [8] Undefined index:  type_id UserAction.class.php ç¬¬ 1936 è¡Œ.
[ 2017-04-26T17:37:47+08:00 ] /web/index.php/User/wzq | NOTIC: [2] mssql_execute() [<a href='function.mssql-execute'>function.mssql-execute</a>]: message: ÕÒ²»µ½´æ´¢¹ý³Ì 'php_wzq_record_list'¡£ (severity 16) UserAction.class.php ç¬¬ 1950 è¡Œ.
[ 2017-04-26T17:37:47+08:00 ] /web/index.php/User/wzq | NOTIC: [2] mssql_execute() [<a href='function.mssql-execute'>function.mssql-execute</a>]: stored procedure execution failed UserAction.class.php ç¬¬ 1950 è¡Œ.
[ 2017-04-26T17:37:47+08:00 ] /web/index.php/User/wzq | NOTIC: [2] mssql_num_rows(): supplied argument is not a valid MS SQL-result resource UserAction.class.php ç¬¬ 1952 è¡Œ.
[ 2017-04-26T17:37:47+08:00 ] /web/index.php/User/wzq | NOTIC: [8] Undefined variable: gold_sum UserAction.class.php ç¬¬ 2007 è¡Œ.
[ 2017-04-26T17:37:47+08:00 ] /web/index.php/User/wzq | NOTIC: [8] Undefined variable: rs UserAction.class.php ç¬¬ 2009 è¡Œ.
[ 2017-04-26T17:37:47+08:00 ] /web/index.php/User/wzq | NOTIC: [8] Undefined variable: pageSize UserAction.class.php ç¬¬ 2009 è¡Œ.
[ 2017-04-26T17:37:47+08:00 ] /web/index.php/User/wzq | NOTIC: [2] Division by zero UserAction.class.php ç¬¬ 2009 è¡Œ.
[ 2017-04-26T17:37:47+08:00 ] /web/index.php/User/wzq | INFO: Tag[ view_template ] --START--
[ 2017-04-26T17:37:47+08:00 ] /web/index.php/User/wzq | INFO: Run LocationTemplate Behavior [ RunTime:0.002651s ]
[ 2017-04-26T17:37:47+08:00 ] /web/index.php/User/wzq | INFO: Tag[ view_template ] --END-- [ RunTime:0.002770s ]
[ 2017-04-26T17:37:47+08:00 ] /web/index.php/User/wzq | INFO: Tag[ view_parse ] --START--
[ 2017-04-26T17:37:47+08:00 ] /web/index.php/User/wzq | NOTIC: [8] A session had already been started - ignoring session_start() head.html ç¬¬ 3 è¡Œ.
[ 2017-04-26T17:37:47+08:00 ] /web/index.php/User/wzq | NOTIC: [8] Undefined variable: GameID 4a086998164d0d7ec3b0620f421cfaac.php ç¬¬ 20 è¡Œ.
[ 2017-04-26T17:37:47+08:00 ] /web/index.php/User/wzq | NOTIC: [8] Undefined variable: GameID 4a086998164d0d7ec3b0620f421cfaac.php ç¬¬ 77 è¡Œ.
[ 2017-04-26T17:37:47+08:00 ] /web/index.php/User/wzq | INFO: Run ParseTemplate Behavior [ RunTime:0.049543s ]
[ 2017-04-26T17:37:47+08:00 ] /web/index.php/User/wzq | INFO: Tag[ view_parse ] --END-- [ RunTime:0.049641s ]
[ 2017-04-26T17:37:47+08:00 ] /web/index.php/User/wzq | INFO: Tag[ view_filter ] --START--
[ 2017-04-26T17:37:47+08:00 ] /web/index.php/User/wzq | INFO: Run ContentReplace Behavior [ RunTime:0.000813s ]
[ 2017-04-26T17:37:47+08:00 ] /web/index.php/User/wzq | INFO: Run TokenBuild Behavior [ RunTime:0.000913s ]
[ 2017-04-26T17:37:47+08:00 ] /web/index.php/User/wzq | INFO: Run WriteHtmlCache Behavior [ RunTime:0.000435s ]
[ 2017-04-26T17:37:47+08:00 ] /web/index.php/User/wzq | INFO: Run ShowRuntime Behavior [ RunTime:0.000854s ]
[ 2017-04-26T17:37:47+08:00 ] /web/index.php/User/wzq | INFO: Tag[ view_filter ] --END-- [ RunTime:0.003284s ]
[ 2017-04-26T17:37:47+08:00 ] /web/index.php/User/wzq | NOTIC: [2] Cannot modify header information - headers already sent by (output started at F:\nginx-1.8.1\html\web\Common\common.php:1) View.class.php ç¬¬ 120 è¡Œ.
[ 2017-04-26T17:37:47+08:00 ] /web/index.php/User/wzq | NOTIC: [2] Cannot modify header information - headers already sent by (output started at F:\nginx-1.8.1\html\web\Common\common.php:1) View.class.php ç¬¬ 121 è¡Œ.
[ 2017-04-26T17:37:47+08:00 ] /web/index.php/User/wzq | NOTIC: [2] Cannot modify header information - headers already sent by (output started at F:\nginx-1.8.1\html\web\Common\common.php:1) View.class.php ç¬¬ 122 è¡Œ.
[ 2017-04-26T17:37:47+08:00 ] /web/index.php/User/wzq | INFO: Tag[ view_end ] --START--
[ 2017-04-26T17:37:47+08:00 ] /web/index.php/User/wzq | INFO: Run ShowPageTrace Behavior [ RunTime:0.000853s ]
[ 2017-04-26T17:37:47+08:00 ] /web/index.php/User/wzq | INFO: Tag[ view_end ] --END-- [ RunTime:0.000958s ]
