[ 2017-04-25T10:04:50+08:00 ] /web/index.php/Login | INFO: Tag[ route_check ] --START--
[ 2017-04-25T10:04:50+08:00 ] /web/index.php/Login | INFO: Run CheckRoute Behavior [ RunTime:0.004836s ]
[ 2017-04-25T10:04:50+08:00 ] /web/index.php/Login | INFO: Tag[ route_check ] --END-- [ RunTime:0.021325s ]
[ 2017-04-25T10:04:51+08:00 ] /web/index.php/Login | INFO: Tag[ app_begin ] --START--
[ 2017-04-25T10:04:51+08:00 ] /web/index.php/Login | INFO: Run ReadHtmlCache Behavior [ RunTime:0.001352s ]
[ 2017-04-25T10:04:51+08:00 ] /web/index.php/Login | INFO: Tag[ app_begin ] --END-- [ RunTime:0.001429s ]
[ 2017-04-25T10:04:51+08:00 ] /web/index.php/Login | NOTIC: [8] A session had already been started - ignoring session_start() functions.php 第 411 行.
[ 2017-04-25T10:04:51+08:00 ] /web/index.php/Login | NOTIC: [8] A session had already been started - ignoring session_start() LoginAction.class.php 第 5 行.
[ 2017-04-25T10:04:51+08:00 ] /web/index.php/Login | INFO: Tag[ view_template ] --START--
[ 2017-04-25T10:04:51+08:00 ] /web/index.php/Login | INFO: Run LocationTemplate Behavior [ RunTime:0.002955s ]
[ 2017-04-25T10:04:51+08:00 ] /web/index.php/Login | INFO: Tag[ view_template ] --END-- [ RunTime:0.003062s ]
[ 2017-04-25T10:04:51+08:00 ] /web/index.php/Login | INFO: Tag[ view_parse ] --START--
[ 2017-04-25T10:04:51+08:00 ] /web/index.php/Login | INFO: Run ParseTemplate Behavior [ RunTime:0.166423s ]
[ 2017-04-25T10:04:51+08:00 ] /web/index.php/Login | INFO: Tag[ view_parse ] --END-- [ RunTime:0.166540s ]
[ 2017-04-25T10:04:51+08:00 ] /web/index.php/Login | INFO: Tag[ view_filter ] --START--
[ 2017-04-25T10:04:51+08:00 ] /web/index.php/Login | INFO: Run ContentReplace Behavior [ RunTime:0.001756s ]
[ 2017-04-25T10:04:51+08:00 ] /web/index.php/Login | INFO: Run TokenBuild Behavior [ RunTime:0.002053s ]
[ 2017-04-25T10:04:51+08:00 ] /web/index.php/Login | INFO: Run WriteHtmlCache Behavior [ RunTime:0.001573s ]
[ 2017-04-25T10:04:51+08:00 ] /web/index.php/Login | INFO: Run ShowRuntime Behavior [ RunTime:0.001985s ]
[ 2017-04-25T10:04:51+08:00 ] /web/index.php/Login | INFO: Tag[ view_filter ] --END-- [ RunTime:0.007625s ]
[ 2017-04-25T10:04:51+08:00 ] /web/index.php/Login | NOTIC: [2] Cannot modify header information - headers already sent by (output started at F:\nginx-1.8.1\html\web\Common\common.php:1) View.class.php 第 120 行.
[ 2017-04-25T10:04:51+08:00 ] /web/index.php/Login | NOTIC: [2] Cannot modify header information - headers already sent by (output started at F:\nginx-1.8.1\html\web\Common\common.php:1) View.class.php 第 121 行.
[ 2017-04-25T10:04:51+08:00 ] /web/index.php/Login | NOTIC: [2] Cannot modify header information - headers already sent by (output started at F:\nginx-1.8.1\html\web\Common\common.php:1) View.class.php 第 122 行.
[ 2017-04-25T10:04:51+08:00 ] /web/index.php/Login | INFO: Tag[ view_end ] --START--
[ 2017-04-25T10:04:51+08:00 ] /web/index.php/Login | INFO: Run ShowPageTrace Behavior [ RunTime:0.002021s ]
[ 2017-04-25T10:04:51+08:00 ] /web/index.php/Login | INFO: Tag[ view_end ] --END-- [ RunTime:0.002109s ]
[ 2017-04-25T10:07:36+08:00 ] /web/index.php/Login/userCheck | INFO: Tag[ route_check ] --START--
[ 2017-04-25T10:07:36+08:00 ] /web/index.php/Login/userCheck | INFO: Run CheckRoute Behavior [ RunTime:0.000950s ]
[ 2017-04-25T10:07:36+08:00 ] /web/index.php/Login/userCheck | INFO: Tag[ route_check ] --END-- [ RunTime:0.001048s ]
[ 2017-04-25T10:07:36+08:00 ] /web/index.php/Login/userCheck | INFO: Tag[ app_begin ] --START--
[ 2017-04-25T10:07:36+08:00 ] /web/index.php/Login/userCheck | INFO: Run ReadHtmlCache Behavior [ RunTime:0.000693s ]
[ 2017-04-25T10:07:36+08:00 ] /web/index.php/Login/userCheck | INFO: Tag[ app_begin ] --END-- [ RunTime:0.000727s ]
[ 2017-04-25T10:07:36+08:00 ] /web/index.php/Login/userCheck | NOTIC: [8] A session had already been started - ignoring session_start() functions.php 第 411 行.
[ 2017-04-25T10:07:36+08:00 ] /web/index.php/Login/userCheck | NOTIC: [8] A session had already been started - ignoring session_start() LoginAction.class.php 第 5 行.
[ 2017-04-25T10:07:36+08:00 ] /web/index.php/Login/userCheck | NOTIC: [8] Undefined index:  aa LoginAction.class.php 第 27 行.
[ 2017-04-25T10:07:36+08:00 ] /web/index.php/Login/userCheck | SQL: select * from QPPlatformManagerDB.dbo.Base_Users where Username = 'admin' and Password = 'E10ADC3949BA59ABBE56E057F20F883E' and Nullity=0 [ RunTime:0.051357s ]
[ 2017-04-25T10:07:36+08:00 ] /web/index.php/Login/userCheck | SQL: select * from QPStatisticsDB.dbo.quanxian where name = 'admin'  [ RunTime:0.007604s ]
[ 2017-04-25T10:07:36+08:00 ] /web/index.php/Login/userCheck | SQL: update QPPlatformManagerDB.dbo.Base_Users set PreLogintime="04 24 2017  5:26PM",PreLoginIP=" ",LastLogintime="2017-04-25 10:07:36",LastLoginIP="",LoginTimes=LoginTimes+1 where UserID = 14 [ RunTime:0.003135s ]
[ 2017-04-25T10:07:36+08:00 ] /web/index.php/Login/userCheck | NOTIC: [2] mssql_num_rows(): supplied argument is not a valid MS SQL-result resource DbMssql.class.php 第 111 行.
[ 2017-04-25T10:07:36+08:00 ] /web/index.php/User | INFO: Tag[ route_check ] --START--
[ 2017-04-25T10:07:36+08:00 ] /web/index.php/User | INFO: Run CheckRoute Behavior [ RunTime:0.000570s ]
[ 2017-04-25T10:07:36+08:00 ] /web/index.php/User | INFO: Tag[ route_check ] --END-- [ RunTime:0.000632s ]
[ 2017-04-25T10:07:36+08:00 ] /web/index.php/User | INFO: Tag[ app_begin ] --START--
[ 2017-04-25T10:07:36+08:00 ] /web/index.php/User | INFO: Run ReadHtmlCache Behavior [ RunTime:0.000365s ]
[ 2017-04-25T10:07:36+08:00 ] /web/index.php/User | INFO: Tag[ app_begin ] --END-- [ RunTime:0.000402s ]
[ 2017-04-25T10:07:36+08:00 ] /web/index.php/User | NOTIC: [8] A session had already been started - ignoring session_start() functions.php 第 411 行.
[ 2017-04-25T10:07:36+08:00 ] /web/index.php/User | NOTIC: [8] A session had already been started - ignoring session_start() UserAction.class.php 第 6 行.
[ 2017-04-25T10:07:36+08:00 ] /web/index.php/User | INFO: Tag[ view_template ] --START--
[ 2017-04-25T10:07:36+08:00 ] /web/index.php/User | INFO: Run LocationTemplate Behavior [ RunTime:0.001741s ]
[ 2017-04-25T10:07:36+08:00 ] /web/index.php/User | INFO: Tag[ view_template ] --END-- [ RunTime:0.001812s ]
[ 2017-04-25T10:07:36+08:00 ] /web/index.php/User | INFO: Tag[ view_parse ] --START--
[ 2017-04-25T10:07:36+08:00 ] /web/index.php/User | NOTIC: [8] A session had already been started - ignoring session_start() head.html 第 3 行.
[ 2017-04-25T10:07:36+08:00 ] /web/index.php/User | INFO: Run ParseTemplate Behavior [ RunTime:0.118125s ]
[ 2017-04-25T10:07:36+08:00 ] /web/index.php/User | INFO: Tag[ view_parse ] --END-- [ RunTime:0.118243s ]
[ 2017-04-25T10:07:36+08:00 ] /web/index.php/User | INFO: Tag[ view_filter ] --START--
[ 2017-04-25T10:07:36+08:00 ] /web/index.php/User | INFO: Run ContentReplace Behavior [ RunTime:0.002756s ]
[ 2017-04-25T10:07:36+08:00 ] /web/index.php/User | INFO: Run TokenBuild Behavior [ RunTime:0.002781s ]
[ 2017-04-25T10:07:36+08:00 ] /web/index.php/User | INFO: Run WriteHtmlCache Behavior [ RunTime:0.002436s ]
[ 2017-04-25T10:07:36+08:00 ] /web/index.php/User | INFO: Run ShowRuntime Behavior [ RunTime:0.003454s ]
[ 2017-04-25T10:07:36+08:00 ] /web/index.php/User | INFO: Tag[ view_filter ] --END-- [ RunTime:0.011897s ]
[ 2017-04-25T10:07:36+08:00 ] /web/index.php/User | NOTIC: [2] Cannot modify header information - headers already sent by (output started at F:\nginx-1.8.1\html\web\Common\common.php:1) View.class.php 第 120 行.
[ 2017-04-25T10:07:36+08:00 ] /web/index.php/User | NOTIC: [2] Cannot modify header information - headers already sent by (output started at F:\nginx-1.8.1\html\web\Common\common.php:1) View.class.php 第 121 行.
[ 2017-04-25T10:07:36+08:00 ] /web/index.php/User | NOTIC: [2] Cannot modify header information - headers already sent by (output started at F:\nginx-1.8.1\html\web\Common\common.php:1) View.class.php 第 122 行.
[ 2017-04-25T10:07:36+08:00 ] /web/index.php/User | INFO: Tag[ view_end ] --START--
[ 2017-04-25T10:07:36+08:00 ] /web/index.php/User | INFO: Run ShowPageTrace Behavior [ RunTime:0.001698s ]
[ 2017-04-25T10:07:36+08:00 ] /web/index.php/User | INFO: Tag[ view_end ] --END-- [ RunTime:0.001801s ]
[ 2017-04-25T11:28:31+08:00 ] /web/index.php/Login | INFO: Tag[ route_check ] --START--
[ 2017-04-25T11:28:31+08:00 ] /web/index.php/Login | INFO: Run CheckRoute Behavior [ RunTime:0.001872s ]
[ 2017-04-25T11:28:31+08:00 ] /web/index.php/Login | INFO: Tag[ route_check ] --END-- [ RunTime:0.002009s ]
[ 2017-04-25T11:28:31+08:00 ] /web/index.php/Login | INFO: Tag[ app_begin ] --START--
[ 2017-04-25T11:28:31+08:00 ] /web/index.php/Login | INFO: Run ReadHtmlCache Behavior [ RunTime:0.001437s ]
[ 2017-04-25T11:28:31+08:00 ] /web/index.php/Login | INFO: Tag[ app_begin ] --END-- [ RunTime:0.001500s ]
[ 2017-04-25T11:28:31+08:00 ] /web/index.php/Login | NOTIC: [8] A session had already been started - ignoring session_start() functions.php 第 411 行.
[ 2017-04-25T11:28:31+08:00 ] /web/index.php/Login | NOTIC: [8] A session had already been started - ignoring session_start() LoginAction.class.php 第 5 行.
[ 2017-04-25T11:28:31+08:00 ] /web/index.php/Login | INFO: Tag[ view_template ] --START--
[ 2017-04-25T11:28:31+08:00 ] /web/index.php/Login | INFO: Run LocationTemplate Behavior [ RunTime:0.003302s ]
[ 2017-04-25T11:28:31+08:00 ] /web/index.php/Login | INFO: Tag[ view_template ] --END-- [ RunTime:0.003554s ]
[ 2017-04-25T11:28:31+08:00 ] /web/index.php/Login | INFO: Tag[ view_parse ] --START--
[ 2017-04-25T11:28:31+08:00 ] /web/index.php/Login | INFO: Run ParseTemplate Behavior [ RunTime:0.025318s ]
[ 2017-04-25T11:28:31+08:00 ] /web/index.php/Login | INFO: Tag[ view_parse ] --END-- [ RunTime:0.025452s ]
[ 2017-04-25T11:28:31+08:00 ] /web/index.php/Login | INFO: Tag[ view_filter ] --START--
[ 2017-04-25T11:28:31+08:00 ] /web/index.php/Login | INFO: Run ContentReplace Behavior [ RunTime:0.001293s ]
[ 2017-04-25T11:28:31+08:00 ] /web/index.php/Login | INFO: Run TokenBuild Behavior [ RunTime:0.001289s ]
[ 2017-04-25T11:28:31+08:00 ] /web/index.php/Login | INFO: Run WriteHtmlCache Behavior [ RunTime:0.001203s ]
[ 2017-04-25T11:28:31+08:00 ] /web/index.php/Login | INFO: Run ShowRuntime Behavior [ RunTime:0.001846s ]
[ 2017-04-25T11:28:31+08:00 ] /web/index.php/Login | INFO: Tag[ view_filter ] --END-- [ RunTime:0.005962s ]
[ 2017-04-25T11:28:31+08:00 ] /web/index.php/Login | NOTIC: [2] Cannot modify header information - headers already sent by (output started at F:\nginx-1.8.1\html\web\Common\common.php:1) View.class.php 第 120 行.
[ 2017-04-25T11:28:31+08:00 ] /web/index.php/Login | NOTIC: [2] Cannot modify header information - headers already sent by (output started at F:\nginx-1.8.1\html\web\Common\common.php:1) View.class.php 第 121 行.
[ 2017-04-25T11:28:31+08:00 ] /web/index.php/Login | NOTIC: [2] Cannot modify header information - headers already sent by (output started at F:\nginx-1.8.1\html\web\Common\common.php:1) View.class.php 第 122 行.
[ 2017-04-25T11:28:31+08:00 ] /web/index.php/Login | INFO: Tag[ view_end ] --START--
[ 2017-04-25T11:28:31+08:00 ] /web/index.php/Login | INFO: Run ShowPageTrace Behavior [ RunTime:0.001827s ]
[ 2017-04-25T11:28:31+08:00 ] /web/index.php/Login | INFO: Tag[ view_end ] --END-- [ RunTime:0.001915s ]
[ 2017-04-25T11:28:38+08:00 ] /web/index.php/Login/userCheck | INFO: Tag[ route_check ] --START--
[ 2017-04-25T11:28:38+08:00 ] /web/index.php/Login/userCheck | INFO: Run CheckRoute Behavior [ RunTime:0.000832s ]
[ 2017-04-25T11:28:38+08:00 ] /web/index.php/Login/userCheck | INFO: Tag[ route_check ] --END-- [ RunTime:0.000944s ]
[ 2017-04-25T11:28:38+08:00 ] /web/index.php/Login/userCheck | INFO: Tag[ app_begin ] --START--
[ 2017-04-25T11:28:38+08:00 ] /web/index.php/Login/userCheck | INFO: Run ReadHtmlCache Behavior [ RunTime:0.000577s ]
[ 2017-04-25T11:28:38+08:00 ] /web/index.php/Login/userCheck | INFO: Tag[ app_begin ] --END-- [ RunTime:0.000625s ]
[ 2017-04-25T11:28:38+08:00 ] /web/index.php/Login/userCheck | NOTIC: [8] A session had already been started - ignoring session_start() functions.php 第 411 行.
[ 2017-04-25T11:28:38+08:00 ] /web/index.php/Login/userCheck | NOTIC: [8] A session had already been started - ignoring session_start() LoginAction.class.php 第 5 行.
[ 2017-04-25T11:28:38+08:00 ] /web/index.php/Login/userCheck | NOTIC: [8] Undefined index:  aa LoginAction.class.php 第 27 行.
[ 2017-04-25T11:28:38+08:00 ] /web/index.php/Login/userCheck | SQL: select * from QPPlatformManagerDB.dbo.Base_Users where Username = 'admin' and Password = '827CCB0EEA8A706C4C34A16891F84E7B' and Nullity=0 [ RunTime:0.003304s ]
[ 2017-04-25T11:28:38+08:00 ] /web/index.php/Login/userCheck | NOTIC: [8] Undefined offset:  0 LoginAction.class.php 第 34 行.
[ 2017-04-25T11:28:43+08:00 ] /web/index.php/Login | INFO: Tag[ route_check ] --START--
[ 2017-04-25T11:28:43+08:00 ] /web/index.php/Login | INFO: Run CheckRoute Behavior [ RunTime:0.000775s ]
[ 2017-04-25T11:28:43+08:00 ] /web/index.php/Login | INFO: Tag[ route_check ] --END-- [ RunTime:0.000859s ]
[ 2017-04-25T11:28:43+08:00 ] /web/index.php/Login | INFO: Tag[ app_begin ] --START--
[ 2017-04-25T11:28:43+08:00 ] /web/index.php/Login | INFO: Run ReadHtmlCache Behavior [ RunTime:0.000484s ]
[ 2017-04-25T11:28:43+08:00 ] /web/index.php/Login | INFO: Tag[ app_begin ] --END-- [ RunTime:0.000531s ]
[ 2017-04-25T11:28:43+08:00 ] /web/index.php/Login | NOTIC: [8] A session had already been started - ignoring session_start() functions.php 第 411 行.
[ 2017-04-25T11:28:43+08:00 ] /web/index.php/Login | NOTIC: [8] A session had already been started - ignoring session_start() LoginAction.class.php 第 5 行.
[ 2017-04-25T11:28:43+08:00 ] /web/index.php/Login | INFO: Tag[ view_template ] --START--
[ 2017-04-25T11:28:43+08:00 ] /web/index.php/Login | INFO: Run LocationTemplate Behavior [ RunTime:0.000506s ]
[ 2017-04-25T11:28:43+08:00 ] /web/index.php/Login | INFO: Tag[ view_template ] --END-- [ RunTime:0.000553s ]
[ 2017-04-25T11:28:43+08:00 ] /web/index.php/Login | INFO: Tag[ view_parse ] --START--
[ 2017-04-25T11:28:43+08:00 ] /web/index.php/Login | INFO: Run ParseTemplate Behavior [ RunTime:0.006327s ]
[ 2017-04-25T11:28:43+08:00 ] /web/index.php/Login | INFO: Tag[ view_parse ] --END-- [ RunTime:0.006379s ]
[ 2017-04-25T11:28:43+08:00 ] /web/index.php/Login | INFO: Tag[ view_filter ] --START--
[ 2017-04-25T11:28:43+08:00 ] /web/index.php/Login | INFO: Run ContentReplace Behavior [ RunTime:0.000291s ]
[ 2017-04-25T11:28:43+08:00 ] /web/index.php/Login | INFO: Run TokenBuild Behavior [ RunTime:0.000318s ]
[ 2017-04-25T11:28:43+08:00 ] /web/index.php/Login | INFO: Run WriteHtmlCache Behavior [ RunTime:0.000164s ]
[ 2017-04-25T11:28:43+08:00 ] /web/index.php/Login | INFO: Run ShowRuntime Behavior [ RunTime:0.000333s ]
[ 2017-04-25T11:28:43+08:00 ] /web/index.php/Login | INFO: Tag[ view_filter ] --END-- [ RunTime:0.001211s ]
[ 2017-04-25T11:28:43+08:00 ] /web/index.php/Login | NOTIC: [2] Cannot modify header information - headers already sent by (output started at F:\nginx-1.8.1\html\web\Common\common.php:1) View.class.php 第 120 行.
[ 2017-04-25T11:28:43+08:00 ] /web/index.php/Login | NOTIC: [2] Cannot modify header information - headers already sent by (output started at F:\nginx-1.8.1\html\web\Common\common.php:1) View.class.php 第 121 行.
[ 2017-04-25T11:28:43+08:00 ] /web/index.php/Login | NOTIC: [2] Cannot modify header information - headers already sent by (output started at F:\nginx-1.8.1\html\web\Common\common.php:1) View.class.php 第 122 行.
[ 2017-04-25T11:28:43+08:00 ] /web/index.php/Login | INFO: Tag[ view_end ] --START--
[ 2017-04-25T11:28:43+08:00 ] /web/index.php/Login | INFO: Run ShowPageTrace Behavior [ RunTime:0.000306s ]
[ 2017-04-25T11:28:43+08:00 ] /web/index.php/Login | INFO: Tag[ view_end ] --END-- [ RunTime:0.000336s ]
[ 2017-04-25T11:28:46+08:00 ] /web/index.php/Login/userCheck | INFO: Tag[ route_check ] --START--
[ 2017-04-25T11:28:46+08:00 ] /web/index.php/Login/userCheck | INFO: Run CheckRoute Behavior [ RunTime:0.000841s ]
[ 2017-04-25T11:28:46+08:00 ] /web/index.php/Login/userCheck | INFO: Tag[ route_check ] --END-- [ RunTime:0.000950s ]
[ 2017-04-25T11:28:46+08:00 ] /web/index.php/Login/userCheck | INFO: Tag[ app_begin ] --START--
[ 2017-04-25T11:28:46+08:00 ] /web/index.php/Login/userCheck | INFO: Run ReadHtmlCache Behavior [ RunTime:0.000476s ]
[ 2017-04-25T11:28:46+08:00 ] /web/index.php/Login/userCheck | INFO: Tag[ app_begin ] --END-- [ RunTime:0.000520s ]
[ 2017-04-25T11:28:46+08:00 ] /web/index.php/Login/userCheck | NOTIC: [8] A session had already been started - ignoring session_start() functions.php 第 411 行.
[ 2017-04-25T11:28:46+08:00 ] /web/index.php/Login/userCheck | NOTIC: [8] A session had already been started - ignoring session_start() LoginAction.class.php 第 5 行.
[ 2017-04-25T11:28:46+08:00 ] /web/index.php/Login/userCheck | NOTIC: [8] Undefined index:  aa LoginAction.class.php 第 27 行.
[ 2017-04-25T11:28:46+08:00 ] /web/index.php/Login/userCheck | SQL: select * from QPPlatformManagerDB.dbo.Base_Users where Username = 'admin' and Password = 'E10ADC3949BA59ABBE56E057F20F883E' and Nullity=0 [ RunTime:0.001631s ]
[ 2017-04-25T11:28:46+08:00 ] /web/index.php/Login/userCheck | SQL: select * from QPStatisticsDB.dbo.quanxian where name = 'admin'  [ RunTime:0.001293s ]
[ 2017-04-25T11:28:46+08:00 ] /web/index.php/Login/userCheck | SQL: update QPPlatformManagerDB.dbo.Base_Users set PreLogintime="04 25 2017 10:07AM",PreLoginIP=" ",LastLogintime="2017-04-25 11:28:46",LastLoginIP="",LoginTimes=LoginTimes+1 where UserID = 14 [ RunTime:0.010479s ]
[ 2017-04-25T11:28:46+08:00 ] /web/index.php/Login/userCheck | NOTIC: [2] mssql_num_rows(): supplied argument is not a valid MS SQL-result resource DbMssql.class.php 第 111 行.
[ 2017-04-25T11:28:46+08:00 ] /web/index.php/User | INFO: Tag[ route_check ] --START--
[ 2017-04-25T11:28:46+08:00 ] /web/index.php/User | INFO: Run CheckRoute Behavior [ RunTime:0.000581s ]
[ 2017-04-25T11:28:46+08:00 ] /web/index.php/User | INFO: Tag[ route_check ] --END-- [ RunTime:0.000645s ]
[ 2017-04-25T11:28:46+08:00 ] /web/index.php/User | INFO: Tag[ app_begin ] --START--
[ 2017-04-25T11:28:46+08:00 ] /web/index.php/User | INFO: Run ReadHtmlCache Behavior [ RunTime:0.000370s ]
[ 2017-04-25T11:28:46+08:00 ] /web/index.php/User | INFO: Tag[ app_begin ] --END-- [ RunTime:0.000404s ]
[ 2017-04-25T11:28:46+08:00 ] /web/index.php/User | NOTIC: [8] A session had already been started - ignoring session_start() functions.php 第 411 行.
[ 2017-04-25T11:28:46+08:00 ] /web/index.php/User | NOTIC: [8] A session had already been started - ignoring session_start() UserAction.class.php 第 6 行.
[ 2017-04-25T11:28:46+08:00 ] /web/index.php/User | INFO: Tag[ view_template ] --START--
[ 2017-04-25T11:28:46+08:00 ] /web/index.php/User | INFO: Run LocationTemplate Behavior [ RunTime:0.000739s ]
[ 2017-04-25T11:28:46+08:00 ] /web/index.php/User | INFO: Tag[ view_template ] --END-- [ RunTime:0.000782s ]
[ 2017-04-25T11:28:46+08:00 ] /web/index.php/User | INFO: Tag[ view_parse ] --START--
[ 2017-04-25T11:28:46+08:00 ] /web/index.php/User | NOTIC: [8] A session had already been started - ignoring session_start() head.html 第 3 行.
[ 2017-04-25T11:28:46+08:00 ] /web/index.php/User | INFO: Run ParseTemplate Behavior [ RunTime:0.044137s ]
[ 2017-04-25T11:28:46+08:00 ] /web/index.php/User | INFO: Tag[ view_parse ] --END-- [ RunTime:0.044189s ]
[ 2017-04-25T11:28:46+08:00 ] /web/index.php/User | INFO: Tag[ view_filter ] --START--
[ 2017-04-25T11:28:46+08:00 ] /web/index.php/User | INFO: Run ContentReplace Behavior [ RunTime:0.000325s ]
[ 2017-04-25T11:28:46+08:00 ] /web/index.php/User | INFO: Run TokenBuild Behavior [ RunTime:0.000324s ]
[ 2017-04-25T11:28:46+08:00 ] /web/index.php/User | INFO: Run WriteHtmlCache Behavior [ RunTime:0.000183s ]
[ 2017-04-25T11:28:46+08:00 ] /web/index.php/User | INFO: Run ShowRuntime Behavior [ RunTime:0.000296s ]
[ 2017-04-25T11:28:46+08:00 ] /web/index.php/User | INFO: Tag[ view_filter ] --END-- [ RunTime:0.001223s ]
[ 2017-04-25T11:28:46+08:00 ] /web/index.php/User | NOTIC: [2] Cannot modify header information - headers already sent by (output started at F:\nginx-1.8.1\html\web\Common\common.php:1) View.class.php 第 120 行.
[ 2017-04-25T11:28:46+08:00 ] /web/index.php/User | NOTIC: [2] Cannot modify header information - headers already sent by (output started at F:\nginx-1.8.1\html\web\Common\common.php:1) View.class.php 第 121 行.
[ 2017-04-25T11:28:46+08:00 ] /web/index.php/User | NOTIC: [2] Cannot modify header information - headers already sent by (output started at F:\nginx-1.8.1\html\web\Common\common.php:1) View.class.php 第 122 行.
[ 2017-04-25T11:28:46+08:00 ] /web/index.php/User | INFO: Tag[ view_end ] --START--
[ 2017-04-25T11:28:46+08:00 ] /web/index.php/User | INFO: Run ShowPageTrace Behavior [ RunTime:0.000323s ]
[ 2017-04-25T11:28:46+08:00 ] /web/index.php/User | INFO: Tag[ view_end ] --END-- [ RunTime:0.000369s ]
[ 2017-04-25T16:54:02+08:00 ] /web/index.php/Login | INFO: Tag[ route_check ] --START--
[ 2017-04-25T16:54:02+08:00 ] /web/index.php/Login | INFO: Run CheckRoute Behavior [ RunTime:0.005669s ]
[ 2017-04-25T16:54:02+08:00 ] /web/index.php/Login | INFO: Tag[ route_check ] --END-- [ RunTime:0.006028s ]
[ 2017-04-25T16:54:02+08:00 ] /web/index.php/Login | INFO: Tag[ app_begin ] --START--
[ 2017-04-25T16:54:02+08:00 ] /web/index.php/Login | INFO: Run ReadHtmlCache Behavior [ RunTime:0.003754s ]
[ 2017-04-25T16:54:02+08:00 ] /web/index.php/Login | INFO: Tag[ app_begin ] --END-- [ RunTime:0.003939s ]
[ 2017-04-25T16:54:02+08:00 ] /web/index.php/Login | NOTIC: [8] A session had already been started - ignoring session_start() functions.php 第 411 行.
[ 2017-04-25T16:54:02+08:00 ] /web/index.php/Login | NOTIC: [8] A session had already been started - ignoring session_start() LoginAction.class.php 第 5 行.
[ 2017-04-25T16:54:02+08:00 ] /web/index.php/Login | INFO: Tag[ view_template ] --START--
[ 2017-04-25T16:54:02+08:00 ] /web/index.php/Login | INFO: Run LocationTemplate Behavior [ RunTime:0.005970s ]
[ 2017-04-25T16:54:02+08:00 ] /web/index.php/Login | INFO: Tag[ view_template ] --END-- [ RunTime:0.006160s ]
[ 2017-04-25T16:54:02+08:00 ] /web/index.php/Login | INFO: Tag[ view_parse ] --START--
[ 2017-04-25T16:54:03+08:00 ] /web/index.php/Login | INFO: Run ParseTemplate Behavior [ RunTime:0.052633s ]
[ 2017-04-25T16:54:03+08:00 ] /web/index.php/Login | INFO: Tag[ view_parse ] --END-- [ RunTime:0.052824s ]
[ 2017-04-25T16:54:03+08:00 ] /web/index.php/Login | INFO: Tag[ view_filter ] --START--
[ 2017-04-25T16:54:03+08:00 ] /web/index.php/Login | INFO: Run ContentReplace Behavior [ RunTime:0.003159s ]
[ 2017-04-25T16:54:03+08:00 ] /web/index.php/Login | INFO: Run TokenBuild Behavior [ RunTime:0.003269s ]
[ 2017-04-25T16:54:03+08:00 ] /web/index.php/Login | INFO: Run WriteHtmlCache Behavior [ RunTime:0.002805s ]
[ 2017-04-25T16:54:03+08:00 ] /web/index.php/Login | INFO: Run ShowRuntime Behavior [ RunTime:0.003357s ]
[ 2017-04-25T16:54:03+08:00 ] /web/index.php/Login | INFO: Tag[ view_filter ] --END-- [ RunTime:0.013120s ]
[ 2017-04-25T16:54:03+08:00 ] /web/index.php/Login | NOTIC: [2] Cannot modify header information - headers already sent by (output started at F:\nginx-1.8.1\html\web\Common\common.php:1) View.class.php 第 120 行.
[ 2017-04-25T16:54:03+08:00 ] /web/index.php/Login | NOTIC: [2] Cannot modify header information - headers already sent by (output started at F:\nginx-1.8.1\html\web\Common\common.php:1) View.class.php 第 121 行.
[ 2017-04-25T16:54:03+08:00 ] /web/index.php/Login | NOTIC: [2] Cannot modify header information - headers already sent by (output started at F:\nginx-1.8.1\html\web\Common\common.php:1) View.class.php 第 122 行.
[ 2017-04-25T16:54:03+08:00 ] /web/index.php/Login | INFO: Tag[ view_end ] --START--
[ 2017-04-25T16:54:03+08:00 ] /web/index.php/Login | INFO: Run ShowPageTrace Behavior [ RunTime:0.003561s ]
[ 2017-04-25T16:54:03+08:00 ] /web/index.php/Login | INFO: Tag[ view_end ] --END-- [ RunTime:0.003714s ]
[ 2017-04-25T16:54:26+08:00 ] /web/index.php/Login/userCheck | INFO: Tag[ route_check ] --START--
[ 2017-04-25T16:54:26+08:00 ] /web/index.php/Login/userCheck | INFO: Run CheckRoute Behavior [ RunTime:0.000572s ]
[ 2017-04-25T16:54:26+08:00 ] /web/index.php/Login/userCheck | INFO: Tag[ route_check ] --END-- [ RunTime:0.000632s ]
[ 2017-04-25T16:54:26+08:00 ] /web/index.php/Login/userCheck | INFO: Tag[ app_begin ] --START--
[ 2017-04-25T16:54:26+08:00 ] /web/index.php/Login/userCheck | INFO: Run ReadHtmlCache Behavior [ RunTime:0.000369s ]
[ 2017-04-25T16:54:26+08:00 ] /web/index.php/Login/userCheck | INFO: Tag[ app_begin ] --END-- [ RunTime:0.000402s ]
[ 2017-04-25T16:54:26+08:00 ] /web/index.php/Login/userCheck | NOTIC: [8] A session had already been started - ignoring session_start() functions.php 第 411 行.
[ 2017-04-25T16:54:26+08:00 ] /web/index.php/Login/userCheck | NOTIC: [8] A session had already been started - ignoring session_start() LoginAction.class.php 第 5 行.
[ 2017-04-25T16:54:26+08:00 ] /web/index.php/Login/userCheck | NOTIC: [8] Undefined index:  aa LoginAction.class.php 第 27 行.
[ 2017-04-25T16:54:26+08:00 ] /web/index.php/Login/userCheck | SQL: select * from QPPlatformManagerDB.dbo.Base_Users where Username = 'admin' and Password = '827CCB0EEA8A706C4C34A16891F84E7B' and Nullity=0 [ RunTime:0.049245s ]
[ 2017-04-25T16:54:26+08:00 ] /web/index.php/Login/userCheck | NOTIC: [8] Undefined offset:  0 LoginAction.class.php 第 34 行.
[ 2017-04-25T16:54:29+08:00 ] /web/index.php/Login | INFO: Tag[ route_check ] --START--
[ 2017-04-25T16:54:29+08:00 ] /web/index.php/Login | INFO: Run CheckRoute Behavior [ RunTime:0.000750s ]
[ 2017-04-25T16:54:29+08:00 ] /web/index.php/Login | INFO: Tag[ route_check ] --END-- [ RunTime:0.000828s ]
[ 2017-04-25T16:54:29+08:00 ] /web/index.php/Login | INFO: Tag[ app_begin ] --START--
[ 2017-04-25T16:54:29+08:00 ] /web/index.php/Login | INFO: Run ReadHtmlCache Behavior [ RunTime:0.000479s ]
[ 2017-04-25T16:54:29+08:00 ] /web/index.php/Login | INFO: Tag[ app_begin ] --END-- [ RunTime:0.000521s ]
[ 2017-04-25T16:54:29+08:00 ] /web/index.php/Login | NOTIC: [8] A session had already been started - ignoring session_start() functions.php 第 411 行.
[ 2017-04-25T16:54:29+08:00 ] /web/index.php/Login | NOTIC: [8] A session had already been started - ignoring session_start() LoginAction.class.php 第 5 行.
[ 2017-04-25T16:54:29+08:00 ] /web/index.php/Login | INFO: Tag[ view_template ] --START--
[ 2017-04-25T16:54:29+08:00 ] /web/index.php/Login | INFO: Run LocationTemplate Behavior [ RunTime:0.000479s ]
[ 2017-04-25T16:54:29+08:00 ] /web/index.php/Login | INFO: Tag[ view_template ] --END-- [ RunTime:0.000524s ]
[ 2017-04-25T16:54:29+08:00 ] /web/index.php/Login | INFO: Tag[ view_parse ] --START--
[ 2017-04-25T16:54:29+08:00 ] /web/index.php/Login | INFO: Run ParseTemplate Behavior [ RunTime:0.006506s ]
[ 2017-04-25T16:54:29+08:00 ] /web/index.php/Login | INFO: Tag[ view_parse ] --END-- [ RunTime:0.006569s ]
[ 2017-04-25T16:54:29+08:00 ] /web/index.php/Login | INFO: Tag[ view_filter ] --START--
[ 2017-04-25T16:54:29+08:00 ] /web/index.php/Login | INFO: Run ContentReplace Behavior [ RunTime:0.000333s ]
[ 2017-04-25T16:54:29+08:00 ] /web/index.php/Login | INFO: Run TokenBuild Behavior [ RunTime:0.000353s ]
[ 2017-04-25T16:54:29+08:00 ] /web/index.php/Login | INFO: Run WriteHtmlCache Behavior [ RunTime:0.000203s ]
[ 2017-04-25T16:54:29+08:00 ] /web/index.php/Login | INFO: Run ShowRuntime Behavior [ RunTime:0.000417s ]
[ 2017-04-25T16:54:29+08:00 ] /web/index.php/Login | INFO: Tag[ view_filter ] --END-- [ RunTime:0.001429s ]
[ 2017-04-25T16:54:29+08:00 ] /web/index.php/Login | NOTIC: [2] Cannot modify header information - headers already sent by (output started at F:\nginx-1.8.1\html\web\Common\common.php:1) View.class.php 第 120 行.
[ 2017-04-25T16:54:29+08:00 ] /web/index.php/Login | NOTIC: [2] Cannot modify header information - headers already sent by (output started at F:\nginx-1.8.1\html\web\Common\common.php:1) View.class.php 第 121 行.
[ 2017-04-25T16:54:29+08:00 ] /web/index.php/Login | NOTIC: [2] Cannot modify header information - headers already sent by (output started at F:\nginx-1.8.1\html\web\Common\common.php:1) View.class.php 第 122 行.
[ 2017-04-25T16:54:29+08:00 ] /web/index.php/Login | INFO: Tag[ view_end ] --START--
[ 2017-04-25T16:54:29+08:00 ] /web/index.php/Login | INFO: Run ShowPageTrace Behavior [ RunTime:0.000513s ]
[ 2017-04-25T16:54:29+08:00 ] /web/index.php/Login | INFO: Tag[ view_end ] --END-- [ RunTime:0.000560s ]
[ 2017-04-25T16:54:32+08:00 ] /web/index.php/Login/userCheck | INFO: Tag[ route_check ] --START--
[ 2017-04-25T16:54:32+08:00 ] /web/index.php/Login/userCheck | INFO: Run CheckRoute Behavior [ RunTime:0.000582s ]
[ 2017-04-25T16:54:32+08:00 ] /web/index.php/Login/userCheck | INFO: Tag[ route_check ] --END-- [ RunTime:0.000640s ]
[ 2017-04-25T16:54:32+08:00 ] /web/index.php/Login/userCheck | INFO: Tag[ app_begin ] --START--
[ 2017-04-25T16:54:32+08:00 ] /web/index.php/Login/userCheck | INFO: Run ReadHtmlCache Behavior [ RunTime:0.000362s ]
[ 2017-04-25T16:54:32+08:00 ] /web/index.php/Login/userCheck | INFO: Tag[ app_begin ] --END-- [ RunTime:0.000394s ]
[ 2017-04-25T16:54:32+08:00 ] /web/index.php/Login/userCheck | NOTIC: [8] A session had already been started - ignoring session_start() functions.php 第 411 行.
[ 2017-04-25T16:54:32+08:00 ] /web/index.php/Login/userCheck | NOTIC: [8] A session had already been started - ignoring session_start() LoginAction.class.php 第 5 行.
[ 2017-04-25T16:54:32+08:00 ] /web/index.php/Login/userCheck | NOTIC: [8] Undefined index:  aa LoginAction.class.php 第 27 行.
[ 2017-04-25T16:54:32+08:00 ] /web/index.php/Login/userCheck | SQL: select * from QPPlatformManagerDB.dbo.Base_Users where Username = 'admin' and Password = 'E10ADC3949BA59ABBE56E057F20F883E' and Nullity=0 [ RunTime:0.000420s ]
[ 2017-04-25T16:54:32+08:00 ] /web/index.php/Login/userCheck | SQL: select * from QPStatisticsDB.dbo.quanxian where name = 'admin'  [ RunTime:0.014811s ]
[ 2017-04-25T16:54:32+08:00 ] /web/index.php/Login/userCheck | SQL: update QPPlatformManagerDB.dbo.Base_Users set PreLogintime="04 25 2017 11:28AM",PreLoginIP=" ",LastLogintime="2017-04-25 16:54:32",LastLoginIP="",LoginTimes=LoginTimes+1 where UserID = 14 [ RunTime:0.005141s ]
[ 2017-04-25T16:54:32+08:00 ] /web/index.php/Login/userCheck | NOTIC: [2] mssql_num_rows(): supplied argument is not a valid MS SQL-result resource DbMssql.class.php 第 111 行.
[ 2017-04-25T16:54:32+08:00 ] /web/index.php/User | INFO: Tag[ route_check ] --START--
[ 2017-04-25T16:54:32+08:00 ] /web/index.php/User | INFO: Run CheckRoute Behavior [ RunTime:0.000584s ]
[ 2017-04-25T16:54:32+08:00 ] /web/index.php/User | INFO: Tag[ route_check ] --END-- [ RunTime:0.000653s ]
[ 2017-04-25T16:54:32+08:00 ] /web/index.php/User | INFO: Tag[ app_begin ] --START--
[ 2017-04-25T16:54:32+08:00 ] /web/index.php/User | INFO: Run ReadHtmlCache Behavior [ RunTime:0.000370s ]
[ 2017-04-25T16:54:32+08:00 ] /web/index.php/User | INFO: Tag[ app_begin ] --END-- [ RunTime:0.000414s ]
[ 2017-04-25T16:54:32+08:00 ] /web/index.php/User | NOTIC: [8] A session had already been started - ignoring session_start() functions.php 第 411 行.
[ 2017-04-25T16:54:32+08:00 ] /web/index.php/User | NOTIC: [8] A session had already been started - ignoring session_start() UserAction.class.php 第 6 行.
[ 2017-04-25T16:54:32+08:00 ] /web/index.php/User | INFO: Tag[ view_template ] --START--
[ 2017-04-25T16:54:32+08:00 ] /web/index.php/User | INFO: Run LocationTemplate Behavior [ RunTime:0.013707s ]
[ 2017-04-25T16:54:32+08:00 ] /web/index.php/User | INFO: Tag[ view_template ] --END-- [ RunTime:0.013803s ]
[ 2017-04-25T16:54:32+08:00 ] /web/index.php/User | INFO: Tag[ view_parse ] --START--
[ 2017-04-25T16:54:32+08:00 ] /web/index.php/User | NOTIC: [8] A session had already been started - ignoring session_start() head.html 第 3 行.
[ 2017-04-25T16:54:32+08:00 ] /web/index.php/User | INFO: Run ParseTemplate Behavior [ RunTime:0.042971s ]
[ 2017-04-25T16:54:32+08:00 ] /web/index.php/User | INFO: Tag[ view_parse ] --END-- [ RunTime:0.043063s ]
[ 2017-04-25T16:54:32+08:00 ] /web/index.php/User | INFO: Tag[ view_filter ] --START--
[ 2017-04-25T16:54:32+08:00 ] /web/index.php/User | INFO: Run ContentReplace Behavior [ RunTime:0.000785s ]
[ 2017-04-25T16:54:32+08:00 ] /web/index.php/User | INFO: Run TokenBuild Behavior [ RunTime:0.000830s ]
[ 2017-04-25T16:54:32+08:00 ] /web/index.php/User | INFO: Run WriteHtmlCache Behavior [ RunTime:0.000404s ]
[ 2017-04-25T16:54:32+08:00 ] /web/index.php/User | INFO: Run ShowRuntime Behavior [ RunTime:0.000738s ]
[ 2017-04-25T16:54:32+08:00 ] /web/index.php/User | INFO: Tag[ view_filter ] --END-- [ RunTime:0.002981s ]
[ 2017-04-25T16:54:32+08:00 ] /web/index.php/User | NOTIC: [2] Cannot modify header information - headers already sent by (output started at F:\nginx-1.8.1\html\web\Common\common.php:1) View.class.php 第 120 行.
[ 2017-04-25T16:54:32+08:00 ] /web/index.php/User | NOTIC: [2] Cannot modify header information - headers already sent by (output started at F:\nginx-1.8.1\html\web\Common\common.php:1) View.class.php 第 121 行.
[ 2017-04-25T16:54:32+08:00 ] /web/index.php/User | NOTIC: [2] Cannot modify header information - headers already sent by (output started at F:\nginx-1.8.1\html\web\Common\common.php:1) View.class.php 第 122 行.
[ 2017-04-25T16:54:32+08:00 ] /web/index.php/User | INFO: Tag[ view_end ] --START--
[ 2017-04-25T16:54:32+08:00 ] /web/index.php/User | INFO: Run ShowPageTrace Behavior [ RunTime:0.000821s ]
[ 2017-04-25T16:54:32+08:00 ] /web/index.php/User | INFO: Tag[ view_end ] --END-- [ RunTime:0.000912s ]
[ 2017-04-25T17:19:16+08:00 ] /web/index.php/Login | INFO: Tag[ route_check ] --START--
[ 2017-04-25T17:19:16+08:00 ] /web/index.php/Login | INFO: Run CheckRoute Behavior [ RunTime:0.002347s ]
[ 2017-04-25T17:19:16+08:00 ] /web/index.php/Login | INFO: Tag[ route_check ] --END-- [ RunTime:0.002525s ]
[ 2017-04-25T17:19:16+08:00 ] /web/index.php/Login | INFO: Tag[ app_begin ] --START--
[ 2017-04-25T17:19:16+08:00 ] /web/index.php/Login | INFO: Run ReadHtmlCache Behavior [ RunTime:0.001853s ]
[ 2017-04-25T17:19:16+08:00 ] /web/index.php/Login | INFO: Tag[ app_begin ] --END-- [ RunTime:0.001946s ]
[ 2017-04-25T17:19:16+08:00 ] /web/index.php/Login | NOTIC: [8] A session had already been started - ignoring session_start() functions.php 第 411 行.
[ 2017-04-25T17:19:16+08:00 ] /web/index.php/Login | NOTIC: [8] A session had already been started - ignoring session_start() LoginAction.class.php 第 5 行.
[ 2017-04-25T17:19:16+08:00 ] /web/index.php/Login | INFO: Tag[ view_template ] --START--
[ 2017-04-25T17:19:16+08:00 ] /web/index.php/Login | INFO: Run LocationTemplate Behavior [ RunTime:0.001859s ]
[ 2017-04-25T17:19:16+08:00 ] /web/index.php/Login | INFO: Tag[ view_template ] --END-- [ RunTime:0.001971s ]
[ 2017-04-25T17:19:16+08:00 ] /web/index.php/Login | INFO: Tag[ view_parse ] --START--
[ 2017-04-25T17:19:16+08:00 ] /web/index.php/Login | INFO: Run ParseTemplate Behavior [ RunTime:0.008884s ]
[ 2017-04-25T17:19:16+08:00 ] /web/index.php/Login | INFO: Tag[ view_parse ] --END-- [ RunTime:0.008967s ]
[ 2017-04-25T17:19:16+08:00 ] /web/index.php/Login | INFO: Tag[ view_filter ] --START--
[ 2017-04-25T17:19:16+08:00 ] /web/index.php/Login | INFO: Run ContentReplace Behavior [ RunTime:0.000759s ]
[ 2017-04-25T17:19:16+08:00 ] /web/index.php/Login | INFO: Run TokenBuild Behavior [ RunTime:0.001031s ]
[ 2017-04-25T17:19:16+08:00 ] /web/index.php/Login | INFO: Run WriteHtmlCache Behavior [ RunTime:0.000699s ]
[ 2017-04-25T17:19:16+08:00 ] /web/index.php/Login | INFO: Run ShowRuntime Behavior [ RunTime:0.000812s ]
[ 2017-04-25T17:19:16+08:00 ] /web/index.php/Login | INFO: Tag[ view_filter ] --END-- [ RunTime:0.003454s ]
[ 2017-04-25T17:19:16+08:00 ] /web/index.php/Login | NOTIC: [2] Cannot modify header information - headers already sent by (output started at F:\nginx-1.8.1\html\web\Common\common.php:1) View.class.php 第 120 行.
[ 2017-04-25T17:19:16+08:00 ] /web/index.php/Login | NOTIC: [2] Cannot modify header information - headers already sent by (output started at F:\nginx-1.8.1\html\web\Common\common.php:1) View.class.php 第 121 行.
[ 2017-04-25T17:19:16+08:00 ] /web/index.php/Login | NOTIC: [2] Cannot modify header information - headers already sent by (output started at F:\nginx-1.8.1\html\web\Common\common.php:1) View.class.php 第 122 行.
[ 2017-04-25T17:19:16+08:00 ] /web/index.php/Login | INFO: Tag[ view_end ] --START--
[ 2017-04-25T17:19:16+08:00 ] /web/index.php/Login | INFO: Run ShowPageTrace Behavior [ RunTime:0.000841s ]
[ 2017-04-25T17:19:16+08:00 ] /web/index.php/Login | INFO: Tag[ view_end ] --END-- [ RunTime:0.000887s ]
[ 2017-04-25T17:19:20+08:00 ] /web/index.php/Login/userCheck | INFO: Tag[ route_check ] --START--
[ 2017-04-25T17:19:20+08:00 ] /web/index.php/Login/userCheck | INFO: Run CheckRoute Behavior [ RunTime:0.000737s ]
[ 2017-04-25T17:19:20+08:00 ] /web/index.php/Login/userCheck | INFO: Tag[ route_check ] --END-- [ RunTime:0.000810s ]
[ 2017-04-25T17:19:20+08:00 ] /web/index.php/Login/userCheck | INFO: Tag[ app_begin ] --START--
[ 2017-04-25T17:19:20+08:00 ] /web/index.php/Login/userCheck | INFO: Run ReadHtmlCache Behavior [ RunTime:0.000504s ]
[ 2017-04-25T17:19:20+08:00 ] /web/index.php/Login/userCheck | INFO: Tag[ app_begin ] --END-- [ RunTime:0.000547s ]
[ 2017-04-25T17:19:20+08:00 ] /web/index.php/Login/userCheck | NOTIC: [8] A session had already been started - ignoring session_start() functions.php 第 411 行.
[ 2017-04-25T17:19:20+08:00 ] /web/index.php/Login/userCheck | NOTIC: [8] A session had already been started - ignoring session_start() LoginAction.class.php 第 5 行.
[ 2017-04-25T17:19:20+08:00 ] /web/index.php/Login/userCheck | NOTIC: [8] Undefined index:  aa LoginAction.class.php 第 27 行.
[ 2017-04-25T17:19:20+08:00 ] /web/index.php/Login/userCheck | SQL: select * from QPPlatformManagerDB.dbo.Base_Users where Username = 'admin' and Password = '827CCB0EEA8A706C4C34A16891F84E7B' and Nullity=0 [ RunTime:0.002046s ]
[ 2017-04-25T17:19:20+08:00 ] /web/index.php/Login/userCheck | NOTIC: [8] Undefined offset:  0 LoginAction.class.php 第 34 行.
[ 2017-04-25T17:19:22+08:00 ] /web/index.php/Login | INFO: Tag[ route_check ] --START--
[ 2017-04-25T17:19:22+08:00 ] /web/index.php/Login | INFO: Run CheckRoute Behavior [ RunTime:0.000692s ]
[ 2017-04-25T17:19:22+08:00 ] /web/index.php/Login | INFO: Tag[ route_check ] --END-- [ RunTime:0.000783s ]
[ 2017-04-25T17:19:22+08:00 ] /web/index.php/Login | INFO: Tag[ app_begin ] --START--
[ 2017-04-25T17:19:22+08:00 ] /web/index.php/Login | INFO: Run ReadHtmlCache Behavior [ RunTime:0.000392s ]
[ 2017-04-25T17:19:22+08:00 ] /web/index.php/Login | INFO: Tag[ app_begin ] --END-- [ RunTime:0.000427s ]
[ 2017-04-25T17:19:22+08:00 ] /web/index.php/Login | NOTIC: [8] A session had already been started - ignoring session_start() functions.php 第 411 行.
[ 2017-04-25T17:19:22+08:00 ] /web/index.php/Login | NOTIC: [8] A session had already been started - ignoring session_start() LoginAction.class.php 第 5 行.
[ 2017-04-25T17:19:22+08:00 ] /web/index.php/Login | INFO: Tag[ view_template ] --START--
[ 2017-04-25T17:19:22+08:00 ] /web/index.php/Login | INFO: Run LocationTemplate Behavior [ RunTime:0.000405s ]
[ 2017-04-25T17:19:22+08:00 ] /web/index.php/Login | INFO: Tag[ view_template ] --END-- [ RunTime:0.000440s ]
[ 2017-04-25T17:19:22+08:00 ] /web/index.php/Login | INFO: Tag[ view_parse ] --START--
[ 2017-04-25T17:19:22+08:00 ] /web/index.php/Login | INFO: Run ParseTemplate Behavior [ RunTime:0.004937s ]
[ 2017-04-25T17:19:22+08:00 ] /web/index.php/Login | INFO: Tag[ view_parse ] --END-- [ RunTime:0.004982s ]
[ 2017-04-25T17:19:22+08:00 ] /web/index.php/Login | INFO: Tag[ view_filter ] --START--
[ 2017-04-25T17:19:22+08:00 ] /web/index.php/Login | INFO: Run ContentReplace Behavior [ RunTime:0.000225s ]
[ 2017-04-25T17:19:22+08:00 ] /web/index.php/Login | INFO: Run TokenBuild Behavior [ RunTime:0.000258s ]
[ 2017-04-25T17:19:22+08:00 ] /web/index.php/Login | INFO: Run WriteHtmlCache Behavior [ RunTime:0.000151s ]
[ 2017-04-25T17:19:22+08:00 ] /web/index.php/Login | INFO: Run ShowRuntime Behavior [ RunTime:0.000298s ]
[ 2017-04-25T17:19:22+08:00 ] /web/index.php/Login | INFO: Tag[ view_filter ] --END-- [ RunTime:0.001026s ]
[ 2017-04-25T17:19:22+08:00 ] /web/index.php/Login | NOTIC: [2] Cannot modify header information - headers already sent by (output started at F:\nginx-1.8.1\html\web\Common\common.php:1) View.class.php 第 120 行.
[ 2017-04-25T17:19:22+08:00 ] /web/index.php/Login | NOTIC: [2] Cannot modify header information - headers already sent by (output started at F:\nginx-1.8.1\html\web\Common\common.php:1) View.class.php 第 121 行.
[ 2017-04-25T17:19:22+08:00 ] /web/index.php/Login | NOTIC: [2] Cannot modify header information - headers already sent by (output started at F:\nginx-1.8.1\html\web\Common\common.php:1) View.class.php 第 122 行.
[ 2017-04-25T17:19:22+08:00 ] /web/index.php/Login | INFO: Tag[ view_end ] --START--
[ 2017-04-25T17:19:22+08:00 ] /web/index.php/Login | INFO: Run ShowPageTrace Behavior [ RunTime:0.000317s ]
[ 2017-04-25T17:19:22+08:00 ] /web/index.php/Login | INFO: Tag[ view_end ] --END-- [ RunTime:0.000348s ]
[ 2017-04-25T17:19:27+08:00 ] /web/index.php/Login/userCheck | INFO: Tag[ route_check ] --START--
[ 2017-04-25T17:19:27+08:00 ] /web/index.php/Login/userCheck | INFO: Run CheckRoute Behavior [ RunTime:0.000738s ]
[ 2017-04-25T17:19:27+08:00 ] /web/index.php/Login/userCheck | INFO: Tag[ route_check ] --END-- [ RunTime:0.000812s ]
[ 2017-04-25T17:19:27+08:00 ] /web/index.php/Login/userCheck | INFO: Tag[ app_begin ] --START--
[ 2017-04-25T17:19:27+08:00 ] /web/index.php/Login/userCheck | INFO: Run ReadHtmlCache Behavior [ RunTime:0.000479s ]
[ 2017-04-25T17:19:27+08:00 ] /web/index.php/Login/userCheck | INFO: Tag[ app_begin ] --END-- [ RunTime:0.000521s ]
[ 2017-04-25T17:19:27+08:00 ] /web/index.php/Login/userCheck | NOTIC: [8] A session had already been started - ignoring session_start() functions.php 第 411 行.
[ 2017-04-25T17:19:27+08:00 ] /web/index.php/Login/userCheck | NOTIC: [8] A session had already been started - ignoring session_start() LoginAction.class.php 第 5 行.
[ 2017-04-25T17:19:27+08:00 ] /web/index.php/Login/userCheck | NOTIC: [8] Undefined index:  aa LoginAction.class.php 第 27 行.
[ 2017-04-25T17:19:27+08:00 ] /web/index.php/Login/userCheck | SQL: select * from QPPlatformManagerDB.dbo.Base_Users where Username = 'admin' and Password = 'E10ADC3949BA59ABBE56E057F20F883E' and Nullity=0 [ RunTime:0.000362s ]
[ 2017-04-25T17:19:27+08:00 ] /web/index.php/Login/userCheck | SQL: select * from QPStatisticsDB.dbo.quanxian where name = 'admin'  [ RunTime:0.001044s ]
[ 2017-04-25T17:19:27+08:00 ] /web/index.php/Login/userCheck | SQL: update QPPlatformManagerDB.dbo.Base_Users set PreLogintime="04 25 2017  4:54PM",PreLoginIP=" ",LastLogintime="2017-04-25 17:19:27",LastLoginIP="",LoginTimes=LoginTimes+1 where UserID = 14 [ RunTime:0.008512s ]
[ 2017-04-25T17:19:27+08:00 ] /web/index.php/Login/userCheck | NOTIC: [2] mssql_num_rows(): supplied argument is not a valid MS SQL-result resource DbMssql.class.php 第 111 行.
[ 2017-04-25T17:19:27+08:00 ] /web/index.php/User | INFO: Tag[ route_check ] --START--
[ 2017-04-25T17:19:27+08:00 ] /web/index.php/User | INFO: Run CheckRoute Behavior [ RunTime:0.000892s ]
[ 2017-04-25T17:19:27+08:00 ] /web/index.php/User | INFO: Tag[ route_check ] --END-- [ RunTime:0.001018s ]
[ 2017-04-25T17:19:27+08:00 ] /web/index.php/User | INFO: Tag[ app_begin ] --START--
[ 2017-04-25T17:19:27+08:00 ] /web/index.php/User | INFO: Run ReadHtmlCache Behavior [ RunTime:0.000413s ]
[ 2017-04-25T17:19:27+08:00 ] /web/index.php/User | INFO: Tag[ app_begin ] --END-- [ RunTime:0.000451s ]
[ 2017-04-25T17:19:27+08:00 ] /web/index.php/User | NOTIC: [8] A session had already been started - ignoring session_start() functions.php 第 411 行.
[ 2017-04-25T17:19:27+08:00 ] /web/index.php/User | NOTIC: [8] A session had already been started - ignoring session_start() UserAction.class.php 第 6 行.
[ 2017-04-25T17:19:27+08:00 ] /web/index.php/User | INFO: Tag[ view_template ] --START--
[ 2017-04-25T17:19:27+08:00 ] /web/index.php/User | INFO: Run LocationTemplate Behavior [ RunTime:0.000729s ]
[ 2017-04-25T17:19:27+08:00 ] /web/index.php/User | INFO: Tag[ view_template ] --END-- [ RunTime:0.000771s ]
[ 2017-04-25T17:19:27+08:00 ] /web/index.php/User | INFO: Tag[ view_parse ] --START--
[ 2017-04-25T17:19:27+08:00 ] /web/index.php/User | NOTIC: [8] A session had already been started - ignoring session_start() head.html 第 3 行.
[ 2017-04-25T17:19:27+08:00 ] /web/index.php/User | INFO: Run ParseTemplate Behavior [ RunTime:0.005512s ]
[ 2017-04-25T17:19:27+08:00 ] /web/index.php/User | INFO: Tag[ view_parse ] --END-- [ RunTime:0.005545s ]
[ 2017-04-25T17:19:27+08:00 ] /web/index.php/User | INFO: Tag[ view_filter ] --START--
[ 2017-04-25T17:19:27+08:00 ] /web/index.php/User | INFO: Run ContentReplace Behavior [ RunTime:0.000291s ]
[ 2017-04-25T17:19:27+08:00 ] /web/index.php/User | INFO: Run TokenBuild Behavior [ RunTime:0.000347s ]
[ 2017-04-25T17:19:27+08:00 ] /web/index.php/User | INFO: Run WriteHtmlCache Behavior [ RunTime:0.000153s ]
[ 2017-04-25T17:19:27+08:00 ] /web/index.php/User | INFO: Run ShowRuntime Behavior [ RunTime:0.000325s ]
[ 2017-04-25T17:19:27+08:00 ] /web/index.php/User | INFO: Tag[ view_filter ] --END-- [ RunTime:0.001206s ]
[ 2017-04-25T17:19:27+08:00 ] /web/index.php/User | NOTIC: [2] Cannot modify header information - headers already sent by (output started at F:\nginx-1.8.1\html\web\Common\common.php:1) View.class.php 第 120 行.
[ 2017-04-25T17:19:27+08:00 ] /web/index.php/User | NOTIC: [2] Cannot modify header information - headers already sent by (output started at F:\nginx-1.8.1\html\web\Common\common.php:1) View.class.php 第 121 行.
[ 2017-04-25T17:19:27+08:00 ] /web/index.php/User | NOTIC: [2] Cannot modify header information - headers already sent by (output started at F:\nginx-1.8.1\html\web\Common\common.php:1) View.class.php 第 122 行.
[ 2017-04-25T17:19:27+08:00 ] /web/index.php/User | INFO: Tag[ view_end ] --START--
[ 2017-04-25T17:19:27+08:00 ] /web/index.php/User | INFO: Run ShowPageTrace Behavior [ RunTime:0.000317s ]
[ 2017-04-25T17:19:27+08:00 ] /web/index.php/User | INFO: Tag[ view_end ] --END-- [ RunTime:0.000353s ]
