[ 2016-11-23T00:47:17+08:00 ] /index.php/Login | INFO: Tag[ route_check ] --START--
[ 2016-11-23T00:47:17+08:00 ] /index.php/Login | INFO: Run CheckRoute Behavior [ RunTime:0.002802s ]
[ 2016-11-23T00:47:17+08:00 ] /index.php/Login | INFO: Tag[ route_check ] --END-- [ RunTime:0.002932s ]
[ 2016-11-23T00:47:17+08:00 ] /index.php/Login | INFO: Tag[ app_begin ] --START--
[ 2016-11-23T00:47:17+08:00 ] /index.php/Login | INFO: Run ReadHtmlCache Behavior [ RunTime:0.002153s ]
[ 2016-11-23T00:47:17+08:00 ] /index.php/Login | INFO: Tag[ app_begin ] --END-- [ RunTime:0.002257s ]
[ 2016-11-23T00:47:17+08:00 ] /index.php/Login | INFO: Tag[ view_template ] --START--
[ 2016-11-23T00:47:17+08:00 ] /index.php/Login | INFO: Run LocationTemplate Behavior [ RunTime:0.002886s ]
[ 2016-11-23T00:47:17+08:00 ] /index.php/Login | INFO: Tag[ view_template ] --END-- [ RunTime:0.003001s ]
[ 2016-11-23T00:47:17+08:00 ] /index.php/Login | INFO: Tag[ view_parse ] --START--
[ 2016-11-23T00:47:17+08:00 ] /index.php/Login | INFO: Run ParseTemplate Behavior [ RunTime:0.019977s ]
[ 2016-11-23T00:47:17+08:00 ] /index.php/Login | INFO: Tag[ view_parse ] --END-- [ RunTime:0.020089s ]
[ 2016-11-23T00:47:17+08:00 ] /index.php/Login | INFO: Tag[ view_filter ] --START--
[ 2016-11-23T00:47:17+08:00 ] /index.php/Login | INFO: Run ContentReplace Behavior [ RunTime:0.001714s ]
[ 2016-11-23T00:47:17+08:00 ] /index.php/Login | INFO: Run TokenBuild Behavior [ RunTime:0.001838s ]
[ 2016-11-23T00:47:17+08:00 ] /index.php/Login | INFO: Run WriteHtmlCache Behavior [ RunTime:0.001531s ]
[ 2016-11-23T00:47:17+08:00 ] /index.php/Login | INFO: Run ShowRuntime Behavior [ RunTime:0.001946s ]
[ 2016-11-23T00:47:17+08:00 ] /index.php/Login | INFO: Tag[ view_filter ] --END-- [ RunTime:0.007315s ]
[ 2016-11-23T00:47:17+08:00 ] /index.php/Login | INFO: Tag[ view_end ] --START--
[ 2016-11-23T00:47:17+08:00 ] /index.php/Login | INFO: Run ShowPageTrace Behavior [ RunTime:0.001982s ]
[ 2016-11-23T00:47:17+08:00 ] /index.php/Login | INFO: Tag[ view_end ] --END-- [ RunTime:0.002083s ]
[ 2016-11-23T03:01:34+08:00 ] / | INFO: Tag[ app_begin ] --START--
[ 2016-11-23T03:01:34+08:00 ] / | INFO: Run ReadHtmlCache Behavior [ RunTime:0.001662s ]
[ 2016-11-23T03:01:34+08:00 ] / | INFO: Tag[ app_begin ] --END-- [ RunTime:0.001826s ]
[ 2016-11-23T03:35:06+08:00 ] / | INFO: Tag[ app_begin ] --START--
[ 2016-11-23T03:35:06+08:00 ] / | INFO: Run ReadHtmlCache Behavior [ RunTime:0.001667s ]
[ 2016-11-23T03:35:06+08:00 ] / | INFO: Tag[ app_begin ] --END-- [ RunTime:0.001832s ]
[ 2016-11-23T08:30:34+08:00 ] http://www.baidu.com/ | INFO: Tag[ app_begin ] --START--
[ 2016-11-23T08:30:34+08:00 ] http://www.baidu.com/ | INFO: Run ReadHtmlCache Behavior [ RunTime:0.001683s ]
[ 2016-11-23T08:30:34+08:00 ] http://www.baidu.com/ | INFO: Tag[ app_begin ] --END-- [ RunTime:0.001817s ]
[ 2016-11-23T08:33:13+08:00 ] / | INFO: Tag[ app_begin ] --START--
[ 2016-11-23T08:33:13+08:00 ] / | INFO: Run ReadHtmlCache Behavior [ RunTime:0.001740s ]
[ 2016-11-23T08:33:13+08:00 ] / | INFO: Tag[ app_begin ] --END-- [ RunTime:0.001863s ]
[ 2016-11-23T09:07:03+08:00 ] / | INFO: Tag[ app_begin ] --START--
[ 2016-11-23T09:07:03+08:00 ] / | INFO: Run ReadHtmlCache Behavior [ RunTime:0.001671s ]
[ 2016-11-23T09:07:03+08:00 ] / | INFO: Tag[ app_begin ] --END-- [ RunTime:0.001793s ]
[ 2016-11-23T10:15:38+08:00 ] / | INFO: Tag[ app_begin ] --START--
[ 2016-11-23T10:15:38+08:00 ] / | INFO: Run ReadHtmlCache Behavior [ RunTime:0.001646s ]
[ 2016-11-23T10:15:38+08:00 ] / | INFO: Tag[ app_begin ] --END-- [ RunTime:0.001770s ]
[ 2016-11-23T11:36:39+08:00 ] http://m.baidu.com/?rands=_1488036901226015824203408 | INFO: Tag[ app_begin ] --START--
[ 2016-11-23T11:36:39+08:00 ] http://m.baidu.com/?rands=_1488036901226015824203408 | INFO: Run ReadHtmlCache Behavior [ RunTime:0.001658s ]
[ 2016-11-23T11:36:39+08:00 ] http://m.baidu.com/?rands=_1488036901226015824203408 | INFO: Tag[ app_begin ] --END-- [ RunTime:0.001799s ]
[ 2016-11-23T11:36:40+08:00 ] http://www.sogou.com/?rands=_1624784915025580882338456 | INFO: Tag[ app_begin ] --START--
[ 2016-11-23T11:36:40+08:00 ] http://www.sogou.com/?rands=_1624784915025580882338456 | INFO: Run ReadHtmlCache Behavior [ RunTime:0.001088s ]
[ 2016-11-23T11:36:40+08:00 ] http://www.sogou.com/?rands=_1624784915025580882338456 | INFO: Tag[ app_begin ] --END-- [ RunTime:0.001219s ]
[ 2016-11-23T13:54:45+08:00 ] /qudao/ | INFO: Tag[ app_begin ] --START--
[ 2016-11-23T13:54:45+08:00 ] /qudao/ | INFO: Run ReadHtmlCache Behavior [ RunTime:0.001662s ]
[ 2016-11-23T13:54:45+08:00 ] /qudao/ | INFO: Tag[ app_begin ] --END-- [ RunTime:0.001825s ]
[ 2016-11-23T13:54:45+08:00 ] /qudao/index.php/User/index | INFO: Tag[ route_check ] --START--
[ 2016-11-23T13:54:45+08:00 ] /qudao/index.php/User/index | INFO: Run CheckRoute Behavior [ RunTime:0.002308s ]
[ 2016-11-23T13:54:45+08:00 ] /qudao/index.php/User/index | INFO: Tag[ route_check ] --END-- [ RunTime:0.002472s ]
[ 2016-11-23T13:54:45+08:00 ] /qudao/index.php/User/index | INFO: Tag[ app_begin ] --START--
[ 2016-11-23T13:54:45+08:00 ] /qudao/index.php/User/index | INFO: Run ReadHtmlCache Behavior [ RunTime:0.001082s ]
[ 2016-11-23T13:54:45+08:00 ] /qudao/index.php/User/index | INFO: Tag[ app_begin ] --END-- [ RunTime:0.001191s ]
[ 2016-11-23T13:54:46+08:00 ] /qudao/index.php/Login | INFO: Tag[ route_check ] --START--
[ 2016-11-23T13:54:46+08:00 ] /qudao/index.php/Login | INFO: Run CheckRoute Behavior [ RunTime:0.001746s ]
[ 2016-11-23T13:54:46+08:00 ] /qudao/index.php/Login | INFO: Tag[ route_check ] --END-- [ RunTime:0.001909s ]
[ 2016-11-23T13:54:46+08:00 ] /qudao/index.php/Login | INFO: Tag[ app_begin ] --START--
[ 2016-11-23T13:54:46+08:00 ] /qudao/index.php/Login | INFO: Run ReadHtmlCache Behavior [ RunTime:0.001428s ]
[ 2016-11-23T13:54:46+08:00 ] /qudao/index.php/Login | INFO: Tag[ app_begin ] --END-- [ RunTime:0.001536s ]
[ 2016-11-23T13:54:46+08:00 ] /qudao/index.php/Login | INFO: Tag[ view_template ] --START--
[ 2016-11-23T13:54:46+08:00 ] /qudao/index.php/Login | INFO: Run LocationTemplate Behavior [ RunTime:0.001968s ]
[ 2016-11-23T13:54:46+08:00 ] /qudao/index.php/Login | INFO: Tag[ view_template ] --END-- [ RunTime:0.002089s ]
[ 2016-11-23T13:54:46+08:00 ] /qudao/index.php/Login | INFO: Tag[ view_parse ] --START--
[ 2016-11-23T13:54:46+08:00 ] /qudao/index.php/Login | INFO: Run ParseTemplate Behavior [ RunTime:0.017433s ]
[ 2016-11-23T13:54:46+08:00 ] /qudao/index.php/Login | INFO: Tag[ view_parse ] --END-- [ RunTime:0.017552s ]
[ 2016-11-23T13:54:46+08:00 ] /qudao/index.php/Login | INFO: Tag[ view_filter ] --START--
[ 2016-11-23T13:54:46+08:00 ] /qudao/index.php/Login | INFO: Run ContentReplace Behavior [ RunTime:0.001214s ]
[ 2016-11-23T13:54:46+08:00 ] /qudao/index.php/Login | INFO: Run TokenBuild Behavior [ RunTime:0.001861s ]
[ 2016-11-23T13:54:46+08:00 ] /qudao/index.php/Login | INFO: Run WriteHtmlCache Behavior [ RunTime:0.001535s ]
[ 2016-11-23T13:54:46+08:00 ] /qudao/index.php/Login | INFO: Run ShowRuntime Behavior [ RunTime:0.001982s ]
[ 2016-11-23T13:54:46+08:00 ] /qudao/index.php/Login | INFO: Tag[ view_filter ] --END-- [ RunTime:0.006894s ]
[ 2016-11-23T13:54:46+08:00 ] /qudao/index.php/Login | INFO: Tag[ view_end ] --START--
[ 2016-11-23T13:54:46+08:00 ] /qudao/index.php/Login | INFO: Run ShowPageTrace Behavior [ RunTime:0.002131s ]
[ 2016-11-23T13:54:46+08:00 ] /qudao/index.php/Login | INFO: Tag[ view_end ] --END-- [ RunTime:0.002238s ]
[ 2016-11-23T13:54:46+08:00 ] /qudao/index.php/Login/verify | INFO: Tag[ route_check ] --START--
[ 2016-11-23T13:54:46+08:00 ] /qudao/index.php/Login/verify | INFO: Run CheckRoute Behavior [ RunTime:0.001742s ]
[ 2016-11-23T13:54:46+08:00 ] /qudao/index.php/Login/verify | INFO: Tag[ route_check ] --END-- [ RunTime:0.001904s ]
[ 2016-11-23T13:54:46+08:00 ] /qudao/index.php/Login/verify | INFO: Tag[ app_begin ] --START--
[ 2016-11-23T13:54:46+08:00 ] /qudao/index.php/Login/verify | INFO: Run ReadHtmlCache Behavior [ RunTime:0.001083s ]
[ 2016-11-23T13:54:46+08:00 ] /qudao/index.php/Login/verify | INFO: Tag[ app_begin ] --END-- [ RunTime:0.001192s ]
[ 2016-11-23T13:54:56+08:00 ] /qudao/index.php/Login/userCheck | INFO: Tag[ route_check ] --START--
[ 2016-11-23T13:54:56+08:00 ] /qudao/index.php/Login/userCheck | INFO: Run CheckRoute Behavior [ RunTime:0.002321s ]
[ 2016-11-23T13:54:56+08:00 ] /qudao/index.php/Login/userCheck | INFO: Tag[ route_check ] --END-- [ RunTime:0.002494s ]
[ 2016-11-23T13:54:56+08:00 ] /qudao/index.php/Login/userCheck | INFO: Tag[ app_begin ] --START--
[ 2016-11-23T13:54:56+08:00 ] /qudao/index.php/Login/userCheck | INFO: Run ReadHtmlCache Behavior [ RunTime:0.001661s ]
[ 2016-11-23T13:54:56+08:00 ] /qudao/index.php/Login/userCheck | INFO: Tag[ app_begin ] --END-- [ RunTime:0.001769s ]
[ 2016-11-23T13:54:56+08:00 ] /qudao/index.php/Login/userCheck | NOTIC: [8] A session had already been started - ignoring session_start() LoginAction.class.php 第 10 行.
[ 2016-11-23T13:54:56+08:00 ] /qudao/index.php/User | INFO: Tag[ route_check ] --START--
[ 2016-11-23T13:54:56+08:00 ] /qudao/index.php/User | INFO: Run CheckRoute Behavior [ RunTime:0.001023s ]
[ 2016-11-23T13:54:56+08:00 ] /qudao/index.php/User | INFO: Tag[ route_check ] --END-- [ RunTime:0.001122s ]
[ 2016-11-23T13:54:56+08:00 ] /qudao/index.php/User | INFO: Tag[ app_begin ] --START--
[ 2016-11-23T13:54:56+08:00 ] /qudao/index.php/User | INFO: Run ReadHtmlCache Behavior [ RunTime:0.000634s ]
[ 2016-11-23T13:54:56+08:00 ] /qudao/index.php/User | INFO: Tag[ app_begin ] --END-- [ RunTime:0.000697s ]
[ 2016-11-23T13:54:58+08:00 ] /qudao/index.php/User | INFO: Tag[ view_template ] --START--
[ 2016-11-23T13:54:58+08:00 ] /qudao/index.php/User | INFO: Run LocationTemplate Behavior [ RunTime:0.002037s ]
[ 2016-11-23T13:54:58+08:00 ] /qudao/index.php/User | INFO: Tag[ view_template ] --END-- [ RunTime:0.002174s ]
[ 2016-11-23T13:54:58+08:00 ] /qudao/index.php/User | INFO: Tag[ view_parse ] --START--
[ 2016-11-23T13:54:58+08:00 ] /qudao/index.php/User | INFO: Run ParseTemplate Behavior [ RunTime:0.018987s ]
[ 2016-11-23T13:54:58+08:00 ] /qudao/index.php/User | INFO: Tag[ view_parse ] --END-- [ RunTime:0.019103s ]
[ 2016-11-23T13:54:58+08:00 ] /qudao/index.php/User | INFO: Tag[ view_filter ] --START--
[ 2016-11-23T13:54:58+08:00 ] /qudao/index.php/User | INFO: Run ContentReplace Behavior [ RunTime:0.001301s ]
[ 2016-11-23T13:54:58+08:00 ] /qudao/index.php/User | INFO: Run TokenBuild Behavior [ RunTime:0.001903s ]
[ 2016-11-23T13:54:58+08:00 ] /qudao/index.php/User | INFO: Run WriteHtmlCache Behavior [ RunTime:0.001545s ]
[ 2016-11-23T13:54:58+08:00 ] /qudao/index.php/User | INFO: Run ShowRuntime Behavior [ RunTime:0.001991s ]
[ 2016-11-23T13:54:58+08:00 ] /qudao/index.php/User | INFO: Tag[ view_filter ] --END-- [ RunTime:0.007042s ]
[ 2016-11-23T13:54:58+08:00 ] /qudao/index.php/User | INFO: Tag[ view_end ] --START--
[ 2016-11-23T13:54:58+08:00 ] /qudao/index.php/User | INFO: Run ShowPageTrace Behavior [ RunTime:0.002004s ]
[ 2016-11-23T13:54:58+08:00 ] /qudao/index.php/User | INFO: Tag[ view_end ] --END-- [ RunTime:0.002110s ]
[ 2016-11-23T13:56:20+08:00 ] /index.php/Login | INFO: Tag[ route_check ] --START--
[ 2016-11-23T13:56:20+08:00 ] /index.php/Login | INFO: Run CheckRoute Behavior [ RunTime:0.002847s ]
[ 2016-11-23T13:56:20+08:00 ] /index.php/Login | INFO: Tag[ route_check ] --END-- [ RunTime:0.003019s ]
[ 2016-11-23T13:56:20+08:00 ] /index.php/Login | INFO: Tag[ app_begin ] --START--
[ 2016-11-23T13:56:20+08:00 ] /index.php/Login | INFO: Run ReadHtmlCache Behavior [ RunTime:0.002182s ]
[ 2016-11-23T13:56:20+08:00 ] /index.php/Login | INFO: Tag[ app_begin ] --END-- [ RunTime:0.002290s ]
[ 2016-11-23T13:56:20+08:00 ] /index.php/Login | INFO: Tag[ view_template ] --START--
[ 2016-11-23T13:56:20+08:00 ] /index.php/Login | INFO: Run LocationTemplate Behavior [ RunTime:0.002720s ]
[ 2016-11-23T13:56:20+08:00 ] /index.php/Login | INFO: Tag[ view_template ] --END-- [ RunTime:0.002852s ]
[ 2016-11-23T13:56:20+08:00 ] /index.php/Login | INFO: Tag[ view_parse ] --START--
[ 2016-11-23T13:56:20+08:00 ] /index.php/Login | INFO: Run ParseTemplate Behavior [ RunTime:0.019924s ]
[ 2016-11-23T13:56:20+08:00 ] /index.php/Login | INFO: Tag[ view_parse ] --END-- [ RunTime:0.020042s ]
[ 2016-11-23T13:56:20+08:00 ] /index.php/Login | INFO: Tag[ view_filter ] --START--
[ 2016-11-23T13:56:20+08:00 ] /index.php/Login | INFO: Run ContentReplace Behavior [ RunTime:0.001741s ]
[ 2016-11-23T13:56:20+08:00 ] /index.php/Login | INFO: Run TokenBuild Behavior [ RunTime:0.001874s ]
[ 2016-11-23T13:56:20+08:00 ] /index.php/Login | INFO: Run WriteHtmlCache Behavior [ RunTime:0.001554s ]
[ 2016-11-23T13:56:20+08:00 ] /index.php/Login | INFO: Run ShowRuntime Behavior [ RunTime:0.002073s ]
[ 2016-11-23T13:56:20+08:00 ] /index.php/Login | INFO: Tag[ view_filter ] --END-- [ RunTime:0.007540s ]
[ 2016-11-23T13:56:20+08:00 ] /index.php/Login | INFO: Tag[ view_end ] --START--
[ 2016-11-23T13:56:20+08:00 ] /index.php/Login | INFO: Run ShowPageTrace Behavior [ RunTime:0.002066s ]
[ 2016-11-23T13:56:20+08:00 ] /index.php/Login | INFO: Tag[ view_end ] --END-- [ RunTime:0.002174s ]
[ 2016-11-23T14:32:06+08:00 ] / | INFO: Tag[ app_begin ] --START--
[ 2016-11-23T14:32:06+08:00 ] / | INFO: Run ReadHtmlCache Behavior [ RunTime:0.001675s ]
[ 2016-11-23T14:32:06+08:00 ] / | INFO: Tag[ app_begin ] --END-- [ RunTime:0.001843s ]
[ 2016-11-23T15:01:27+08:00 ] / | INFO: Tag[ app_begin ] --START--
[ 2016-11-23T15:01:27+08:00 ] / | INFO: Run ReadHtmlCache Behavior [ RunTime:0.001680s ]
[ 2016-11-23T15:01:27+08:00 ] / | INFO: Tag[ app_begin ] --END-- [ RunTime:0.001860s ]
[ 2016-11-23T15:20:38+08:00 ] /index.php/Login | INFO: Tag[ route_check ] --START--
[ 2016-11-23T15:20:38+08:00 ] /index.php/Login | INFO: Run CheckRoute Behavior [ RunTime:0.002325s ]
[ 2016-11-23T15:20:38+08:00 ] /index.php/Login | INFO: Tag[ route_check ] --END-- [ RunTime:0.002494s ]
[ 2016-11-23T15:20:38+08:00 ] /index.php/Login | INFO: Tag[ app_begin ] --START--
[ 2016-11-23T15:20:38+08:00 ] /index.php/Login | INFO: Run ReadHtmlCache Behavior [ RunTime:0.001655s ]
[ 2016-11-23T15:20:38+08:00 ] /index.php/Login | INFO: Tag[ app_begin ] --END-- [ RunTime:0.001762s ]
[ 2016-11-23T15:20:38+08:00 ] /index.php/Login | INFO: Tag[ view_template ] --START--
[ 2016-11-23T15:20:38+08:00 ] /index.php/Login | INFO: Run LocationTemplate Behavior [ RunTime:0.001955s ]
[ 2016-11-23T15:20:38+08:00 ] /index.php/Login | INFO: Tag[ view_template ] --END-- [ RunTime:0.002076s ]
[ 2016-11-23T15:20:38+08:00 ] /index.php/Login | INFO: Tag[ view_parse ] --START--
[ 2016-11-23T15:20:38+08:00 ] /index.php/Login | INFO: Run ParseTemplate Behavior [ RunTime:0.018333s ]
[ 2016-11-23T15:20:38+08:00 ] /index.php/Login | INFO: Tag[ view_parse ] --END-- [ RunTime:0.018449s ]
[ 2016-11-23T15:20:38+08:00 ] /index.php/Login | INFO: Tag[ view_filter ] --START--
[ 2016-11-23T15:20:38+08:00 ] /index.php/Login | INFO: Run ContentReplace Behavior [ RunTime:0.001738s ]
[ 2016-11-23T15:20:38+08:00 ] /index.php/Login | INFO: Run TokenBuild Behavior [ RunTime:0.001865s ]
[ 2016-11-23T15:20:38+08:00 ] /index.php/Login | INFO: Run WriteHtmlCache Behavior [ RunTime:0.001543s ]
[ 2016-11-23T15:20:38+08:00 ] /index.php/Login | INFO: Run ShowRuntime Behavior [ RunTime:0.001985s ]
[ 2016-11-23T15:20:38+08:00 ] /index.php/Login | INFO: Tag[ view_filter ] --END-- [ RunTime:0.007431s ]
[ 2016-11-23T15:20:38+08:00 ] /index.php/Login | INFO: Tag[ view_end ] --START--
[ 2016-11-23T15:20:38+08:00 ] /index.php/Login | INFO: Run ShowPageTrace Behavior [ RunTime:0.002014s ]
[ 2016-11-23T15:20:38+08:00 ] /index.php/Login | INFO: Tag[ view_end ] --END-- [ RunTime:0.002120s ]
[ 2016-11-23T15:20:38+08:00 ] /index.php/Login/verify | INFO: Tag[ route_check ] --START--
[ 2016-11-23T15:20:38+08:00 ] /index.php/Login/verify | INFO: Run CheckRoute Behavior [ RunTime:0.001752s ]
[ 2016-11-23T15:20:38+08:00 ] /index.php/Login/verify | INFO: Tag[ route_check ] --END-- [ RunTime:0.001917s ]
[ 2016-11-23T15:20:38+08:00 ] /index.php/Login/verify | INFO: Tag[ app_begin ] --START--
[ 2016-11-23T15:20:38+08:00 ] /index.php/Login/verify | INFO: Run ReadHtmlCache Behavior [ RunTime:0.001084s ]
[ 2016-11-23T15:20:38+08:00 ] /index.php/Login/verify | INFO: Tag[ app_begin ] --END-- [ RunTime:0.001193s ]
[ 2016-11-23T15:21:06+08:00 ] /index.php/Login/userCheck | INFO: Tag[ route_check ] --START--
[ 2016-11-23T15:21:06+08:00 ] /index.php/Login/userCheck | INFO: Run CheckRoute Behavior [ RunTime:0.001771s ]
[ 2016-11-23T15:21:06+08:00 ] /index.php/Login/userCheck | INFO: Tag[ route_check ] --END-- [ RunTime:0.001935s ]
[ 2016-11-23T15:21:06+08:00 ] /index.php/Login/userCheck | INFO: Tag[ app_begin ] --START--
[ 2016-11-23T15:21:06+08:00 ] /index.php/Login/userCheck | INFO: Run ReadHtmlCache Behavior [ RunTime:0.001096s ]
[ 2016-11-23T15:21:06+08:00 ] /index.php/Login/userCheck | INFO: Tag[ app_begin ] --END-- [ RunTime:0.001204s ]
[ 2016-11-23T15:21:06+08:00 ] /index.php/Login/userCheck | NOTIC: [8] A session had already been started - ignoring session_start() LoginAction.class.php 第 10 行.
[ 2016-11-23T15:21:06+08:00 ] /index.php/User | INFO: Tag[ route_check ] --START--
[ 2016-11-23T15:21:06+08:00 ] /index.php/User | INFO: Run CheckRoute Behavior [ RunTime:0.001757s ]
[ 2016-11-23T15:21:06+08:00 ] /index.php/User | INFO: Tag[ route_check ] --END-- [ RunTime:0.001922s ]
[ 2016-11-23T15:21:06+08:00 ] /index.php/User | INFO: Tag[ app_begin ] --START--
[ 2016-11-23T15:21:06+08:00 ] /index.php/User | INFO: Run ReadHtmlCache Behavior [ RunTime:0.001087s ]
[ 2016-11-23T15:21:06+08:00 ] /index.php/User | INFO: Tag[ app_begin ] --END-- [ RunTime:0.001195s ]
[ 2016-11-23T15:21:09+08:00 ] /index.php/User | INFO: Tag[ view_template ] --START--
[ 2016-11-23T15:21:09+08:00 ] /index.php/User | INFO: Run LocationTemplate Behavior [ RunTime:0.001696s ]
[ 2016-11-23T15:21:09+08:00 ] /index.php/User | INFO: Tag[ view_template ] --END-- [ RunTime:0.001829s ]
[ 2016-11-23T15:21:09+08:00 ] /index.php/User | INFO: Tag[ view_parse ] --START--
[ 2016-11-23T15:21:09+08:00 ] /index.php/User | INFO: Run ParseTemplate Behavior [ RunTime:0.019081s ]
[ 2016-11-23T15:21:09+08:00 ] /index.php/User | INFO: Tag[ view_parse ] --END-- [ RunTime:0.019198s ]
[ 2016-11-23T15:21:09+08:00 ] /index.php/User | INFO: Tag[ view_filter ] --START--
[ 2016-11-23T15:21:09+08:00 ] /index.php/User | INFO: Run ContentReplace Behavior [ RunTime:0.001738s ]
[ 2016-11-23T15:21:09+08:00 ] /index.php/User | INFO: Run TokenBuild Behavior [ RunTime:0.001870s ]
[ 2016-11-23T15:21:09+08:00 ] /index.php/User | INFO: Run WriteHtmlCache Behavior [ RunTime:0.001515s ]
[ 2016-11-23T15:21:09+08:00 ] /index.php/User | INFO: Run ShowRuntime Behavior [ RunTime:0.001962s ]
[ 2016-11-23T15:21:09+08:00 ] /index.php/User | INFO: Tag[ view_filter ] --END-- [ RunTime:0.007384s ]
[ 2016-11-23T15:21:09+08:00 ] /index.php/User | INFO: Tag[ view_end ] --START--
[ 2016-11-23T15:21:09+08:00 ] /index.php/User | INFO: Run ShowPageTrace Behavior [ RunTime:0.001982s ]
[ 2016-11-23T15:21:09+08:00 ] /index.php/User | INFO: Tag[ view_end ] --END-- [ RunTime:0.002090s ]
[ 2016-11-23T15:34:18+08:00 ] oauth.vk.com:443 | INFO: Tag[ app_begin ] --START--
[ 2016-11-23T15:34:18+08:00 ] oauth.vk.com:443 | INFO: Run ReadHtmlCache Behavior [ RunTime:0.001658s ]
[ 2016-11-23T15:34:18+08:00 ] oauth.vk.com:443 | INFO: Tag[ app_begin ] --END-- [ RunTime:0.001823s ]
[ 2016-11-23T15:34:22+08:00 ] http://www.123cha.com | INFO: Tag[ app_begin ] --START--
[ 2016-11-23T15:34:22+08:00 ] http://www.123cha.com | INFO: Run ReadHtmlCache Behavior [ RunTime:0.001679s ]
[ 2016-11-23T15:34:22+08:00 ] http://www.123cha.com | INFO: Tag[ app_begin ] --END-- [ RunTime:0.001857s ]
[ 2016-11-23T15:34:28+08:00 ] http://www.boxun.com | INFO: Tag[ app_begin ] --START--
[ 2016-11-23T15:34:28+08:00 ] http://www.boxun.com | INFO: Run ReadHtmlCache Behavior [ RunTime:0.001673s ]
[ 2016-11-23T15:34:28+08:00 ] http://www.boxun.com | INFO: Tag[ app_begin ] --END-- [ RunTime:0.001844s ]
[ 2016-11-23T18:46:13+08:00 ] / | INFO: Tag[ app_begin ] --START--
[ 2016-11-23T18:46:13+08:00 ] / | INFO: Run ReadHtmlCache Behavior [ RunTime:0.001679s ]
[ 2016-11-23T18:46:13+08:00 ] / | INFO: Tag[ app_begin ] --END-- [ RunTime:0.001800s ]
[ 2016-11-23T20:32:38+08:00 ] / | INFO: Tag[ app_begin ] --START--
[ 2016-11-23T20:32:38+08:00 ] / | INFO: Run ReadHtmlCache Behavior [ RunTime:0.002314s ]
[ 2016-11-23T20:32:38+08:00 ] / | INFO: Tag[ app_begin ] --END-- [ RunTime:0.002476s ]
[ 2016-11-23T21:33:34+08:00 ] http://httpheader.net/ | INFO: Tag[ app_begin ] --START--
[ 2016-11-23T21:33:34+08:00 ] http://httpheader.net/ | INFO: Run ReadHtmlCache Behavior [ RunTime:0.001693s ]
[ 2016-11-23T21:33:34+08:00 ] http://httpheader.net/ | INFO: Tag[ app_begin ] --END-- [ RunTime:0.001867s ]
[ 2016-11-23T23:26:29+08:00 ] / | INFO: Tag[ app_begin ] --START--
[ 2016-11-23T23:26:29+08:00 ] / | INFO: Run ReadHtmlCache Behavior [ RunTime:0.002154s ]
[ 2016-11-23T23:26:29+08:00 ] / | INFO: Tag[ app_begin ] --END-- [ RunTime:0.002278s ]
[ 2016-11-23T23:32:10+08:00 ] / | INFO: Tag[ app_begin ] --START--
[ 2016-11-23T23:32:10+08:00 ] / | INFO: Run ReadHtmlCache Behavior [ RunTime:0.001652s ]
[ 2016-11-23T23:32:10+08:00 ] / | INFO: Tag[ app_begin ] --END-- [ RunTime:0.001777s ]
[ 2016-11-23T23:32:10+08:00 ] /index.php/Login | INFO: Tag[ route_check ] --START--
[ 2016-11-23T23:32:10+08:00 ] /index.php/Login | INFO: Run CheckRoute Behavior [ RunTime:0.002308s ]
[ 2016-11-23T23:32:10+08:00 ] /index.php/Login | INFO: Tag[ route_check ] --END-- [ RunTime:0.002430s ]
[ 2016-11-23T23:32:10+08:00 ] /index.php/Login | INFO: Tag[ app_begin ] --START--
[ 2016-11-23T23:32:10+08:00 ] /index.php/Login | INFO: Run ReadHtmlCache Behavior [ RunTime:0.001073s ]
[ 2016-11-23T23:32:10+08:00 ] /index.php/Login | INFO: Tag[ app_begin ] --END-- [ RunTime:0.001176s ]
[ 2016-11-23T23:32:10+08:00 ] /index.php/Login | INFO: Tag[ view_template ] --START--
[ 2016-11-23T23:32:10+08:00 ] /index.php/Login | INFO: Run LocationTemplate Behavior [ RunTime:0.002984s ]
[ 2016-11-23T23:32:10+08:00 ] /index.php/Login | INFO: Tag[ view_template ] --END-- [ RunTime:0.003102s ]
[ 2016-11-23T23:32:10+08:00 ] /index.php/Login | INFO: Tag[ view_parse ] --START--
[ 2016-11-23T23:32:10+08:00 ] /index.php/Login | INFO: Run ParseTemplate Behavior [ RunTime:0.020092s ]
[ 2016-11-23T23:32:10+08:00 ] /index.php/Login | INFO: Tag[ view_parse ] --END-- [ RunTime:0.020208s ]
[ 2016-11-23T23:32:10+08:00 ] /index.php/Login | INFO: Tag[ view_filter ] --START--
[ 2016-11-23T23:32:10+08:00 ] /index.php/Login | INFO: Run ContentReplace Behavior [ RunTime:0.001760s ]
[ 2016-11-23T23:32:10+08:00 ] /index.php/Login | INFO: Run TokenBuild Behavior [ RunTime:0.001869s ]
[ 2016-11-23T23:32:10+08:00 ] /index.php/Login | INFO: Run WriteHtmlCache Behavior [ RunTime:0.001556s ]
[ 2016-11-23T23:32:10+08:00 ] /index.php/Login | INFO: Run ShowRuntime Behavior [ RunTime:0.001983s ]
[ 2016-11-23T23:32:10+08:00 ] /index.php/Login | INFO: Tag[ view_filter ] --END-- [ RunTime:0.007456s ]
[ 2016-11-23T23:32:10+08:00 ] /index.php/Login | INFO: Tag[ view_end ] --START--
[ 2016-11-23T23:32:10+08:00 ] /index.php/Login | INFO: Run ShowPageTrace Behavior [ RunTime:0.002013s ]
[ 2016-11-23T23:32:10+08:00 ] /index.php/Login | INFO: Tag[ view_end ] --END-- [ RunTime:0.002115s ]
[ 2016-11-23T23:48:50+08:00 ] / | INFO: Tag[ app_begin ] --START--
[ 2016-11-23T23:48:50+08:00 ] / | INFO: Run ReadHtmlCache Behavior [ RunTime:0.002204s ]
[ 2016-11-23T23:48:50+08:00 ] / | INFO: Tag[ app_begin ] --END-- [ RunTime:0.002372s ]
