[ 2016-12-04T03:15:19+08:00 ] / | INFO: Tag[ app_begin ] --START--
[ 2016-12-04T03:15:19+08:00 ] / | INFO: Run ReadHtmlCache Behavior [ RunTime:0.001765s ]
[ 2016-12-04T03:15:19+08:00 ] / | INFO: Tag[ app_begin ] --END-- [ RunTime:0.001949s ]
[ 2016-12-04T04:23:42+08:00 ] / | INFO: Tag[ app_begin ] --START--
[ 2016-12-04T04:23:42+08:00 ] / | INFO: Run ReadHtmlCache Behavior [ RunTime:0.001683s ]
[ 2016-12-04T04:23:42+08:00 ] / | INFO: Tag[ app_begin ] --END-- [ RunTime:0.001819s ]
[ 2016-12-04T04:36:36+08:00 ] http://www.izhongsai.com/ | INFO: Tag[ app_begin ] --START--
[ 2016-12-04T04:36:36+08:00 ] http://www.izhongsai.com/ | INFO: Run ReadHtmlCache Behavior [ RunTime:0.002210s ]
[ 2016-12-04T04:36:36+08:00 ] http://www.izhongsai.com/ | INFO: Tag[ app_begin ] --END-- [ RunTime:0.002371s ]
[ 2016-12-04T05:54:52+08:00 ] / | INFO: Tag[ app_begin ] --START--
[ 2016-12-04T05:54:52+08:00 ] / | INFO: Run ReadHtmlCache Behavior [ RunTime:0.002165s ]
[ 2016-12-04T05:54:52+08:00 ] / | INFO: Tag[ app_begin ] --END-- [ RunTime:0.002295s ]
[ 2016-12-04T07:16:54+08:00 ] / | INFO: Tag[ app_begin ] --START--
[ 2016-12-04T07:16:54+08:00 ] / | INFO: Run ReadHtmlCache Behavior [ RunTime:0.001655s ]
[ 2016-12-04T07:16:54+08:00 ] / | INFO: Tag[ app_begin ] --END-- [ RunTime:0.001819s ]
[ 2016-12-04T07:29:58+08:00 ] / | INFO: Tag[ app_begin ] --START--
[ 2016-12-04T07:29:58+08:00 ] / | INFO: Run ReadHtmlCache Behavior [ RunTime:0.001680s ]
[ 2016-12-04T07:29:58+08:00 ] / | INFO: Tag[ app_begin ] --END-- [ RunTime:0.001848s ]
[ 2016-12-04T07:29:58+08:00 ] / | INFO: Tag[ app_begin ] --START--
[ 2016-12-04T07:29:58+08:00 ] / | INFO: Run ReadHtmlCache Behavior [ RunTime:0.001749s ]
[ 2016-12-04T07:29:58+08:00 ] / | INFO: Tag[ app_begin ] --END-- [ RunTime:0.001946s ]
[ 2016-12-04T07:29:58+08:00 ] / | INFO: Tag[ app_begin ] --START--
[ 2016-12-04T07:29:58+08:00 ] / | INFO: Run ReadHtmlCache Behavior [ RunTime:0.001692s ]
[ 2016-12-04T07:29:58+08:00 ] / | INFO: Tag[ app_begin ] --END-- [ RunTime:0.001860s ]
[ 2016-12-04T07:29:58+08:00 ] / | INFO: Tag[ app_begin ] --START--
[ 2016-12-04T07:29:58+08:00 ] / | INFO: Run ReadHtmlCache Behavior [ RunTime:0.001114s ]
[ 2016-12-04T07:29:58+08:00 ] / | INFO: Tag[ app_begin ] --END-- [ RunTime:0.001280s ]
[ 2016-12-04T07:29:58+08:00 ] / | INFO: Tag[ app_begin ] --START--
[ 2016-12-04T07:29:58+08:00 ] / | INFO: Run ReadHtmlCache Behavior [ RunTime:0.001729s ]
[ 2016-12-04T07:29:58+08:00 ] / | INFO: Tag[ app_begin ] --END-- [ RunTime:0.001901s ]
[ 2016-12-04T07:29:58+08:00 ] / | INFO: Tag[ app_begin ] --START--
[ 2016-12-04T07:29:58+08:00 ] / | INFO: Run ReadHtmlCache Behavior [ RunTime:0.001673s ]
[ 2016-12-04T07:29:58+08:00 ] / | INFO: Tag[ app_begin ] --END-- [ RunTime:0.001840s ]
[ 2016-12-04T07:29:58+08:00 ] / | INFO: Tag[ app_begin ] --START--
[ 2016-12-04T07:29:58+08:00 ] / | INFO: Run ReadHtmlCache Behavior [ RunTime:0.001125s ]
[ 2016-12-04T07:29:58+08:00 ] / | INFO: Tag[ app_begin ] --END-- [ RunTime:0.001293s ]
[ 2016-12-04T07:29:58+08:00 ] / | INFO: Tag[ app_begin ] --START--
[ 2016-12-04T07:29:58+08:00 ] / | INFO: Run ReadHtmlCache Behavior [ RunTime:0.001703s ]
[ 2016-12-04T07:29:58+08:00 ] / | INFO: Tag[ app_begin ] --END-- [ RunTime:0.001866s ]
[ 2016-12-04T07:29:59+08:00 ] / | INFO: Tag[ app_begin ] --START--
[ 2016-12-04T07:29:59+08:00 ] / | INFO: Run ReadHtmlCache Behavior [ RunTime:0.001118s ]
[ 2016-12-04T07:29:59+08:00 ] / | INFO: Tag[ app_begin ] --END-- [ RunTime:0.001278s ]
[ 2016-12-04T07:29:59+08:00 ] / | INFO: Tag[ app_begin ] --START--
[ 2016-12-04T07:29:59+08:00 ] / | INFO: Run ReadHtmlCache Behavior [ RunTime:0.001140s ]
[ 2016-12-04T07:29:59+08:00 ] / | INFO: Tag[ app_begin ] --END-- [ RunTime:0.001309s ]
[ 2016-12-04T07:29:59+08:00 ] / | INFO: Tag[ app_begin ] --START--
[ 2016-12-04T07:29:59+08:00 ] / | INFO: Run ReadHtmlCache Behavior [ RunTime:0.001425s ]
[ 2016-12-04T07:29:59+08:00 ] / | INFO: Tag[ app_begin ] --END-- [ RunTime:0.001599s ]
[ 2016-12-04T07:29:59+08:00 ] / | INFO: Tag[ app_begin ] --START--
[ 2016-12-04T07:29:59+08:00 ] / | INFO: Run ReadHtmlCache Behavior [ RunTime:0.001127s ]
[ 2016-12-04T07:29:59+08:00 ] / | INFO: Tag[ app_begin ] --END-- [ RunTime:0.001290s ]
[ 2016-12-04T07:30:00+08:00 ] / | INFO: Tag[ app_begin ] --START--
[ 2016-12-04T07:30:00+08:00 ] / | INFO: Run ReadHtmlCache Behavior [ RunTime:0.001105s ]
[ 2016-12-04T07:30:00+08:00 ] / | INFO: Tag[ app_begin ] --END-- [ RunTime:0.001265s ]
[ 2016-12-04T07:30:00+08:00 ] / | INFO: Tag[ app_begin ] --START--
[ 2016-12-04T07:30:00+08:00 ] / | INFO: Run ReadHtmlCache Behavior [ RunTime:0.001942s ]
[ 2016-12-04T07:30:00+08:00 ] / | INFO: Tag[ app_begin ] --END-- [ RunTime:0.002102s ]
[ 2016-12-04T07:30:00+08:00 ] / | INFO: Tag[ app_begin ] --START--
[ 2016-12-04T07:30:00+08:00 ] / | INFO: Run ReadHtmlCache Behavior [ RunTime:0.001104s ]
[ 2016-12-04T07:30:00+08:00 ] / | INFO: Tag[ app_begin ] --END-- [ RunTime:0.001263s ]
[ 2016-12-04T07:30:00+08:00 ] / | INFO: Tag[ app_begin ] --START--
[ 2016-12-04T07:30:00+08:00 ] / | INFO: Run ReadHtmlCache Behavior [ RunTime:0.001099s ]
[ 2016-12-04T07:30:00+08:00 ] / | INFO: Tag[ app_begin ] --END-- [ RunTime:0.001258s ]
[ 2016-12-04T07:30:01+08:00 ] / | INFO: Tag[ app_begin ] --START--
[ 2016-12-04T07:30:01+08:00 ] / | INFO: Run ReadHtmlCache Behavior [ RunTime:0.001102s ]
[ 2016-12-04T07:30:01+08:00 ] / | INFO: Tag[ app_begin ] --END-- [ RunTime:0.001262s ]
[ 2016-12-04T07:30:01+08:00 ] / | INFO: Tag[ app_begin ] --START--
[ 2016-12-04T07:30:01+08:00 ] / | INFO: Run ReadHtmlCache Behavior [ RunTime:0.001106s ]
[ 2016-12-04T07:30:01+08:00 ] / | INFO: Tag[ app_begin ] --END-- [ RunTime:0.001265s ]
[ 2016-12-04T07:30:01+08:00 ] http://www.google.com | INFO: Tag[ app_begin ] --START--
[ 2016-12-04T07:30:01+08:00 ] http://www.google.com | INFO: Run ReadHtmlCache Behavior [ RunTime:0.001656s ]
[ 2016-12-04T07:30:01+08:00 ] http://www.google.com | INFO: Tag[ app_begin ] --END-- [ RunTime:0.001816s ]
[ 2016-12-04T08:07:54+08:00 ] / | INFO: Tag[ app_begin ] --START--
[ 2016-12-04T08:07:54+08:00 ] / | INFO: Run ReadHtmlCache Behavior [ RunTime:0.001686s ]
[ 2016-12-04T08:07:54+08:00 ] / | INFO: Tag[ app_begin ] --END-- [ RunTime:0.001855s ]
[ 2016-12-04T13:04:00+08:00 ] / | INFO: Tag[ app_begin ] --START--
[ 2016-12-04T13:04:00+08:00 ] / | INFO: Run ReadHtmlCache Behavior [ RunTime:0.001692s ]
[ 2016-12-04T13:04:00+08:00 ] / | INFO: Tag[ app_begin ] --END-- [ RunTime:0.001858s ]
[ 2016-12-04T14:48:45+08:00 ] / | INFO: Tag[ app_begin ] --START--
[ 2016-12-04T14:48:45+08:00 ] / | INFO: Run ReadHtmlCache Behavior [ RunTime:0.001681s ]
[ 2016-12-04T14:48:45+08:00 ] / | INFO: Tag[ app_begin ] --END-- [ RunTime:0.001845s ]
[ 2016-12-04T19:05:28+08:00 ] / | INFO: Tag[ app_begin ] --START--
[ 2016-12-04T19:05:28+08:00 ] / | INFO: Run ReadHtmlCache Behavior [ RunTime:0.001676s ]
[ 2016-12-04T19:05:28+08:00 ] / | INFO: Tag[ app_begin ] --END-- [ RunTime:0.001845s ]
[ 2016-12-04T19:22:41+08:00 ] / | INFO: Tag[ app_begin ] --START--
[ 2016-12-04T19:22:41+08:00 ] / | INFO: Run ReadHtmlCache Behavior [ RunTime:0.001678s ]
[ 2016-12-04T19:22:41+08:00 ] / | INFO: Tag[ app_begin ] --END-- [ RunTime:0.001846s ]
[ 2016-12-04T20:41:34+08:00 ] / | INFO: Tag[ app_begin ] --START--
[ 2016-12-04T20:41:34+08:00 ] / | INFO: Run ReadHtmlCache Behavior [ RunTime:0.001667s ]
[ 2016-12-04T20:41:34+08:00 ] / | INFO: Tag[ app_begin ] --END-- [ RunTime:0.001801s ]
[ 2016-12-04T21:54:47+08:00 ] / | INFO: Tag[ app_begin ] --START--
[ 2016-12-04T21:54:47+08:00 ] / | INFO: Run ReadHtmlCache Behavior [ RunTime:0.002206s ]
[ 2016-12-04T21:54:47+08:00 ] / | INFO: Tag[ app_begin ] --END-- [ RunTime:0.002377s ]
