[ 2016-11-27T01:16:17+08:00 ] / | INFO: Tag[ app_begin ] --START--
[ 2016-11-27T01:16:17+08:00 ] / | INFO: Run ReadHtmlCache Behavior [ RunTime:0.001649s ]
[ 2016-11-27T01:16:17+08:00 ] / | INFO: Tag[ app_begin ] --END-- [ RunTime:0.001774s ]
[ 2016-11-27T01:58:42+08:00 ] http://14.215.177.37/ | INFO: Tag[ app_begin ] --START--
[ 2016-11-27T01:58:42+08:00 ] http://14.215.177.37/ | INFO: Run ReadHtmlCache Behavior [ RunTime:0.001662s ]
[ 2016-11-27T01:58:42+08:00 ] http://14.215.177.37/ | INFO: Tag[ app_begin ] --END-- [ RunTime:0.001825s ]
[ 2016-11-27T02:52:57+08:00 ] search.yahoo.com:443 | INFO: Tag[ app_begin ] --START--
[ 2016-11-27T02:52:57+08:00 ] search.yahoo.com:443 | INFO: Run ReadHtmlCache Behavior [ RunTime:0.001681s ]
[ 2016-11-27T02:52:57+08:00 ] search.yahoo.com:443 | INFO: Tag[ app_begin ] --END-- [ RunTime:0.001846s ]
[ 2016-11-27T02:52:57+08:00 ] search.yahoo.com:443 | INFO: Tag[ app_begin ] --START--
[ 2016-11-27T02:52:57+08:00 ] search.yahoo.com:443 | INFO: Run ReadHtmlCache Behavior [ RunTime:0.001097s ]
[ 2016-11-27T02:52:57+08:00 ] search.yahoo.com:443 | INFO: Tag[ app_begin ] --END-- [ RunTime:0.001257s ]
[ 2016-11-27T03:38:16+08:00 ] / | INFO: Tag[ app_begin ] --START--
[ 2016-11-27T03:38:16+08:00 ] / | INFO: Run ReadHtmlCache Behavior [ RunTime:0.002189s ]
[ 2016-11-27T03:38:16+08:00 ] / | INFO: Tag[ app_begin ] --END-- [ RunTime:0.002360s ]
[ 2016-11-27T06:13:37+08:00 ] / | INFO: Tag[ app_begin ] --START--
[ 2016-11-27T06:13:37+08:00 ] / | INFO: Run ReadHtmlCache Behavior [ RunTime:0.001679s ]
[ 2016-11-27T06:13:37+08:00 ] / | INFO: Tag[ app_begin ] --END-- [ RunTime:0.001852s ]
[ 2016-11-27T08:21:06+08:00 ] / | INFO: Tag[ app_begin ] --START--
[ 2016-11-27T08:21:06+08:00 ] / | INFO: Run ReadHtmlCache Behavior [ RunTime:0.001753s ]
[ 2016-11-27T08:21:06+08:00 ] / | INFO: Tag[ app_begin ] --END-- [ RunTime:0.001888s ]
[ 2016-11-27T08:38:07+08:00 ] http://www.baidu.com/?rands=_47623373815812253494088 | INFO: Tag[ app_begin ] --START--
[ 2016-11-27T08:38:07+08:00 ] http://www.baidu.com/?rands=_47623373815812253494088 | INFO: Run ReadHtmlCache Behavior [ RunTime:0.002159s ]
[ 2016-11-27T08:38:07+08:00 ] http://www.baidu.com/?rands=_47623373815812253494088 | INFO: Tag[ app_begin ] --END-- [ RunTime:0.002289s ]
[ 2016-11-27T08:38:07+08:00 ] http://www.haosou.com/?rands=_238017399215162181878840 | INFO: Tag[ app_begin ] --START--
[ 2016-11-27T08:38:07+08:00 ] http://www.haosou.com/?rands=_238017399215162181878840 | INFO: Run ReadHtmlCache Behavior [ RunTime:0.002141s ]
[ 2016-11-27T08:38:07+08:00 ] http://www.haosou.com/?rands=_238017399215162181878840 | INFO: Tag[ app_begin ] --END-- [ RunTime:0.002261s ]
[ 2016-11-27T08:38:07+08:00 ] http://www.sogou.com/?rands=_618820083219994401105460 | INFO: Tag[ app_begin ] --START--
[ 2016-11-27T08:38:07+08:00 ] http://www.sogou.com/?rands=_618820083219994401105460 | INFO: Run ReadHtmlCache Behavior [ RunTime:0.002138s ]
[ 2016-11-27T08:38:07+08:00 ] http://www.sogou.com/?rands=_618820083219994401105460 | INFO: Tag[ app_begin ] --END-- [ RunTime:0.002260s ]
[ 2016-11-27T09:08:10+08:00 ] / | INFO: Tag[ app_begin ] --START--
[ 2016-11-27T09:08:10+08:00 ] / | INFO: Run ReadHtmlCache Behavior [ RunTime:0.001663s ]
[ 2016-11-27T09:08:10+08:00 ] / | INFO: Tag[ app_begin ] --END-- [ RunTime:0.001832s ]
[ 2016-11-27T10:08:07+08:00 ] search.yahoo.com:443 | INFO: Tag[ app_begin ] --START--
[ 2016-11-27T10:08:07+08:00 ] search.yahoo.com:443 | INFO: Run ReadHtmlCache Behavior [ RunTime:0.001875s ]
[ 2016-11-27T10:08:07+08:00 ] search.yahoo.com:443 | INFO: Tag[ app_begin ] --END-- [ RunTime:0.002040s ]
[ 2016-11-27T10:08:07+08:00 ] search.yahoo.com:443 | INFO: Tag[ app_begin ] --START--
[ 2016-11-27T10:08:07+08:00 ] search.yahoo.com:443 | INFO: Run ReadHtmlCache Behavior [ RunTime:0.001103s ]
[ 2016-11-27T10:08:07+08:00 ] search.yahoo.com:443 | INFO: Tag[ app_begin ] --END-- [ RunTime:0.001263s ]
[ 2016-11-27T13:21:16+08:00 ] search.yahoo.com:443 | INFO: Tag[ app_begin ] --START--
[ 2016-11-27T13:21:16+08:00 ] search.yahoo.com:443 | INFO: Run ReadHtmlCache Behavior [ RunTime:0.001862s ]
[ 2016-11-27T13:21:16+08:00 ] search.yahoo.com:443 | INFO: Tag[ app_begin ] --END-- [ RunTime:0.001990s ]
[ 2016-11-27T13:21:16+08:00 ] search.yahoo.com:443 | INFO: Tag[ app_begin ] --START--
[ 2016-11-27T13:21:16+08:00 ] search.yahoo.com:443 | INFO: Run ReadHtmlCache Behavior [ RunTime:0.001101s ]
[ 2016-11-27T13:21:16+08:00 ] search.yahoo.com:443 | INFO: Tag[ app_begin ] --END-- [ RunTime:0.001224s ]
[ 2016-11-27T18:09:49+08:00 ] / | INFO: Tag[ app_begin ] --START--
[ 2016-11-27T18:09:49+08:00 ] / | INFO: Run ReadHtmlCache Behavior [ RunTime:0.001698s ]
[ 2016-11-27T18:09:49+08:00 ] / | INFO: Tag[ app_begin ] --END-- [ RunTime:0.001869s ]
[ 2016-11-27T18:34:40+08:00 ] 163mx00.mxmail.netease.com:25 | INFO: Tag[ app_begin ] --START--
[ 2016-11-27T18:34:40+08:00 ] 163mx00.mxmail.netease.com:25 | INFO: Run ReadHtmlCache Behavior [ RunTime:0.001712s ]
[ 2016-11-27T18:34:40+08:00 ] 163mx00.mxmail.netease.com:25 | INFO: Tag[ app_begin ] --END-- [ RunTime:0.001887s ]
[ 2016-11-27T19:28:03+08:00 ] / | INFO: Tag[ app_begin ] --START--
[ 2016-11-27T19:28:03+08:00 ] / | INFO: Run ReadHtmlCache Behavior [ RunTime:0.002435s ]
[ 2016-11-27T19:28:03+08:00 ] / | INFO: Tag[ app_begin ] --END-- [ RunTime:0.002602s ]
[ 2016-11-27T21:28:24+08:00 ] / | INFO: Tag[ app_begin ] --START--
[ 2016-11-27T21:28:24+08:00 ] / | INFO: Run ReadHtmlCache Behavior [ RunTime:0.001654s ]
[ 2016-11-27T21:28:24+08:00 ] / | INFO: Tag[ app_begin ] --END-- [ RunTime:0.001787s ]
[ 2016-11-27T23:50:05+08:00 ] / | INFO: Tag[ app_begin ] --START--
[ 2016-11-27T23:50:05+08:00 ] / | INFO: Run ReadHtmlCache Behavior [ RunTime:0.002306s ]
[ 2016-11-27T23:50:05+08:00 ] / | INFO: Tag[ app_begin ] --END-- [ RunTime:0.002432s ]
[ 2016-11-27T23:51:59+08:00 ] / | INFO: Tag[ app_begin ] --START--
[ 2016-11-27T23:51:59+08:00 ] / | INFO: Run ReadHtmlCache Behavior [ RunTime:0.001648s ]
[ 2016-11-27T23:51:59+08:00 ] / | INFO: Tag[ app_begin ] --END-- [ RunTime:0.001772s ]
[ 2016-11-27T23:52:00+08:00 ] / | INFO: Tag[ app_begin ] --START--
[ 2016-11-27T23:52:00+08:00 ] / | INFO: Run ReadHtmlCache Behavior [ RunTime:0.002157s ]
[ 2016-11-27T23:52:00+08:00 ] / | INFO: Tag[ app_begin ] --END-- [ RunTime:0.002280s ]
