[ 2016-12-23T04:59:34+08:00 ] http://14.215.177.37/ | INFO: Tag[ app_begin ] --START--
[ 2016-12-23T04:59:34+08:00 ] http://14.215.177.37/ | INFO: Run ReadHtmlCache Behavior [ RunTime:0.002179s ]
[ 2016-12-23T04:59:34+08:00 ] http://14.215.177.37/ | INFO: Tag[ app_begin ] --END-- [ RunTime:0.002341s ]
[ 2016-12-23T07:08:58+08:00 ] / | INFO: Tag[ app_begin ] --START--
[ 2016-12-23T07:08:58+08:00 ] / | INFO: Run ReadHtmlCache Behavior [ RunTime:0.001645s ]
[ 2016-12-23T07:08:58+08:00 ] / | INFO: Tag[ app_begin ] --END-- [ RunTime:0.001770s ]
[ 2016-12-23T07:09:09+08:00 ] / | INFO: Tag[ app_begin ] --START--
[ 2016-12-23T07:09:09+08:00 ] / | INFO: Run ReadHtmlCache Behavior [ RunTime:0.001688s ]
[ 2016-12-23T07:09:09+08:00 ] / | INFO: Tag[ app_begin ] --END-- [ RunTime:0.001816s ]
[ 2016-12-23T12:04:39+08:00 ] http://www.baidu.com/ | INFO: Tag[ app_begin ] --START--
[ 2016-12-23T12:04:39+08:00 ] http://www.baidu.com/ | INFO: Run ReadHtmlCache Behavior [ RunTime:0.001686s ]
[ 2016-12-23T12:04:39+08:00 ] http://www.baidu.com/ | INFO: Tag[ app_begin ] --END-- [ RunTime:0.001858s ]
[ 2016-12-23T12:51:20+08:00 ] / | INFO: Tag[ app_begin ] --START--
[ 2016-12-23T12:51:20+08:00 ] / | INFO: Run ReadHtmlCache Behavior [ RunTime:0.001654s ]
[ 2016-12-23T12:51:20+08:00 ] / | INFO: Tag[ app_begin ] --END-- [ RunTime:0.001781s ]
[ 2016-12-23T12:51:20+08:00 ] / | INFO: Tag[ app_begin ] --START--
[ 2016-12-23T12:51:20+08:00 ] / | INFO: Run ReadHtmlCache Behavior [ RunTime:0.001092s ]
[ 2016-12-23T12:51:20+08:00 ] / | INFO: Tag[ app_begin ] --END-- [ RunTime:0.001215s ]
[ 2016-12-23T15:23:34+08:00 ] / | INFO: Tag[ app_begin ] --START--
[ 2016-12-23T15:23:34+08:00 ] / | INFO: Run ReadHtmlCache Behavior [ RunTime:0.002156s ]
[ 2016-12-23T15:23:34+08:00 ] / | INFO: Tag[ app_begin ] --END-- [ RunTime:0.002284s ]
[ 2016-12-23T17:17:58+08:00 ] http://www.ceek.jp/?rands=_147562715308737353433280 | INFO: Tag[ app_begin ] --START--
[ 2016-12-23T17:17:58+08:00 ] http://www.ceek.jp/?rands=_147562715308737353433280 | INFO: Run ReadHtmlCache Behavior [ RunTime:0.001812s ]
[ 2016-12-23T17:17:58+08:00 ] http://www.ceek.jp/?rands=_147562715308737353433280 | INFO: Tag[ app_begin ] --END-- [ RunTime:0.001979s ]
[ 2016-12-23T17:17:58+08:00 ] http://www.ip.cn/?rands=_240308880521766405305272 | INFO: Tag[ app_begin ] --START--
[ 2016-12-23T17:17:58+08:00 ] http://www.ip.cn/?rands=_240308880521766405305272 | INFO: Run ReadHtmlCache Behavior [ RunTime:0.001105s ]
[ 2016-12-23T17:17:58+08:00 ] http://www.ip.cn/?rands=_240308880521766405305272 | INFO: Tag[ app_begin ] --END-- [ RunTime:0.001266s ]
[ 2016-12-23T17:17:58+08:00 ] http://www.baidu.com/?rands=_12104460218132073239312 | INFO: Tag[ app_begin ] --START--
[ 2016-12-23T17:17:58+08:00 ] http://www.baidu.com/?rands=_12104460218132073239312 | INFO: Run ReadHtmlCache Behavior [ RunTime:0.001104s ]
[ 2016-12-23T17:17:58+08:00 ] http://www.baidu.com/?rands=_12104460218132073239312 | INFO: Tag[ app_begin ] --END-- [ RunTime:0.001265s ]
