[ 2016-11-25T00:29:12+08:00 ] search.yahoo.com:443 | INFO: Tag[ app_begin ] --START--
[ 2016-11-25T00:29:12+08:00 ] search.yahoo.com:443 | INFO: Run ReadHtmlCache Behavior [ RunTime:0.002171s ]
[ 2016-11-25T00:29:12+08:00 ] search.yahoo.com:443 | INFO: Tag[ app_begin ] --END-- [ RunTime:0.002297s ]
[ 2016-11-25T00:29:12+08:00 ] search.yahoo.com:443 | INFO: Tag[ app_begin ] --START--
[ 2016-11-25T00:29:12+08:00 ] search.yahoo.com:443 | INFO: Run ReadHtmlCache Behavior [ RunTime:0.002170s ]
[ 2016-11-25T00:29:12+08:00 ] search.yahoo.com:443 | INFO: Tag[ app_begin ] --END-- [ RunTime:0.002298s ]
[ 2016-11-25T01:24:29+08:00 ] / | INFO: Tag[ app_begin ] --START--
[ 2016-11-25T01:24:29+08:00 ] / | INFO: Run ReadHtmlCache Behavior [ RunTime:0.001659s ]
[ 2016-11-25T01:24:29+08:00 ] / | INFO: Tag[ app_begin ] --END-- [ RunTime:0.001789s ]
[ 2016-11-25T02:18:23+08:00 ] http://m.baidu.com/?rands=_2776543075211229661396464 | INFO: Tag[ app_begin ] --START--
[ 2016-11-25T02:18:23+08:00 ] http://m.baidu.com/?rands=_2776543075211229661396464 | INFO: Run ReadHtmlCache Behavior [ RunTime:0.002167s ]
[ 2016-11-25T02:18:23+08:00 ] http://m.baidu.com/?rands=_2776543075211229661396464 | INFO: Tag[ app_begin ] --END-- [ RunTime:0.002291s ]
[ 2016-11-25T02:18:24+08:00 ] http://www.sogou.com/?rands=_19745903104965302094496 | INFO: Tag[ app_begin ] --START--
[ 2016-11-25T02:18:24+08:00 ] http://www.sogou.com/?rands=_19745903104965302094496 | INFO: Run ReadHtmlCache Behavior [ RunTime:0.002159s ]
[ 2016-11-25T02:18:24+08:00 ] http://www.sogou.com/?rands=_19745903104965302094496 | INFO: Tag[ app_begin ] --END-- [ RunTime:0.002287s ]
[ 2016-11-25T02:39:40+08:00 ] / | INFO: Tag[ app_begin ] --START--
[ 2016-11-25T02:39:40+08:00 ] / | INFO: Run ReadHtmlCache Behavior [ RunTime:0.001666s ]
[ 2016-11-25T02:39:40+08:00 ] / | INFO: Tag[ app_begin ] --END-- [ RunTime:0.001835s ]
[ 2016-11-25T05:37:13+08:00 ] / | INFO: Tag[ app_begin ] --START--
[ 2016-11-25T05:37:13+08:00 ] / | INFO: Run ReadHtmlCache Behavior [ RunTime:0.001650s ]
[ 2016-11-25T05:37:13+08:00 ] / | INFO: Tag[ app_begin ] --END-- [ RunTime:0.001770s ]
[ 2016-11-25T05:40:27+08:00 ] / | INFO: Tag[ app_begin ] --START--
[ 2016-11-25T05:40:27+08:00 ] / | INFO: Run ReadHtmlCache Behavior [ RunTime:0.001678s ]
[ 2016-11-25T05:40:27+08:00 ] / | INFO: Tag[ app_begin ] --END-- [ RunTime:0.001855s ]
[ 2016-11-25T06:21:29+08:00 ] / | INFO: Tag[ app_begin ] --START--
[ 2016-11-25T06:21:29+08:00 ] / | INFO: Run ReadHtmlCache Behavior [ RunTime:0.001638s ]
[ 2016-11-25T06:21:29+08:00 ] / | INFO: Tag[ app_begin ] --END-- [ RunTime:0.001772s ]
[ 2016-11-25T08:54:21+08:00 ] 163mx02.mxmail.netease.com:25 | INFO: Tag[ app_begin ] --START--
[ 2016-11-25T08:54:21+08:00 ] 163mx02.mxmail.netease.com:25 | INFO: Run ReadHtmlCache Behavior [ RunTime:0.001682s ]
[ 2016-11-25T08:54:21+08:00 ] 163mx02.mxmail.netease.com:25 | INFO: Tag[ app_begin ] --END-- [ RunTime:0.001847s ]
[ 2016-11-25T09:49:07+08:00 ] http://httpheader.net/ | INFO: Tag[ app_begin ] --START--
[ 2016-11-25T09:49:07+08:00 ] http://httpheader.net/ | INFO: Run ReadHtmlCache Behavior [ RunTime:0.001644s ]
[ 2016-11-25T09:49:07+08:00 ] http://httpheader.net/ | INFO: Tag[ app_begin ] --END-- [ RunTime:0.001765s ]
[ 2016-11-25T09:53:41+08:00 ] http://httpheader.net/ | INFO: Tag[ app_begin ] --START--
[ 2016-11-25T09:53:41+08:00 ] http://httpheader.net/ | INFO: Run ReadHtmlCache Behavior [ RunTime:0.001655s ]
[ 2016-11-25T09:53:41+08:00 ] http://httpheader.net/ | INFO: Tag[ app_begin ] --END-- [ RunTime:0.001781s ]
[ 2016-11-25T09:53:42+08:00 ] https://www.google.com | INFO: Tag[ app_begin ] --START--
[ 2016-11-25T09:53:42+08:00 ] https://www.google.com | INFO: Run ReadHtmlCache Behavior [ RunTime:0.001080s ]
[ 2016-11-25T09:53:42+08:00 ] https://www.google.com | INFO: Tag[ app_begin ] --END-- [ RunTime:0.001204s ]
[ 2016-11-25T09:53:48+08:00 ] http://www.boxun.com | INFO: Tag[ app_begin ] --START--
[ 2016-11-25T09:53:48+08:00 ] http://www.boxun.com | INFO: Run ReadHtmlCache Behavior [ RunTime:0.001093s ]
[ 2016-11-25T09:53:48+08:00 ] http://www.boxun.com | INFO: Tag[ app_begin ] --END-- [ RunTime:0.001224s ]
[ 2016-11-25T10:03:53+08:00 ] http://httpheader.net/ | INFO: Tag[ app_begin ] --START--
[ 2016-11-25T10:03:53+08:00 ] http://httpheader.net/ | INFO: Run ReadHtmlCache Behavior [ RunTime:0.001676s ]
[ 2016-11-25T10:03:53+08:00 ] http://httpheader.net/ | INFO: Tag[ app_begin ] --END-- [ RunTime:0.001848s ]
[ 2016-11-25T11:00:08+08:00 ] 163mx03.mxmail.netease.com:25 | INFO: Tag[ app_begin ] --START--
[ 2016-11-25T11:00:08+08:00 ] 163mx03.mxmail.netease.com:25 | INFO: Run ReadHtmlCache Behavior [ RunTime:0.002162s ]
[ 2016-11-25T11:00:08+08:00 ] 163mx03.mxmail.netease.com:25 | INFO: Tag[ app_begin ] --END-- [ RunTime:0.002284s ]
[ 2016-11-25T11:58:46+08:00 ] / | INFO: Tag[ app_begin ] --START--
[ 2016-11-25T11:58:46+08:00 ] / | INFO: Run ReadHtmlCache Behavior [ RunTime:0.001669s ]
[ 2016-11-25T11:58:46+08:00 ] / | INFO: Tag[ app_begin ] --END-- [ RunTime:0.001799s ]
[ 2016-11-25T12:00:19+08:00 ] / | INFO: Tag[ app_begin ] --START--
[ 2016-11-25T12:00:19+08:00 ] / | INFO: Run ReadHtmlCache Behavior [ RunTime:0.001647s ]
[ 2016-11-25T12:00:19+08:00 ] / | INFO: Tag[ app_begin ] --END-- [ RunTime:0.001772s ]
[ 2016-11-25T12:02:40+08:00 ] https://www.google.com | INFO: Tag[ app_begin ] --START--
[ 2016-11-25T12:02:40+08:00 ] https://www.google.com | INFO: Run ReadHtmlCache Behavior [ RunTime:0.002465s ]
[ 2016-11-25T12:02:40+08:00 ] https://www.google.com | INFO: Tag[ app_begin ] --END-- [ RunTime:0.002593s ]
[ 2016-11-25T12:02:40+08:00 ] https://www.baidu.com | INFO: Tag[ app_begin ] --START--
[ 2016-11-25T12:02:40+08:00 ] https://www.baidu.com | INFO: Run ReadHtmlCache Behavior [ RunTime:0.001633s ]
[ 2016-11-25T12:02:40+08:00 ] https://www.baidu.com | INFO: Tag[ app_begin ] --END-- [ RunTime:0.001761s ]
[ 2016-11-25T12:02:40+08:00 ] http://www.123cha.com | INFO: Tag[ app_begin ] --START--
[ 2016-11-25T12:02:40+08:00 ] http://www.123cha.com | INFO: Run ReadHtmlCache Behavior [ RunTime:0.002293s ]
[ 2016-11-25T12:02:40+08:00 ] http://www.123cha.com | INFO: Tag[ app_begin ] --END-- [ RunTime:0.002415s ]
[ 2016-11-25T12:02:40+08:00 ] http://www.boxun.com | INFO: Tag[ app_begin ] --START--
[ 2016-11-25T12:02:40+08:00 ] http://www.boxun.com | INFO: Run ReadHtmlCache Behavior [ RunTime:0.001620s ]
[ 2016-11-25T12:02:40+08:00 ] http://www.boxun.com | INFO: Tag[ app_begin ] --END-- [ RunTime:0.001742s ]
[ 2016-11-25T12:31:00+08:00 ] http://www.izhongsai.com/ | INFO: Tag[ app_begin ] --START--
[ 2016-11-25T12:31:00+08:00 ] http://www.izhongsai.com/ | INFO: Run ReadHtmlCache Behavior [ RunTime:0.001668s ]
[ 2016-11-25T12:31:00+08:00 ] http://www.izhongsai.com/ | INFO: Tag[ app_begin ] --END-- [ RunTime:0.001831s ]
[ 2016-11-25T13:04:04+08:00 ] http://httpheader.net/ | INFO: Tag[ app_begin ] --START--
[ 2016-11-25T13:04:04+08:00 ] http://httpheader.net/ | INFO: Run ReadHtmlCache Behavior [ RunTime:0.001638s ]
[ 2016-11-25T13:04:04+08:00 ] http://httpheader.net/ | INFO: Tag[ app_begin ] --END-- [ RunTime:0.001760s ]
[ 2016-11-25T13:04:05+08:00 ] http://www.123cha.com | INFO: Tag[ app_begin ] --START--
[ 2016-11-25T13:04:05+08:00 ] http://www.123cha.com | INFO: Run ReadHtmlCache Behavior [ RunTime:0.002165s ]
[ 2016-11-25T13:04:05+08:00 ] http://www.123cha.com | INFO: Tag[ app_begin ] --END-- [ RunTime:0.002291s ]
[ 2016-11-25T13:04:11+08:00 ] http://www.boxun.com | INFO: Tag[ app_begin ] --START--
[ 2016-11-25T13:04:11+08:00 ] http://www.boxun.com | INFO: Run ReadHtmlCache Behavior [ RunTime:0.002160s ]
[ 2016-11-25T13:04:11+08:00 ] http://www.boxun.com | INFO: Tag[ app_begin ] --END-- [ RunTime:0.002288s ]
[ 2016-11-25T14:06:42+08:00 ] /qudao/ | INFO: Tag[ app_begin ] --START--
[ 2016-11-25T14:06:42+08:00 ] /qudao/ | INFO: Run ReadHtmlCache Behavior [ RunTime:0.001672s ]
[ 2016-11-25T14:06:42+08:00 ] /qudao/ | INFO: Tag[ app_begin ] --END-- [ RunTime:0.001796s ]
[ 2016-11-25T14:06:42+08:00 ] /qudao/index.php/User/index | INFO: Tag[ route_check ] --START--
[ 2016-11-25T14:06:42+08:00 ] /qudao/index.php/User/index | INFO: Run CheckRoute Behavior [ RunTime:0.002388s ]
[ 2016-11-25T14:06:42+08:00 ] /qudao/index.php/User/index | INFO: Tag[ route_check ] --END-- [ RunTime:0.002511s ]
[ 2016-11-25T14:06:42+08:00 ] /qudao/index.php/User/index | INFO: Tag[ app_begin ] --START--
[ 2016-11-25T14:06:42+08:00 ] /qudao/index.php/User/index | INFO: Run ReadHtmlCache Behavior [ RunTime:0.001070s ]
[ 2016-11-25T14:06:42+08:00 ] /qudao/index.php/User/index | INFO: Tag[ app_begin ] --END-- [ RunTime:0.001173s ]
[ 2016-11-25T14:06:42+08:00 ] /qudao/index.php/Login | INFO: Tag[ route_check ] --START--
[ 2016-11-25T14:06:42+08:00 ] /qudao/index.php/Login | INFO: Run CheckRoute Behavior [ RunTime:0.001735s ]
[ 2016-11-25T14:06:42+08:00 ] /qudao/index.php/Login | INFO: Tag[ route_check ] --END-- [ RunTime:0.001859s ]
[ 2016-11-25T14:06:42+08:00 ] /qudao/index.php/Login | INFO: Tag[ app_begin ] --START--
[ 2016-11-25T14:06:42+08:00 ] /qudao/index.php/Login | INFO: Run ReadHtmlCache Behavior [ RunTime:0.001073s ]
[ 2016-11-25T14:06:42+08:00 ] /qudao/index.php/Login | INFO: Tag[ app_begin ] --END-- [ RunTime:0.001177s ]
[ 2016-11-25T14:06:42+08:00 ] /qudao/index.php/Login | INFO: Tag[ view_template ] --START--
[ 2016-11-25T14:06:42+08:00 ] /qudao/index.php/Login | INFO: Run LocationTemplate Behavior [ RunTime:0.001958s ]
[ 2016-11-25T14:06:42+08:00 ] /qudao/index.php/Login | INFO: Tag[ view_template ] --END-- [ RunTime:0.002072s ]
[ 2016-11-25T14:06:42+08:00 ] /qudao/index.php/Login | INFO: Tag[ view_parse ] --START--
[ 2016-11-25T14:06:42+08:00 ] /qudao/index.php/Login | INFO: Run ParseTemplate Behavior [ RunTime:0.017270s ]
[ 2016-11-25T14:06:42+08:00 ] /qudao/index.php/Login | INFO: Tag[ view_parse ] --END-- [ RunTime:0.017383s ]
[ 2016-11-25T14:06:42+08:00 ] /qudao/index.php/Login | INFO: Tag[ view_filter ] --START--
[ 2016-11-25T14:06:42+08:00 ] /qudao/index.php/Login | INFO: Run ContentReplace Behavior [ RunTime:0.001731s ]
[ 2016-11-25T14:06:42+08:00 ] /qudao/index.php/Login | INFO: Run TokenBuild Behavior [ RunTime:0.001850s ]
[ 2016-11-25T14:06:42+08:00 ] /qudao/index.php/Login | INFO: Run WriteHtmlCache Behavior [ RunTime:0.001806s ]
[ 2016-11-25T14:06:42+08:00 ] /qudao/index.php/Login | INFO: Run ShowRuntime Behavior [ RunTime:0.001964s ]
[ 2016-11-25T14:06:42+08:00 ] /qudao/index.php/Login | INFO: Tag[ view_filter ] --END-- [ RunTime:0.007636s ]
[ 2016-11-25T14:06:42+08:00 ] /qudao/index.php/Login | INFO: Tag[ view_end ] --START--
[ 2016-11-25T14:06:42+08:00 ] /qudao/index.php/Login | INFO: Run ShowPageTrace Behavior [ RunTime:0.001987s ]
[ 2016-11-25T14:06:42+08:00 ] /qudao/index.php/Login | INFO: Tag[ view_end ] --END-- [ RunTime:0.002090s ]
[ 2016-11-25T14:06:42+08:00 ] /qudao/index.php/Login/verify | INFO: Tag[ route_check ] --START--
[ 2016-11-25T14:06:42+08:00 ] /qudao/index.php/Login/verify | INFO: Run CheckRoute Behavior [ RunTime:0.001729s ]
[ 2016-11-25T14:06:42+08:00 ] /qudao/index.php/Login/verify | INFO: Tag[ route_check ] --END-- [ RunTime:0.001852s ]
[ 2016-11-25T14:06:42+08:00 ] /qudao/index.php/Login/verify | INFO: Tag[ app_begin ] --START--
[ 2016-11-25T14:06:42+08:00 ] /qudao/index.php/Login/verify | INFO: Run ReadHtmlCache Behavior [ RunTime:0.001068s ]
[ 2016-11-25T14:06:42+08:00 ] /qudao/index.php/Login/verify | INFO: Tag[ app_begin ] --END-- [ RunTime:0.001170s ]
[ 2016-11-25T14:06:58+08:00 ] /qudao/index.php/Login/verify?t=1480053997546 | INFO: Tag[ route_check ] --START--
[ 2016-11-25T14:06:58+08:00 ] /qudao/index.php/Login/verify?t=1480053997546 | INFO: Run CheckRoute Behavior [ RunTime:0.002289s ]
[ 2016-11-25T14:06:58+08:00 ] /qudao/index.php/Login/verify?t=1480053997546 | INFO: Tag[ route_check ] --END-- [ RunTime:0.002414s ]
[ 2016-11-25T14:06:58+08:00 ] /qudao/index.php/Login/verify?t=1480053997546 | INFO: Tag[ app_begin ] --START--
[ 2016-11-25T14:06:58+08:00 ] /qudao/index.php/Login/verify?t=1480053997546 | INFO: Run ReadHtmlCache Behavior [ RunTime:0.001778s ]
[ 2016-11-25T14:06:58+08:00 ] /qudao/index.php/Login/verify?t=1480053997546 | INFO: Tag[ app_begin ] --END-- [ RunTime:0.001883s ]
[ 2016-11-25T14:07:01+08:00 ] /qudao/index.php/Login/userCheck | INFO: Tag[ route_check ] --START--
[ 2016-11-25T14:07:01+08:00 ] /qudao/index.php/Login/userCheck | INFO: Run CheckRoute Behavior [ RunTime:0.001740s ]
[ 2016-11-25T14:07:01+08:00 ] /qudao/index.php/Login/userCheck | INFO: Tag[ route_check ] --END-- [ RunTime:0.001866s ]
[ 2016-11-25T14:07:01+08:00 ] /qudao/index.php/Login/userCheck | INFO: Tag[ app_begin ] --START--
[ 2016-11-25T14:07:01+08:00 ] /qudao/index.php/Login/userCheck | INFO: Run ReadHtmlCache Behavior [ RunTime:0.001074s ]
[ 2016-11-25T14:07:01+08:00 ] /qudao/index.php/Login/userCheck | INFO: Tag[ app_begin ] --END-- [ RunTime:0.001178s ]
[ 2016-11-25T14:07:01+08:00 ] /qudao/index.php/Login/userCheck | NOTIC: [8] A session had already been started - ignoring session_start() LoginAction.class.php 第 10 行.
[ 2016-11-25T14:07:02+08:00 ] /qudao/index.php/User | INFO: Tag[ route_check ] --START--
[ 2016-11-25T14:07:02+08:00 ] /qudao/index.php/User | INFO: Run CheckRoute Behavior [ RunTime:0.001729s ]
[ 2016-11-25T14:07:02+08:00 ] /qudao/index.php/User | INFO: Tag[ route_check ] --END-- [ RunTime:0.001853s ]
[ 2016-11-25T14:07:02+08:00 ] /qudao/index.php/User | INFO: Tag[ app_begin ] --START--
[ 2016-11-25T14:07:02+08:00 ] /qudao/index.php/User | INFO: Run ReadHtmlCache Behavior [ RunTime:0.001074s ]
[ 2016-11-25T14:07:02+08:00 ] /qudao/index.php/User | INFO: Tag[ app_begin ] --END-- [ RunTime:0.001178s ]
[ 2016-11-25T14:07:03+08:00 ] /qudao/index.php/User | INFO: Tag[ view_template ] --START--
[ 2016-11-25T14:07:03+08:00 ] /qudao/index.php/User | INFO: Run LocationTemplate Behavior [ RunTime:0.002038s ]
[ 2016-11-25T14:07:03+08:00 ] /qudao/index.php/User | INFO: Tag[ view_template ] --END-- [ RunTime:0.002186s ]
[ 2016-11-25T14:07:03+08:00 ] /qudao/index.php/User | INFO: Tag[ view_parse ] --START--
[ 2016-11-25T14:07:03+08:00 ] /qudao/index.php/User | INFO: Run ParseTemplate Behavior [ RunTime:0.019454s ]
[ 2016-11-25T14:07:03+08:00 ] /qudao/index.php/User | INFO: Tag[ view_parse ] --END-- [ RunTime:0.019582s ]
[ 2016-11-25T14:07:03+08:00 ] /qudao/index.php/User | INFO: Tag[ view_filter ] --START--
[ 2016-11-25T14:07:03+08:00 ] /qudao/index.php/User | INFO: Run ContentReplace Behavior [ RunTime:0.001233s ]
[ 2016-11-25T14:07:03+08:00 ] /qudao/index.php/User | INFO: Run TokenBuild Behavior [ RunTime:0.001380s ]
[ 2016-11-25T14:07:03+08:00 ] /qudao/index.php/User | INFO: Run WriteHtmlCache Behavior [ RunTime:0.001634s ]
[ 2016-11-25T14:07:03+08:00 ] /qudao/index.php/User | INFO: Run ShowRuntime Behavior [ RunTime:0.001986s ]
[ 2016-11-25T14:07:03+08:00 ] /qudao/index.php/User | INFO: Tag[ view_filter ] --END-- [ RunTime:0.006564s ]
[ 2016-11-25T14:07:03+08:00 ] /qudao/index.php/User | INFO: Tag[ view_end ] --START--
[ 2016-11-25T14:07:03+08:00 ] /qudao/index.php/User | INFO: Run ShowPageTrace Behavior [ RunTime:0.001997s ]
[ 2016-11-25T14:07:03+08:00 ] /qudao/index.php/User | INFO: Tag[ view_end ] --END-- [ RunTime:0.002117s ]
[ 2016-11-25T14:07:24+08:00 ] /qudao/index.php/Login/verify?t=1480054023952 | INFO: Tag[ route_check ] --START--
[ 2016-11-25T14:07:24+08:00 ] /qudao/index.php/Login/verify?t=1480054023952 | INFO: Run CheckRoute Behavior [ RunTime:0.002291s ]
[ 2016-11-25T14:07:24+08:00 ] /qudao/index.php/Login/verify?t=1480054023952 | INFO: Tag[ route_check ] --END-- [ RunTime:0.002416s ]
[ 2016-11-25T14:07:24+08:00 ] /qudao/index.php/Login/verify?t=1480054023952 | INFO: Tag[ app_begin ] --START--
[ 2016-11-25T14:07:25+08:00 ] /qudao/index.php/Login/verify?t=1480054023952 | INFO: Run ReadHtmlCache Behavior [ RunTime:0.001994s ]
[ 2016-11-25T14:07:25+08:00 ] /qudao/index.php/Login/verify?t=1480054023952 | INFO: Tag[ app_begin ] --END-- [ RunTime:0.002258s ]
[ 2016-11-25T14:07:28+08:00 ] /qudao/index.php/Login/userCheck | INFO: Tag[ route_check ] --START--
[ 2016-11-25T14:07:28+08:00 ] /qudao/index.php/Login/userCheck | INFO: Run CheckRoute Behavior [ RunTime:0.001741s ]
[ 2016-11-25T14:07:28+08:00 ] /qudao/index.php/Login/userCheck | INFO: Tag[ route_check ] --END-- [ RunTime:0.001870s ]
[ 2016-11-25T14:07:28+08:00 ] /qudao/index.php/Login/userCheck | INFO: Tag[ app_begin ] --START--
[ 2016-11-25T14:07:28+08:00 ] /qudao/index.php/Login/userCheck | INFO: Run ReadHtmlCache Behavior [ RunTime:0.001072s ]
[ 2016-11-25T14:07:28+08:00 ] /qudao/index.php/Login/userCheck | INFO: Tag[ app_begin ] --END-- [ RunTime:0.001174s ]
[ 2016-11-25T14:07:28+08:00 ] /qudao/index.php/Login/userCheck | NOTIC: [8] A session had already been started - ignoring session_start() LoginAction.class.php 第 10 行.
[ 2016-11-25T14:07:28+08:00 ] /qudao/index.php/User | INFO: Tag[ route_check ] --START--
[ 2016-11-25T14:07:28+08:00 ] /qudao/index.php/User | INFO: Run CheckRoute Behavior [ RunTime:0.001719s ]
[ 2016-11-25T14:07:28+08:00 ] /qudao/index.php/User | INFO: Tag[ route_check ] --END-- [ RunTime:0.001841s ]
[ 2016-11-25T14:07:28+08:00 ] /qudao/index.php/User | INFO: Tag[ app_begin ] --START--
[ 2016-11-25T14:07:28+08:00 ] /qudao/index.php/User | INFO: Run ReadHtmlCache Behavior [ RunTime:0.001127s ]
[ 2016-11-25T14:07:28+08:00 ] /qudao/index.php/User | INFO: Tag[ app_begin ] --END-- [ RunTime:0.001231s ]
[ 2016-11-25T14:07:31+08:00 ] /qudao/index.php/User | INFO: Tag[ view_template ] --START--
[ 2016-11-25T14:07:31+08:00 ] /qudao/index.php/User | INFO: Run LocationTemplate Behavior [ RunTime:0.002050s ]
[ 2016-11-25T14:07:31+08:00 ] /qudao/index.php/User | INFO: Tag[ view_template ] --END-- [ RunTime:0.002196s ]
[ 2016-11-25T14:07:31+08:00 ] /qudao/index.php/User | INFO: Tag[ view_parse ] --START--
[ 2016-11-25T14:07:31+08:00 ] /qudao/index.php/User | INFO: Run ParseTemplate Behavior [ RunTime:0.021419s ]
[ 2016-11-25T14:07:31+08:00 ] /qudao/index.php/User | INFO: Tag[ view_parse ] --END-- [ RunTime:0.021546s ]
[ 2016-11-25T14:07:31+08:00 ] /qudao/index.php/User | INFO: Tag[ view_filter ] --START--
[ 2016-11-25T14:07:31+08:00 ] /qudao/index.php/User | INFO: Run ContentReplace Behavior [ RunTime:0.001766s ]
[ 2016-11-25T14:07:31+08:00 ] /qudao/index.php/User | INFO: Run TokenBuild Behavior [ RunTime:0.001892s ]
[ 2016-11-25T14:07:31+08:00 ] /qudao/index.php/User | INFO: Run WriteHtmlCache Behavior [ RunTime:0.001556s ]
[ 2016-11-25T14:07:31+08:00 ] /qudao/index.php/User | INFO: Run ShowRuntime Behavior [ RunTime:0.002314s ]
[ 2016-11-25T14:07:31+08:00 ] /qudao/index.php/User | INFO: Tag[ view_filter ] --END-- [ RunTime:0.007857s ]
[ 2016-11-25T14:07:31+08:00 ] /qudao/index.php/User | INFO: Tag[ view_end ] --START--
[ 2016-11-25T14:07:31+08:00 ] /qudao/index.php/User | INFO: Run ShowPageTrace Behavior [ RunTime:0.001996s ]
[ 2016-11-25T14:07:31+08:00 ] /qudao/index.php/User | INFO: Tag[ view_end ] --END-- [ RunTime:0.002116s ]
[ 2016-11-25T14:07:37+08:00 ] /qudao/index.php/User/index?date=2016-11-24&__hash__=9d5a3d4f49c273446e23d4ce760dce1a_e5aff855b8ed07aa41020651e2879d6f | INFO: Tag[ route_check ] --START--
[ 2016-11-25T14:07:37+08:00 ] /qudao/index.php/User/index?date=2016-11-24&__hash__=9d5a3d4f49c273446e23d4ce760dce1a_e5aff855b8ed07aa41020651e2879d6f | INFO: Run CheckRoute Behavior [ RunTime:0.002818s ]
[ 2016-11-25T14:07:37+08:00 ] /qudao/index.php/User/index?date=2016-11-24&__hash__=9d5a3d4f49c273446e23d4ce760dce1a_e5aff855b8ed07aa41020651e2879d6f | INFO: Tag[ route_check ] --END-- [ RunTime:0.002944s ]
[ 2016-11-25T14:07:37+08:00 ] /qudao/index.php/User/index?date=2016-11-24&__hash__=9d5a3d4f49c273446e23d4ce760dce1a_e5aff855b8ed07aa41020651e2879d6f | INFO: Tag[ app_begin ] --START--
[ 2016-11-25T14:07:37+08:00 ] /qudao/index.php/User/index?date=2016-11-24&__hash__=9d5a3d4f49c273446e23d4ce760dce1a_e5aff855b8ed07aa41020651e2879d6f | INFO: Run ReadHtmlCache Behavior [ RunTime:0.002177s ]
[ 2016-11-25T14:07:37+08:00 ] /qudao/index.php/User/index?date=2016-11-24&__hash__=9d5a3d4f49c273446e23d4ce760dce1a_e5aff855b8ed07aa41020651e2879d6f | INFO: Tag[ app_begin ] --END-- [ RunTime:0.002280s ]
[ 2016-11-25T14:07:39+08:00 ] /qudao/index.php/Login | INFO: Tag[ route_check ] --START--
[ 2016-11-25T14:07:39+08:00 ] /qudao/index.php/Login | INFO: Run CheckRoute Behavior [ RunTime:0.002836s ]
[ 2016-11-25T14:07:39+08:00 ] /qudao/index.php/Login | INFO: Tag[ route_check ] --END-- [ RunTime:0.003034s ]
[ 2016-11-25T14:07:39+08:00 ] /qudao/index.php/Login | INFO: Tag[ app_begin ] --START--
[ 2016-11-25T14:07:39+08:00 ] /qudao/index.php/Login | INFO: Run ReadHtmlCache Behavior [ RunTime:0.002219s ]
[ 2016-11-25T14:07:39+08:00 ] /qudao/index.php/Login | INFO: Tag[ app_begin ] --END-- [ RunTime:0.002323s ]
[ 2016-11-25T14:07:39+08:00 ] /qudao/index.php/Login | INFO: Tag[ view_template ] --START--
[ 2016-11-25T14:07:39+08:00 ] /qudao/index.php/Login | INFO: Run LocationTemplate Behavior [ RunTime:0.002731s ]
[ 2016-11-25T14:07:39+08:00 ] /qudao/index.php/Login | INFO: Tag[ view_template ] --END-- [ RunTime:0.002845s ]
[ 2016-11-25T14:07:39+08:00 ] /qudao/index.php/Login | INFO: Tag[ view_parse ] --START--
[ 2016-11-25T14:07:39+08:00 ] /qudao/index.php/Login | INFO: Run ParseTemplate Behavior [ RunTime:0.020471s ]
[ 2016-11-25T14:07:39+08:00 ] /qudao/index.php/Login | INFO: Tag[ view_parse ] --END-- [ RunTime:0.020583s ]
[ 2016-11-25T14:07:39+08:00 ] /qudao/index.php/Login | INFO: Tag[ view_filter ] --START--
[ 2016-11-25T14:07:39+08:00 ] /qudao/index.php/Login | INFO: Run ContentReplace Behavior [ RunTime:0.001916s ]
[ 2016-11-25T14:07:39+08:00 ] /qudao/index.php/Login | INFO: Run TokenBuild Behavior [ RunTime:0.001856s ]
[ 2016-11-25T14:07:39+08:00 ] /qudao/index.php/Login | INFO: Run WriteHtmlCache Behavior [ RunTime:0.001539s ]
[ 2016-11-25T14:07:39+08:00 ] /qudao/index.php/Login | INFO: Run ShowRuntime Behavior [ RunTime:0.001971s ]
[ 2016-11-25T14:07:39+08:00 ] /qudao/index.php/Login | INFO: Tag[ view_filter ] --END-- [ RunTime:0.007576s ]
[ 2016-11-25T14:07:39+08:00 ] /qudao/index.php/Login | INFO: Tag[ view_end ] --START--
[ 2016-11-25T14:07:39+08:00 ] /qudao/index.php/Login | INFO: Run ShowPageTrace Behavior [ RunTime:0.002003s ]
[ 2016-11-25T14:07:39+08:00 ] /qudao/index.php/Login | INFO: Tag[ view_end ] --END-- [ RunTime:0.002105s ]
[ 2016-11-25T14:07:39+08:00 ] /qudao/index.php/Login/verify | INFO: Tag[ route_check ] --START--
[ 2016-11-25T14:07:39+08:00 ] /qudao/index.php/Login/verify | INFO: Run CheckRoute Behavior [ RunTime:0.002817s ]
[ 2016-11-25T14:07:39+08:00 ] /qudao/index.php/Login/verify | INFO: Tag[ route_check ] --END-- [ RunTime:0.002940s ]
[ 2016-11-25T14:07:39+08:00 ] /qudao/index.php/Login/verify | INFO: Tag[ app_begin ] --START--
[ 2016-11-25T14:07:39+08:00 ] /qudao/index.php/Login/verify | INFO: Run ReadHtmlCache Behavior [ RunTime:0.002182s ]
[ 2016-11-25T14:07:39+08:00 ] /qudao/index.php/Login/verify | INFO: Tag[ app_begin ] --END-- [ RunTime:0.002287s ]
[ 2016-11-25T14:08:16+08:00 ] /qudao/index.php/Login/userCheck | INFO: Tag[ route_check ] --START--
[ 2016-11-25T14:08:16+08:00 ] /qudao/index.php/Login/userCheck | INFO: Run CheckRoute Behavior [ RunTime:0.002293s ]
[ 2016-11-25T14:08:16+08:00 ] /qudao/index.php/Login/userCheck | INFO: Tag[ route_check ] --END-- [ RunTime:0.002420s ]
[ 2016-11-25T14:08:16+08:00 ] /qudao/index.php/Login/userCheck | INFO: Tag[ app_begin ] --START--
[ 2016-11-25T14:08:16+08:00 ] /qudao/index.php/Login/userCheck | INFO: Run ReadHtmlCache Behavior [ RunTime:0.001636s ]
[ 2016-11-25T14:08:16+08:00 ] /qudao/index.php/Login/userCheck | INFO: Tag[ app_begin ] --END-- [ RunTime:0.001741s ]
[ 2016-11-25T14:08:16+08:00 ] /qudao/index.php/Login/userCheck | NOTIC: [8] A session had already been started - ignoring session_start() LoginAction.class.php 第 10 行.
[ 2016-11-25T14:08:16+08:00 ] /qudao/index.php/User | INFO: Tag[ route_check ] --START--
[ 2016-11-25T14:08:16+08:00 ] /qudao/index.php/User | INFO: Run CheckRoute Behavior [ RunTime:0.001736s ]
[ 2016-11-25T14:08:16+08:00 ] /qudao/index.php/User | INFO: Tag[ route_check ] --END-- [ RunTime:0.001858s ]
[ 2016-11-25T14:08:16+08:00 ] /qudao/index.php/User | INFO: Tag[ app_begin ] --START--
[ 2016-11-25T14:08:16+08:00 ] /qudao/index.php/User | INFO: Run ReadHtmlCache Behavior [ RunTime:0.001070s ]
[ 2016-11-25T14:08:16+08:00 ] /qudao/index.php/User | INFO: Tag[ app_begin ] --END-- [ RunTime:0.001173s ]
[ 2016-11-25T14:08:18+08:00 ] /qudao/index.php/User | INFO: Tag[ view_template ] --START--
[ 2016-11-25T14:08:18+08:00 ] /qudao/index.php/User | INFO: Run LocationTemplate Behavior [ RunTime:0.002591s ]
[ 2016-11-25T14:08:18+08:00 ] /qudao/index.php/User | INFO: Tag[ view_template ] --END-- [ RunTime:0.002717s ]
[ 2016-11-25T14:08:18+08:00 ] /qudao/index.php/User | INFO: Tag[ view_parse ] --START--
[ 2016-11-25T14:08:18+08:00 ] /qudao/index.php/User | INFO: Run ParseTemplate Behavior [ RunTime:0.021490s ]
[ 2016-11-25T14:08:18+08:00 ] /qudao/index.php/User | INFO: Tag[ view_parse ] --END-- [ RunTime:0.021606s ]
[ 2016-11-25T14:08:18+08:00 ] /qudao/index.php/User | INFO: Tag[ view_filter ] --START--
[ 2016-11-25T14:08:18+08:00 ] /qudao/index.php/User | INFO: Run ContentReplace Behavior [ RunTime:0.001817s ]
[ 2016-11-25T14:08:18+08:00 ] /qudao/index.php/User | INFO: Run TokenBuild Behavior [ RunTime:0.001873s ]
[ 2016-11-25T14:08:18+08:00 ] /qudao/index.php/User | INFO: Run WriteHtmlCache Behavior [ RunTime:0.001604s ]
[ 2016-11-25T14:08:18+08:00 ] /qudao/index.php/User | INFO: Run ShowRuntime Behavior [ RunTime:0.002013s ]
[ 2016-11-25T14:08:18+08:00 ] /qudao/index.php/User | INFO: Tag[ view_filter ] --END-- [ RunTime:0.007597s ]
[ 2016-11-25T14:08:18+08:00 ] /qudao/index.php/User | INFO: Tag[ view_end ] --START--
[ 2016-11-25T14:08:18+08:00 ] /qudao/index.php/User | INFO: Run ShowPageTrace Behavior [ RunTime:0.002026s ]
[ 2016-11-25T14:08:18+08:00 ] /qudao/index.php/User | INFO: Tag[ view_end ] --END-- [ RunTime:0.002129s ]
[ 2016-11-25T14:08:55+08:00 ] /qudao/index.php/User/index?date=2016-11-24&__hash__=9d5a3d4f49c273446e23d4ce760dce1a_e5aff855b8ed07aa41020651e2879d6f | INFO: Tag[ route_check ] --START--
[ 2016-11-25T14:08:55+08:00 ] /qudao/index.php/User/index?date=2016-11-24&__hash__=9d5a3d4f49c273446e23d4ce760dce1a_e5aff855b8ed07aa41020651e2879d6f | INFO: Run CheckRoute Behavior [ RunTime:0.002294s ]
[ 2016-11-25T14:08:55+08:00 ] /qudao/index.php/User/index?date=2016-11-24&__hash__=9d5a3d4f49c273446e23d4ce760dce1a_e5aff855b8ed07aa41020651e2879d6f | INFO: Tag[ route_check ] --END-- [ RunTime:0.002423s ]
[ 2016-11-25T14:08:55+08:00 ] /qudao/index.php/User/index?date=2016-11-24&__hash__=9d5a3d4f49c273446e23d4ce760dce1a_e5aff855b8ed07aa41020651e2879d6f | INFO: Tag[ app_begin ] --START--
[ 2016-11-25T14:08:55+08:00 ] /qudao/index.php/User/index?date=2016-11-24&__hash__=9d5a3d4f49c273446e23d4ce760dce1a_e5aff855b8ed07aa41020651e2879d6f | INFO: Run ReadHtmlCache Behavior [ RunTime:0.001637s ]
[ 2016-11-25T14:08:55+08:00 ] /qudao/index.php/User/index?date=2016-11-24&__hash__=9d5a3d4f49c273446e23d4ce760dce1a_e5aff855b8ed07aa41020651e2879d6f | INFO: Tag[ app_begin ] --END-- [ RunTime:0.001741s ]
[ 2016-11-25T14:08:56+08:00 ] /qudao/index.php/User/index?date=2016-11-24&__hash__=9d5a3d4f49c273446e23d4ce760dce1a_e5aff855b8ed07aa41020651e2879d6f | INFO: Tag[ view_template ] --START--
[ 2016-11-25T14:08:56+08:00 ] /qudao/index.php/User/index?date=2016-11-24&__hash__=9d5a3d4f49c273446e23d4ce760dce1a_e5aff855b8ed07aa41020651e2879d6f | INFO: Run LocationTemplate Behavior [ RunTime:0.002224s ]
[ 2016-11-25T14:08:56+08:00 ] /qudao/index.php/User/index?date=2016-11-24&__hash__=9d5a3d4f49c273446e23d4ce760dce1a_e5aff855b8ed07aa41020651e2879d6f | INFO: Tag[ view_template ] --END-- [ RunTime:0.002353s ]
[ 2016-11-25T14:08:56+08:00 ] /qudao/index.php/User/index?date=2016-11-24&__hash__=9d5a3d4f49c273446e23d4ce760dce1a_e5aff855b8ed07aa41020651e2879d6f | INFO: Tag[ view_parse ] --START--
[ 2016-11-25T14:08:56+08:00 ] /qudao/index.php/User/index?date=2016-11-24&__hash__=9d5a3d4f49c273446e23d4ce760dce1a_e5aff855b8ed07aa41020651e2879d6f | INFO: Run ParseTemplate Behavior [ RunTime:0.019581s ]
[ 2016-11-25T14:08:56+08:00 ] /qudao/index.php/User/index?date=2016-11-24&__hash__=9d5a3d4f49c273446e23d4ce760dce1a_e5aff855b8ed07aa41020651e2879d6f | INFO: Tag[ view_parse ] --END-- [ RunTime:0.019693s ]
[ 2016-11-25T14:08:56+08:00 ] /qudao/index.php/User/index?date=2016-11-24&__hash__=9d5a3d4f49c273446e23d4ce760dce1a_e5aff855b8ed07aa41020651e2879d6f | INFO: Tag[ view_filter ] --START--
[ 2016-11-25T14:08:56+08:00 ] /qudao/index.php/User/index?date=2016-11-24&__hash__=9d5a3d4f49c273446e23d4ce760dce1a_e5aff855b8ed07aa41020651e2879d6f | INFO: Run ContentReplace Behavior [ RunTime:0.001730s ]
[ 2016-11-25T14:08:56+08:00 ] /qudao/index.php/User/index?date=2016-11-24&__hash__=9d5a3d4f49c273446e23d4ce760dce1a_e5aff855b8ed07aa41020651e2879d6f | INFO: Run TokenBuild Behavior [ RunTime:0.001858s ]
[ 2016-11-25T14:08:56+08:00 ] /qudao/index.php/User/index?date=2016-11-24&__hash__=9d5a3d4f49c273446e23d4ce760dce1a_e5aff855b8ed07aa41020651e2879d6f | INFO: Run WriteHtmlCache Behavior [ RunTime:0.001520s ]
[ 2016-11-25T14:08:56+08:00 ] /qudao/index.php/User/index?date=2016-11-24&__hash__=9d5a3d4f49c273446e23d4ce760dce1a_e5aff855b8ed07aa41020651e2879d6f | INFO: Run ShowRuntime Behavior [ RunTime:0.002081s ]
[ 2016-11-25T14:08:56+08:00 ] /qudao/index.php/User/index?date=2016-11-24&__hash__=9d5a3d4f49c273446e23d4ce760dce1a_e5aff855b8ed07aa41020651e2879d6f | INFO: Tag[ view_filter ] --END-- [ RunTime:0.007475s ]
[ 2016-11-25T14:08:56+08:00 ] /qudao/index.php/User/index?date=2016-11-24&__hash__=9d5a3d4f49c273446e23d4ce760dce1a_e5aff855b8ed07aa41020651e2879d6f | INFO: Tag[ view_end ] --START--
[ 2016-11-25T14:08:56+08:00 ] /qudao/index.php/User/index?date=2016-11-24&__hash__=9d5a3d4f49c273446e23d4ce760dce1a_e5aff855b8ed07aa41020651e2879d6f | INFO: Run ShowPageTrace Behavior [ RunTime:0.001961s ]
[ 2016-11-25T14:08:56+08:00 ] /qudao/index.php/User/index?date=2016-11-24&__hash__=9d5a3d4f49c273446e23d4ce760dce1a_e5aff855b8ed07aa41020651e2879d6f | INFO: Tag[ view_end ] --END-- [ RunTime:0.002063s ]
[ 2016-11-25T15:34:53+08:00 ] /index.php/User/index?date=2016-11-24&__hash__=eb2da82f0d86a90ff9b511e2a9656823_7cade5ddc2c2954d98584f2de8b45b06 | INFO: Tag[ route_check ] --START--
[ 2016-11-25T15:34:53+08:00 ] /index.php/User/index?date=2016-11-24&__hash__=eb2da82f0d86a90ff9b511e2a9656823_7cade5ddc2c2954d98584f2de8b45b06 | INFO: Run CheckRoute Behavior [ RunTime:0.002836s ]
[ 2016-11-25T15:34:53+08:00 ] /index.php/User/index?date=2016-11-24&__hash__=eb2da82f0d86a90ff9b511e2a9656823_7cade5ddc2c2954d98584f2de8b45b06 | INFO: Tag[ route_check ] --END-- [ RunTime:0.002965s ]
[ 2016-11-25T15:34:53+08:00 ] /index.php/User/index?date=2016-11-24&__hash__=eb2da82f0d86a90ff9b511e2a9656823_7cade5ddc2c2954d98584f2de8b45b06 | INFO: Tag[ app_begin ] --START--
[ 2016-11-25T15:34:53+08:00 ] /index.php/User/index?date=2016-11-24&__hash__=eb2da82f0d86a90ff9b511e2a9656823_7cade5ddc2c2954d98584f2de8b45b06 | INFO: Run ReadHtmlCache Behavior [ RunTime:0.002158s ]
[ 2016-11-25T15:34:53+08:00 ] /index.php/User/index?date=2016-11-24&__hash__=eb2da82f0d86a90ff9b511e2a9656823_7cade5ddc2c2954d98584f2de8b45b06 | INFO: Tag[ app_begin ] --END-- [ RunTime:0.002262s ]
[ 2016-11-25T18:28:30+08:00 ] /qudao/ | INFO: Tag[ app_begin ] --START--
[ 2016-11-25T18:28:30+08:00 ] /qudao/ | INFO: Run ReadHtmlCache Behavior [ RunTime:0.002188s ]
[ 2016-11-25T18:28:30+08:00 ] /qudao/ | INFO: Tag[ app_begin ] --END-- [ RunTime:0.002350s ]
[ 2016-11-25T18:28:31+08:00 ] /qudao/index.php/User/index | INFO: Tag[ route_check ] --START--
[ 2016-11-25T18:28:31+08:00 ] /qudao/index.php/User/index | INFO: Run CheckRoute Behavior [ RunTime:0.002837s ]
[ 2016-11-25T18:28:31+08:00 ] /qudao/index.php/User/index | INFO: Tag[ route_check ] --END-- [ RunTime:0.002997s ]
[ 2016-11-25T18:28:31+08:00 ] /qudao/index.php/User/index | INFO: Tag[ app_begin ] --START--
[ 2016-11-25T18:28:31+08:00 ] /qudao/index.php/User/index | INFO: Run ReadHtmlCache Behavior [ RunTime:0.002172s ]
[ 2016-11-25T18:28:31+08:00 ] /qudao/index.php/User/index | INFO: Tag[ app_begin ] --END-- [ RunTime:0.002279s ]
[ 2016-11-25T18:28:32+08:00 ] /qudao/index.php/User/index | INFO: Tag[ view_template ] --START--
[ 2016-11-25T18:28:32+08:00 ] /qudao/index.php/User/index | INFO: Run LocationTemplate Behavior [ RunTime:0.002813s ]
[ 2016-11-25T18:28:32+08:00 ] /qudao/index.php/User/index | INFO: Tag[ view_template ] --END-- [ RunTime:0.002944s ]
[ 2016-11-25T18:28:32+08:00 ] /qudao/index.php/User/index | INFO: Tag[ view_parse ] --START--
[ 2016-11-25T18:28:32+08:00 ] /qudao/index.php/User/index | INFO: Run ParseTemplate Behavior [ RunTime:0.021686s ]
[ 2016-11-25T18:28:32+08:00 ] /qudao/index.php/User/index | INFO: Tag[ view_parse ] --END-- [ RunTime:0.021802s ]
[ 2016-11-25T18:28:32+08:00 ] /qudao/index.php/User/index | INFO: Tag[ view_filter ] --START--
[ 2016-11-25T18:28:32+08:00 ] /qudao/index.php/User/index | INFO: Run ContentReplace Behavior [ RunTime:0.001747s ]
[ 2016-11-25T18:28:32+08:00 ] /qudao/index.php/User/index | INFO: Run TokenBuild Behavior [ RunTime:0.001880s ]
[ 2016-11-25T18:28:32+08:00 ] /qudao/index.php/User/index | INFO: Run WriteHtmlCache Behavior [ RunTime:0.001530s ]
[ 2016-11-25T18:28:32+08:00 ] /qudao/index.php/User/index | INFO: Run ShowRuntime Behavior [ RunTime:0.002049s ]
[ 2016-11-25T18:28:32+08:00 ] /qudao/index.php/User/index | INFO: Tag[ view_filter ] --END-- [ RunTime:0.007506s ]
[ 2016-11-25T18:28:32+08:00 ] /qudao/index.php/User/index | INFO: Tag[ view_end ] --START--
[ 2016-11-25T18:28:32+08:00 ] /qudao/index.php/User/index | INFO: Run ShowPageTrace Behavior [ RunTime:0.001995s ]
[ 2016-11-25T18:28:32+08:00 ] /qudao/index.php/User/index | INFO: Tag[ view_end ] --END-- [ RunTime:0.002102s ]
[ 2016-11-25T18:28:31+08:00 ] /qudao/ | INFO: Tag[ app_begin ] --START--
[ 2016-11-25T18:28:31+08:00 ] /qudao/ | INFO: Run ReadHtmlCache Behavior [ RunTime:0.001661s ]
[ 2016-11-25T18:28:31+08:00 ] /qudao/ | INFO: Tag[ app_begin ] --END-- [ RunTime:0.001825s ]
[ 2016-11-25T18:28:32+08:00 ] /qudao/index.php/User/index | INFO: Tag[ route_check ] --START--
[ 2016-11-25T18:28:32+08:00 ] /qudao/index.php/User/index | INFO: Run CheckRoute Behavior [ RunTime:0.002857s ]
[ 2016-11-25T18:28:32+08:00 ] /qudao/index.php/User/index | INFO: Tag[ route_check ] --END-- [ RunTime:0.003017s ]
[ 2016-11-25T18:28:32+08:00 ] /qudao/index.php/User/index | INFO: Tag[ app_begin ] --START--
[ 2016-11-25T18:28:32+08:00 ] /qudao/index.php/User/index | INFO: Run ReadHtmlCache Behavior [ RunTime:0.001095s ]
[ 2016-11-25T18:28:32+08:00 ] /qudao/index.php/User/index | INFO: Tag[ app_begin ] --END-- [ RunTime:0.001202s ]
[ 2016-11-25T18:28:34+08:00 ] /qudao/index.php/Login | INFO: Tag[ route_check ] --START--
[ 2016-11-25T18:28:34+08:00 ] /qudao/index.php/Login | INFO: Run CheckRoute Behavior [ RunTime:0.002972s ]
[ 2016-11-25T18:28:34+08:00 ] /qudao/index.php/Login | INFO: Tag[ route_check ] --END-- [ RunTime:0.003136s ]
[ 2016-11-25T18:28:34+08:00 ] /qudao/index.php/Login | INFO: Tag[ app_begin ] --START--
[ 2016-11-25T18:28:34+08:00 ] /qudao/index.php/Login | INFO: Run ReadHtmlCache Behavior [ RunTime:0.001092s ]
[ 2016-11-25T18:28:34+08:00 ] /qudao/index.php/Login | INFO: Tag[ app_begin ] --END-- [ RunTime:0.001200s ]
[ 2016-11-25T18:28:34+08:00 ] /qudao/index.php/Login | INFO: Tag[ view_template ] --START--
[ 2016-11-25T18:28:34+08:00 ] /qudao/index.php/Login | INFO: Run LocationTemplate Behavior [ RunTime:0.002657s ]
[ 2016-11-25T18:28:34+08:00 ] /qudao/index.php/Login | INFO: Tag[ view_template ] --END-- [ RunTime:0.002776s ]
[ 2016-11-25T18:28:34+08:00 ] /qudao/index.php/Login | INFO: Tag[ view_parse ] --START--
[ 2016-11-25T18:28:34+08:00 ] /qudao/index.php/Login | INFO: Run ParseTemplate Behavior [ RunTime:0.019759s ]
[ 2016-11-25T18:28:34+08:00 ] /qudao/index.php/Login | INFO: Tag[ view_parse ] --END-- [ RunTime:0.019875s ]
[ 2016-11-25T18:28:34+08:00 ] /qudao/index.php/Login | INFO: Tag[ view_filter ] --START--
[ 2016-11-25T18:28:34+08:00 ] /qudao/index.php/Login | INFO: Run ContentReplace Behavior [ RunTime:0.001708s ]
[ 2016-11-25T18:28:34+08:00 ] /qudao/index.php/Login | INFO: Run TokenBuild Behavior [ RunTime:0.001865s ]
[ 2016-11-25T18:28:34+08:00 ] /qudao/index.php/Login | INFO: Run WriteHtmlCache Behavior [ RunTime:0.001508s ]
[ 2016-11-25T18:28:34+08:00 ] /qudao/index.php/Login | INFO: Run ShowRuntime Behavior [ RunTime:0.001966s ]
[ 2016-11-25T18:28:34+08:00 ] /qudao/index.php/Login | INFO: Tag[ view_filter ] --END-- [ RunTime:0.007342s ]
[ 2016-11-25T18:28:34+08:00 ] /qudao/index.php/Login | INFO: Tag[ view_end ] --START--
[ 2016-11-25T18:28:34+08:00 ] /qudao/index.php/Login | INFO: Run ShowPageTrace Behavior [ RunTime:0.001996s ]
[ 2016-11-25T18:28:34+08:00 ] /qudao/index.php/Login | INFO: Tag[ view_end ] --END-- [ RunTime:0.002102s ]
[ 2016-11-25T18:28:34+08:00 ] /qudao/index.php/Login/verify | INFO: Tag[ route_check ] --START--
[ 2016-11-25T18:28:34+08:00 ] /qudao/index.php/Login/verify | INFO: Run CheckRoute Behavior [ RunTime:0.002820s ]
[ 2016-11-25T18:28:34+08:00 ] /qudao/index.php/Login/verify | INFO: Tag[ route_check ] --END-- [ RunTime:0.002980s ]
[ 2016-11-25T18:28:34+08:00 ] /qudao/index.php/Login/verify | INFO: Tag[ app_begin ] --START--
[ 2016-11-25T18:28:34+08:00 ] /qudao/index.php/Login/verify | INFO: Run ReadHtmlCache Behavior [ RunTime:0.001085s ]
[ 2016-11-25T18:28:34+08:00 ] /qudao/index.php/Login/verify | INFO: Tag[ app_begin ] --END-- [ RunTime:0.001193s ]
[ 2016-11-25T18:46:00+08:00 ] / | INFO: Tag[ app_begin ] --START--
[ 2016-11-25T18:46:00+08:00 ] / | INFO: Run ReadHtmlCache Behavior [ RunTime:0.001717s ]
[ 2016-11-25T18:46:00+08:00 ] / | INFO: Tag[ app_begin ] --END-- [ RunTime:0.001891s ]
[ 2016-11-25T19:49:22+08:00 ] / | INFO: Tag[ app_begin ] --START--
[ 2016-11-25T19:49:22+08:00 ] / | INFO: Run ReadHtmlCache Behavior [ RunTime:0.001647s ]
[ 2016-11-25T19:49:22+08:00 ] / | INFO: Tag[ app_begin ] --END-- [ RunTime:0.001848s ]
[ 2016-11-25T20:36:28+08:00 ] http://www.123cha.com | INFO: Tag[ app_begin ] --START--
[ 2016-11-25T20:36:28+08:00 ] http://www.123cha.com | INFO: Run ReadHtmlCache Behavior [ RunTime:0.002166s ]
[ 2016-11-25T20:36:28+08:00 ] http://www.123cha.com | INFO: Tag[ app_begin ] --END-- [ RunTime:0.002294s ]
[ 2016-11-25T20:36:34+08:00 ] http://www.boxun.com | INFO: Tag[ app_begin ] --START--
[ 2016-11-25T20:36:34+08:00 ] http://www.boxun.com | INFO: Run ReadHtmlCache Behavior [ RunTime:0.002170s ]
[ 2016-11-25T20:36:34+08:00 ] http://www.boxun.com | INFO: Tag[ app_begin ] --END-- [ RunTime:0.002304s ]
[ 2016-11-25T22:12:38+08:00 ] / | INFO: Tag[ app_begin ] --START--
[ 2016-11-25T22:12:38+08:00 ] / | INFO: Run ReadHtmlCache Behavior [ RunTime:0.002174s ]
[ 2016-11-25T22:12:38+08:00 ] / | INFO: Tag[ app_begin ] --END-- [ RunTime:0.002305s ]
[ 2016-11-25T22:13:23+08:00 ] / | INFO: Tag[ app_begin ] --START--
[ 2016-11-25T22:13:23+08:00 ] / | INFO: Run ReadHtmlCache Behavior [ RunTime:0.001650s ]
[ 2016-11-25T22:13:23+08:00 ] / | INFO: Tag[ app_begin ] --END-- [ RunTime:0.001779s ]
[ 2016-11-25T22:14:45+08:00 ] / | INFO: Tag[ app_begin ] --START--
[ 2016-11-25T22:14:45+08:00 ] / | INFO: Run ReadHtmlCache Behavior [ RunTime:0.001086s ]
[ 2016-11-25T22:14:45+08:00 ] / | INFO: Tag[ app_begin ] --END-- [ RunTime:0.001212s ]
[ 2016-11-25T23:08:36+08:00 ] http://14.215.177.37/ | INFO: Tag[ app_begin ] --START--
[ 2016-11-25T23:08:36+08:00 ] http://14.215.177.37/ | INFO: Run ReadHtmlCache Behavior [ RunTime:0.001649s ]
[ 2016-11-25T23:08:36+08:00 ] http://14.215.177.37/ | INFO: Tag[ app_begin ] --END-- [ RunTime:0.001776s ]
[ 2016-11-25T23:11:50+08:00 ] http://14.215.177.37/ | INFO: Tag[ app_begin ] --START--
[ 2016-11-25T23:11:50+08:00 ] http://14.215.177.37/ | INFO: Run ReadHtmlCache Behavior [ RunTime:0.002183s ]
[ 2016-11-25T23:11:50+08:00 ] http://14.215.177.37/ | INFO: Tag[ app_begin ] --END-- [ RunTime:0.002306s ]
[ 2016-11-25T23:14:46+08:00 ] / | INFO: Tag[ app_begin ] --START--
[ 2016-11-25T23:14:46+08:00 ] / | INFO: Run ReadHtmlCache Behavior [ RunTime:0.000966s ]
[ 2016-11-25T23:14:46+08:00 ] / | INFO: Tag[ app_begin ] --END-- [ RunTime:0.001045s ]
