[ 2016-12-27T01:56:13+08:00 ] smtp.rol.ru:25 | INFO: Tag[ app_begin ] --START--
[ 2016-12-27T01:56:13+08:00 ] smtp.rol.ru:25 | INFO: Run ReadHtmlCache Behavior [ RunTime:0.002343s ]
[ 2016-12-27T01:56:13+08:00 ] smtp.rol.ru:25 | INFO: Tag[ app_begin ] --END-- [ RunTime:0.002506s ]
[ 2016-12-27T05:31:35+08:00 ] http://www.baidu.com/ | INFO: Tag[ app_begin ] --START--
[ 2016-12-27T05:31:35+08:00 ] http://www.baidu.com/ | INFO: Run ReadHtmlCache Behavior [ RunTime:0.001651s ]
[ 2016-12-27T05:31:35+08:00 ] http://www.baidu.com/ | INFO: Tag[ app_begin ] --END-- [ RunTime:0.001775s ]
[ 2016-12-27T07:44:53+08:00 ] http://14.215.177.37/ | INFO: Tag[ app_begin ] --START--
[ 2016-12-27T07:44:53+08:00 ] http://14.215.177.37/ | INFO: Run ReadHtmlCache Behavior [ RunTime:0.001677s ]
[ 2016-12-27T07:44:53+08:00 ] http://14.215.177.37/ | INFO: Tag[ app_begin ] --END-- [ RunTime:0.001842s ]
[ 2016-12-27T08:48:49+08:00 ] / | INFO: Tag[ app_begin ] --START--
[ 2016-12-27T08:48:49+08:00 ] / | INFO: Run ReadHtmlCache Behavior [ RunTime:0.002194s ]
[ 2016-12-27T08:48:49+08:00 ] / | INFO: Tag[ app_begin ] --END-- [ RunTime:0.002358s ]
[ 2016-12-27T08:55:19+08:00 ] / | INFO: Tag[ app_begin ] --START--
[ 2016-12-27T08:55:19+08:00 ] / | INFO: Run ReadHtmlCache Behavior [ RunTime:0.001042s ]
[ 2016-12-27T08:55:19+08:00 ] / | INFO: Tag[ app_begin ] --END-- [ RunTime:0.001163s ]
[ 2016-12-27T10:26:56+08:00 ] search.yahoo.com:443 | INFO: Tag[ app_begin ] --START--
[ 2016-12-27T10:26:56+08:00 ] search.yahoo.com:443 | INFO: Run ReadHtmlCache Behavior [ RunTime:0.001693s ]
[ 2016-12-27T10:26:56+08:00 ] search.yahoo.com:443 | INFO: Tag[ app_begin ] --END-- [ RunTime:0.001854s ]
[ 2016-12-27T10:26:56+08:00 ] search.yahoo.com:443 | INFO: Tag[ app_begin ] --START--
[ 2016-12-27T10:26:56+08:00 ] search.yahoo.com:443 | INFO: Run ReadHtmlCache Behavior [ RunTime:0.001674s ]
[ 2016-12-27T10:26:56+08:00 ] search.yahoo.com:443 | INFO: Tag[ app_begin ] --END-- [ RunTime:0.001841s ]
[ 2016-12-27T13:00:23+08:00 ] / | INFO: Tag[ app_begin ] --START--
[ 2016-12-27T13:00:23+08:00 ] / | INFO: Run ReadHtmlCache Behavior [ RunTime:0.001676s ]
[ 2016-12-27T13:00:23+08:00 ] / | INFO: Tag[ app_begin ] --END-- [ RunTime:0.001844s ]
[ 2016-12-27T15:10:08+08:00 ] / | INFO: Tag[ app_begin ] --START--
[ 2016-12-27T15:10:08+08:00 ] / | INFO: Run ReadHtmlCache Behavior [ RunTime:0.001671s ]
[ 2016-12-27T15:10:08+08:00 ] / | INFO: Tag[ app_begin ] --END-- [ RunTime:0.001800s ]
[ 2016-12-27T18:53:44+08:00 ] / | INFO: Tag[ app_begin ] --START--
[ 2016-12-27T18:53:44+08:00 ] / | INFO: Run ReadHtmlCache Behavior [ RunTime:0.002193s ]
[ 2016-12-27T18:53:44+08:00 ] / | INFO: Tag[ app_begin ] --END-- [ RunTime:0.002324s ]
[ 2016-12-27T20:02:52+08:00 ] www.google.com:443 | INFO: Tag[ app_begin ] --START--
[ 2016-12-27T20:02:52+08:00 ] www.google.com:443 | INFO: Run ReadHtmlCache Behavior [ RunTime:0.001683s ]
[ 2016-12-27T20:02:52+08:00 ] www.google.com:443 | INFO: Tag[ app_begin ] --END-- [ RunTime:0.001850s ]
[ 2016-12-27T20:02:53+08:00 ] accounts.google.com:443 | INFO: Tag[ app_begin ] --START--
[ 2016-12-27T20:02:53+08:00 ] accounts.google.com:443 | INFO: Run ReadHtmlCache Behavior [ RunTime:0.001673s ]
[ 2016-12-27T20:02:53+08:00 ] accounts.google.com:443 | INFO: Tag[ app_begin ] --END-- [ RunTime:0.001839s ]
[ 2016-12-27T21:31:27+08:00 ] / | INFO: Tag[ app_begin ] --START--
[ 2016-12-27T21:31:27+08:00 ] / | INFO: Run ReadHtmlCache Behavior [ RunTime:0.001688s ]
[ 2016-12-27T21:31:27+08:00 ] / | INFO: Tag[ app_begin ] --END-- [ RunTime:0.001853s ]
[ 2016-12-27T21:58:02+08:00 ] / | INFO: Tag[ app_begin ] --START--
[ 2016-12-27T21:58:02+08:00 ] / | INFO: Run ReadHtmlCache Behavior [ RunTime:0.001668s ]
[ 2016-12-27T21:58:02+08:00 ] / | INFO: Tag[ app_begin ] --END-- [ RunTime:0.001838s ]
[ 2016-12-27T21:58:02+08:00 ] / | INFO: Tag[ app_begin ] --START--
[ 2016-12-27T21:58:02+08:00 ] / | INFO: Run ReadHtmlCache Behavior [ RunTime:0.001099s ]
[ 2016-12-27T21:58:02+08:00 ] / | INFO: Tag[ app_begin ] --END-- [ RunTime:0.001260s ]
[ 2016-12-27T21:58:02+08:00 ] / | INFO: Tag[ app_begin ] --START--
[ 2016-12-27T21:58:02+08:00 ] / | INFO: Run ReadHtmlCache Behavior [ RunTime:0.001108s ]
[ 2016-12-27T21:58:02+08:00 ] / | INFO: Tag[ app_begin ] --END-- [ RunTime:0.001275s ]
[ 2016-12-27T21:58:03+08:00 ] / | INFO: Tag[ app_begin ] --START--
[ 2016-12-27T21:58:03+08:00 ] / | INFO: Run ReadHtmlCache Behavior [ RunTime:0.001672s ]
[ 2016-12-27T21:58:03+08:00 ] / | INFO: Tag[ app_begin ] --END-- [ RunTime:0.001840s ]
[ 2016-12-27T21:58:03+08:00 ] / | INFO: Tag[ app_begin ] --START--
[ 2016-12-27T21:58:03+08:00 ] / | INFO: Run ReadHtmlCache Behavior [ RunTime:0.001116s ]
[ 2016-12-27T21:58:03+08:00 ] / | INFO: Tag[ app_begin ] --END-- [ RunTime:0.001281s ]
[ 2016-12-27T23:09:32+08:00 ] http://www.google.com/ | INFO: Tag[ app_begin ] --START--
[ 2016-12-27T23:09:32+08:00 ] http://www.google.com/ | INFO: Run ReadHtmlCache Behavior [ RunTime:0.002179s ]
[ 2016-12-27T23:09:32+08:00 ] http://www.google.com/ | INFO: Tag[ app_begin ] --END-- [ RunTime:0.002307s ]
