[ 2016-12-22T07:46:52+08:00 ] / | INFO: Tag[ app_begin ] --START--
[ 2016-12-22T07:46:52+08:00 ] / | INFO: Run ReadHtmlCache Behavior [ RunTime:0.001743s ]
[ 2016-12-22T07:46:52+08:00 ] / | INFO: Tag[ app_begin ] --END-- [ RunTime:0.001906s ]
[ 2016-12-22T08:41:16+08:00 ] http://www.server110.com/ | INFO: Tag[ app_begin ] --START--
[ 2016-12-22T08:41:16+08:00 ] http://www.server110.com/ | INFO: Run ReadHtmlCache Behavior [ RunTime:0.001685s ]
[ 2016-12-22T08:41:16+08:00 ] http://www.server110.com/ | INFO: Tag[ app_begin ] --END-- [ RunTime:0.001855s ]
[ 2016-12-22T08:41:17+08:00 ] www.linode.com:443 | INFO: Tag[ app_begin ] --START--
[ 2016-12-22T08:41:17+08:00 ] www.linode.com:443 | INFO: Run ReadHtmlCache Behavior [ RunTime:0.001107s ]
[ 2016-12-22T08:41:17+08:00 ] www.linode.com:443 | INFO: Tag[ app_begin ] --END-- [ RunTime:0.001270s ]
[ 2016-12-22T08:41:17+08:00 ] www.linode.com:443 | INFO: Tag[ app_begin ] --START--
[ 2016-12-22T08:41:17+08:00 ] www.linode.com:443 | INFO: Run ReadHtmlCache Behavior [ RunTime:0.001107s ]
[ 2016-12-22T08:41:17+08:00 ] www.linode.com:443 | INFO: Tag[ app_begin ] --END-- [ RunTime:0.001270s ]
[ 2016-12-22T08:41:17+08:00 ] www.linode.com:443 | INFO: Tag[ app_begin ] --START--
[ 2016-12-22T08:41:17+08:00 ] www.linode.com:443 | INFO: Run ReadHtmlCache Behavior [ RunTime:0.001113s ]
[ 2016-12-22T08:41:17+08:00 ] www.linode.com:443 | INFO: Tag[ app_begin ] --END-- [ RunTime:0.001283s ]
[ 2016-12-22T09:34:21+08:00 ] http://baidu.com/ | INFO: Tag[ app_begin ] --START--
[ 2016-12-22T09:34:21+08:00 ] http://baidu.com/ | INFO: Run ReadHtmlCache Behavior [ RunTime:0.001679s ]
[ 2016-12-22T09:34:21+08:00 ] http://baidu.com/ | INFO: Tag[ app_begin ] --END-- [ RunTime:0.001854s ]
[ 2016-12-22T10:57:50+08:00 ] http://14.215.177.37/ | INFO: Tag[ app_begin ] --START--
[ 2016-12-22T10:57:50+08:00 ] http://14.215.177.37/ | INFO: Run ReadHtmlCache Behavior [ RunTime:0.002226s ]
[ 2016-12-22T10:57:50+08:00 ] http://14.215.177.37/ | INFO: Tag[ app_begin ] --END-- [ RunTime:0.002390s ]
[ 2016-12-22T12:24:55+08:00 ] / | INFO: Tag[ app_begin ] --START--
[ 2016-12-22T12:24:55+08:00 ] / | INFO: Run ReadHtmlCache Behavior [ RunTime:0.001688s ]
[ 2016-12-22T12:24:55+08:00 ] / | INFO: Tag[ app_begin ] --END-- [ RunTime:0.001866s ]
[ 2016-12-22T14:35:35+08:00 ] / | INFO: Tag[ app_begin ] --START--
[ 2016-12-22T14:35:35+08:00 ] / | INFO: Run ReadHtmlCache Behavior [ RunTime:0.001666s ]
[ 2016-12-22T14:35:35+08:00 ] / | INFO: Tag[ app_begin ] --END-- [ RunTime:0.001829s ]
[ 2016-12-22T16:12:52+08:00 ] http://www.ip.cn/?rands=_25978630946783754360568 | INFO: Tag[ app_begin ] --START--
[ 2016-12-22T16:12:52+08:00 ] http://www.ip.cn/?rands=_25978630946783754360568 | INFO: Run ReadHtmlCache Behavior [ RunTime:0.001688s ]
[ 2016-12-22T16:12:52+08:00 ] http://www.ip.cn/?rands=_25978630946783754360568 | INFO: Tag[ app_begin ] --END-- [ RunTime:0.001859s ]
[ 2016-12-22T16:12:52+08:00 ] http://www.ceek.jp/?rands=_748816691405028243492072 | INFO: Tag[ app_begin ] --START--
[ 2016-12-22T16:12:52+08:00 ] http://www.ceek.jp/?rands=_748816691405028243492072 | INFO: Run ReadHtmlCache Behavior [ RunTime:0.002222s ]
[ 2016-12-22T16:12:52+08:00 ] http://www.ceek.jp/?rands=_748816691405028243492072 | INFO: Tag[ app_begin ] --END-- [ RunTime:0.002390s ]
[ 2016-12-22T16:12:52+08:00 ] http://www.baidu.com/?rands=_11160173448810928552158208 | INFO: Tag[ app_begin ] --START--
[ 2016-12-22T16:12:52+08:00 ] http://www.baidu.com/?rands=_11160173448810928552158208 | INFO: Run ReadHtmlCache Behavior [ RunTime:0.002207s ]
[ 2016-12-22T16:12:52+08:00 ] http://www.baidu.com/?rands=_11160173448810928552158208 | INFO: Tag[ app_begin ] --END-- [ RunTime:0.002369s ]
[ 2016-12-22T18:30:18+08:00 ] / | INFO: Tag[ app_begin ] --START--
[ 2016-12-22T18:30:18+08:00 ] / | INFO: Run ReadHtmlCache Behavior [ RunTime:0.002201s ]
[ 2016-12-22T18:30:18+08:00 ] / | INFO: Tag[ app_begin ] --END-- [ RunTime:0.002367s ]
[ 2016-12-22T19:12:08+08:00 ] / | INFO: Tag[ app_begin ] --START--
[ 2016-12-22T19:12:08+08:00 ] / | INFO: Run ReadHtmlCache Behavior [ RunTime:0.001685s ]
[ 2016-12-22T19:12:08+08:00 ] / | INFO: Tag[ app_begin ] --END-- [ RunTime:0.001853s ]
[ 2016-12-22T21:13:44+08:00 ] / | INFO: Tag[ app_begin ] --START--
[ 2016-12-22T21:13:44+08:00 ] / | INFO: Run ReadHtmlCache Behavior [ RunTime:0.002207s ]
[ 2016-12-22T21:13:44+08:00 ] / | INFO: Tag[ app_begin ] --END-- [ RunTime:0.002380s ]
