[ 2016-12-16T03:30:38+08:00 ] http://www.server110.com/ | INFO: Tag[ app_begin ] --START--
[ 2016-12-16T03:30:38+08:00 ] http://www.server110.com/ | INFO: Run ReadHtmlCache Behavior [ RunTime:0.001672s ]
[ 2016-12-16T03:30:38+08:00 ] http://www.server110.com/ | INFO: Tag[ app_begin ] --END-- [ RunTime:0.001841s ]
[ 2016-12-16T03:30:41+08:00 ] www.linode.com:443 | INFO: Tag[ app_begin ] --START--
[ 2016-12-16T03:30:41+08:00 ] www.linode.com:443 | INFO: Run ReadHtmlCache Behavior [ RunTime:0.001684s ]
[ 2016-12-16T03:30:41+08:00 ] www.linode.com:443 | INFO: Tag[ app_begin ] --END-- [ RunTime:0.001859s ]
[ 2016-12-16T03:30:41+08:00 ] www.linode.com:443 | INFO: Tag[ app_begin ] --START--
[ 2016-12-16T03:30:41+08:00 ] www.linode.com:443 | INFO: Run ReadHtmlCache Behavior [ RunTime:0.001112s ]
[ 2016-12-16T03:30:41+08:00 ] www.linode.com:443 | INFO: Tag[ app_begin ] --END-- [ RunTime:0.001280s ]
[ 2016-12-16T03:30:41+08:00 ] www.linode.com:443 | INFO: Tag[ app_begin ] --START--
[ 2016-12-16T03:30:41+08:00 ] www.linode.com:443 | INFO: Run ReadHtmlCache Behavior [ RunTime:0.001108s ]
[ 2016-12-16T03:30:41+08:00 ] www.linode.com:443 | INFO: Tag[ app_begin ] --END-- [ RunTime:0.001277s ]
[ 2016-12-16T05:35:05+08:00 ] / | INFO: Tag[ app_begin ] --START--
[ 2016-12-16T05:35:05+08:00 ] / | INFO: Run ReadHtmlCache Behavior [ RunTime:0.001671s ]
[ 2016-12-16T05:35:05+08:00 ] / | INFO: Tag[ app_begin ] --END-- [ RunTime:0.001845s ]
[ 2016-12-16T05:41:26+08:00 ] http://www.baidu.com/ | INFO: Tag[ app_begin ] --START--
[ 2016-12-16T05:41:26+08:00 ] http://www.baidu.com/ | INFO: Run ReadHtmlCache Behavior [ RunTime:0.001650s ]
[ 2016-12-16T05:41:26+08:00 ] http://www.baidu.com/ | INFO: Tag[ app_begin ] --END-- [ RunTime:0.001784s ]
[ 2016-12-16T07:21:02+08:00 ] / | INFO: Tag[ app_begin ] --START--
[ 2016-12-16T07:21:02+08:00 ] / | INFO: Run ReadHtmlCache Behavior [ RunTime:0.001695s ]
[ 2016-12-16T07:21:02+08:00 ] / | INFO: Tag[ app_begin ] --END-- [ RunTime:0.001867s ]
[ 2016-12-16T12:17:44+08:00 ] http://14.215.177.37/ | INFO: Tag[ app_begin ] --START--
[ 2016-12-16T12:17:44+08:00 ] http://14.215.177.37/ | INFO: Run ReadHtmlCache Behavior [ RunTime:0.001829s ]
[ 2016-12-16T12:17:44+08:00 ] http://14.215.177.37/ | INFO: Tag[ app_begin ] --END-- [ RunTime:0.002003s ]
[ 2016-12-16T12:28:42+08:00 ] http://14.215.177.37/ | INFO: Tag[ app_begin ] --START--
[ 2016-12-16T12:28:42+08:00 ] http://14.215.177.37/ | INFO: Run ReadHtmlCache Behavior [ RunTime:0.001899s ]
[ 2016-12-16T12:28:42+08:00 ] http://14.215.177.37/ | INFO: Tag[ app_begin ] --END-- [ RunTime:0.002069s ]
[ 2016-12-16T13:05:39+08:00 ] / | INFO: Tag[ app_begin ] --START--
[ 2016-12-16T13:05:39+08:00 ] / | INFO: Run ReadHtmlCache Behavior [ RunTime:0.002174s ]
[ 2016-12-16T13:05:39+08:00 ] / | INFO: Tag[ app_begin ] --END-- [ RunTime:0.002339s ]
[ 2016-12-16T15:29:22+08:00 ] / | INFO: Tag[ app_begin ] --START--
[ 2016-12-16T15:29:22+08:00 ] / | INFO: Run ReadHtmlCache Behavior [ RunTime:0.002178s ]
[ 2016-12-16T15:29:22+08:00 ] / | INFO: Tag[ app_begin ] --END-- [ RunTime:0.002306s ]
[ 2016-12-16T15:31:32+08:00 ] / | INFO: Tag[ app_begin ] --START--
[ 2016-12-16T15:31:32+08:00 ] / | INFO: Run ReadHtmlCache Behavior [ RunTime:0.001764s ]
[ 2016-12-16T15:31:32+08:00 ] / | INFO: Tag[ app_begin ] --END-- [ RunTime:0.001931s ]
[ 2016-12-16T18:31:05+08:00 ] / | INFO: Tag[ app_begin ] --START--
[ 2016-12-16T18:31:05+08:00 ] / | INFO: Run ReadHtmlCache Behavior [ RunTime:0.001677s ]
[ 2016-12-16T18:31:05+08:00 ] / | INFO: Tag[ app_begin ] --END-- [ RunTime:0.001812s ]
[ 2016-12-16T22:22:33+08:00 ] / | INFO: Tag[ app_begin ] --START--
[ 2016-12-16T22:22:33+08:00 ] / | INFO: Run ReadHtmlCache Behavior [ RunTime:0.001647s ]
[ 2016-12-16T22:22:33+08:00 ] / | INFO: Tag[ app_begin ] --END-- [ RunTime:0.001768s ]
