[ 2016-12-05T02:39:38+08:00 ] / | INFO: Tag[ app_begin ] --START--
[ 2016-12-05T02:39:38+08:00 ] / | INFO: Run ReadHtmlCache Behavior [ RunTime:0.001669s ]
[ 2016-12-05T02:39:38+08:00 ] / | INFO: Tag[ app_begin ] --END-- [ RunTime:0.001835s ]
[ 2016-12-05T03:45:21+08:00 ] / | INFO: Tag[ app_begin ] --START--
[ 2016-12-05T03:45:21+08:00 ] / | INFO: Run ReadHtmlCache Behavior [ RunTime:0.001670s ]
[ 2016-12-05T03:45:21+08:00 ] / | INFO: Tag[ app_begin ] --END-- [ RunTime:0.001840s ]
[ 2016-12-05T05:14:49+08:00 ] search.yahoo.com:443 | INFO: Tag[ app_begin ] --START--
[ 2016-12-05T05:14:49+08:00 ] search.yahoo.com:443 | INFO: Run ReadHtmlCache Behavior [ RunTime:0.001683s ]
[ 2016-12-05T05:14:49+08:00 ] search.yahoo.com:443 | INFO: Tag[ app_begin ] --END-- [ RunTime:0.001856s ]
[ 2016-12-05T05:14:50+08:00 ] search.yahoo.com:443 | INFO: Tag[ app_begin ] --START--
[ 2016-12-05T05:14:50+08:00 ] search.yahoo.com:443 | INFO: Run ReadHtmlCache Behavior [ RunTime:0.001113s ]
[ 2016-12-05T05:14:50+08:00 ] search.yahoo.com:443 | INFO: Tag[ app_begin ] --END-- [ RunTime:0.001282s ]
[ 2016-12-05T07:32:52+08:00 ] / | INFO: Tag[ app_begin ] --START--
[ 2016-12-05T07:32:52+08:00 ] / | INFO: Run ReadHtmlCache Behavior [ RunTime:0.001739s ]
[ 2016-12-05T07:32:52+08:00 ] / | INFO: Tag[ app_begin ] --END-- [ RunTime:0.001869s ]
[ 2016-12-05T07:38:23+08:00 ] http://www.baidu.com/ | INFO: Tag[ app_begin ] --START--
[ 2016-12-05T07:38:23+08:00 ] http://www.baidu.com/ | INFO: Run ReadHtmlCache Behavior [ RunTime:0.002181s ]
[ 2016-12-05T07:38:23+08:00 ] http://www.baidu.com/ | INFO: Tag[ app_begin ] --END-- [ RunTime:0.002310s ]
[ 2016-12-05T13:58:09+08:00 ] / | INFO: Tag[ app_begin ] --START--
[ 2016-12-05T13:58:09+08:00 ] / | INFO: Run ReadHtmlCache Behavior [ RunTime:0.001677s ]
[ 2016-12-05T13:58:09+08:00 ] / | INFO: Tag[ app_begin ] --END-- [ RunTime:0.001850s ]
[ 2016-12-05T22:22:13+08:00 ] / | INFO: Tag[ app_begin ] --START--
[ 2016-12-05T22:22:13+08:00 ] / | INFO: Run ReadHtmlCache Behavior [ RunTime:0.001708s ]
[ 2016-12-05T22:22:13+08:00 ] / | INFO: Tag[ app_begin ] --END-- [ RunTime:0.001897s ]
