[ 2016-12-21T01:36:31+08:00 ] http://14.215.177.37/ | INFO: Tag[ app_begin ] --START--
[ 2016-12-21T01:36:31+08:00 ] http://14.215.177.37/ | INFO: Run ReadHtmlCache Behavior [ RunTime:0.002177s ]
[ 2016-12-21T01:36:31+08:00 ] http://14.215.177.37/ | INFO: Tag[ app_begin ] --END-- [ RunTime:0.002345s ]
[ 2016-12-21T03:51:04+08:00 ] / | INFO: Tag[ app_begin ] --START--
[ 2016-12-21T03:51:04+08:00 ] / | INFO: Run ReadHtmlCache Behavior [ RunTime:0.001686s ]
[ 2016-12-21T03:51:04+08:00 ] / | INFO: Tag[ app_begin ] --END-- [ RunTime:0.001862s ]
[ 2016-12-21T06:24:08+08:00 ] http://www.boxun.com | INFO: Tag[ app_begin ] --START--
[ 2016-12-21T06:24:08+08:00 ] http://www.boxun.com | INFO: Run ReadHtmlCache Behavior [ RunTime:0.001735s ]
[ 2016-12-21T06:24:08+08:00 ] http://www.boxun.com | INFO: Tag[ app_begin ] --END-- [ RunTime:0.001902s ]
[ 2016-12-21T06:24:08+08:00 ] https://www.google.com | INFO: Tag[ app_begin ] --START--
[ 2016-12-21T06:24:08+08:00 ] https://www.google.com | INFO: Run ReadHtmlCache Behavior [ RunTime:0.002206s ]
[ 2016-12-21T06:24:08+08:00 ] https://www.google.com | INFO: Tag[ app_begin ] --END-- [ RunTime:0.002378s ]
[ 2016-12-21T06:24:08+08:00 ] https://www.baidu.com | INFO: Tag[ app_begin ] --START--
[ 2016-12-21T06:24:08+08:00 ] https://www.baidu.com | INFO: Run ReadHtmlCache Behavior [ RunTime:0.001676s ]
[ 2016-12-21T06:24:08+08:00 ] https://www.baidu.com | INFO: Tag[ app_begin ] --END-- [ RunTime:0.001843s ]
[ 2016-12-21T06:24:08+08:00 ] http://www.123cha.com | INFO: Tag[ app_begin ] --START--
[ 2016-12-21T06:24:08+08:00 ] http://www.123cha.com | INFO: Run ReadHtmlCache Behavior [ RunTime:0.001673s ]
[ 2016-12-21T06:24:08+08:00 ] http://www.123cha.com | INFO: Tag[ app_begin ] --END-- [ RunTime:0.001837s ]
[ 2016-12-21T08:42:32+08:00 ] / | INFO: Tag[ app_begin ] --START--
[ 2016-12-21T08:42:32+08:00 ] / | INFO: Run ReadHtmlCache Behavior [ RunTime:0.001688s ]
[ 2016-12-21T08:42:32+08:00 ] / | INFO: Tag[ app_begin ] --END-- [ RunTime:0.001856s ]
[ 2016-12-21T08:56:25+08:00 ] / | INFO: Tag[ app_begin ] --START--
[ 2016-12-21T08:56:25+08:00 ] / | INFO: Run ReadHtmlCache Behavior [ RunTime:0.001678s ]
[ 2016-12-21T08:56:25+08:00 ] / | INFO: Tag[ app_begin ] --END-- [ RunTime:0.001851s ]
[ 2016-12-21T08:58:52+08:00 ] / | INFO: Tag[ app_begin ] --START--
[ 2016-12-21T08:58:52+08:00 ] / | INFO: Run ReadHtmlCache Behavior [ RunTime:0.002206s ]
[ 2016-12-21T08:58:52+08:00 ] / | INFO: Tag[ app_begin ] --END-- [ RunTime:0.002386s ]
[ 2016-12-21T10:02:28+08:00 ] / | INFO: Tag[ app_begin ] --START--
[ 2016-12-21T10:02:28+08:00 ] / | INFO: Run ReadHtmlCache Behavior [ RunTime:0.001680s ]
[ 2016-12-21T10:02:28+08:00 ] / | INFO: Tag[ app_begin ] --END-- [ RunTime:0.001853s ]
[ 2016-12-21T10:59:44+08:00 ] http://14.215.177.37/ | INFO: Tag[ app_begin ] --START--
[ 2016-12-21T10:59:44+08:00 ] http://14.215.177.37/ | INFO: Run ReadHtmlCache Behavior [ RunTime:0.001667s ]
[ 2016-12-21T10:59:44+08:00 ] http://14.215.177.37/ | INFO: Tag[ app_begin ] --END-- [ RunTime:0.001834s ]
[ 2016-12-21T13:17:29+08:00 ] http://www.baidu.com/ | INFO: Tag[ app_begin ] --START--
[ 2016-12-21T13:17:29+08:00 ] http://www.baidu.com/ | INFO: Run ReadHtmlCache Behavior [ RunTime:0.002192s ]
[ 2016-12-21T13:17:29+08:00 ] http://www.baidu.com/ | INFO: Tag[ app_begin ] --END-- [ RunTime:0.002360s ]
[ 2016-12-21T13:51:33+08:00 ] / | INFO: Tag[ app_begin ] --START--
[ 2016-12-21T13:51:33+08:00 ] / | INFO: Run ReadHtmlCache Behavior [ RunTime:0.001675s ]
[ 2016-12-21T13:51:33+08:00 ] / | INFO: Tag[ app_begin ] --END-- [ RunTime:0.001838s ]
[ 2016-12-21T13:53:45+08:00 ] / | INFO: Tag[ app_begin ] --START--
[ 2016-12-21T13:53:45+08:00 ] / | INFO: Run ReadHtmlCache Behavior [ RunTime:0.001664s ]
[ 2016-12-21T13:53:45+08:00 ] / | INFO: Tag[ app_begin ] --END-- [ RunTime:0.001829s ]
[ 2016-12-21T20:32:57+08:00 ] http://14.215.177.37/ | INFO: Tag[ app_begin ] --START--
[ 2016-12-21T20:32:57+08:00 ] http://14.215.177.37/ | INFO: Run ReadHtmlCache Behavior [ RunTime:0.002214s ]
[ 2016-12-21T20:32:57+08:00 ] http://14.215.177.37/ | INFO: Tag[ app_begin ] --END-- [ RunTime:0.002386s ]
[ 2016-12-21T20:51:08+08:00 ] / | INFO: Tag[ app_begin ] --START--
[ 2016-12-21T20:51:08+08:00 ] / | INFO: Run ReadHtmlCache Behavior [ RunTime:0.001680s ]
[ 2016-12-21T20:51:08+08:00 ] / | INFO: Tag[ app_begin ] --END-- [ RunTime:0.001849s ]
