[ 2016-12-03T00:59:01+08:00 ] search.yahoo.com:443 | INFO: Tag[ app_begin ] --START--
[ 2016-12-03T00:59:01+08:00 ] search.yahoo.com:443 | INFO: Run ReadHtmlCache Behavior [ RunTime:0.001686s ]
[ 2016-12-03T00:59:01+08:00 ] search.yahoo.com:443 | INFO: Tag[ app_begin ] --END-- [ RunTime:0.001856s ]
[ 2016-12-03T00:59:01+08:00 ] search.yahoo.com:443 | INFO: Tag[ app_begin ] --START--
[ 2016-12-03T00:59:01+08:00 ] search.yahoo.com:443 | INFO: Run ReadHtmlCache Behavior [ RunTime:0.001105s ]
[ 2016-12-03T00:59:01+08:00 ] search.yahoo.com:443 | INFO: Tag[ app_begin ] --END-- [ RunTime:0.001265s ]
[ 2016-12-03T07:58:41+08:00 ] http://www.baidu.com/ | INFO: Tag[ app_begin ] --START--
[ 2016-12-03T07:58:41+08:00 ] http://www.baidu.com/ | INFO: Run ReadHtmlCache Behavior [ RunTime:0.001672s ]
[ 2016-12-03T07:58:41+08:00 ] http://www.baidu.com/ | INFO: Tag[ app_begin ] --END-- [ RunTime:0.001835s ]
[ 2016-12-03T08:44:27+08:00 ] search.yahoo.com:443 | INFO: Tag[ app_begin ] --START--
[ 2016-12-03T08:44:27+08:00 ] search.yahoo.com:443 | INFO: Run ReadHtmlCache Behavior [ RunTime:0.001685s ]
[ 2016-12-03T08:44:27+08:00 ] search.yahoo.com:443 | INFO: Tag[ app_begin ] --END-- [ RunTime:0.001852s ]
[ 2016-12-03T08:44:27+08:00 ] search.yahoo.com:443 | INFO: Tag[ app_begin ] --START--
[ 2016-12-03T08:44:27+08:00 ] search.yahoo.com:443 | INFO: Run ReadHtmlCache Behavior [ RunTime:0.001103s ]
[ 2016-12-03T08:44:27+08:00 ] search.yahoo.com:443 | INFO: Tag[ app_begin ] --END-- [ RunTime:0.001269s ]
[ 2016-12-03T09:07:42+08:00 ] / | INFO: Tag[ app_begin ] --START--
[ 2016-12-03T09:07:42+08:00 ] / | INFO: Run ReadHtmlCache Behavior [ RunTime:0.001673s ]
[ 2016-12-03T09:07:42+08:00 ] / | INFO: Tag[ app_begin ] --END-- [ RunTime:0.001805s ]
[ 2016-12-03T10:13:29+08:00 ] / | INFO: Tag[ app_begin ] --START--
[ 2016-12-03T10:13:29+08:00 ] / | INFO: Run ReadHtmlCache Behavior [ RunTime:0.001683s ]
[ 2016-12-03T10:13:29+08:00 ] / | INFO: Tag[ app_begin ] --END-- [ RunTime:0.001852s ]
[ 2016-12-03T13:15:39+08:00 ] / | INFO: Tag[ app_begin ] --START--
[ 2016-12-03T13:15:39+08:00 ] / | INFO: Run ReadHtmlCache Behavior [ RunTime:0.001651s ]
[ 2016-12-03T13:15:39+08:00 ] / | INFO: Tag[ app_begin ] --END-- [ RunTime:0.001785s ]
[ 2016-12-03T17:34:39+08:00 ] search.yahoo.com:443 | INFO: Tag[ app_begin ] --START--
[ 2016-12-03T17:34:39+08:00 ] search.yahoo.com:443 | INFO: Run ReadHtmlCache Behavior [ RunTime:0.001670s ]
[ 2016-12-03T17:34:39+08:00 ] search.yahoo.com:443 | INFO: Tag[ app_begin ] --END-- [ RunTime:0.001837s ]
[ 2016-12-03T17:34:39+08:00 ] search.yahoo.com:443 | INFO: Tag[ app_begin ] --START--
[ 2016-12-03T17:34:39+08:00 ] search.yahoo.com:443 | INFO: Run ReadHtmlCache Behavior [ RunTime:0.001110s ]
[ 2016-12-03T17:34:39+08:00 ] search.yahoo.com:443 | INFO: Tag[ app_begin ] --END-- [ RunTime:0.001281s ]
[ 2016-12-03T18:08:18+08:00 ] / | INFO: Tag[ app_begin ] --START--
[ 2016-12-03T18:08:18+08:00 ] / | INFO: Run ReadHtmlCache Behavior [ RunTime:0.001715s ]
[ 2016-12-03T18:08:18+08:00 ] / | INFO: Tag[ app_begin ] --END-- [ RunTime:0.001892s ]
[ 2016-12-03T19:19:45+08:00 ] http://www.baidu.com/ | INFO: Tag[ app_begin ] --START--
[ 2016-12-03T19:19:45+08:00 ] http://www.baidu.com/ | INFO: Run ReadHtmlCache Behavior [ RunTime:0.001680s ]
[ 2016-12-03T19:19:45+08:00 ] http://www.baidu.com/ | INFO: Tag[ app_begin ] --END-- [ RunTime:0.001848s ]
[ 2016-12-03T19:26:29+08:00 ] / | INFO: Tag[ app_begin ] --START--
[ 2016-12-03T19:26:29+08:00 ] / | INFO: Run ReadHtmlCache Behavior [ RunTime:0.001683s ]
[ 2016-12-03T19:26:29+08:00 ] / | INFO: Tag[ app_begin ] --END-- [ RunTime:0.001856s ]
[ 2016-12-03T20:43:26+08:00 ] search.yahoo.com:443 | INFO: Tag[ app_begin ] --START--
[ 2016-12-03T20:43:26+08:00 ] search.yahoo.com:443 | INFO: Run ReadHtmlCache Behavior [ RunTime:0.002206s ]
[ 2016-12-03T20:43:26+08:00 ] search.yahoo.com:443 | INFO: Tag[ app_begin ] --END-- [ RunTime:0.002383s ]
[ 2016-12-03T20:43:31+08:00 ] search.yahoo.com:443 | INFO: Tag[ app_begin ] --START--
[ 2016-12-03T20:43:31+08:00 ] search.yahoo.com:443 | INFO: Run ReadHtmlCache Behavior [ RunTime:0.002181s ]
[ 2016-12-03T20:43:31+08:00 ] search.yahoo.com:443 | INFO: Tag[ app_begin ] --END-- [ RunTime:0.002350s ]
