[ 2017-04-25T13:33:57+08:00 ] /web/tuiguang/index.php/Login | INFO: Tag[ route_check ] --START--
[ 2017-04-25T13:33:57+08:00 ] /web/tuiguang/index.php/Login | INFO: Run CheckRoute Behavior [ RunTime:0.002965s ]
[ 2017-04-25T13:33:57+08:00 ] /web/tuiguang/index.php/Login | INFO: Tag[ route_check ] --END-- [ RunTime:0.003566s ]
[ 2017-04-25T13:33:57+08:00 ] /web/tuiguang/index.php/Login | INFO: Tag[ app_begin ] --START--
[ 2017-04-25T13:33:57+08:00 ] /web/tuiguang/index.php/Login | INFO: Run ReadHtmlCache Behavior [ RunTime:0.001396s ]
[ 2017-04-25T13:33:57+08:00 ] /web/tuiguang/index.php/Login | INFO: Tag[ app_begin ] --END-- [ RunTime:0.001458s ]
[ 2017-04-25T13:33:57+08:00 ] /web/tuiguang/index.php/Login | NOTIC: [8] A session had already been started - ignoring session_start() functions.php 第 411 行.
[ 2017-04-25T13:33:57+08:00 ] /web/tuiguang/index.php/Login | INFO: Tag[ view_template ] --START--
[ 2017-04-25T13:33:57+08:00 ] /web/tuiguang/index.php/Login | INFO: Run LocationTemplate Behavior [ RunTime:0.001768s ]
[ 2017-04-25T13:33:57+08:00 ] /web/tuiguang/index.php/Login | INFO: Tag[ view_template ] --END-- [ RunTime:0.001845s ]
[ 2017-04-25T13:33:57+08:00 ] /web/tuiguang/index.php/Login | INFO: Tag[ view_parse ] --START--
[ 2017-04-25T13:33:57+08:00 ] /web/tuiguang/index.php/Login | INFO: Run ParseTemplate Behavior [ RunTime:0.042878s ]
[ 2017-04-25T13:33:57+08:00 ] /web/tuiguang/index.php/Login | INFO: Tag[ view_parse ] --END-- [ RunTime:0.042954s ]
[ 2017-04-25T13:33:57+08:00 ] /web/tuiguang/index.php/Login | INFO: Tag[ view_filter ] --START--
[ 2017-04-25T13:33:57+08:00 ] /web/tuiguang/index.php/Login | INFO: Run ContentReplace Behavior [ RunTime:0.001557s ]
[ 2017-04-25T13:33:57+08:00 ] /web/tuiguang/index.php/Login | INFO: Run TokenBuild Behavior [ RunTime:0.001761s ]
[ 2017-04-25T13:33:57+08:00 ] /web/tuiguang/index.php/Login | INFO: Run WriteHtmlCache Behavior [ RunTime:0.001483s ]
[ 2017-04-25T13:33:57+08:00 ] /web/tuiguang/index.php/Login | INFO: Run ShowRuntime Behavior [ RunTime:0.001624s ]
[ 2017-04-25T13:33:57+08:00 ] /web/tuiguang/index.php/Login | INFO: Tag[ view_filter ] --END-- [ RunTime:0.006590s ]
[ 2017-04-25T13:33:57+08:00 ] /web/tuiguang/index.php/Login | NOTIC: [2] Cannot modify header information - headers already sent by (output started at F:\nginx-1.8.1\html\web\tuiguang\Common\common.php:1) View.class.php 第 120 行.
[ 2017-04-25T13:33:57+08:00 ] /web/tuiguang/index.php/Login | NOTIC: [2] Cannot modify header information - headers already sent by (output started at F:\nginx-1.8.1\html\web\tuiguang\Common\common.php:1) View.class.php 第 121 行.
[ 2017-04-25T13:33:57+08:00 ] /web/tuiguang/index.php/Login | NOTIC: [2] Cannot modify header information - headers already sent by (output started at F:\nginx-1.8.1\html\web\tuiguang\Common\common.php:1) View.class.php 第 122 行.
[ 2017-04-25T13:33:57+08:00 ] /web/tuiguang/index.php/Login | INFO: Tag[ view_end ] --START--
[ 2017-04-25T13:33:57+08:00 ] /web/tuiguang/index.php/Login | INFO: Run ShowPageTrace Behavior [ RunTime:0.001544s ]
[ 2017-04-25T13:33:57+08:00 ] /web/tuiguang/index.php/Login | INFO: Tag[ view_end ] --END-- [ RunTime:0.001594s ]
[ 2017-04-25T13:34:01+08:00 ] /web/tuiguang/index.php/Login/userCheck | INFO: Tag[ route_check ] --START--
[ 2017-04-25T13:34:01+08:00 ] /web/tuiguang/index.php/Login/userCheck | INFO: Run CheckRoute Behavior [ RunTime:0.000587s ]
[ 2017-04-25T13:34:01+08:00 ] /web/tuiguang/index.php/Login/userCheck | INFO: Tag[ route_check ] --END-- [ RunTime:0.000649s ]
[ 2017-04-25T13:34:01+08:00 ] /web/tuiguang/index.php/Login/userCheck | INFO: Tag[ app_begin ] --START--
[ 2017-04-25T13:34:01+08:00 ] /web/tuiguang/index.php/Login/userCheck | INFO: Run ReadHtmlCache Behavior [ RunTime:0.000366s ]
[ 2017-04-25T13:34:01+08:00 ] /web/tuiguang/index.php/Login/userCheck | INFO: Tag[ app_begin ] --END-- [ RunTime:0.000404s ]
[ 2017-04-25T13:34:01+08:00 ] /web/tuiguang/index.php/Login/userCheck | NOTIC: [8] A session had already been started - ignoring session_start() functions.php 第 411 行.
[ 2017-04-25T13:34:01+08:00 ] /web/tuiguang/index.php/Login/userCheck | SQL:  SELECT *FROM QPStatisticsDB.dbo.tuiguangqx  where name = 'admin' and Password = ''  [ RunTime:0.003238s ]
[ 2017-04-25T13:34:01+08:00 ] /web/tuiguang/index.php/Login/userCheck | NOTIC: [8] Undefined offset:  0 LoginAction.class.php 第 22 行.
[ 2017-04-25T13:34:01+08:00 ] /web/tuiguang/index.php/Login/userCheck | NOTIC: [8] Undefined offset:  0 LoginAction.class.php 第 24 行.
[ 2017-04-25T13:34:02+08:00 ] /web/tuiguang/index.php/Login | INFO: Tag[ route_check ] --START--
[ 2017-04-25T13:34:02+08:00 ] /web/tuiguang/index.php/Login | INFO: Run CheckRoute Behavior [ RunTime:0.001025s ]
[ 2017-04-25T13:34:02+08:00 ] /web/tuiguang/index.php/Login | INFO: Tag[ route_check ] --END-- [ RunTime:0.001176s ]
[ 2017-04-25T13:34:02+08:00 ] /web/tuiguang/index.php/Login | INFO: Tag[ app_begin ] --START--
[ 2017-04-25T13:34:02+08:00 ] /web/tuiguang/index.php/Login | INFO: Run ReadHtmlCache Behavior [ RunTime:0.000666s ]
[ 2017-04-25T13:34:02+08:00 ] /web/tuiguang/index.php/Login | INFO: Tag[ app_begin ] --END-- [ RunTime:0.000740s ]
[ 2017-04-25T13:34:02+08:00 ] /web/tuiguang/index.php/Login | NOTIC: [8] A session had already been started - ignoring session_start() functions.php 第 411 行.
[ 2017-04-25T13:34:02+08:00 ] /web/tuiguang/index.php/Login | INFO: Tag[ view_template ] --START--
[ 2017-04-25T13:34:02+08:00 ] /web/tuiguang/index.php/Login | INFO: Run LocationTemplate Behavior [ RunTime:0.001025s ]
[ 2017-04-25T13:34:02+08:00 ] /web/tuiguang/index.php/Login | INFO: Tag[ view_template ] --END-- [ RunTime:0.001139s ]
[ 2017-04-25T13:34:02+08:00 ] /web/tuiguang/index.php/Login | INFO: Tag[ view_parse ] --START--
[ 2017-04-25T13:34:02+08:00 ] /web/tuiguang/index.php/Login | INFO: Run ParseTemplate Behavior [ RunTime:0.009436s ]
[ 2017-04-25T13:34:02+08:00 ] /web/tuiguang/index.php/Login | INFO: Tag[ view_parse ] --END-- [ RunTime:0.009560s ]
[ 2017-04-25T13:34:02+08:00 ] /web/tuiguang/index.php/Login | INFO: Tag[ view_filter ] --START--
[ 2017-04-25T13:34:02+08:00 ] /web/tuiguang/index.php/Login | INFO: Run ContentReplace Behavior [ RunTime:0.001431s ]
[ 2017-04-25T13:34:02+08:00 ] /web/tuiguang/index.php/Login | INFO: Run TokenBuild Behavior [ RunTime:0.000945s ]
[ 2017-04-25T13:34:02+08:00 ] /web/tuiguang/index.php/Login | INFO: Run WriteHtmlCache Behavior [ RunTime:0.001000s ]
[ 2017-04-25T13:34:02+08:00 ] /web/tuiguang/index.php/Login | INFO: Run ShowRuntime Behavior [ RunTime:0.001095s ]
[ 2017-04-25T13:34:02+08:00 ] /web/tuiguang/index.php/Login | INFO: Tag[ view_filter ] --END-- [ RunTime:0.004634s ]
[ 2017-04-25T13:34:02+08:00 ] /web/tuiguang/index.php/Login | NOTIC: [2] Cannot modify header information - headers already sent by (output started at F:\nginx-1.8.1\html\web\tuiguang\Common\common.php:1) View.class.php 第 120 行.
[ 2017-04-25T13:34:02+08:00 ] /web/tuiguang/index.php/Login | NOTIC: [2] Cannot modify header information - headers already sent by (output started at F:\nginx-1.8.1\html\web\tuiguang\Common\common.php:1) View.class.php 第 121 行.
[ 2017-04-25T13:34:02+08:00 ] /web/tuiguang/index.php/Login | NOTIC: [2] Cannot modify header information - headers already sent by (output started at F:\nginx-1.8.1\html\web\tuiguang\Common\common.php:1) View.class.php 第 122 行.
[ 2017-04-25T13:34:02+08:00 ] /web/tuiguang/index.php/Login | INFO: Tag[ view_end ] --START--
[ 2017-04-25T13:34:02+08:00 ] /web/tuiguang/index.php/Login | INFO: Run ShowPageTrace Behavior [ RunTime:0.001599s ]
[ 2017-04-25T13:34:02+08:00 ] /web/tuiguang/index.php/Login | INFO: Tag[ view_end ] --END-- [ RunTime:0.001700s ]
[ 2017-04-25T13:34:06+08:00 ] /web/tuiguang/index.php/Login/userCheck | INFO: Tag[ route_check ] --START--
[ 2017-04-25T13:34:06+08:00 ] /web/tuiguang/index.php/Login/userCheck | INFO: Run CheckRoute Behavior [ RunTime:0.000842s ]
[ 2017-04-25T13:34:06+08:00 ] /web/tuiguang/index.php/Login/userCheck | INFO: Tag[ route_check ] --END-- [ RunTime:0.000966s ]
[ 2017-04-25T13:34:06+08:00 ] /web/tuiguang/index.php/Login/userCheck | INFO: Tag[ app_begin ] --START--
[ 2017-04-25T13:34:06+08:00 ] /web/tuiguang/index.php/Login/userCheck | INFO: Run ReadHtmlCache Behavior [ RunTime:0.000547s ]
[ 2017-04-25T13:34:06+08:00 ] /web/tuiguang/index.php/Login/userCheck | INFO: Tag[ app_begin ] --END-- [ RunTime:0.000596s ]
[ 2017-04-25T13:34:06+08:00 ] /web/tuiguang/index.php/Login/userCheck | NOTIC: [8] A session had already been started - ignoring session_start() functions.php 第 411 行.
[ 2017-04-25T13:34:06+08:00 ] /web/tuiguang/index.php/Login/userCheck | SQL:  SELECT *FROM QPStatisticsDB.dbo.tuiguangqx  where name = 'admin' and Password = '123456'  [ RunTime:0.000428s ]
[ 2017-04-25T13:34:06+08:00 ] /web/tuiguang/index.php/Login/userCheck | NOTIC: [8] Undefined offset:  0 LoginAction.class.php 第 22 行.
[ 2017-04-25T13:34:06+08:00 ] /web/tuiguang/index.php/Login/userCheck | NOTIC: [8] Undefined offset:  0 LoginAction.class.php 第 24 行.
[ 2017-04-25T13:34:07+08:00 ] /web/tuiguang/index.php/Login | INFO: Tag[ route_check ] --START--
[ 2017-04-25T13:34:07+08:00 ] /web/tuiguang/index.php/Login | INFO: Run CheckRoute Behavior [ RunTime:0.000759s ]
[ 2017-04-25T13:34:07+08:00 ] /web/tuiguang/index.php/Login | INFO: Tag[ route_check ] --END-- [ RunTime:0.000840s ]
[ 2017-04-25T13:34:07+08:00 ] /web/tuiguang/index.php/Login | INFO: Tag[ app_begin ] --START--
[ 2017-04-25T13:34:07+08:00 ] /web/tuiguang/index.php/Login | INFO: Run ReadHtmlCache Behavior [ RunTime:0.000482s ]
[ 2017-04-25T13:34:07+08:00 ] /web/tuiguang/index.php/Login | INFO: Tag[ app_begin ] --END-- [ RunTime:0.000532s ]
[ 2017-04-25T13:34:07+08:00 ] /web/tuiguang/index.php/Login | NOTIC: [8] A session had already been started - ignoring session_start() functions.php 第 411 行.
[ 2017-04-25T13:34:07+08:00 ] /web/tuiguang/index.php/Login | INFO: Tag[ view_template ] --START--
[ 2017-04-25T13:34:07+08:00 ] /web/tuiguang/index.php/Login | INFO: Run LocationTemplate Behavior [ RunTime:0.000522s ]
[ 2017-04-25T13:34:07+08:00 ] /web/tuiguang/index.php/Login | INFO: Tag[ view_template ] --END-- [ RunTime:0.000571s ]
[ 2017-04-25T13:34:07+08:00 ] /web/tuiguang/index.php/Login | INFO: Tag[ view_parse ] --START--
[ 2017-04-25T13:34:07+08:00 ] /web/tuiguang/index.php/Login | INFO: Run ParseTemplate Behavior [ RunTime:0.007506s ]
[ 2017-04-25T13:34:07+08:00 ] /web/tuiguang/index.php/Login | INFO: Tag[ view_parse ] --END-- [ RunTime:0.007596s ]
[ 2017-04-25T13:34:07+08:00 ] /web/tuiguang/index.php/Login | INFO: Tag[ view_filter ] --START--
[ 2017-04-25T13:34:07+08:00 ] /web/tuiguang/index.php/Login | INFO: Run ContentReplace Behavior [ RunTime:0.002393s ]
[ 2017-04-25T13:34:07+08:00 ] /web/tuiguang/index.php/Login | INFO: Run TokenBuild Behavior [ RunTime:0.002307s ]
[ 2017-04-25T13:34:07+08:00 ] /web/tuiguang/index.php/Login | INFO: Run WriteHtmlCache Behavior [ RunTime:0.001627s ]
[ 2017-04-25T13:34:07+08:00 ] /web/tuiguang/index.php/Login | INFO: Run ShowRuntime Behavior [ RunTime:0.001294s ]
[ 2017-04-25T13:34:07+08:00 ] /web/tuiguang/index.php/Login | INFO: Tag[ view_filter ] --END-- [ RunTime:0.007905s ]
[ 2017-04-25T13:34:07+08:00 ] /web/tuiguang/index.php/Login | NOTIC: [2] Cannot modify header information - headers already sent by (output started at F:\nginx-1.8.1\html\web\tuiguang\Common\common.php:1) View.class.php 第 120 行.
[ 2017-04-25T13:34:07+08:00 ] /web/tuiguang/index.php/Login | NOTIC: [2] Cannot modify header information - headers already sent by (output started at F:\nginx-1.8.1\html\web\tuiguang\Common\common.php:1) View.class.php 第 121 行.
[ 2017-04-25T13:34:07+08:00 ] /web/tuiguang/index.php/Login | NOTIC: [2] Cannot modify header information - headers already sent by (output started at F:\nginx-1.8.1\html\web\tuiguang\Common\common.php:1) View.class.php 第 122 行.
[ 2017-04-25T13:34:07+08:00 ] /web/tuiguang/index.php/Login | INFO: Tag[ view_end ] --START--
[ 2017-04-25T13:34:07+08:00 ] /web/tuiguang/index.php/Login | INFO: Run ShowPageTrace Behavior [ RunTime:0.001422s ]
[ 2017-04-25T13:34:07+08:00 ] /web/tuiguang/index.php/Login | INFO: Tag[ view_end ] --END-- [ RunTime:0.001469s ]
[ 2017-04-25T13:34:10+08:00 ] /web/tuiguang/index.php/Login/userCheck | INFO: Tag[ route_check ] --START--
[ 2017-04-25T13:34:10+08:00 ] /web/tuiguang/index.php/Login/userCheck | INFO: Run CheckRoute Behavior [ RunTime:0.000749s ]
[ 2017-04-25T13:34:10+08:00 ] /web/tuiguang/index.php/Login/userCheck | INFO: Tag[ route_check ] --END-- [ RunTime:0.000828s ]
[ 2017-04-25T13:34:10+08:00 ] /web/tuiguang/index.php/Login/userCheck | INFO: Tag[ app_begin ] --START--
[ 2017-04-25T13:34:10+08:00 ] /web/tuiguang/index.php/Login/userCheck | INFO: Run ReadHtmlCache Behavior [ RunTime:0.000478s ]
[ 2017-04-25T13:34:10+08:00 ] /web/tuiguang/index.php/Login/userCheck | INFO: Tag[ app_begin ] --END-- [ RunTime:0.000523s ]
[ 2017-04-25T13:34:10+08:00 ] /web/tuiguang/index.php/Login/userCheck | NOTIC: [8] A session had already been started - ignoring session_start() functions.php 第 411 行.
[ 2017-04-25T13:34:10+08:00 ] /web/tuiguang/index.php/Login/userCheck | SQL:  SELECT *FROM QPStatisticsDB.dbo.tuiguangqx  where name = 'admin' and Password = '12345'  [ RunTime:0.000392s ]
[ 2017-04-25T13:34:10+08:00 ] /web/tuiguang/index.php/Login/userCheck | SQL: select * from QPStatisticsDB.dbo.tuiguangqx where name = 'admin'  [ RunTime:0.000808s ]
[ 2017-04-25T13:34:10+08:00 ] /web/tuiguang/index.php/User | INFO: Tag[ route_check ] --START--
[ 2017-04-25T13:34:10+08:00 ] /web/tuiguang/index.php/User | INFO: Run CheckRoute Behavior [ RunTime:0.001205s ]
[ 2017-04-25T13:34:10+08:00 ] /web/tuiguang/index.php/User | INFO: Tag[ route_check ] --END-- [ RunTime:0.001484s ]
[ 2017-04-25T13:34:10+08:00 ] /web/tuiguang/index.php/User | INFO: Tag[ app_begin ] --START--
[ 2017-04-25T13:34:10+08:00 ] /web/tuiguang/index.php/User | INFO: Run ReadHtmlCache Behavior [ RunTime:0.000443s ]
[ 2017-04-25T13:34:10+08:00 ] /web/tuiguang/index.php/User | INFO: Tag[ app_begin ] --END-- [ RunTime:0.000495s ]
[ 2017-04-25T13:34:10+08:00 ] /web/tuiguang/index.php/User | NOTIC: [8] A session had already been started - ignoring session_start() functions.php 第 411 行.
[ 2017-04-25T13:34:10+08:00 ] /web/tuiguang/index.php/User | INFO: Tag[ view_template ] --START--
[ 2017-04-25T13:34:10+08:00 ] /web/tuiguang/index.php/User | INFO: Run LocationTemplate Behavior [ RunTime:0.001286s ]
[ 2017-04-25T13:34:10+08:00 ] /web/tuiguang/index.php/User | INFO: Tag[ view_template ] --END-- [ RunTime:0.001365s ]
[ 2017-04-25T13:34:10+08:00 ] /web/tuiguang/index.php/User | INFO: Tag[ view_parse ] --START--
[ 2017-04-25T13:34:10+08:00 ] /web/tuiguang/index.php/User | NOTIC: [8] Undefined variable: start_date e3d1c53c00b82c0ab554053d533ca164.php 第 9 行.
[ 2017-04-25T13:34:10+08:00 ] /web/tuiguang/index.php/User | NOTIC: [8] Undefined variable: end_date e3d1c53c00b82c0ab554053d533ca164.php 第 10 行.
[ 2017-04-25T13:34:10+08:00 ] /web/tuiguang/index.php/User | NOTIC: [8] Undefined variable: start_date e3d1c53c00b82c0ab554053d533ca164.php 第 13 行.
[ 2017-04-25T13:34:10+08:00 ] /web/tuiguang/index.php/User | NOTIC: [8] Undefined variable: end_date e3d1c53c00b82c0ab554053d533ca164.php 第 13 行.
[ 2017-04-25T13:34:10+08:00 ] /web/tuiguang/index.php/User | NOTIC: [8] Undefined variable: xz e3d1c53c00b82c0ab554053d533ca164.php 第 13 行.
[ 2017-04-25T13:34:10+08:00 ] /web/tuiguang/index.php/User | NOTIC: [8] Undefined variable: zc e3d1c53c00b82c0ab554053d533ca164.php 第 13 行.
[ 2017-04-25T13:34:10+08:00 ] /web/tuiguang/index.php/User | NOTIC: [8] Undefined variable: yx e3d1c53c00b82c0ab554053d533ca164.php 第 13 行.
[ 2017-04-25T13:34:10+08:00 ] /web/tuiguang/index.php/User | NOTIC: [8] Undefined variable: start_date e3d1c53c00b82c0ab554053d533ca164.php 第 13 行.
[ 2017-04-25T13:34:10+08:00 ] /web/tuiguang/index.php/User | NOTIC: [8] Undefined variable: end_date e3d1c53c00b82c0ab554053d533ca164.php 第 13 行.
[ 2017-04-25T13:34:10+08:00 ] /web/tuiguang/index.php/User | NOTIC: [8] Undefined variable: rs e3d1c53c00b82c0ab554053d533ca164.php 第 29 行.
[ 2017-04-25T13:34:10+08:00 ] /web/tuiguang/index.php/User | INFO: Run ParseTemplate Behavior [ RunTime:0.083256s ]
[ 2017-04-25T13:34:10+08:00 ] /web/tuiguang/index.php/User | INFO: Tag[ view_parse ] --END-- [ RunTime:0.083306s ]
[ 2017-04-25T13:34:10+08:00 ] /web/tuiguang/index.php/User | INFO: Tag[ view_filter ] --START--
[ 2017-04-25T13:34:10+08:00 ] /web/tuiguang/index.php/User | INFO: Run ContentReplace Behavior [ RunTime:0.001328s ]
[ 2017-04-25T13:34:10+08:00 ] /web/tuiguang/index.php/User | INFO: Run TokenBuild Behavior [ RunTime:0.001289s ]
[ 2017-04-25T13:34:10+08:00 ] /web/tuiguang/index.php/User | INFO: Run WriteHtmlCache Behavior [ RunTime:0.001116s ]
[ 2017-04-25T13:34:10+08:00 ] /web/tuiguang/index.php/User | INFO: Run ShowRuntime Behavior [ RunTime:0.001286s ]
[ 2017-04-25T13:34:10+08:00 ] /web/tuiguang/index.php/User | INFO: Tag[ view_filter ] --END-- [ RunTime:0.005153s ]
[ 2017-04-25T13:34:10+08:00 ] /web/tuiguang/index.php/User | NOTIC: [2] Cannot modify header information - headers already sent by (output started at F:\nginx-1.8.1\html\web\tuiguang\Common\common.php:1) View.class.php 第 120 行.
[ 2017-04-25T13:34:10+08:00 ] /web/tuiguang/index.php/User | NOTIC: [2] Cannot modify header information - headers already sent by (output started at F:\nginx-1.8.1\html\web\tuiguang\Common\common.php:1) View.class.php 第 121 行.
[ 2017-04-25T13:34:10+08:00 ] /web/tuiguang/index.php/User | NOTIC: [2] Cannot modify header information - headers already sent by (output started at F:\nginx-1.8.1\html\web\tuiguang\Common\common.php:1) View.class.php 第 122 行.
[ 2017-04-25T13:34:10+08:00 ] /web/tuiguang/index.php/User | INFO: Tag[ view_end ] --START--
[ 2017-04-25T13:34:10+08:00 ] /web/tuiguang/index.php/User | INFO: Run ShowPageTrace Behavior [ RunTime:0.001427s ]
[ 2017-04-25T13:34:10+08:00 ] /web/tuiguang/index.php/User | INFO: Tag[ view_end ] --END-- [ RunTime:0.001477s ]
[ 2017-04-25T13:34:12+08:00 ] /web/tuiguang/index.php/User/newUser_5678 | INFO: Tag[ route_check ] --START--
[ 2017-04-25T13:34:12+08:00 ] /web/tuiguang/index.php/User/newUser_5678 | INFO: Run CheckRoute Behavior [ RunTime:0.001597s ]
[ 2017-04-25T13:34:12+08:00 ] /web/tuiguang/index.php/User/newUser_5678 | INFO: Tag[ route_check ] --END-- [ RunTime:0.001842s ]
[ 2017-04-25T13:34:12+08:00 ] /web/tuiguang/index.php/User/newUser_5678 | INFO: Tag[ app_begin ] --START--
[ 2017-04-25T13:34:12+08:00 ] /web/tuiguang/index.php/User/newUser_5678 | INFO: Run ReadHtmlCache Behavior [ RunTime:0.001029s ]
[ 2017-04-25T13:34:12+08:00 ] /web/tuiguang/index.php/User/newUser_5678 | INFO: Tag[ app_begin ] --END-- [ RunTime:0.001134s ]
[ 2017-04-25T13:34:12+08:00 ] /web/tuiguang/index.php/User/newUser_5678 | NOTIC: [8] A session had already been started - ignoring session_start() functions.php 第 411 行.
[ 2017-04-25T13:34:13+08:00 ] /web/tuiguang/index.php/User/newUser_5678 | SQL: select t1.UserID,t1.GameID,t1.Accounts,t1.NickName,t1.PassPortID,t1.RegisterFrom,t1.MemberOrder,t1.CustomFaceVer,t1.LockMobileFrom,t1.CustomID,t2.Score,t2.InsureScore,t1.RegisterIP,t1.RegisterMachine,t1.RegisterMobile,t1.LastLogonIP,t1.LastLogonMachine,CONVERT(varchar,t1.RegisterDate,120) AS RegisterDate,t3.IP_C,t3.MAC_C from QPAccountsDB.dbo.AccountsInfo(NOLOCK) t1 left join QPTreasureDB.dbo.GameScoreInfo(nolock) t2 on t1.UserID=t2.UserID left join QPRecordDB.dbo.RecordRegUser(nolock) t3 on t1.UserID=t3.UserID where t1.isandroid=0 and (t1.RegisterFrom=5 or t1.RegisterFrom=15) and t1.RegisterDate between "2017-04-25 00:00:00" and "2017-04-25 23:59:59" order by t1.RegisterDate desc [ RunTime:0.408175s ]
[ 2017-04-25T13:34:13+08:00 ] /web/tuiguang/index.php/User/newUser_5678 | INFO: Tag[ view_template ] --START--
[ 2017-04-25T13:34:13+08:00 ] /web/tuiguang/index.php/User/newUser_5678 | INFO: Run LocationTemplate Behavior [ RunTime:0.002946s ]
[ 2017-04-25T13:34:13+08:00 ] /web/tuiguang/index.php/User/newUser_5678 | INFO: Tag[ view_template ] --END-- [ RunTime:0.003108s ]
[ 2017-04-25T13:34:13+08:00 ] /web/tuiguang/index.php/User/newUser_5678 | INFO: Tag[ view_parse ] --START--
[ 2017-04-25T13:34:13+08:00 ] /web/tuiguang/index.php/User/newUser_5678 | INFO: Run ParseTemplate Behavior [ RunTime:0.050949s ]
[ 2017-04-25T13:34:13+08:00 ] /web/tuiguang/index.php/User/newUser_5678 | INFO: Tag[ view_parse ] --END-- [ RunTime:0.051092s ]
[ 2017-04-25T13:34:13+08:00 ] /web/tuiguang/index.php/User/newUser_5678 | INFO: Tag[ view_filter ] --START--
[ 2017-04-25T13:34:13+08:00 ] /web/tuiguang/index.php/User/newUser_5678 | INFO: Run ContentReplace Behavior [ RunTime:0.002302s ]
[ 2017-04-25T13:34:13+08:00 ] /web/tuiguang/index.php/User/newUser_5678 | INFO: Run TokenBuild Behavior [ RunTime:0.002431s ]
[ 2017-04-25T13:34:13+08:00 ] /web/tuiguang/index.php/User/newUser_5678 | INFO: Run WriteHtmlCache Behavior [ RunTime:0.001672s ]
[ 2017-04-25T13:34:13+08:00 ] /web/tuiguang/index.php/User/newUser_5678 | INFO: Run ShowRuntime Behavior [ RunTime:0.001854s ]
[ 2017-04-25T13:34:13+08:00 ] /web/tuiguang/index.php/User/newUser_5678 | INFO: Tag[ view_filter ] --END-- [ RunTime:0.008534s ]
[ 2017-04-25T13:34:13+08:00 ] /web/tuiguang/index.php/User/newUser_5678 | NOTIC: [2] Cannot modify header information - headers already sent by (output started at F:\nginx-1.8.1\html\web\tuiguang\Common\common.php:1) View.class.php 第 120 行.
[ 2017-04-25T13:34:13+08:00 ] /web/tuiguang/index.php/User/newUser_5678 | NOTIC: [2] Cannot modify header information - headers already sent by (output started at F:\nginx-1.8.1\html\web\tuiguang\Common\common.php:1) View.class.php 第 121 行.
[ 2017-04-25T13:34:13+08:00 ] /web/tuiguang/index.php/User/newUser_5678 | NOTIC: [2] Cannot modify header information - headers already sent by (output started at F:\nginx-1.8.1\html\web\tuiguang\Common\common.php:1) View.class.php 第 122 行.
[ 2017-04-25T13:34:13+08:00 ] /web/tuiguang/index.php/User/newUser_5678 | INFO: Tag[ view_end ] --START--
[ 2017-04-25T13:34:13+08:00 ] /web/tuiguang/index.php/User/newUser_5678 | INFO: Run ShowPageTrace Behavior [ RunTime:0.001369s ]
[ 2017-04-25T13:34:13+08:00 ] /web/tuiguang/index.php/User/newUser_5678 | INFO: Tag[ view_end ] --END-- [ RunTime:0.001417s ]
[ 2017-04-25T13:34:14+08:00 ] /web/tuiguang/index.php/User/QdList | INFO: Tag[ route_check ] --START--
[ 2017-04-25T13:34:14+08:00 ] /web/tuiguang/index.php/User/QdList | INFO: Run CheckRoute Behavior [ RunTime:0.000652s ]
[ 2017-04-25T13:34:14+08:00 ] /web/tuiguang/index.php/User/QdList | INFO: Tag[ route_check ] --END-- [ RunTime:0.000738s ]
[ 2017-04-25T13:34:14+08:00 ] /web/tuiguang/index.php/User/QdList | INFO: Tag[ app_begin ] --START--
[ 2017-04-25T13:34:14+08:00 ] /web/tuiguang/index.php/User/QdList | INFO: Run ReadHtmlCache Behavior [ RunTime:0.000750s ]
[ 2017-04-25T13:34:14+08:00 ] /web/tuiguang/index.php/User/QdList | INFO: Tag[ app_begin ] --END-- [ RunTime:0.000832s ]
[ 2017-04-25T13:34:14+08:00 ] /web/tuiguang/index.php/User/QdList | NOTIC: [8] A session had already been started - ignoring session_start() functions.php 第 411 行.
[ 2017-04-25T13:34:14+08:00 ] /web/tuiguang/index.php/User/QdList | SQL: select UserID,Username,TypeID,QdName,QdType,Bili,Price,IsUsed,Fenghao from QPAdminDB.dbo.QD_Users where TypeID>1100 [ RunTime:0.115709s ]
[ 2017-04-25T13:34:14+08:00 ] /web/tuiguang/index.php/User/QdList | INFO: Tag[ view_template ] --START--
[ 2017-04-25T13:34:14+08:00 ] /web/tuiguang/index.php/User/QdList | INFO: Run LocationTemplate Behavior [ RunTime:0.001261s ]
[ 2017-04-25T13:34:14+08:00 ] /web/tuiguang/index.php/User/QdList | INFO: Tag[ view_template ] --END-- [ RunTime:0.001344s ]
[ 2017-04-25T13:34:14+08:00 ] /web/tuiguang/index.php/User/QdList | INFO: Tag[ view_parse ] --START--
[ 2017-04-25T13:34:14+08:00 ] /web/tuiguang/index.php/User/QdList | INFO: Run ParseTemplate Behavior [ RunTime:0.011456s ]
[ 2017-04-25T13:34:14+08:00 ] /web/tuiguang/index.php/User/QdList | INFO: Tag[ view_parse ] --END-- [ RunTime:0.011518s ]
[ 2017-04-25T13:34:14+08:00 ] /web/tuiguang/index.php/User/QdList | INFO: Tag[ view_filter ] --START--
[ 2017-04-25T13:34:14+08:00 ] /web/tuiguang/index.php/User/QdList | INFO: Run ContentReplace Behavior [ RunTime:0.001329s ]
[ 2017-04-25T13:34:14+08:00 ] /web/tuiguang/index.php/User/QdList | INFO: Run TokenBuild Behavior [ RunTime:0.001277s ]
[ 2017-04-25T13:34:14+08:00 ] /web/tuiguang/index.php/User/QdList | INFO: Run WriteHtmlCache Behavior [ RunTime:0.001079s ]
[ 2017-04-25T13:34:14+08:00 ] /web/tuiguang/index.php/User/QdList | INFO: Run ShowRuntime Behavior [ RunTime:0.001319s ]
[ 2017-04-25T13:34:14+08:00 ] /web/tuiguang/index.php/User/QdList | INFO: Tag[ view_filter ] --END-- [ RunTime:0.005141s ]
[ 2017-04-25T13:34:14+08:00 ] /web/tuiguang/index.php/User/QdList | NOTIC: [2] Cannot modify header information - headers already sent by (output started at F:\nginx-1.8.1\html\web\tuiguang\Common\common.php:1) View.class.php 第 120 行.
[ 2017-04-25T13:34:14+08:00 ] /web/tuiguang/index.php/User/QdList | NOTIC: [2] Cannot modify header information - headers already sent by (output started at F:\nginx-1.8.1\html\web\tuiguang\Common\common.php:1) View.class.php 第 121 行.
[ 2017-04-25T13:34:14+08:00 ] /web/tuiguang/index.php/User/QdList | NOTIC: [2] Cannot modify header information - headers already sent by (output started at F:\nginx-1.8.1\html\web\tuiguang\Common\common.php:1) View.class.php 第 122 行.
[ 2017-04-25T13:34:14+08:00 ] /web/tuiguang/index.php/User/QdList | INFO: Tag[ view_end ] --START--
[ 2017-04-25T13:34:14+08:00 ] /web/tuiguang/index.php/User/QdList | INFO: Run ShowPageTrace Behavior [ RunTime:0.001712s ]
[ 2017-04-25T13:34:14+08:00 ] /web/tuiguang/index.php/User/QdList | INFO: Tag[ view_end ] --END-- [ RunTime:0.001796s ]
[ 2017-04-25T13:34:44+08:00 ] /web/tuiguang/index.php/User/AndroidQdList | INFO: Tag[ route_check ] --START--
[ 2017-04-25T13:34:44+08:00 ] /web/tuiguang/index.php/User/AndroidQdList | INFO: Run CheckRoute Behavior [ RunTime:0.000605s ]
[ 2017-04-25T13:34:44+08:00 ] /web/tuiguang/index.php/User/AndroidQdList | INFO: Tag[ route_check ] --END-- [ RunTime:0.000679s ]
[ 2017-04-25T13:34:44+08:00 ] /web/tuiguang/index.php/User/AndroidQdList | INFO: Tag[ app_begin ] --START--
[ 2017-04-25T13:34:44+08:00 ] /web/tuiguang/index.php/User/AndroidQdList | INFO: Run ReadHtmlCache Behavior [ RunTime:0.000469s ]
[ 2017-04-25T13:34:44+08:00 ] /web/tuiguang/index.php/User/AndroidQdList | INFO: Tag[ app_begin ] --END-- [ RunTime:0.000511s ]
[ 2017-04-25T13:34:44+08:00 ] /web/tuiguang/index.php/User/AndroidQdList | NOTIC: [8] A session had already been started - ignoring session_start() functions.php 第 411 行.
[ 2017-04-25T13:34:44+08:00 ] /web/tuiguang/index.php/User/AndroidQdList | SQL: select UserID,Username,TypeID,QdName,QdType,Bili,Price,IsUsed,Fenghao from QPAdminDB.dbo.QD_Users where TypeID<1100 [ RunTime:0.001047s ]
[ 2017-04-25T13:34:44+08:00 ] /web/tuiguang/index.php/User/AndroidQdList | INFO: Tag[ view_template ] --START--
[ 2017-04-25T13:34:44+08:00 ] /web/tuiguang/index.php/User/AndroidQdList | INFO: Run LocationTemplate Behavior [ RunTime:0.001048s ]
[ 2017-04-25T13:34:44+08:00 ] /web/tuiguang/index.php/User/AndroidQdList | INFO: Tag[ view_template ] --END-- [ RunTime:0.001097s ]
[ 2017-04-25T13:34:44+08:00 ] /web/tuiguang/index.php/User/AndroidQdList | INFO: Tag[ view_parse ] --START--
[ 2017-04-25T13:34:44+08:00 ] /web/tuiguang/index.php/User/AndroidQdList | INFO: Run ParseTemplate Behavior [ RunTime:0.059180s ]
[ 2017-04-25T13:34:44+08:00 ] /web/tuiguang/index.php/User/AndroidQdList | INFO: Tag[ view_parse ] --END-- [ RunTime:0.059246s ]
[ 2017-04-25T13:34:44+08:00 ] /web/tuiguang/index.php/User/AndroidQdList | INFO: Tag[ view_filter ] --START--
[ 2017-04-25T13:34:44+08:00 ] /web/tuiguang/index.php/User/AndroidQdList | INFO: Run ContentReplace Behavior [ RunTime:0.001023s ]
[ 2017-04-25T13:34:44+08:00 ] /web/tuiguang/index.php/User/AndroidQdList | INFO: Run TokenBuild Behavior [ RunTime:0.000944s ]
[ 2017-04-25T13:34:44+08:00 ] /web/tuiguang/index.php/User/AndroidQdList | INFO: Run WriteHtmlCache Behavior [ RunTime:0.000837s ]
[ 2017-04-25T13:34:44+08:00 ] /web/tuiguang/index.php/User/AndroidQdList | INFO: Run ShowRuntime Behavior [ RunTime:0.000986s ]
[ 2017-04-25T13:34:44+08:00 ] /web/tuiguang/index.php/User/AndroidQdList | INFO: Tag[ view_filter ] --END-- [ RunTime:0.003893s ]
[ 2017-04-25T13:34:44+08:00 ] /web/tuiguang/index.php/User/AndroidQdList | NOTIC: [2] Cannot modify header information - headers already sent by (output started at F:\nginx-1.8.1\html\web\tuiguang\Common\common.php:1) View.class.php 第 120 行.
[ 2017-04-25T13:34:44+08:00 ] /web/tuiguang/index.php/User/AndroidQdList | NOTIC: [2] Cannot modify header information - headers already sent by (output started at F:\nginx-1.8.1\html\web\tuiguang\Common\common.php:1) View.class.php 第 121 行.
[ 2017-04-25T13:34:44+08:00 ] /web/tuiguang/index.php/User/AndroidQdList | NOTIC: [2] Cannot modify header information - headers already sent by (output started at F:\nginx-1.8.1\html\web\tuiguang\Common\common.php:1) View.class.php 第 122 行.
[ 2017-04-25T13:34:44+08:00 ] /web/tuiguang/index.php/User/AndroidQdList | INFO: Tag[ view_end ] --START--
[ 2017-04-25T13:34:44+08:00 ] /web/tuiguang/index.php/User/AndroidQdList | INFO: Run ShowPageTrace Behavior [ RunTime:0.000997s ]
[ 2017-04-25T13:34:44+08:00 ] /web/tuiguang/index.php/User/AndroidQdList | INFO: Tag[ view_end ] --END-- [ RunTime:0.001029s ]
[ 2017-04-25T13:34:47+08:00 ] /web/tuiguang/index.php/User/Ios | ERR: (ThinkException) 非法操作Ios
[ 2017-04-25T13:34:47+08:00 ] /web/tuiguang/index.php/User/Ios | INFO: Tag[ route_check ] --START--
[ 2017-04-25T13:34:47+08:00 ] /web/tuiguang/index.php/User/Ios | INFO: Run CheckRoute Behavior [ RunTime:0.000790s ]
[ 2017-04-25T13:34:47+08:00 ] /web/tuiguang/index.php/User/Ios | INFO: Tag[ route_check ] --END-- [ RunTime:0.000872s ]
[ 2017-04-25T13:34:47+08:00 ] /web/tuiguang/index.php/User/Ios | INFO: Tag[ app_begin ] --START--
[ 2017-04-25T13:34:47+08:00 ] /web/tuiguang/index.php/User/Ios | INFO: Run ReadHtmlCache Behavior [ RunTime:0.000485s ]
[ 2017-04-25T13:34:47+08:00 ] /web/tuiguang/index.php/User/Ios | INFO: Tag[ app_begin ] --END-- [ RunTime:0.000530s ]
[ 2017-04-25T13:34:47+08:00 ] /web/tuiguang/index.php/User/Ios | NOTIC: [8] A session had already been started - ignoring session_start() functions.php 第 411 行.
[ 2017-04-25T13:34:47+08:00 ] /web/tuiguang/index.php/User/Ios | NOTIC: [8] Undefined index:  file ThinkException.class.php 第 72 行.
[ 2017-04-25T13:34:47+08:00 ] /web/tuiguang/index.php/User/Ios | NOTIC: [8] Undefined index:  line ThinkException.class.php 第 73 行.
[ 2017-04-25T13:34:47+08:00 ] /web/tuiguang/index.php/User/Ios | NOTIC: [2] file() [<a href='function.file'>function.file</a>]: Filename cannot be empty ThinkException.class.php 第 74 行.
[ 2017-04-25T13:34:47+08:00 ] /web/tuiguang/index.php/User/Ios | NOTIC: [8] Undefined index:  file ThinkException.class.php 第 78 行.
[ 2017-04-25T13:34:47+08:00 ] /web/tuiguang/index.php/User/Ios | NOTIC: [8] Undefined index:  line ThinkException.class.php 第 78 行.
[ 2017-04-25T13:34:47+08:00 ] /web/tuiguang/index.php/User/Ios | NOTIC: [8] Array to string conversion ThinkException.class.php 第 80 行.
[ 2017-04-25T13:34:47+08:00 ] /web/tuiguang/index.php/User/Ios | NOTIC: [8] Undefined index:  file ThinkException.class.php 第 78 行.
[ 2017-04-25T13:34:47+08:00 ] /web/tuiguang/index.php/User/Ios | NOTIC: [8] Undefined index:  line ThinkException.class.php 第 78 行.
[ 2017-04-25T13:34:47+08:00 ] /web/tuiguang/index.php/User/Ios | NOTIC: [8] Undefined index:  class ThinkException.class.php 第 79 行.
[ 2017-04-25T13:34:47+08:00 ] /web/tuiguang/index.php/User/Ios | NOTIC: [8] Undefined index:  type ThinkException.class.php 第 79 行.
[ 2017-04-25T13:34:47+08:00 ] /web/tuiguang/index.php/User/Ios | NOTIC: [8] Array to string conversion ThinkException.class.php 第 80 行.
[ 2017-04-25T13:34:47+08:00 ] /web/tuiguang/index.php/User/Ios | NOTIC: [8] Undefined index:  class ThinkException.class.php 第 79 行.
[ 2017-04-25T13:34:47+08:00 ] /web/tuiguang/index.php/User/Ios | NOTIC: [8] Undefined index:  type ThinkException.class.php 第 79 行.
[ 2017-04-25T13:34:47+08:00 ] /web/tuiguang/index.php/User/Ios | NOTIC: [8] Undefined index:  class ThinkException.class.php 第 79 行.
[ 2017-04-25T13:34:47+08:00 ] /web/tuiguang/index.php/User/Ios | NOTIC: [8] Undefined index:  type ThinkException.class.php 第 79 行.
[ 2017-04-25T13:34:48+08:00 ] /web/tuiguang/index.php/User/AndroidQdList | INFO: Tag[ route_check ] --START--
[ 2017-04-25T13:34:48+08:00 ] /web/tuiguang/index.php/User/AndroidQdList | INFO: Run CheckRoute Behavior [ RunTime:0.000584s ]
[ 2017-04-25T13:34:48+08:00 ] /web/tuiguang/index.php/User/AndroidQdList | INFO: Tag[ route_check ] --END-- [ RunTime:0.000648s ]
[ 2017-04-25T13:34:48+08:00 ] /web/tuiguang/index.php/User/AndroidQdList | INFO: Tag[ app_begin ] --START--
[ 2017-04-25T13:34:48+08:00 ] /web/tuiguang/index.php/User/AndroidQdList | INFO: Run ReadHtmlCache Behavior [ RunTime:0.000371s ]
[ 2017-04-25T13:34:48+08:00 ] /web/tuiguang/index.php/User/AndroidQdList | INFO: Tag[ app_begin ] --END-- [ RunTime:0.000406s ]
[ 2017-04-25T13:34:48+08:00 ] /web/tuiguang/index.php/User/AndroidQdList | NOTIC: [8] A session had already been started - ignoring session_start() functions.php 第 411 行.
[ 2017-04-25T13:34:48+08:00 ] /web/tuiguang/index.php/User/AndroidQdList | SQL: select UserID,Username,TypeID,QdName,QdType,Bili,Price,IsUsed,Fenghao from QPAdminDB.dbo.QD_Users where TypeID<1100 [ RunTime:0.000245s ]
[ 2017-04-25T13:34:48+08:00 ] /web/tuiguang/index.php/User/AndroidQdList | INFO: Tag[ view_template ] --START--
[ 2017-04-25T13:34:48+08:00 ] /web/tuiguang/index.php/User/AndroidQdList | INFO: Run LocationTemplate Behavior [ RunTime:0.001084s ]
[ 2017-04-25T13:34:48+08:00 ] /web/tuiguang/index.php/User/AndroidQdList | INFO: Tag[ view_template ] --END-- [ RunTime:0.001144s ]
[ 2017-04-25T13:34:48+08:00 ] /web/tuiguang/index.php/User/AndroidQdList | INFO: Tag[ view_parse ] --START--
[ 2017-04-25T13:34:48+08:00 ] /web/tuiguang/index.php/User/AndroidQdList | INFO: Run ParseTemplate Behavior [ RunTime:0.008271s ]
[ 2017-04-25T13:34:48+08:00 ] /web/tuiguang/index.php/User/AndroidQdList | INFO: Tag[ view_parse ] --END-- [ RunTime:0.008485s ]
[ 2017-04-25T13:34:48+08:00 ] /web/tuiguang/index.php/User/AndroidQdList | INFO: Tag[ view_filter ] --START--
[ 2017-04-25T13:34:48+08:00 ] /web/tuiguang/index.php/User/AndroidQdList | INFO: Run ContentReplace Behavior [ RunTime:0.001865s ]
[ 2017-04-25T13:34:48+08:00 ] /web/tuiguang/index.php/User/AndroidQdList | INFO: Run TokenBuild Behavior [ RunTime:0.001579s ]
[ 2017-04-25T13:34:48+08:00 ] /web/tuiguang/index.php/User/AndroidQdList | INFO: Run WriteHtmlCache Behavior [ RunTime:0.001119s ]
[ 2017-04-25T13:34:48+08:00 ] /web/tuiguang/index.php/User/AndroidQdList | INFO: Run ShowRuntime Behavior [ RunTime:0.001952s ]
[ 2017-04-25T13:34:48+08:00 ] /web/tuiguang/index.php/User/AndroidQdList | INFO: Tag[ view_filter ] --END-- [ RunTime:0.006848s ]
[ 2017-04-25T13:34:48+08:00 ] /web/tuiguang/index.php/User/AndroidQdList | NOTIC: [2] Cannot modify header information - headers already sent by (output started at F:\nginx-1.8.1\html\web\tuiguang\Common\common.php:1) View.class.php 第 120 行.
[ 2017-04-25T13:34:48+08:00 ] /web/tuiguang/index.php/User/AndroidQdList | NOTIC: [2] Cannot modify header information - headers already sent by (output started at F:\nginx-1.8.1\html\web\tuiguang\Common\common.php:1) View.class.php 第 121 行.
[ 2017-04-25T13:34:48+08:00 ] /web/tuiguang/index.php/User/AndroidQdList | NOTIC: [2] Cannot modify header information - headers already sent by (output started at F:\nginx-1.8.1\html\web\tuiguang\Common\common.php:1) View.class.php 第 122 行.
[ 2017-04-25T13:34:48+08:00 ] /web/tuiguang/index.php/User/AndroidQdList | INFO: Tag[ view_end ] --START--
[ 2017-04-25T13:34:48+08:00 ] /web/tuiguang/index.php/User/AndroidQdList | INFO: Run ShowPageTrace Behavior [ RunTime:0.002055s ]
[ 2017-04-25T13:34:48+08:00 ] /web/tuiguang/index.php/User/AndroidQdList | INFO: Tag[ view_end ] --END-- [ RunTime:0.002128s ]
[ 2017-04-25T13:34:50+08:00 ] /web/tuiguang/index.php/User/data_rc | INFO: Tag[ route_check ] --START--
[ 2017-04-25T13:34:50+08:00 ] /web/tuiguang/index.php/User/data_rc | INFO: Run CheckRoute Behavior [ RunTime:0.003259s ]
[ 2017-04-25T13:34:50+08:00 ] /web/tuiguang/index.php/User/data_rc | INFO: Tag[ route_check ] --END-- [ RunTime:0.003640s ]
[ 2017-04-25T13:34:50+08:00 ] /web/tuiguang/index.php/User/data_rc | INFO: Tag[ app_begin ] --START--
[ 2017-04-25T13:34:50+08:00 ] /web/tuiguang/index.php/User/data_rc | INFO: Run ReadHtmlCache Behavior [ RunTime:0.001692s ]
[ 2017-04-25T13:34:50+08:00 ] /web/tuiguang/index.php/User/data_rc | INFO: Tag[ app_begin ] --END-- [ RunTime:0.001804s ]
[ 2017-04-25T13:34:50+08:00 ] /web/tuiguang/index.php/User/data_rc | NOTIC: [8] A session had already been started - ignoring session_start() functions.php 第 411 行.
[ 2017-04-25T13:34:50+08:00 ] /web/tuiguang/index.php/User/data_rc | INFO: Tag[ view_template ] --START--
[ 2017-04-25T13:34:50+08:00 ] /web/tuiguang/index.php/User/data_rc | INFO: Run LocationTemplate Behavior [ RunTime:0.002467s ]
[ 2017-04-25T13:34:50+08:00 ] /web/tuiguang/index.php/User/data_rc | INFO: Tag[ view_template ] --END-- [ RunTime:0.002649s ]
[ 2017-04-25T13:34:50+08:00 ] /web/tuiguang/index.php/User/data_rc | INFO: Tag[ view_parse ] --START--
[ 2017-04-25T13:34:50+08:00 ] /web/tuiguang/index.php/User/data_rc | NOTIC: [8] Undefined variable: start_date 665e2d0be841765e806cab5e3ad6b80d.php 第 14 行.
[ 2017-04-25T13:34:50+08:00 ] /web/tuiguang/index.php/User/data_rc | NOTIC: [8] Undefined variable: end_date 665e2d0be841765e806cab5e3ad6b80d.php 第 15 行.
[ 2017-04-25T13:34:50+08:00 ] /web/tuiguang/index.php/User/data_rc | NOTIC: [8] Undefined index:  zs78_admin2 665e2d0be841765e806cab5e3ad6b80d.php 第 82 行.
[ 2017-04-25T13:34:50+08:00 ] /web/tuiguang/index.php/User/data_rc | NOTIC: [8] Undefined variable: result 665e2d0be841765e806cab5e3ad6b80d.php 第 149 行.
[ 2017-04-25T13:34:50+08:00 ] /web/tuiguang/index.php/User/data_rc | INFO: Run ParseTemplate Behavior [ RunTime:0.068241s ]
[ 2017-04-25T13:34:50+08:00 ] /web/tuiguang/index.php/User/data_rc | INFO: Tag[ view_parse ] --END-- [ RunTime:0.068392s ]
[ 2017-04-25T13:34:50+08:00 ] /web/tuiguang/index.php/User/data_rc | INFO: Tag[ view_filter ] --START--
[ 2017-04-25T13:34:50+08:00 ] /web/tuiguang/index.php/User/data_rc | INFO: Run ContentReplace Behavior [ RunTime:0.001292s ]
[ 2017-04-25T13:34:50+08:00 ] /web/tuiguang/index.php/User/data_rc | INFO: Run TokenBuild Behavior [ RunTime:0.001279s ]
[ 2017-04-25T13:34:50+08:00 ] /web/tuiguang/index.php/User/data_rc | INFO: Run WriteHtmlCache Behavior [ RunTime:0.001113s ]
[ 2017-04-25T13:34:50+08:00 ] /web/tuiguang/index.php/User/data_rc | INFO: Run ShowRuntime Behavior [ RunTime:0.001314s ]
[ 2017-04-25T13:34:50+08:00 ] /web/tuiguang/index.php/User/data_rc | INFO: Tag[ view_filter ] --END-- [ RunTime:0.005129s ]
[ 2017-04-25T13:34:50+08:00 ] /web/tuiguang/index.php/User/data_rc | NOTIC: [2] Cannot modify header information - headers already sent by (output started at F:\nginx-1.8.1\html\web\tuiguang\Common\common.php:1) View.class.php 第 120 行.
[ 2017-04-25T13:34:50+08:00 ] /web/tuiguang/index.php/User/data_rc | NOTIC: [2] Cannot modify header information - headers already sent by (output started at F:\nginx-1.8.1\html\web\tuiguang\Common\common.php:1) View.class.php 第 121 行.
[ 2017-04-25T13:34:50+08:00 ] /web/tuiguang/index.php/User/data_rc | NOTIC: [2] Cannot modify header information - headers already sent by (output started at F:\nginx-1.8.1\html\web\tuiguang\Common\common.php:1) View.class.php 第 122 行.
[ 2017-04-25T13:34:50+08:00 ] /web/tuiguang/index.php/User/data_rc | INFO: Tag[ view_end ] --START--
[ 2017-04-25T13:34:50+08:00 ] /web/tuiguang/index.php/User/data_rc | INFO: Run ShowPageTrace Behavior [ RunTime:0.001350s ]
[ 2017-04-25T13:34:50+08:00 ] /web/tuiguang/index.php/User/data_rc | INFO: Tag[ view_end ] --END-- [ RunTime:0.001402s ]
[ 2017-04-25T13:47:55+08:00 ] /web/tuiguang/index.php/User/AndroidQdList | INFO: Tag[ route_check ] --START--
[ 2017-04-25T13:47:55+08:00 ] /web/tuiguang/index.php/User/AndroidQdList | INFO: Run CheckRoute Behavior [ RunTime:0.000954s ]
[ 2017-04-25T13:47:55+08:00 ] /web/tuiguang/index.php/User/AndroidQdList | INFO: Tag[ route_check ] --END-- [ RunTime:0.001022s ]
[ 2017-04-25T13:47:55+08:00 ] /web/tuiguang/index.php/User/AndroidQdList | INFO: Tag[ app_begin ] --START--
[ 2017-04-25T13:47:55+08:00 ] /web/tuiguang/index.php/User/AndroidQdList | INFO: Run ReadHtmlCache Behavior [ RunTime:0.000792s ]
[ 2017-04-25T13:47:55+08:00 ] /web/tuiguang/index.php/User/AndroidQdList | INFO: Tag[ app_begin ] --END-- [ RunTime:0.000834s ]
[ 2017-04-25T13:47:55+08:00 ] /web/tuiguang/index.php/User/AndroidQdList | NOTIC: [8] A session had already been started - ignoring session_start() functions.php 第 411 行.
[ 2017-04-25T13:47:55+08:00 ] /web/tuiguang/index.php/User/AndroidQdList | SQL: select UserID,Username,TypeID,QdName,QdType,Bili,Price,IsUsed,Fenghao from QPAdminDB.dbo.QD_Users where TypeID<1100 [ RunTime:0.001343s ]
[ 2017-04-25T13:47:55+08:00 ] /web/tuiguang/index.php/User/AndroidQdList | INFO: Tag[ view_template ] --START--
[ 2017-04-25T13:47:55+08:00 ] /web/tuiguang/index.php/User/AndroidQdList | INFO: Run LocationTemplate Behavior [ RunTime:0.001539s ]
[ 2017-04-25T13:47:55+08:00 ] /web/tuiguang/index.php/User/AndroidQdList | INFO: Tag[ view_template ] --END-- [ RunTime:0.001607s ]
[ 2017-04-25T13:47:55+08:00 ] /web/tuiguang/index.php/User/AndroidQdList | INFO: Tag[ view_parse ] --START--
[ 2017-04-25T13:47:55+08:00 ] /web/tuiguang/index.php/User/AndroidQdList | INFO: Run ParseTemplate Behavior [ RunTime:0.011018s ]
[ 2017-04-25T13:47:55+08:00 ] /web/tuiguang/index.php/User/AndroidQdList | INFO: Tag[ view_parse ] --END-- [ RunTime:0.011073s ]
[ 2017-04-25T13:47:55+08:00 ] /web/tuiguang/index.php/User/AndroidQdList | INFO: Tag[ view_filter ] --START--
[ 2017-04-25T13:47:55+08:00 ] /web/tuiguang/index.php/User/AndroidQdList | INFO: Run ContentReplace Behavior [ RunTime:0.000947s ]
[ 2017-04-25T13:47:55+08:00 ] /web/tuiguang/index.php/User/AndroidQdList | INFO: Run TokenBuild Behavior [ RunTime:0.001039s ]
[ 2017-04-25T13:47:55+08:00 ] /web/tuiguang/index.php/User/AndroidQdList | INFO: Run WriteHtmlCache Behavior [ RunTime:0.000934s ]
[ 2017-04-25T13:47:55+08:00 ] /web/tuiguang/index.php/User/AndroidQdList | INFO: Run ShowRuntime Behavior [ RunTime:0.000997s ]
[ 2017-04-25T13:47:55+08:00 ] /web/tuiguang/index.php/User/AndroidQdList | INFO: Tag[ view_filter ] --END-- [ RunTime:0.004029s ]
[ 2017-04-25T13:47:55+08:00 ] /web/tuiguang/index.php/User/AndroidQdList | NOTIC: [2] Cannot modify header information - headers already sent by (output started at F:\nginx-1.8.1\html\web\tuiguang\Common\common.php:1) View.class.php 第 120 行.
[ 2017-04-25T13:47:55+08:00 ] /web/tuiguang/index.php/User/AndroidQdList | NOTIC: [2] Cannot modify header information - headers already sent by (output started at F:\nginx-1.8.1\html\web\tuiguang\Common\common.php:1) View.class.php 第 121 行.
[ 2017-04-25T13:47:55+08:00 ] /web/tuiguang/index.php/User/AndroidQdList | NOTIC: [2] Cannot modify header information - headers already sent by (output started at F:\nginx-1.8.1\html\web\tuiguang\Common\common.php:1) View.class.php 第 122 行.
[ 2017-04-25T13:47:55+08:00 ] /web/tuiguang/index.php/User/AndroidQdList | INFO: Tag[ view_end ] --START--
[ 2017-04-25T13:47:55+08:00 ] /web/tuiguang/index.php/User/AndroidQdList | INFO: Run ShowPageTrace Behavior [ RunTime:0.001058s ]
[ 2017-04-25T13:47:55+08:00 ] /web/tuiguang/index.php/User/AndroidQdList | INFO: Tag[ view_end ] --END-- [ RunTime:0.001094s ]
[ 2017-04-25T13:47:59+08:00 ] /web/tuiguang/index.php/User/QdList | INFO: Tag[ route_check ] --START--
[ 2017-04-25T13:47:59+08:00 ] /web/tuiguang/index.php/User/QdList | INFO: Run CheckRoute Behavior [ RunTime:0.000907s ]
[ 2017-04-25T13:47:59+08:00 ] /web/tuiguang/index.php/User/QdList | INFO: Tag[ route_check ] --END-- [ RunTime:0.001040s ]
[ 2017-04-25T13:47:59+08:00 ] /web/tuiguang/index.php/User/QdList | INFO: Tag[ app_begin ] --START--
[ 2017-04-25T13:47:59+08:00 ] /web/tuiguang/index.php/User/QdList | INFO: Run ReadHtmlCache Behavior [ RunTime:0.000495s ]
[ 2017-04-25T13:47:59+08:00 ] /web/tuiguang/index.php/User/QdList | INFO: Tag[ app_begin ] --END-- [ RunTime:0.000542s ]
[ 2017-04-25T13:47:59+08:00 ] /web/tuiguang/index.php/User/QdList | NOTIC: [8] A session had already been started - ignoring session_start() functions.php 第 411 行.
[ 2017-04-25T13:47:59+08:00 ] /web/tuiguang/index.php/User/QdList | SQL: select UserID,Username,TypeID,QdName,QdType,Bili,Price,IsUsed,Fenghao from QPAdminDB.dbo.QD_Users where TypeID>1100 [ RunTime:0.001632s ]
[ 2017-04-25T13:47:59+08:00 ] /web/tuiguang/index.php/User/QdList | INFO: Tag[ view_template ] --START--
[ 2017-04-25T13:47:59+08:00 ] /web/tuiguang/index.php/User/QdList | INFO: Run LocationTemplate Behavior [ RunTime:0.000986s ]
[ 2017-04-25T13:47:59+08:00 ] /web/tuiguang/index.php/User/QdList | INFO: Tag[ view_template ] --END-- [ RunTime:0.001030s ]
[ 2017-04-25T13:47:59+08:00 ] /web/tuiguang/index.php/User/QdList | INFO: Tag[ view_parse ] --START--
[ 2017-04-25T13:47:59+08:00 ] /web/tuiguang/index.php/User/QdList | INFO: Run ParseTemplate Behavior [ RunTime:0.008708s ]
[ 2017-04-25T13:47:59+08:00 ] /web/tuiguang/index.php/User/QdList | INFO: Tag[ view_parse ] --END-- [ RunTime:0.008752s ]
[ 2017-04-25T13:47:59+08:00 ] /web/tuiguang/index.php/User/QdList | INFO: Tag[ view_filter ] --START--
[ 2017-04-25T13:47:59+08:00 ] /web/tuiguang/index.php/User/QdList | INFO: Run ContentReplace Behavior [ RunTime:0.001061s ]
[ 2017-04-25T13:47:59+08:00 ] /web/tuiguang/index.php/User/QdList | INFO: Run TokenBuild Behavior [ RunTime:0.000990s ]
[ 2017-04-25T13:47:59+08:00 ] /web/tuiguang/index.php/User/QdList | INFO: Run WriteHtmlCache Behavior [ RunTime:0.000830s ]
[ 2017-04-25T13:47:59+08:00 ] /web/tuiguang/index.php/User/QdList | INFO: Run ShowRuntime Behavior [ RunTime:0.000964s ]
[ 2017-04-25T13:47:59+08:00 ] /web/tuiguang/index.php/User/QdList | INFO: Tag[ view_filter ] --END-- [ RunTime:0.003944s ]
[ 2017-04-25T13:47:59+08:00 ] /web/tuiguang/index.php/User/QdList | NOTIC: [2] Cannot modify header information - headers already sent by (output started at F:\nginx-1.8.1\html\web\tuiguang\Common\common.php:1) View.class.php 第 120 行.
[ 2017-04-25T13:47:59+08:00 ] /web/tuiguang/index.php/User/QdList | NOTIC: [2] Cannot modify header information - headers already sent by (output started at F:\nginx-1.8.1\html\web\tuiguang\Common\common.php:1) View.class.php 第 121 行.
[ 2017-04-25T13:47:59+08:00 ] /web/tuiguang/index.php/User/QdList | NOTIC: [2] Cannot modify header information - headers already sent by (output started at F:\nginx-1.8.1\html\web\tuiguang\Common\common.php:1) View.class.php 第 122 行.
[ 2017-04-25T13:47:59+08:00 ] /web/tuiguang/index.php/User/QdList | INFO: Tag[ view_end ] --START--
[ 2017-04-25T13:47:59+08:00 ] /web/tuiguang/index.php/User/QdList | INFO: Run ShowPageTrace Behavior [ RunTime:0.001031s ]
[ 2017-04-25T13:47:59+08:00 ] /web/tuiguang/index.php/User/QdList | INFO: Tag[ view_end ] --END-- [ RunTime:0.001072s ]
[ 2017-04-25T13:48:09+08:00 ] /web/tuiguang/index.php/Login/user_exit | INFO: Tag[ route_check ] --START--
[ 2017-04-25T13:48:09+08:00 ] /web/tuiguang/index.php/Login/user_exit | INFO: Run CheckRoute Behavior [ RunTime:0.001201s ]
[ 2017-04-25T13:48:09+08:00 ] /web/tuiguang/index.php/Login/user_exit | INFO: Tag[ route_check ] --END-- [ RunTime:0.001386s ]
[ 2017-04-25T13:48:09+08:00 ] /web/tuiguang/index.php/Login/user_exit | INFO: Tag[ app_begin ] --START--
[ 2017-04-25T13:48:09+08:00 ] /web/tuiguang/index.php/Login/user_exit | INFO: Run ReadHtmlCache Behavior [ RunTime:0.000666s ]
[ 2017-04-25T13:48:09+08:00 ] /web/tuiguang/index.php/Login/user_exit | INFO: Tag[ app_begin ] --END-- [ RunTime:0.000736s ]
[ 2017-04-25T13:48:09+08:00 ] /web/tuiguang/index.php/Login/user_exit | NOTIC: [8] A session had already been started - ignoring session_start() functions.php 第 411 行.
[ 2017-04-25T13:48:09+08:00 ] /web/tuiguang/index.php/Login | INFO: Tag[ route_check ] --START--
[ 2017-04-25T13:48:09+08:00 ] /web/tuiguang/index.php/Login | INFO: Run CheckRoute Behavior [ RunTime:0.000738s ]
[ 2017-04-25T13:48:09+08:00 ] /web/tuiguang/index.php/Login | INFO: Tag[ route_check ] --END-- [ RunTime:0.000832s ]
[ 2017-04-25T13:48:09+08:00 ] /web/tuiguang/index.php/Login | INFO: Tag[ app_begin ] --START--
[ 2017-04-25T13:48:09+08:00 ] /web/tuiguang/index.php/Login | INFO: Run ReadHtmlCache Behavior [ RunTime:0.000436s ]
[ 2017-04-25T13:48:09+08:00 ] /web/tuiguang/index.php/Login | INFO: Tag[ app_begin ] --END-- [ RunTime:0.000482s ]
[ 2017-04-25T13:48:09+08:00 ] /web/tuiguang/index.php/Login | NOTIC: [8] A session had already been started - ignoring session_start() functions.php 第 411 行.
[ 2017-04-25T13:48:09+08:00 ] /web/tuiguang/index.php/Login | INFO: Tag[ view_template ] --START--
[ 2017-04-25T13:48:09+08:00 ] /web/tuiguang/index.php/Login | INFO: Run LocationTemplate Behavior [ RunTime:0.001587s ]
[ 2017-04-25T13:48:09+08:00 ] /web/tuiguang/index.php/Login | INFO: Tag[ view_template ] --END-- [ RunTime:0.001722s ]
[ 2017-04-25T13:48:09+08:00 ] /web/tuiguang/index.php/Login | INFO: Tag[ view_parse ] --START--
[ 2017-04-25T13:48:09+08:00 ] /web/tuiguang/index.php/Login | INFO: Run ParseTemplate Behavior [ RunTime:0.011279s ]
[ 2017-04-25T13:48:09+08:00 ] /web/tuiguang/index.php/Login | INFO: Tag[ view_parse ] --END-- [ RunTime:0.011364s ]
[ 2017-04-25T13:48:09+08:00 ] /web/tuiguang/index.php/Login | INFO: Tag[ view_filter ] --START--
[ 2017-04-25T13:48:09+08:00 ] /web/tuiguang/index.php/Login | INFO: Run ContentReplace Behavior [ RunTime:0.001118s ]
[ 2017-04-25T13:48:09+08:00 ] /web/tuiguang/index.php/Login | INFO: Run TokenBuild Behavior [ RunTime:0.001042s ]
[ 2017-04-25T13:48:09+08:00 ] /web/tuiguang/index.php/Login | INFO: Run WriteHtmlCache Behavior [ RunTime:0.001964s ]
[ 2017-04-25T13:48:09+08:00 ] /web/tuiguang/index.php/Login | INFO: Run ShowRuntime Behavior [ RunTime:0.004026s ]
[ 2017-04-25T13:48:09+08:00 ] /web/tuiguang/index.php/Login | INFO: Tag[ view_filter ] --END-- [ RunTime:0.008599s ]
[ 2017-04-25T13:48:09+08:00 ] /web/tuiguang/index.php/Login | NOTIC: [2] Cannot modify header information - headers already sent by (output started at F:\nginx-1.8.1\html\web\tuiguang\Common\common.php:1) View.class.php 第 120 行.
[ 2017-04-25T13:48:09+08:00 ] /web/tuiguang/index.php/Login | NOTIC: [2] Cannot modify header information - headers already sent by (output started at F:\nginx-1.8.1\html\web\tuiguang\Common\common.php:1) View.class.php 第 121 行.
[ 2017-04-25T13:48:09+08:00 ] /web/tuiguang/index.php/Login | NOTIC: [2] Cannot modify header information - headers already sent by (output started at F:\nginx-1.8.1\html\web\tuiguang\Common\common.php:1) View.class.php 第 122 行.
[ 2017-04-25T13:48:09+08:00 ] /web/tuiguang/index.php/Login | INFO: Tag[ view_end ] --START--
[ 2017-04-25T13:48:09+08:00 ] /web/tuiguang/index.php/Login | INFO: Run ShowPageTrace Behavior [ RunTime:0.001730s ]
[ 2017-04-25T13:48:09+08:00 ] /web/tuiguang/index.php/Login | INFO: Tag[ view_end ] --END-- [ RunTime:0.001873s ]
[ 2017-04-25T13:48:32+08:00 ] /web/tuiguang/index.php/Login/userCheck | INFO: Tag[ route_check ] --START--
[ 2017-04-25T13:48:32+08:00 ] /web/tuiguang/index.php/Login/userCheck | INFO: Run CheckRoute Behavior [ RunTime:0.000601s ]
[ 2017-04-25T13:48:32+08:00 ] /web/tuiguang/index.php/Login/userCheck | INFO: Tag[ route_check ] --END-- [ RunTime:0.000665s ]
[ 2017-04-25T13:48:32+08:00 ] /web/tuiguang/index.php/Login/userCheck | INFO: Tag[ app_begin ] --START--
[ 2017-04-25T13:48:32+08:00 ] /web/tuiguang/index.php/Login/userCheck | INFO: Run ReadHtmlCache Behavior [ RunTime:0.000417s ]
[ 2017-04-25T13:48:32+08:00 ] /web/tuiguang/index.php/Login/userCheck | INFO: Tag[ app_begin ] --END-- [ RunTime:0.000463s ]
[ 2017-04-25T13:48:32+08:00 ] /web/tuiguang/index.php/Login/userCheck | NOTIC: [8] A session had already been started - ignoring session_start() functions.php 第 411 行.
[ 2017-04-25T13:48:32+08:00 ] /web/tuiguang/index.php/Login/userCheck | SQL:  SELECT *FROM QPStatisticsDB.dbo.tuiguangqx  where name = 'zhangshangqp04' and Password = 'ADMIN04'  [ RunTime:0.002517s ]
[ 2017-04-25T13:48:32+08:00 ] /web/tuiguang/index.php/Login/userCheck | NOTIC: [8] Undefined offset:  0 LoginAction.class.php 第 22 行.
[ 2017-04-25T13:48:32+08:00 ] /web/tuiguang/index.php/Login/userCheck | NOTIC: [8] Undefined offset:  0 LoginAction.class.php 第 24 行.
[ 2017-04-25T13:48:36+08:00 ] /web/tuiguang/index.php/Login | INFO: Tag[ route_check ] --START--
[ 2017-04-25T13:48:36+08:00 ] /web/tuiguang/index.php/Login | INFO: Run CheckRoute Behavior [ RunTime:0.000616s ]
[ 2017-04-25T13:48:36+08:00 ] /web/tuiguang/index.php/Login | INFO: Tag[ route_check ] --END-- [ RunTime:0.000703s ]
[ 2017-04-25T13:48:36+08:00 ] /web/tuiguang/index.php/Login | INFO: Tag[ app_begin ] --START--
[ 2017-04-25T13:48:36+08:00 ] /web/tuiguang/index.php/Login | INFO: Run ReadHtmlCache Behavior [ RunTime:0.000622s ]
[ 2017-04-25T13:48:36+08:00 ] /web/tuiguang/index.php/Login | INFO: Tag[ app_begin ] --END-- [ RunTime:0.000688s ]
[ 2017-04-25T13:48:36+08:00 ] /web/tuiguang/index.php/Login | NOTIC: [8] A session had already been started - ignoring session_start() functions.php 第 411 行.
[ 2017-04-25T13:48:36+08:00 ] /web/tuiguang/index.php/Login | INFO: Tag[ view_template ] --START--
[ 2017-04-25T13:48:36+08:00 ] /web/tuiguang/index.php/Login | INFO: Run LocationTemplate Behavior [ RunTime:0.000756s ]
[ 2017-04-25T13:48:36+08:00 ] /web/tuiguang/index.php/Login | INFO: Tag[ view_template ] --END-- [ RunTime:0.000825s ]
[ 2017-04-25T13:48:36+08:00 ] /web/tuiguang/index.php/Login | INFO: Tag[ view_parse ] --START--
[ 2017-04-25T13:48:36+08:00 ] /web/tuiguang/index.php/Login | INFO: Run ParseTemplate Behavior [ RunTime:0.005878s ]
[ 2017-04-25T13:48:36+08:00 ] /web/tuiguang/index.php/Login | INFO: Tag[ view_parse ] --END-- [ RunTime:0.005933s ]
[ 2017-04-25T13:48:36+08:00 ] /web/tuiguang/index.php/Login | INFO: Tag[ view_filter ] --START--
[ 2017-04-25T13:48:36+08:00 ] /web/tuiguang/index.php/Login | INFO: Run ContentReplace Behavior [ RunTime:0.001009s ]
[ 2017-04-25T13:48:36+08:00 ] /web/tuiguang/index.php/Login | INFO: Run TokenBuild Behavior [ RunTime:0.001133s ]
[ 2017-04-25T13:48:36+08:00 ] /web/tuiguang/index.php/Login | INFO: Run WriteHtmlCache Behavior [ RunTime:0.001568s ]
[ 2017-04-25T13:48:36+08:00 ] /web/tuiguang/index.php/Login | INFO: Run ShowRuntime Behavior [ RunTime:0.001455s ]
[ 2017-04-25T13:48:36+08:00 ] /web/tuiguang/index.php/Login | INFO: Tag[ view_filter ] --END-- [ RunTime:0.005424s ]
[ 2017-04-25T13:48:36+08:00 ] /web/tuiguang/index.php/Login | NOTIC: [2] Cannot modify header information - headers already sent by (output started at F:\nginx-1.8.1\html\web\tuiguang\Common\common.php:1) View.class.php 第 120 行.
[ 2017-04-25T13:48:36+08:00 ] /web/tuiguang/index.php/Login | NOTIC: [2] Cannot modify header information - headers already sent by (output started at F:\nginx-1.8.1\html\web\tuiguang\Common\common.php:1) View.class.php 第 121 行.
[ 2017-04-25T13:48:36+08:00 ] /web/tuiguang/index.php/Login | NOTIC: [2] Cannot modify header information - headers already sent by (output started at F:\nginx-1.8.1\html\web\tuiguang\Common\common.php:1) View.class.php 第 122 行.
[ 2017-04-25T13:48:36+08:00 ] /web/tuiguang/index.php/Login | INFO: Tag[ view_end ] --START--
[ 2017-04-25T13:48:36+08:00 ] /web/tuiguang/index.php/Login | INFO: Run ShowPageTrace Behavior [ RunTime:0.002035s ]
[ 2017-04-25T13:48:36+08:00 ] /web/tuiguang/index.php/Login | INFO: Tag[ view_end ] --END-- [ RunTime:0.002176s ]
[ 2017-04-25T13:51:01+08:00 ] /web/tuiguang/index.php/Login/userCheck | INFO: Tag[ route_check ] --START--
[ 2017-04-25T13:51:01+08:00 ] /web/tuiguang/index.php/Login/userCheck | INFO: Run CheckRoute Behavior [ RunTime:0.001226s ]
[ 2017-04-25T13:51:01+08:00 ] /web/tuiguang/index.php/Login/userCheck | INFO: Tag[ route_check ] --END-- [ RunTime:0.001307s ]
[ 2017-04-25T13:51:01+08:00 ] /web/tuiguang/index.php/Login/userCheck | INFO: Tag[ app_begin ] --START--
[ 2017-04-25T13:51:01+08:00 ] /web/tuiguang/index.php/Login/userCheck | INFO: Run ReadHtmlCache Behavior [ RunTime:0.000970s ]
[ 2017-04-25T13:51:01+08:00 ] /web/tuiguang/index.php/Login/userCheck | INFO: Tag[ app_begin ] --END-- [ RunTime:0.001015s ]
[ 2017-04-25T13:51:01+08:00 ] /web/tuiguang/index.php/Login/userCheck | NOTIC: [8] A session had already been started - ignoring session_start() functions.php 第 411 行.
[ 2017-04-25T13:51:01+08:00 ] /web/tuiguang/index.php/Login/userCheck | SQL:  SELECT *FROM QPStatisticsDB.dbo.tuiguangqx  where name = 'admin' and Password = '12345'  [ RunTime:0.001024s ]
[ 2017-04-25T13:51:01+08:00 ] /web/tuiguang/index.php/Login/userCheck | SQL: select * from QPStatisticsDB.dbo.tuiguangqx where name = 'admin'  [ RunTime:0.000746s ]
[ 2017-04-25T13:51:01+08:00 ] /web/tuiguang/index.php/User | INFO: Tag[ route_check ] --START--
[ 2017-04-25T13:51:01+08:00 ] /web/tuiguang/index.php/User | INFO: Run CheckRoute Behavior [ RunTime:0.000600s ]
[ 2017-04-25T13:51:01+08:00 ] /web/tuiguang/index.php/User | INFO: Tag[ route_check ] --END-- [ RunTime:0.000665s ]
[ 2017-04-25T13:51:01+08:00 ] /web/tuiguang/index.php/User | INFO: Tag[ app_begin ] --START--
[ 2017-04-25T13:51:01+08:00 ] /web/tuiguang/index.php/User | INFO: Run ReadHtmlCache Behavior [ RunTime:0.000372s ]
[ 2017-04-25T13:51:01+08:00 ] /web/tuiguang/index.php/User | INFO: Tag[ app_begin ] --END-- [ RunTime:0.000410s ]
[ 2017-04-25T13:51:01+08:00 ] /web/tuiguang/index.php/User | NOTIC: [8] A session had already been started - ignoring session_start() functions.php 第 411 行.
[ 2017-04-25T13:51:01+08:00 ] /web/tuiguang/index.php/User | INFO: Tag[ view_template ] --START--
[ 2017-04-25T13:51:01+08:00 ] /web/tuiguang/index.php/User | INFO: Run LocationTemplate Behavior [ RunTime:0.001494s ]
[ 2017-04-25T13:51:01+08:00 ] /web/tuiguang/index.php/User | INFO: Tag[ view_template ] --END-- [ RunTime:0.001608s ]
[ 2017-04-25T13:51:01+08:00 ] /web/tuiguang/index.php/User | INFO: Tag[ view_parse ] --START--
[ 2017-04-25T13:51:01+08:00 ] /web/tuiguang/index.php/User | NOTIC: [8] Undefined variable: start_date e3d1c53c00b82c0ab554053d533ca164.php 第 9 行.
[ 2017-04-25T13:51:01+08:00 ] /web/tuiguang/index.php/User | NOTIC: [8] Undefined variable: end_date e3d1c53c00b82c0ab554053d533ca164.php 第 10 行.
[ 2017-04-25T13:51:01+08:00 ] /web/tuiguang/index.php/User | NOTIC: [8] Undefined variable: start_date e3d1c53c00b82c0ab554053d533ca164.php 第 13 行.
[ 2017-04-25T13:51:01+08:00 ] /web/tuiguang/index.php/User | NOTIC: [8] Undefined variable: end_date e3d1c53c00b82c0ab554053d533ca164.php 第 13 行.
[ 2017-04-25T13:51:01+08:00 ] /web/tuiguang/index.php/User | NOTIC: [8] Undefined variable: xz e3d1c53c00b82c0ab554053d533ca164.php 第 13 行.
[ 2017-04-25T13:51:01+08:00 ] /web/tuiguang/index.php/User | NOTIC: [8] Undefined variable: zc e3d1c53c00b82c0ab554053d533ca164.php 第 13 行.
[ 2017-04-25T13:51:01+08:00 ] /web/tuiguang/index.php/User | NOTIC: [8] Undefined variable: yx e3d1c53c00b82c0ab554053d533ca164.php 第 13 行.
[ 2017-04-25T13:51:01+08:00 ] /web/tuiguang/index.php/User | NOTIC: [8] Undefined variable: start_date e3d1c53c00b82c0ab554053d533ca164.php 第 13 行.
[ 2017-04-25T13:51:01+08:00 ] /web/tuiguang/index.php/User | NOTIC: [8] Undefined variable: end_date e3d1c53c00b82c0ab554053d533ca164.php 第 13 行.
[ 2017-04-25T13:51:01+08:00 ] /web/tuiguang/index.php/User | NOTIC: [8] Undefined variable: rs e3d1c53c00b82c0ab554053d533ca164.php 第 29 行.
[ 2017-04-25T13:51:01+08:00 ] /web/tuiguang/index.php/User | INFO: Run ParseTemplate Behavior [ RunTime:0.011643s ]
[ 2017-04-25T13:51:01+08:00 ] /web/tuiguang/index.php/User | INFO: Tag[ view_parse ] --END-- [ RunTime:0.011686s ]
[ 2017-04-25T13:51:01+08:00 ] /web/tuiguang/index.php/User | INFO: Tag[ view_filter ] --START--
[ 2017-04-25T13:51:01+08:00 ] /web/tuiguang/index.php/User | INFO: Run ContentReplace Behavior [ RunTime:0.001110s ]
[ 2017-04-25T13:51:01+08:00 ] /web/tuiguang/index.php/User | INFO: Run TokenBuild Behavior [ RunTime:0.001202s ]
[ 2017-04-25T13:51:01+08:00 ] /web/tuiguang/index.php/User | INFO: Run WriteHtmlCache Behavior [ RunTime:0.000845s ]
[ 2017-04-25T13:51:01+08:00 ] /web/tuiguang/index.php/User | INFO: Run ShowRuntime Behavior [ RunTime:0.001313s ]
[ 2017-04-25T13:51:01+08:00 ] /web/tuiguang/index.php/User | INFO: Tag[ view_filter ] --END-- [ RunTime:0.004620s ]
[ 2017-04-25T13:51:01+08:00 ] /web/tuiguang/index.php/User | NOTIC: [2] Cannot modify header information - headers already sent by (output started at F:\nginx-1.8.1\html\web\tuiguang\Common\common.php:1) View.class.php 第 120 行.
[ 2017-04-25T13:51:01+08:00 ] /web/tuiguang/index.php/User | NOTIC: [2] Cannot modify header information - headers already sent by (output started at F:\nginx-1.8.1\html\web\tuiguang\Common\common.php:1) View.class.php 第 121 行.
[ 2017-04-25T13:51:01+08:00 ] /web/tuiguang/index.php/User | NOTIC: [2] Cannot modify header information - headers already sent by (output started at F:\nginx-1.8.1\html\web\tuiguang\Common\common.php:1) View.class.php 第 122 行.
[ 2017-04-25T13:51:01+08:00 ] /web/tuiguang/index.php/User | INFO: Tag[ view_end ] --START--
[ 2017-04-25T13:51:01+08:00 ] /web/tuiguang/index.php/User | INFO: Run ShowPageTrace Behavior [ RunTime:0.001404s ]
[ 2017-04-25T13:51:01+08:00 ] /web/tuiguang/index.php/User | INFO: Tag[ view_end ] --END-- [ RunTime:0.001483s ]
[ 2017-04-25T13:51:03+08:00 ] /web/tuiguang/index.php/User/regtuiguangnum | INFO: Tag[ route_check ] --START--
[ 2017-04-25T13:51:03+08:00 ] /web/tuiguang/index.php/User/regtuiguangnum | INFO: Run CheckRoute Behavior [ RunTime:0.000892s ]
[ 2017-04-25T13:51:03+08:00 ] /web/tuiguang/index.php/User/regtuiguangnum | INFO: Tag[ route_check ] --END-- [ RunTime:0.001004s ]
[ 2017-04-25T13:51:03+08:00 ] /web/tuiguang/index.php/User/regtuiguangnum | INFO: Tag[ app_begin ] --START--
[ 2017-04-25T13:51:03+08:00 ] /web/tuiguang/index.php/User/regtuiguangnum | INFO: Run ReadHtmlCache Behavior [ RunTime:0.000533s ]
[ 2017-04-25T13:51:03+08:00 ] /web/tuiguang/index.php/User/regtuiguangnum | INFO: Tag[ app_begin ] --END-- [ RunTime:0.000581s ]
[ 2017-04-25T13:51:03+08:00 ] /web/tuiguang/index.php/User/regtuiguangnum | NOTIC: [8] A session had already been started - ignoring session_start() functions.php 第 411 行.
[ 2017-04-25T13:51:03+08:00 ] /web/tuiguang/index.php/User/regtuiguangnum | INFO: Tag[ view_template ] --START--
[ 2017-04-25T13:51:03+08:00 ] /web/tuiguang/index.php/User/regtuiguangnum | INFO: Run LocationTemplate Behavior [ RunTime:0.002256s ]
[ 2017-04-25T13:51:03+08:00 ] /web/tuiguang/index.php/User/regtuiguangnum | INFO: Tag[ view_template ] --END-- [ RunTime:0.002478s ]
[ 2017-04-25T13:51:03+08:00 ] /web/tuiguang/index.php/User/regtuiguangnum | INFO: Tag[ view_parse ] --START--
[ 2017-04-25T13:51:03+08:00 ] /web/tuiguang/index.php/User/regtuiguangnum | NOTIC: [8] Undefined variable: start_date 33d805b4e69e7ce051cafffcc3209646.php 第 66 行.
[ 2017-04-25T13:51:03+08:00 ] /web/tuiguang/index.php/User/regtuiguangnum | NOTIC: [8] Undefined variable: end_date 33d805b4e69e7ce051cafffcc3209646.php 第 67 行.
[ 2017-04-25T13:51:03+08:00 ] /web/tuiguang/index.php/User/regtuiguangnum | INFO: Run ParseTemplate Behavior [ RunTime:0.067964s ]
[ 2017-04-25T13:51:03+08:00 ] /web/tuiguang/index.php/User/regtuiguangnum | INFO: Tag[ view_parse ] --END-- [ RunTime:0.068013s ]
[ 2017-04-25T13:51:03+08:00 ] /web/tuiguang/index.php/User/regtuiguangnum | INFO: Tag[ view_filter ] --START--
[ 2017-04-25T13:51:03+08:00 ] /web/tuiguang/index.php/User/regtuiguangnum | INFO: Run ContentReplace Behavior [ RunTime:0.000951s ]
[ 2017-04-25T13:51:03+08:00 ] /web/tuiguang/index.php/User/regtuiguangnum | INFO: Run TokenBuild Behavior [ RunTime:0.001089s ]
[ 2017-04-25T13:51:03+08:00 ] /web/tuiguang/index.php/User/regtuiguangnum | INFO: Run WriteHtmlCache Behavior [ RunTime:0.001116s ]
[ 2017-04-25T13:51:03+08:00 ] /web/tuiguang/index.php/User/regtuiguangnum | INFO: Run ShowRuntime Behavior [ RunTime:0.001281s ]
[ 2017-04-25T13:51:03+08:00 ] /web/tuiguang/index.php/User/regtuiguangnum | INFO: Tag[ view_filter ] --END-- [ RunTime:0.004562s ]
[ 2017-04-25T13:51:03+08:00 ] /web/tuiguang/index.php/User/regtuiguangnum | NOTIC: [2] Cannot modify header information - headers already sent by (output started at F:\nginx-1.8.1\html\web\tuiguang\Common\common.php:1) View.class.php 第 120 行.
[ 2017-04-25T13:51:03+08:00 ] /web/tuiguang/index.php/User/regtuiguangnum | NOTIC: [2] Cannot modify header information - headers already sent by (output started at F:\nginx-1.8.1\html\web\tuiguang\Common\common.php:1) View.class.php 第 121 行.
[ 2017-04-25T13:51:03+08:00 ] /web/tuiguang/index.php/User/regtuiguangnum | NOTIC: [2] Cannot modify header information - headers already sent by (output started at F:\nginx-1.8.1\html\web\tuiguang\Common\common.php:1) View.class.php 第 122 行.
[ 2017-04-25T13:51:03+08:00 ] /web/tuiguang/index.php/User/regtuiguangnum | INFO: Tag[ view_end ] --START--
[ 2017-04-25T13:51:03+08:00 ] /web/tuiguang/index.php/User/regtuiguangnum | INFO: Run ShowPageTrace Behavior [ RunTime:0.001453s ]
[ 2017-04-25T13:51:03+08:00 ] /web/tuiguang/index.php/User/regtuiguangnum | INFO: Tag[ view_end ] --END-- [ RunTime:0.001514s ]
[ 2017-04-25T13:51:05+08:00 ] /web/tuiguang/index.php/User/qdqx | INFO: Tag[ route_check ] --START--
[ 2017-04-25T13:51:05+08:00 ] /web/tuiguang/index.php/User/qdqx | INFO: Run CheckRoute Behavior [ RunTime:0.000931s ]
[ 2017-04-25T13:51:05+08:00 ] /web/tuiguang/index.php/User/qdqx | INFO: Tag[ route_check ] --END-- [ RunTime:0.001107s ]
[ 2017-04-25T13:51:05+08:00 ] /web/tuiguang/index.php/User/qdqx | INFO: Tag[ app_begin ] --START--
[ 2017-04-25T13:51:05+08:00 ] /web/tuiguang/index.php/User/qdqx | INFO: Run ReadHtmlCache Behavior [ RunTime:0.000389s ]
[ 2017-04-25T13:51:05+08:00 ] /web/tuiguang/index.php/User/qdqx | INFO: Tag[ app_begin ] --END-- [ RunTime:0.000424s ]
[ 2017-04-25T13:51:05+08:00 ] /web/tuiguang/index.php/User/qdqx | NOTIC: [8] A session had already been started - ignoring session_start() functions.php 第 411 行.
[ 2017-04-25T13:51:05+08:00 ] /web/tuiguang/index.php/User/qdqx | SQL: SELECT name,qudao FROM QPStatisticsDB.dbo.qdshangqx WHERE  charindex(qudao,'1037,3032,3034,3035,3033,3031,3130,3039,3036,3037,3037,3040,1024,1025,1026,1027,1028,1029,1030,1031,1032,1033,1034,1035,1036,1137,1038,1039,1040,1041,1042,1043,20090') > 0  [ RunTime:0.007564s ]
[ 2017-04-25T13:51:05+08:00 ] /web/tuiguang/index.php/User/qdqx | INFO: Tag[ view_template ] --START--
[ 2017-04-25T13:51:05+08:00 ] /web/tuiguang/index.php/User/qdqx | INFO: Run LocationTemplate Behavior [ RunTime:0.001129s ]
[ 2017-04-25T13:51:05+08:00 ] /web/tuiguang/index.php/User/qdqx | INFO: Tag[ view_template ] --END-- [ RunTime:0.001173s ]
[ 2017-04-25T13:51:05+08:00 ] /web/tuiguang/index.php/User/qdqx | INFO: Tag[ view_parse ] --START--
[ 2017-04-25T13:51:05+08:00 ] /web/tuiguang/index.php/User/qdqx | NOTIC: [8] Undefined variable: start_date 19c396178c40c906f74f0b4f78f0468e.php 第 18 行.
[ 2017-04-25T13:51:05+08:00 ] /web/tuiguang/index.php/User/qdqx | NOTIC: [8] Undefined variable: end_date 19c396178c40c906f74f0b4f78f0468e.php 第 19 行.
[ 2017-04-25T13:51:05+08:00 ] /web/tuiguang/index.php/User/qdqx | INFO: Run ParseTemplate Behavior [ RunTime:0.046505s ]
[ 2017-04-25T13:51:05+08:00 ] /web/tuiguang/index.php/User/qdqx | INFO: Tag[ view_parse ] --END-- [ RunTime:0.046542s ]
[ 2017-04-25T13:51:05+08:00 ] /web/tuiguang/index.php/User/qdqx | INFO: Tag[ view_filter ] --START--
[ 2017-04-25T13:51:05+08:00 ] /web/tuiguang/index.php/User/qdqx | INFO: Run ContentReplace Behavior [ RunTime:0.001095s ]
[ 2017-04-25T13:51:05+08:00 ] /web/tuiguang/index.php/User/qdqx | INFO: Run TokenBuild Behavior [ RunTime:0.001275s ]
[ 2017-04-25T13:51:05+08:00 ] /web/tuiguang/index.php/User/qdqx | INFO: Run WriteHtmlCache Behavior [ RunTime:0.001086s ]
[ 2017-04-25T13:51:05+08:00 ] /web/tuiguang/index.php/User/qdqx | INFO: Run ShowRuntime Behavior [ RunTime:0.001254s ]
[ 2017-04-25T13:51:05+08:00 ] /web/tuiguang/index.php/User/qdqx | INFO: Tag[ view_filter ] --END-- [ RunTime:0.004835s ]
[ 2017-04-25T13:51:05+08:00 ] /web/tuiguang/index.php/User/qdqx | NOTIC: [2] Cannot modify header information - headers already sent by (output started at F:\nginx-1.8.1\html\web\tuiguang\Common\common.php:1) View.class.php 第 120 行.
[ 2017-04-25T13:51:05+08:00 ] /web/tuiguang/index.php/User/qdqx | NOTIC: [2] Cannot modify header information - headers already sent by (output started at F:\nginx-1.8.1\html\web\tuiguang\Common\common.php:1) View.class.php 第 121 行.
[ 2017-04-25T13:51:05+08:00 ] /web/tuiguang/index.php/User/qdqx | NOTIC: [2] Cannot modify header information - headers already sent by (output started at F:\nginx-1.8.1\html\web\tuiguang\Common\common.php:1) View.class.php 第 122 行.
[ 2017-04-25T13:51:05+08:00 ] /web/tuiguang/index.php/User/qdqx | INFO: Tag[ view_end ] --START--
[ 2017-04-25T13:51:05+08:00 ] /web/tuiguang/index.php/User/qdqx | INFO: Run ShowPageTrace Behavior [ RunTime:0.001293s ]
[ 2017-04-25T13:51:05+08:00 ] /web/tuiguang/index.php/User/qdqx | INFO: Tag[ view_end ] --END-- [ RunTime:0.001336s ]
[ 2017-04-25T13:51:06+08:00 ] /web/tuiguang/index.php/User/kouliang | INFO: Tag[ route_check ] --START--
[ 2017-04-25T13:51:06+08:00 ] /web/tuiguang/index.php/User/kouliang | INFO: Run CheckRoute Behavior [ RunTime:0.000783s ]
[ 2017-04-25T13:51:06+08:00 ] /web/tuiguang/index.php/User/kouliang | INFO: Tag[ route_check ] --END-- [ RunTime:0.000876s ]
[ 2017-04-25T13:51:06+08:00 ] /web/tuiguang/index.php/User/kouliang | INFO: Tag[ app_begin ] --START--
[ 2017-04-25T13:51:06+08:00 ] /web/tuiguang/index.php/User/kouliang | INFO: Run ReadHtmlCache Behavior [ RunTime:0.000518s ]
[ 2017-04-25T13:51:06+08:00 ] /web/tuiguang/index.php/User/kouliang | INFO: Tag[ app_begin ] --END-- [ RunTime:0.000579s ]
[ 2017-04-25T13:51:06+08:00 ] /web/tuiguang/index.php/User/kouliang | NOTIC: [8] A session had already been started - ignoring session_start() functions.php 第 411 行.
[ 2017-04-25T13:51:06+08:00 ] /web/tuiguang/index.php/User/kouliang | SQL: select *
from QPStatisticsDB.dbo.kouliang   a
where EXISTS
(select 1 FROM
(select qdid,max(time)time from QPStatisticsDB.dbo.kouliang    group by qdid) b where a.qdid=b.qdid and a.time =b.time ) [ RunTime:0.009651s ]
[ 2017-04-25T13:51:06+08:00 ] /web/tuiguang/index.php/User/kouliang | INFO: Tag[ view_template ] --START--
[ 2017-04-25T13:51:06+08:00 ] /web/tuiguang/index.php/User/kouliang | INFO: Run LocationTemplate Behavior [ RunTime:0.001395s ]
[ 2017-04-25T13:51:06+08:00 ] /web/tuiguang/index.php/User/kouliang | INFO: Tag[ view_template ] --END-- [ RunTime:0.001465s ]
[ 2017-04-25T13:51:06+08:00 ] /web/tuiguang/index.php/User/kouliang | INFO: Tag[ view_parse ] --START--
[ 2017-04-25T13:51:07+08:00 ] /web/tuiguang/index.php/User/kouliang | NOTIC: [8] Undefined variable: start_date 59e186ad97e30d0b84e1a290c008929e.php 第 16 行.
[ 2017-04-25T13:51:07+08:00 ] /web/tuiguang/index.php/User/kouliang | NOTIC: [8] Undefined variable: end_date 59e186ad97e30d0b84e1a290c008929e.php 第 17 行.
[ 2017-04-25T13:51:07+08:00 ] /web/tuiguang/index.php/User/kouliang | INFO: Run ParseTemplate Behavior [ RunTime:0.042835s ]
[ 2017-04-25T13:51:07+08:00 ] /web/tuiguang/index.php/User/kouliang | INFO: Tag[ view_parse ] --END-- [ RunTime:0.042903s ]
[ 2017-04-25T13:51:07+08:00 ] /web/tuiguang/index.php/User/kouliang | INFO: Tag[ view_filter ] --START--
[ 2017-04-25T13:51:07+08:00 ] /web/tuiguang/index.php/User/kouliang | INFO: Run ContentReplace Behavior [ RunTime:0.001082s ]
[ 2017-04-25T13:51:07+08:00 ] /web/tuiguang/index.php/User/kouliang | INFO: Run TokenBuild Behavior [ RunTime:0.001008s ]
[ 2017-04-25T13:51:07+08:00 ] /web/tuiguang/index.php/User/kouliang | INFO: Run WriteHtmlCache Behavior [ RunTime:0.000909s ]
[ 2017-04-25T13:51:07+08:00 ] /web/tuiguang/index.php/User/kouliang | INFO: Run ShowRuntime Behavior [ RunTime:0.001088s ]
[ 2017-04-25T13:51:07+08:00 ] /web/tuiguang/index.php/User/kouliang | INFO: Tag[ view_filter ] --END-- [ RunTime:0.004215s ]
[ 2017-04-25T13:51:07+08:00 ] /web/tuiguang/index.php/User/kouliang | NOTIC: [2] Cannot modify header information - headers already sent by (output started at F:\nginx-1.8.1\html\web\tuiguang\Common\common.php:1) View.class.php 第 120 行.
[ 2017-04-25T13:51:07+08:00 ] /web/tuiguang/index.php/User/kouliang | NOTIC: [2] Cannot modify header information - headers already sent by (output started at F:\nginx-1.8.1\html\web\tuiguang\Common\common.php:1) View.class.php 第 121 行.
[ 2017-04-25T13:51:07+08:00 ] /web/tuiguang/index.php/User/kouliang | NOTIC: [2] Cannot modify header information - headers already sent by (output started at F:\nginx-1.8.1\html\web\tuiguang\Common\common.php:1) View.class.php 第 122 行.
[ 2017-04-25T13:51:07+08:00 ] /web/tuiguang/index.php/User/kouliang | INFO: Tag[ view_end ] --START--
[ 2017-04-25T13:51:07+08:00 ] /web/tuiguang/index.php/User/kouliang | INFO: Run ShowPageTrace Behavior [ RunTime:0.001000s ]
[ 2017-04-25T13:51:07+08:00 ] /web/tuiguang/index.php/User/kouliang | INFO: Tag[ view_end ] --END-- [ RunTime:0.001033s ]
[ 2017-04-25T13:51:07+08:00 ] /web/tuiguang/index.php/User/newUser_cz | INFO: Tag[ route_check ] --START--
[ 2017-04-25T13:51:07+08:00 ] /web/tuiguang/index.php/User/newUser_cz | INFO: Run CheckRoute Behavior [ RunTime:0.000689s ]
[ 2017-04-25T13:51:07+08:00 ] /web/tuiguang/index.php/User/newUser_cz | INFO: Tag[ route_check ] --END-- [ RunTime:0.000773s ]
[ 2017-04-25T13:51:07+08:00 ] /web/tuiguang/index.php/User/newUser_cz | INFO: Tag[ app_begin ] --START--
[ 2017-04-25T13:51:07+08:00 ] /web/tuiguang/index.php/User/newUser_cz | INFO: Run ReadHtmlCache Behavior [ RunTime:0.000401s ]
[ 2017-04-25T13:51:07+08:00 ] /web/tuiguang/index.php/User/newUser_cz | INFO: Tag[ app_begin ] --END-- [ RunTime:0.000440s ]
[ 2017-04-25T13:51:07+08:00 ] /web/tuiguang/index.php/User/newUser_cz | NOTIC: [8] A session had already been started - ignoring session_start() functions.php 第 411 行.
[ 2017-04-25T13:51:07+08:00 ] /web/tuiguang/index.php/User/newUser_cz | INFO: Tag[ view_template ] --START--
[ 2017-04-25T13:51:07+08:00 ] /web/tuiguang/index.php/User/newUser_cz | INFO: Run LocationTemplate Behavior [ RunTime:0.001103s ]
[ 2017-04-25T13:51:07+08:00 ] /web/tuiguang/index.php/User/newUser_cz | INFO: Tag[ view_template ] --END-- [ RunTime:0.001200s ]
[ 2017-04-25T13:51:07+08:00 ] /web/tuiguang/index.php/User/newUser_cz | INFO: Tag[ view_parse ] --START--
[ 2017-04-25T13:51:07+08:00 ] /web/tuiguang/index.php/User/newUser_cz | NOTIC: [8] Undefined variable: UserID 4ded92062ffcc052beaad2d00f4cafd9.php 第 16 行.
[ 2017-04-25T13:51:07+08:00 ] /web/tuiguang/index.php/User/newUser_cz | NOTIC: [8] Undefined variable: start_date 4ded92062ffcc052beaad2d00f4cafd9.php 第 17 行.
[ 2017-04-25T13:51:07+08:00 ] /web/tuiguang/index.php/User/newUser_cz | NOTIC: [8] Undefined variable: end_date 4ded92062ffcc052beaad2d00f4cafd9.php 第 18 行.
[ 2017-04-25T13:51:07+08:00 ] /web/tuiguang/index.php/User/newUser_cz | NOTIC: [8] Undefined index:  zs78_admin2 4ded92062ffcc052beaad2d00f4cafd9.php 第 81 行.
[ 2017-04-25T13:51:07+08:00 ] /web/tuiguang/index.php/User/newUser_cz | NOTIC: [8] Undefined variable: result 4ded92062ffcc052beaad2d00f4cafd9.php 第 138 行.
[ 2017-04-25T13:51:07+08:00 ] /web/tuiguang/index.php/User/newUser_cz | INFO: Run ParseTemplate Behavior [ RunTime:0.022431s ]
[ 2017-04-25T13:51:07+08:00 ] /web/tuiguang/index.php/User/newUser_cz | INFO: Tag[ view_parse ] --END-- [ RunTime:0.022534s ]
[ 2017-04-25T13:51:07+08:00 ] /web/tuiguang/index.php/User/newUser_cz | INFO: Tag[ view_filter ] --START--
[ 2017-04-25T13:51:07+08:00 ] /web/tuiguang/index.php/User/newUser_cz | INFO: Run ContentReplace Behavior [ RunTime:0.001785s ]
[ 2017-04-25T13:51:07+08:00 ] /web/tuiguang/index.php/User/newUser_cz | INFO: Run TokenBuild Behavior [ RunTime:0.001398s ]
[ 2017-04-25T13:51:07+08:00 ] /web/tuiguang/index.php/User/newUser_cz | INFO: Run WriteHtmlCache Behavior [ RunTime:0.000903s ]
[ 2017-04-25T13:51:07+08:00 ] /web/tuiguang/index.php/User/newUser_cz | INFO: Run ShowRuntime Behavior [ RunTime:0.001101s ]
[ 2017-04-25T13:51:07+08:00 ] /web/tuiguang/index.php/User/newUser_cz | INFO: Tag[ view_filter ] --END-- [ RunTime:0.005368s ]
[ 2017-04-25T13:51:07+08:00 ] /web/tuiguang/index.php/User/newUser_cz | NOTIC: [2] Cannot modify header information - headers already sent by (output started at F:\nginx-1.8.1\html\web\tuiguang\Common\common.php:1) View.class.php 第 120 行.
[ 2017-04-25T13:51:07+08:00 ] /web/tuiguang/index.php/User/newUser_cz | NOTIC: [2] Cannot modify header information - headers already sent by (output started at F:\nginx-1.8.1\html\web\tuiguang\Common\common.php:1) View.class.php 第 121 行.
[ 2017-04-25T13:51:07+08:00 ] /web/tuiguang/index.php/User/newUser_cz | NOTIC: [2] Cannot modify header information - headers already sent by (output started at F:\nginx-1.8.1\html\web\tuiguang\Common\common.php:1) View.class.php 第 122 行.
[ 2017-04-25T13:51:07+08:00 ] /web/tuiguang/index.php/User/newUser_cz | INFO: Tag[ view_end ] --START--
[ 2017-04-25T13:51:07+08:00 ] /web/tuiguang/index.php/User/newUser_cz | INFO: Run ShowPageTrace Behavior [ RunTime:0.001038s ]
[ 2017-04-25T13:51:07+08:00 ] /web/tuiguang/index.php/User/newUser_cz | INFO: Tag[ view_end ] --END-- [ RunTime:0.001077s ]
[ 2017-04-25T13:51:47+08:00 ] /web/tuiguang/index.php/User/AndroidQdList | INFO: Tag[ route_check ] --START--
[ 2017-04-25T13:51:47+08:00 ] /web/tuiguang/index.php/User/AndroidQdList | INFO: Run CheckRoute Behavior [ RunTime:0.000810s ]
[ 2017-04-25T13:51:47+08:00 ] /web/tuiguang/index.php/User/AndroidQdList | INFO: Tag[ route_check ] --END-- [ RunTime:0.000911s ]
[ 2017-04-25T13:51:47+08:00 ] /web/tuiguang/index.php/User/AndroidQdList | INFO: Tag[ app_begin ] --START--
[ 2017-04-25T13:51:47+08:00 ] /web/tuiguang/index.php/User/AndroidQdList | INFO: Run ReadHtmlCache Behavior [ RunTime:0.000846s ]
[ 2017-04-25T13:51:47+08:00 ] /web/tuiguang/index.php/User/AndroidQdList | INFO: Tag[ app_begin ] --END-- [ RunTime:0.000933s ]
[ 2017-04-25T13:51:47+08:00 ] /web/tuiguang/index.php/User/AndroidQdList | NOTIC: [8] A session had already been started - ignoring session_start() functions.php 第 411 行.
[ 2017-04-25T13:51:47+08:00 ] /web/tuiguang/index.php/User/AndroidQdList | SQL: select UserID,Username,TypeID,QdName,QdType,Bili,Price,IsUsed,Fenghao from QPAdminDB.dbo.QD_Users where TypeID<1100 [ RunTime:0.001379s ]
[ 2017-04-25T13:51:47+08:00 ] /web/tuiguang/index.php/User/AndroidQdList | INFO: Tag[ view_template ] --START--
[ 2017-04-25T13:51:47+08:00 ] /web/tuiguang/index.php/User/AndroidQdList | INFO: Run LocationTemplate Behavior [ RunTime:0.001190s ]
[ 2017-04-25T13:51:47+08:00 ] /web/tuiguang/index.php/User/AndroidQdList | INFO: Tag[ view_template ] --END-- [ RunTime:0.001240s ]
[ 2017-04-25T13:51:47+08:00 ] /web/tuiguang/index.php/User/AndroidQdList | INFO: Tag[ view_parse ] --START--
[ 2017-04-25T13:51:47+08:00 ] /web/tuiguang/index.php/User/AndroidQdList | INFO: Run ParseTemplate Behavior [ RunTime:0.007437s ]
[ 2017-04-25T13:51:47+08:00 ] /web/tuiguang/index.php/User/AndroidQdList | INFO: Tag[ view_parse ] --END-- [ RunTime:0.007487s ]
[ 2017-04-25T13:51:47+08:00 ] /web/tuiguang/index.php/User/AndroidQdList | INFO: Tag[ view_filter ] --START--
[ 2017-04-25T13:51:47+08:00 ] /web/tuiguang/index.php/User/AndroidQdList | INFO: Run ContentReplace Behavior [ RunTime:0.000963s ]
[ 2017-04-25T13:51:47+08:00 ] /web/tuiguang/index.php/User/AndroidQdList | INFO: Run TokenBuild Behavior [ RunTime:0.000935s ]
[ 2017-04-25T13:51:47+08:00 ] /web/tuiguang/index.php/User/AndroidQdList | INFO: Run WriteHtmlCache Behavior [ RunTime:0.000842s ]
[ 2017-04-25T13:51:47+08:00 ] /web/tuiguang/index.php/User/AndroidQdList | INFO: Run ShowRuntime Behavior [ RunTime:0.000966s ]
[ 2017-04-25T13:51:47+08:00 ] /web/tuiguang/index.php/User/AndroidQdList | INFO: Tag[ view_filter ] --END-- [ RunTime:0.003807s ]
[ 2017-04-25T13:51:47+08:00 ] /web/tuiguang/index.php/User/AndroidQdList | NOTIC: [2] Cannot modify header information - headers already sent by (output started at F:\nginx-1.8.1\html\web\tuiguang\Common\common.php:1) View.class.php 第 120 行.
[ 2017-04-25T13:51:47+08:00 ] /web/tuiguang/index.php/User/AndroidQdList | NOTIC: [2] Cannot modify header information - headers already sent by (output started at F:\nginx-1.8.1\html\web\tuiguang\Common\common.php:1) View.class.php 第 121 行.
[ 2017-04-25T13:51:47+08:00 ] /web/tuiguang/index.php/User/AndroidQdList | NOTIC: [2] Cannot modify header information - headers already sent by (output started at F:\nginx-1.8.1\html\web\tuiguang\Common\common.php:1) View.class.php 第 122 行.
[ 2017-04-25T13:51:47+08:00 ] /web/tuiguang/index.php/User/AndroidQdList | INFO: Tag[ view_end ] --START--
[ 2017-04-25T13:51:47+08:00 ] /web/tuiguang/index.php/User/AndroidQdList | INFO: Run ShowPageTrace Behavior [ RunTime:0.000996s ]
[ 2017-04-25T13:51:47+08:00 ] /web/tuiguang/index.php/User/AndroidQdList | INFO: Tag[ view_end ] --END-- [ RunTime:0.001028s ]
[ 2017-04-25T13:51:48+08:00 ] /web/tuiguang/index.php/User/QdList | INFO: Tag[ route_check ] --START--
[ 2017-04-25T13:51:48+08:00 ] /web/tuiguang/index.php/User/QdList | INFO: Run CheckRoute Behavior [ RunTime:0.000758s ]
[ 2017-04-25T13:51:48+08:00 ] /web/tuiguang/index.php/User/QdList | INFO: Tag[ route_check ] --END-- [ RunTime:0.000899s ]
[ 2017-04-25T13:51:48+08:00 ] /web/tuiguang/index.php/User/QdList | INFO: Tag[ app_begin ] --START--
[ 2017-04-25T13:51:48+08:00 ] /web/tuiguang/index.php/User/QdList | INFO: Run ReadHtmlCache Behavior [ RunTime:0.000731s ]
[ 2017-04-25T13:51:48+08:00 ] /web/tuiguang/index.php/User/QdList | INFO: Tag[ app_begin ] --END-- [ RunTime:0.000812s ]
[ 2017-04-25T13:51:48+08:00 ] /web/tuiguang/index.php/User/QdList | NOTIC: [8] A session had already been started - ignoring session_start() functions.php 第 411 行.
[ 2017-04-25T13:51:48+08:00 ] /web/tuiguang/index.php/User/QdList | SQL: select UserID,Username,TypeID,QdName,QdType,Bili,Price,IsUsed,Fenghao from QPAdminDB.dbo.QD_Users where TypeID>1100 [ RunTime:0.001335s ]
[ 2017-04-25T13:51:48+08:00 ] /web/tuiguang/index.php/User/QdList | INFO: Tag[ view_template ] --START--
[ 2017-04-25T13:51:48+08:00 ] /web/tuiguang/index.php/User/QdList | INFO: Run LocationTemplate Behavior [ RunTime:0.001453s ]
[ 2017-04-25T13:51:48+08:00 ] /web/tuiguang/index.php/User/QdList | INFO: Tag[ view_template ] --END-- [ RunTime:0.001535s ]
[ 2017-04-25T13:51:48+08:00 ] /web/tuiguang/index.php/User/QdList | INFO: Tag[ view_parse ] --START--
[ 2017-04-25T13:51:48+08:00 ] /web/tuiguang/index.php/User/QdList | INFO: Run ParseTemplate Behavior [ RunTime:0.009635s ]
[ 2017-04-25T13:51:48+08:00 ] /web/tuiguang/index.php/User/QdList | INFO: Tag[ view_parse ] --END-- [ RunTime:0.009690s ]
[ 2017-04-25T13:51:48+08:00 ] /web/tuiguang/index.php/User/QdList | INFO: Tag[ view_filter ] --START--
[ 2017-04-25T13:51:48+08:00 ] /web/tuiguang/index.php/User/QdList | INFO: Run ContentReplace Behavior [ RunTime:0.001081s ]
[ 2017-04-25T13:51:48+08:00 ] /web/tuiguang/index.php/User/QdList | INFO: Run TokenBuild Behavior [ RunTime:0.001024s ]
[ 2017-04-25T13:51:48+08:00 ] /web/tuiguang/index.php/User/QdList | INFO: Run WriteHtmlCache Behavior [ RunTime:0.000855s ]
[ 2017-04-25T13:51:48+08:00 ] /web/tuiguang/index.php/User/QdList | INFO: Run ShowRuntime Behavior [ RunTime:0.001016s ]
[ 2017-04-25T13:51:48+08:00 ] /web/tuiguang/index.php/User/QdList | INFO: Tag[ view_filter ] --END-- [ RunTime:0.004088s ]
[ 2017-04-25T13:51:48+08:00 ] /web/tuiguang/index.php/User/QdList | NOTIC: [2] Cannot modify header information - headers already sent by (output started at F:\nginx-1.8.1\html\web\tuiguang\Common\common.php:1) View.class.php 第 120 行.
[ 2017-04-25T13:51:48+08:00 ] /web/tuiguang/index.php/User/QdList | NOTIC: [2] Cannot modify header information - headers already sent by (output started at F:\nginx-1.8.1\html\web\tuiguang\Common\common.php:1) View.class.php 第 121 行.
[ 2017-04-25T13:51:48+08:00 ] /web/tuiguang/index.php/User/QdList | NOTIC: [2] Cannot modify header information - headers already sent by (output started at F:\nginx-1.8.1\html\web\tuiguang\Common\common.php:1) View.class.php 第 122 行.
[ 2017-04-25T13:51:48+08:00 ] /web/tuiguang/index.php/User/QdList | INFO: Tag[ view_end ] --START--
[ 2017-04-25T13:51:48+08:00 ] /web/tuiguang/index.php/User/QdList | INFO: Run ShowPageTrace Behavior [ RunTime:0.001115s ]
[ 2017-04-25T13:51:48+08:00 ] /web/tuiguang/index.php/User/QdList | INFO: Tag[ view_end ] --END-- [ RunTime:0.001161s ]
[ 2017-04-25T13:51:53+08:00 ] /web/tuiguang/index.php/User/AndroidQdList | INFO: Tag[ route_check ] --START--
[ 2017-04-25T13:51:53+08:00 ] /web/tuiguang/index.php/User/AndroidQdList | INFO: Run CheckRoute Behavior [ RunTime:0.000846s ]
[ 2017-04-25T13:51:53+08:00 ] /web/tuiguang/index.php/User/AndroidQdList | INFO: Tag[ route_check ] --END-- [ RunTime:0.000932s ]
[ 2017-04-25T13:51:53+08:00 ] /web/tuiguang/index.php/User/AndroidQdList | INFO: Tag[ app_begin ] --START--
[ 2017-04-25T13:51:53+08:00 ] /web/tuiguang/index.php/User/AndroidQdList | INFO: Run ReadHtmlCache Behavior [ RunTime:0.000502s ]
[ 2017-04-25T13:51:53+08:00 ] /web/tuiguang/index.php/User/AndroidQdList | INFO: Tag[ app_begin ] --END-- [ RunTime:0.000548s ]
[ 2017-04-25T13:51:53+08:00 ] /web/tuiguang/index.php/User/AndroidQdList | NOTIC: [8] A session had already been started - ignoring session_start() functions.php 第 411 行.
[ 2017-04-25T13:51:53+08:00 ] /web/tuiguang/index.php/User/AndroidQdList | SQL: select UserID,Username,TypeID,QdName,QdType,Bili,Price,IsUsed,Fenghao from QPAdminDB.dbo.QD_Users where TypeID<1100 [ RunTime:0.000243s ]
[ 2017-04-25T13:51:53+08:00 ] /web/tuiguang/index.php/User/AndroidQdList | INFO: Tag[ view_template ] --START--
[ 2017-04-25T13:51:53+08:00 ] /web/tuiguang/index.php/User/AndroidQdList | INFO: Run LocationTemplate Behavior [ RunTime:0.001242s ]
[ 2017-04-25T13:51:53+08:00 ] /web/tuiguang/index.php/User/AndroidQdList | INFO: Tag[ view_template ] --END-- [ RunTime:0.001297s ]
[ 2017-04-25T13:51:53+08:00 ] /web/tuiguang/index.php/User/AndroidQdList | INFO: Tag[ view_parse ] --START--
[ 2017-04-25T13:51:53+08:00 ] /web/tuiguang/index.php/User/AndroidQdList | INFO: Run ParseTemplate Behavior [ RunTime:0.010029s ]
[ 2017-04-25T13:51:53+08:00 ] /web/tuiguang/index.php/User/AndroidQdList | INFO: Tag[ view_parse ] --END-- [ RunTime:0.010120s ]
[ 2017-04-25T13:51:53+08:00 ] /web/tuiguang/index.php/User/AndroidQdList | INFO: Tag[ view_filter ] --START--
[ 2017-04-25T13:51:53+08:00 ] /web/tuiguang/index.php/User/AndroidQdList | INFO: Run ContentReplace Behavior [ RunTime:0.001756s ]
[ 2017-04-25T13:51:53+08:00 ] /web/tuiguang/index.php/User/AndroidQdList | INFO: Run TokenBuild Behavior [ RunTime:0.001680s ]
[ 2017-04-25T13:51:53+08:00 ] /web/tuiguang/index.php/User/AndroidQdList | INFO: Run WriteHtmlCache Behavior [ RunTime:0.001560s ]
[ 2017-04-25T13:51:53+08:00 ] /web/tuiguang/index.php/User/AndroidQdList | INFO: Run ShowRuntime Behavior [ RunTime:0.001342s ]
[ 2017-04-25T13:51:53+08:00 ] /web/tuiguang/index.php/User/AndroidQdList | INFO: Tag[ view_filter ] --END-- [ RunTime:0.006527s ]
[ 2017-04-25T13:51:53+08:00 ] /web/tuiguang/index.php/User/AndroidQdList | NOTIC: [2] Cannot modify header information - headers already sent by (output started at F:\nginx-1.8.1\html\web\tuiguang\Common\common.php:1) View.class.php 第 120 行.
[ 2017-04-25T13:51:53+08:00 ] /web/tuiguang/index.php/User/AndroidQdList | NOTIC: [2] Cannot modify header information - headers already sent by (output started at F:\nginx-1.8.1\html\web\tuiguang\Common\common.php:1) View.class.php 第 121 行.
[ 2017-04-25T13:51:53+08:00 ] /web/tuiguang/index.php/User/AndroidQdList | NOTIC: [2] Cannot modify header information - headers already sent by (output started at F:\nginx-1.8.1\html\web\tuiguang\Common\common.php:1) View.class.php 第 122 行.
[ 2017-04-25T13:51:53+08:00 ] /web/tuiguang/index.php/User/AndroidQdList | INFO: Tag[ view_end ] --START--
[ 2017-04-25T13:51:53+08:00 ] /web/tuiguang/index.php/User/AndroidQdList | INFO: Run ShowPageTrace Behavior [ RunTime:0.001021s ]
[ 2017-04-25T13:51:53+08:00 ] /web/tuiguang/index.php/User/AndroidQdList | INFO: Tag[ view_end ] --END-- [ RunTime:0.001056s ]
[ 2017-04-25T13:51:53+08:00 ] /web/tuiguang/index.php/User/QdList | INFO: Tag[ route_check ] --START--
[ 2017-04-25T13:51:53+08:00 ] /web/tuiguang/index.php/User/QdList | INFO: Run CheckRoute Behavior [ RunTime:0.000625s ]
[ 2017-04-25T13:51:53+08:00 ] /web/tuiguang/index.php/User/QdList | INFO: Tag[ route_check ] --END-- [ RunTime:0.000700s ]
[ 2017-04-25T13:51:53+08:00 ] /web/tuiguang/index.php/User/QdList | INFO: Tag[ app_begin ] --START--
[ 2017-04-25T13:51:53+08:00 ] /web/tuiguang/index.php/User/QdList | INFO: Run ReadHtmlCache Behavior [ RunTime:0.000420s ]
[ 2017-04-25T13:51:53+08:00 ] /web/tuiguang/index.php/User/QdList | INFO: Tag[ app_begin ] --END-- [ RunTime:0.000470s ]
[ 2017-04-25T13:51:53+08:00 ] /web/tuiguang/index.php/User/QdList | NOTIC: [8] A session had already been started - ignoring session_start() functions.php 第 411 行.
[ 2017-04-25T13:51:53+08:00 ] /web/tuiguang/index.php/User/QdList | SQL: select UserID,Username,TypeID,QdName,QdType,Bili,Price,IsUsed,Fenghao from QPAdminDB.dbo.QD_Users where TypeID>1100 [ RunTime:0.000402s ]
[ 2017-04-25T13:51:53+08:00 ] /web/tuiguang/index.php/User/QdList | INFO: Tag[ view_template ] --START--
[ 2017-04-25T13:51:53+08:00 ] /web/tuiguang/index.php/User/QdList | INFO: Run LocationTemplate Behavior [ RunTime:0.001231s ]
[ 2017-04-25T13:51:53+08:00 ] /web/tuiguang/index.php/User/QdList | INFO: Tag[ view_template ] --END-- [ RunTime:0.001280s ]
[ 2017-04-25T13:51:53+08:00 ] /web/tuiguang/index.php/User/QdList | INFO: Tag[ view_parse ] --START--
[ 2017-04-25T13:51:53+08:00 ] /web/tuiguang/index.php/User/QdList | INFO: Run ParseTemplate Behavior [ RunTime:0.010549s ]
[ 2017-04-25T13:51:53+08:00 ] /web/tuiguang/index.php/User/QdList | INFO: Tag[ view_parse ] --END-- [ RunTime:0.010746s ]
[ 2017-04-25T13:51:53+08:00 ] /web/tuiguang/index.php/User/QdList | INFO: Tag[ view_filter ] --START--
[ 2017-04-25T13:51:53+08:00 ] /web/tuiguang/index.php/User/QdList | INFO: Run ContentReplace Behavior [ RunTime:0.002165s ]
[ 2017-04-25T13:51:53+08:00 ] /web/tuiguang/index.php/User/QdList | INFO: Run TokenBuild Behavior [ RunTime:0.001213s ]
[ 2017-04-25T13:51:53+08:00 ] /web/tuiguang/index.php/User/QdList | INFO: Run WriteHtmlCache Behavior [ RunTime:0.000983s ]
[ 2017-04-25T13:51:53+08:00 ] /web/tuiguang/index.php/User/QdList | INFO: Run ShowRuntime Behavior [ RunTime:0.001004s ]
[ 2017-04-25T13:51:53+08:00 ] /web/tuiguang/index.php/User/QdList | INFO: Tag[ view_filter ] --END-- [ RunTime:0.005535s ]
[ 2017-04-25T13:51:53+08:00 ] /web/tuiguang/index.php/User/QdList | NOTIC: [2] Cannot modify header information - headers already sent by (output started at F:\nginx-1.8.1\html\web\tuiguang\Common\common.php:1) View.class.php 第 120 行.
[ 2017-04-25T13:51:53+08:00 ] /web/tuiguang/index.php/User/QdList | NOTIC: [2] Cannot modify header information - headers already sent by (output started at F:\nginx-1.8.1\html\web\tuiguang\Common\common.php:1) View.class.php 第 121 行.
[ 2017-04-25T13:51:53+08:00 ] /web/tuiguang/index.php/User/QdList | NOTIC: [2] Cannot modify header information - headers already sent by (output started at F:\nginx-1.8.1\html\web\tuiguang\Common\common.php:1) View.class.php 第 122 行.
[ 2017-04-25T13:51:53+08:00 ] /web/tuiguang/index.php/User/QdList | INFO: Tag[ view_end ] --START--
[ 2017-04-25T13:51:53+08:00 ] /web/tuiguang/index.php/User/QdList | INFO: Run ShowPageTrace Behavior [ RunTime:0.001219s ]
[ 2017-04-25T13:51:53+08:00 ] /web/tuiguang/index.php/User/QdList | INFO: Tag[ view_end ] --END-- [ RunTime:0.001271s ]
[ 2017-04-25T13:52:20+08:00 ] /web/tuiguang/index.php/User/newUser_cz | INFO: Tag[ route_check ] --START--
[ 2017-04-25T13:52:20+08:00 ] /web/tuiguang/index.php/User/newUser_cz | INFO: Run CheckRoute Behavior [ RunTime:0.000583s ]
[ 2017-04-25T13:52:20+08:00 ] /web/tuiguang/index.php/User/newUser_cz | INFO: Tag[ route_check ] --END-- [ RunTime:0.000645s ]
[ 2017-04-25T13:52:20+08:00 ] /web/tuiguang/index.php/User/newUser_cz | INFO: Tag[ app_begin ] --START--
[ 2017-04-25T13:52:20+08:00 ] /web/tuiguang/index.php/User/newUser_cz | INFO: Run ReadHtmlCache Behavior [ RunTime:0.000381s ]
[ 2017-04-25T13:52:20+08:00 ] /web/tuiguang/index.php/User/newUser_cz | INFO: Tag[ app_begin ] --END-- [ RunTime:0.000414s ]
[ 2017-04-25T13:52:20+08:00 ] /web/tuiguang/index.php/User/newUser_cz | NOTIC: [8] A session had already been started - ignoring session_start() functions.php 第 411 行.
[ 2017-04-25T13:52:20+08:00 ] /web/tuiguang/index.php/User/newUser_cz | INFO: Tag[ view_template ] --START--
[ 2017-04-25T13:52:20+08:00 ] /web/tuiguang/index.php/User/newUser_cz | INFO: Run LocationTemplate Behavior [ RunTime:0.001652s ]
[ 2017-04-25T13:52:20+08:00 ] /web/tuiguang/index.php/User/newUser_cz | INFO: Tag[ view_template ] --END-- [ RunTime:0.001758s ]
[ 2017-04-25T13:52:20+08:00 ] /web/tuiguang/index.php/User/newUser_cz | INFO: Tag[ view_parse ] --START--
[ 2017-04-25T13:52:20+08:00 ] /web/tuiguang/index.php/User/newUser_cz | NOTIC: [8] Undefined variable: UserID 4ded92062ffcc052beaad2d00f4cafd9.php 第 16 行.
[ 2017-04-25T13:52:20+08:00 ] /web/tuiguang/index.php/User/newUser_cz | NOTIC: [8] Undefined variable: start_date 4ded92062ffcc052beaad2d00f4cafd9.php 第 17 行.
[ 2017-04-25T13:52:20+08:00 ] /web/tuiguang/index.php/User/newUser_cz | NOTIC: [8] Undefined variable: end_date 4ded92062ffcc052beaad2d00f4cafd9.php 第 18 行.
[ 2017-04-25T13:52:20+08:00 ] /web/tuiguang/index.php/User/newUser_cz | NOTIC: [8] Undefined index:  zs78_admin2 4ded92062ffcc052beaad2d00f4cafd9.php 第 81 行.
[ 2017-04-25T13:52:20+08:00 ] /web/tuiguang/index.php/User/newUser_cz | NOTIC: [8] Undefined variable: result 4ded92062ffcc052beaad2d00f4cafd9.php 第 138 行.
[ 2017-04-25T13:52:20+08:00 ] /web/tuiguang/index.php/User/newUser_cz | INFO: Run ParseTemplate Behavior [ RunTime:0.010287s ]
[ 2017-04-25T13:52:20+08:00 ] /web/tuiguang/index.php/User/newUser_cz | INFO: Tag[ view_parse ] --END-- [ RunTime:0.010324s ]
[ 2017-04-25T13:52:20+08:00 ] /web/tuiguang/index.php/User/newUser_cz | INFO: Tag[ view_filter ] --START--
[ 2017-04-25T13:52:20+08:00 ] /web/tuiguang/index.php/User/newUser_cz | INFO: Run ContentReplace Behavior [ RunTime:0.000932s ]
[ 2017-04-25T13:52:20+08:00 ] /web/tuiguang/index.php/User/newUser_cz | INFO: Run TokenBuild Behavior [ RunTime:0.000961s ]
[ 2017-04-25T13:52:20+08:00 ] /web/tuiguang/index.php/User/newUser_cz | INFO: Run WriteHtmlCache Behavior [ RunTime:0.000897s ]
[ 2017-04-25T13:52:20+08:00 ] /web/tuiguang/index.php/User/newUser_cz | INFO: Run ShowRuntime Behavior [ RunTime:0.000992s ]
[ 2017-04-25T13:52:20+08:00 ] /web/tuiguang/index.php/User/newUser_cz | INFO: Tag[ view_filter ] --END-- [ RunTime:0.003881s ]
[ 2017-04-25T13:52:20+08:00 ] /web/tuiguang/index.php/User/newUser_cz | NOTIC: [2] Cannot modify header information - headers already sent by (output started at F:\nginx-1.8.1\html\web\tuiguang\Common\common.php:1) View.class.php 第 120 行.
[ 2017-04-25T13:52:20+08:00 ] /web/tuiguang/index.php/User/newUser_cz | NOTIC: [2] Cannot modify header information - headers already sent by (output started at F:\nginx-1.8.1\html\web\tuiguang\Common\common.php:1) View.class.php 第 121 行.
[ 2017-04-25T13:52:20+08:00 ] /web/tuiguang/index.php/User/newUser_cz | NOTIC: [2] Cannot modify header information - headers already sent by (output started at F:\nginx-1.8.1\html\web\tuiguang\Common\common.php:1) View.class.php 第 122 行.
[ 2017-04-25T13:52:20+08:00 ] /web/tuiguang/index.php/User/newUser_cz | INFO: Tag[ view_end ] --START--
[ 2017-04-25T13:52:20+08:00 ] /web/tuiguang/index.php/User/newUser_cz | INFO: Run ShowPageTrace Behavior [ RunTime:0.001396s ]
[ 2017-04-25T13:52:20+08:00 ] /web/tuiguang/index.php/User/newUser_cz | INFO: Tag[ view_end ] --END-- [ RunTime:0.001443s ]
